<?xml version="1.0" encoding="UTF-8"?>
<!-- Generated by org.testng.reporters.JUnitReportReporter -->
<testsuite hostname="DESKTOP-GDN8ABU" failures="0" tests="2" name="test.TC_009_FinalLogout" time="29.733" errors="0" timestamp="2024-12-17T11:10:29 IST" skipped="0">
  <testcase classname="test.TC_009_FinalLogout" name="endLogoutTest" time="14.176"/>
  <system-out/>
  <testcase classname="test.TC_009_FinalLogout" name="endLogoutTest" time="15.557"/>
  <system-out/>
</testsuite> <!-- test.TC_009_FinalLogout -->
