<?xml version="1.0" encoding="UTF-8"?>
<!-- Generated by org.testng.reporters.JUnitReportReporter -->
<testsuite hostname="DESKTOP-GDN8ABU" failures="0" tests="2" name="test.TC_004_SelectHotelTest" time="24.943" errors="0" timestamp="2024-12-17T11:10:29 IST" skipped="0">
  <testcase classname="test.TC_004_SelectHotelTest" name="searchHotelTest" time="14.730"/>
  <system-out/>
  <testcase classname="test.TC_004_SelectHotelTest" name="searchHotelTest" time="10.213"/>
  <system-out/>
</testsuite> <!-- test.TC_004_SelectHotelTest -->
