<?xml version="1.0" encoding="UTF-8"?>
<!-- Generated by org.testng.reporters.JUnitReportReporter -->
<testsuite hostname="DESKTOP-GDN8ABU" failures="0" tests="2" name="test.TC_009_FinalLogout" time="30.196" errors="0" timestamp="2024-12-16T21:43:00 IST" skipped="0">
  <testcase classname="test.TC_009_FinalLogout" name="endLogoutTest" time="15.987"/>
  <system-out/>
  <testcase classname="test.TC_009_FinalLogout" name="endLogoutTest" time="14.209"/>
  <system-out/>
</testsuite> <!-- test.TC_009_FinalLogout -->
