<?xml version="1.0" encoding="UTF-8"?>
<!-- Generated by org.testng.reporters.JUnitReportReporter -->
<testsuite hostname="DESKTOP-GDN8ABU" failures="0" tests="10" name="test.TC_003_SearchHotelTest" time="108.448" errors="0" timestamp="2024-12-16T21:43:00 IST" skipped="0">
  <testcase classname="test.TC_003_SearchHotelTest" name="searchHotelTest" time="11.882"/>
  <system-out/>
  <testcase classname="test.TC_003_SearchHotelTest" name="searchHotelTest" time="11.739"/>
  <system-out/>
  <testcase classname="test.TC_003_SearchHotelTest" name="searchHotelTest" time="9.859"/>
  <system-out/>
  <testcase classname="test.TC_003_SearchHotelTest" name="searchHotelTest" time="10.291"/>
  <system-out/>
  <testcase classname="test.TC_003_SearchHotelTest" name="searchHotelTest" time="11.749"/>
  <system-out/>
  <testcase classname="test.TC_003_SearchHotelTest" name="searchHotelTest" time="9.838"/>
  <system-out/>
  <testcase classname="test.TC_003_SearchHotelTest" name="searchHotelTest" time="11.653"/>
  <system-out/>
  <testcase classname="test.TC_003_SearchHotelTest" name="searchHotelTest" time="9.632"/>
  <system-out/>
  <testcase classname="test.TC_003_SearchHotelTest" name="searchHotelTest" time="10.197"/>
  <system-out/>
  <testcase classname="test.TC_003_SearchHotelTest" name="searchHotelTest" time="11.608"/>
  <system-out/>
</testsuite> <!-- test.TC_003_SearchHotelTest -->
