<?xml version="1.0" encoding="UTF-8"?>
<!-- Generated by org.testng.reporters.JUnitReportReporter -->
<testsuite hostname="DESKTOP-GDN8ABU" failures="0" tests="2" name="test.TC_006_BookConfirmationTest" time="48.406" errors="0" timestamp="2024-12-17T11:10:29 IST" skipped="0">
  <testcase classname="test.TC_006_BookConfirmationTest" name="bookingConfirmationTest" time="22.627"/>
  <system-out/>
  <testcase classname="test.TC_006_BookConfirmationTest" name="bookingConfirmationTest" time="25.779"/>
  <system-out/>
</testsuite> <!-- test.TC_006_BookConfirmationTest -->
