<?xml version="1.0" encoding="UTF-8"?>
<!-- Generated by org.testng.reporters.JUnitReportReporter -->
<testsuite hostname="DESKTOP-GDN8ABU" failures="0" tests="4" name="test.TC_007_BookedItineraryTest" time="50.886" errors="2" timestamp="2024-12-11T17:29:06 IST" skipped="0">
  <testcase classname="test.TC_007_BookedItineraryTest" name="bookedItineraryTest" time="27.307"/>
  <system-out/>
  <testcase classname="test.TC_007_BookedItineraryTest" name="browserClose" time="0.007">
    <error type="java.lang.StackOverflowError">
      <![CDATA[java.lang.StackOverflowError
at base.ProjectSpecificationMethods.browserClose(ProjectSpecificationMethods.java:21)
at base.ProjectSpecificationMethods.browserClose(ProjectSpecificationMethods.java:21)
at base.ProjectSpecificationMethods.browserClose(ProjectSpecificationMethods.java:21)
at base.ProjectSpecificationMethods.browserClose(ProjectSpecificationMethods.java:21)
at base.ProjectSpecificationMethods.browserClose(ProjectSpecificationMethods.java:21)
at base.ProjectSpecificationMethods.browserClose(ProjectSpecificationMethods.java:21)
at base.ProjectSpecificationMethods.browserClose(ProjectSpecificationMethods.java:21)
at base.ProjectSpecificationMethods.browserClose(ProjectSpecificationMethods.java:21)
at base.ProjectSpecificationMethods.browserClose(ProjectSpecificationMethods.java:21)
at base.ProjectSpecificationMethods.browserClose(ProjectSpecificationMethods.java:21)
at base.ProjectSpecificationMethods.browserClose(ProjectSpecificationMethods.java:21)
at base.ProjectSpecificationMethods.browserClose(ProjectSpecificationMethods.java:21)
at base.ProjectSpecificationMethods.browserClose(ProjectSpecificationMethods.java:21)
at base.ProjectSpecificationMethods.browserClose(ProjectSpecificationMethods.java:21)
at base.ProjectSpecificationMethods.browserClose(ProjectSpecificationMethods.java:21)
at base.ProjectSpecificationMethods.browserClose(ProjectSpecificationMethods.java:21)
at base.ProjectSpecificationMethods.browserClose(ProjectSpecificationMethods.java:21)
at base.ProjectSpecificationMethods.browserClose(ProjectSpecificationMethods.java:21)
at base.ProjectSpecificationMethods.browserClose(ProjectSpecificationMethods.java:21)
at base.ProjectSpecificationMethods.browserClose(ProjectSpecificationMethods.java:21)
at base.ProjectSpecificationMethods.browserClose(ProjectSpecificationMethods.java:21)
at base.ProjectSpecificationMethods.browserClose(ProjectSpecificationMethods.java:21)
at base.ProjectSpecificationMethods.browserClose(ProjectSpecificationMethods.java:21)
at base.ProjectSpecificationMethods.browserClose(ProjectSpecificationMethods.java:21)
at base.ProjectSpecificationMethods.browserClose(ProjectSpecificationMethods.java:21)
at base.ProjectSpecificationMethods.browserClose(ProjectSpecificationMethods.java:21)
at base.ProjectSpecificationMethods.browserClose(ProjectSpecificationMethods.java:21)
at base.ProjectSpecificationMethods.browserClose(ProjectSpecificationMethods.java:21)
at base.ProjectSpecificationMethods.browserClose(ProjectSpecificationMethods.java:21)
at base.ProjectSpecificationMethods.browserClose(ProjectSpecificationMethods.java:21)
at base.ProjectSpecificationMethods.browserClose(ProjectSpecificationMethods.java:21)
at base.ProjectSpecificationMethods.browserClose(ProjectSpecificationMethods.java:21)
at base.ProjectSpecificationMethods.browserClose(ProjectSpecificationMethods.java:21)
at base.ProjectSpecificationMethods.browserClose(ProjectSpecificationMethods.java:21)
at base.ProjectSpecificationMethods.browserClose(ProjectSpecificationMethods.java:21)
at base.ProjectSpecificationMethods.browserClose(ProjectSpecificationMethods.java:21)
at base.ProjectSpecificationMethods.browserClose(ProjectSpecificationMethods.java:21)
at base.ProjectSpecificationMethods.browserClose(ProjectSpecificationMethods.java:21)
at base.ProjectSpecificationMethods.browserClose(ProjectSpecificationMethods.java:21)
at base.ProjectSpecificationMethods.browserClose(ProjectSpecificationMethods.java:21)
at base.ProjectSpecificationMethods.browserClose(ProjectSpecificationMethods.java:21)
at base.ProjectSpecificationMethods.browserClose(ProjectSpecificationMethods.java:21)
at base.ProjectSpecificationMethods.browserClose(ProjectSpecificationMethods.java:21)
at base.ProjectSpecificationMethods.browserClose(ProjectSpecificationMethods.java:21)
at base.ProjectSpecificationMethods.browserClose(ProjectSpecificationMethods.java:21)
at base.ProjectSpecificationMethods.browserClose(ProjectSpecificationMethods.java:21)
at base.ProjectSpecificationMethods.browserClose(ProjectSpecificationMethods.java:21)
at base.ProjectSpecificationMethods.browserClose(ProjectSpecificationMethods.java:21)
at base.ProjectSpecificationMethods.browserClose(ProjectSpecificationMethods.java:21)
at base.ProjectSpecificationMethods.browserClose(ProjectSpecificationMethods.java:21)
at base.ProjectSpecificationMethods.browserClose(ProjectSpecificationMethods.java:21)
at base.ProjectSpecificationMethods.browserClose(ProjectSpecificationMethods.java:21)
at base.ProjectSpecificationMethods.browserClose(ProjectSpecificationMethods.java:21)
at base.ProjectSpecificationMethods.browserClose(ProjectSpecificationMethods.java:21)
at base.ProjectSpecificationMethods.browserClose(ProjectSpecificationMethods.java:21)
at base.ProjectSpecificationMethods.browserClose(ProjectSpecificationMethods.java:21)
at base.ProjectSpecificationMethods.browserClose(ProjectSpecificationMethods.java:21)
at base.ProjectSpecificationMethods.browserClose(ProjectSpecificationMethods.java:21)
at base.ProjectSpecificationMethods.browserClose(ProjectSpecificationMethods.java:21)
at base.ProjectSpecificationMethods.browserClose(ProjectSpecificationMethods.java:21)
at base.ProjectSpecificationMethods.browserClose(ProjectSpecificationMethods.java:21)
at base.ProjectSpecificationMethods.browserClose(ProjectSpecificationMethods.java:21)
at base.ProjectSpecificationMethods.browserClose(ProjectSpecificationMethods.java:21)
at base.ProjectSpecificationMethods.browserClose(ProjectSpecificationMethods.java:21)
at base.ProjectSpecificationMethods.browserClose(ProjectSpecificationMethods.java:21)
at base.ProjectSpecificationMethods.browserClose(ProjectSpecificationMethods.java:21)
at base.ProjectSpecificationMethods.browserClose(ProjectSpecificationMethods.java:21)
at base.ProjectSpecificationMethods.browserClose(ProjectSpecificationMethods.java:21)
at base.ProjectSpecificationMethods.browserClose(ProjectSpecificationMethods.java:21)
at base.ProjectSpecificationMethods.browserClose(ProjectSpecificationMethods.java:21)
at base.ProjectSpecificationMethods.browserClose(ProjectSpecificationMethods.java:21)
at base.ProjectSpecificationMethods.browserClose(ProjectSpecificationMethods.java:21)
at base.ProjectSpecificationMethods.browserClose(ProjectSpecificationMethods.java:21)
at base.ProjectSpecificationMethods.browserClose(ProjectSpecificationMethods.java:21)
at base.ProjectSpecificationMethods.browserClose(ProjectSpecificationMethods.java:21)
at base.ProjectSpecificationMethods.browserClose(ProjectSpecificationMethods.java:21)
at base.ProjectSpecificationMethods.browserClose(ProjectSpecificationMethods.java:21)
at base.ProjectSpecificationMethods.browserClose(ProjectSpecificationMethods.java:21)
at base.ProjectSpecificationMethods.browserClose(ProjectSpecificationMethods.java:21)
at base.ProjectSpecificationMethods.browserClose(ProjectSpecificationMethods.java:21)
at base.ProjectSpecificationMethods.browserClose(ProjectSpecificationMethods.java:21)
at base.ProjectSpecificationMethods.browserClose(ProjectSpecificationMethods.java:21)
at base.ProjectSpecificationMethods.browserClose(ProjectSpecificationMethods.java:21)
at base.ProjectSpecificationMethods.browserClose(ProjectSpecificationMethods.java:21)
at base.ProjectSpecificationMethods.browserClose(ProjectSpecificationMethods.java:21)
at base.ProjectSpecificationMethods.browserClose(ProjectSpecificationMethods.java:21)
at base.ProjectSpecificationMethods.browserClose(ProjectSpecificationMethods.java:21)
at base.ProjectSpecificationMethods.browserClose(ProjectSpecificationMethods.java:21)
at base.ProjectSpecificationMethods.browserClose(ProjectSpecificationMethods.java:21)
at base.ProjectSpecificationMethods.browserClose(ProjectSpecificationMethods.java:21)
at base.ProjectSpecificationMethods.browserClose(ProjectSpecificationMethods.java:21)
at base.ProjectSpecificationMethods.browserClose(ProjectSpecificationMethods.java:21)
at base.ProjectSpecificationMethods.browserClose(ProjectSpecificationMethods.java:21)
at base.ProjectSpecificationMethods.browserClose(ProjectSpecificationMethods.java:21)
at base.ProjectSpecificationMethods.browserClose(ProjectSpecificationMethods.java:21)
at base.ProjectSpecificationMethods.browserClose(ProjectSpecificationMethods.java:21)
at base.ProjectSpecificationMethods.browserClose(ProjectSpecificationMethods.java:21)
at base.ProjectSpecificationMethods.browserClose(ProjectSpecificationMethods.java:21)
at base.ProjectSpecificationMethods.browserClose(ProjectSpecificationMethods.java:21)
at base.ProjectSpecificationMethods.browserClose(ProjectSpecificationMethods.java:21)
at base.ProjectSpecificationMethods.browserClose(ProjectSpecificationMethods.java:21)
at base.ProjectSpecificationMethods.browserClose(ProjectSpecificationMethods.java:21)
at base.ProjectSpecificationMethods.browserClose(ProjectSpecificationMethods.java:21)
at base.ProjectSpecificationMethods.browserClose(ProjectSpecificationMethods.java:21)
at base.ProjectSpecificationMethods.browserClose(ProjectSpecificationMethods.java:21)
at base.ProjectSpecificationMethods.browserClose(ProjectSpecificationMethods.java:21)
at base.ProjectSpecificationMethods.browserClose(ProjectSpecificationMethods.java:21)
at base.ProjectSpecificationMethods.browserClose(ProjectSpecificationMethods.java:21)
at base.ProjectSpecificationMethods.browserClose(ProjectSpecificationMethods.java:21)
at base.ProjectSpecificationMethods.browserClose(ProjectSpecificationMethods.java:21)
at base.ProjectSpecificationMethods.browserClose(ProjectSpecificationMethods.java:21)
at base.ProjectSpecificationMethods.browserClose(ProjectSpecificationMethods.java:21)
at base.ProjectSpecificationMethods.browserClose(ProjectSpecificationMethods.java:21)
at base.ProjectSpecificationMethods.browserClose(ProjectSpecificationMethods.java:21)
at base.ProjectSpecificationMethods.browserClose(ProjectSpecificationMethods.java:21)
at base.ProjectSpecificationMethods.browserClose(ProjectSpecificationMethods.java:21)
at base.ProjectSpecificationMethods.browserClose(ProjectSpecificationMethods.java:21)
at base.ProjectSpecificationMethods.browserClose(ProjectSpecificationMethods.java:21)
at base.ProjectSpecificationMethods.browserClose(ProjectSpecificationMethods.java:21)
at base.ProjectSpecificationMethods.browserClose(ProjectSpecificationMethods.java:21)
at base.ProjectSpecificationMethods.browserClose(ProjectSpecificationMethods.java:21)
at base.ProjectSpecificationMethods.browserClose(ProjectSpecificationMethods.java:21)
at base.ProjectSpecificationMethods.browserClose(ProjectSpecificationMethods.java:21)
at base.ProjectSpecificationMethods.browserClose(ProjectSpecificationMethods.java:21)
at base.ProjectSpecificationMethods.browserClose(ProjectSpecificationMethods.java:21)
at base.ProjectSpecificationMethods.browserClose(ProjectSpecificationMethods.java:21)
at base.ProjectSpecificationMethods.browserClose(ProjectSpecificationMethods.java:21)
at base.ProjectSpecificationMethods.browserClose(ProjectSpecificationMethods.java:21)
at base.ProjectSpecificationMethods.browserClose(ProjectSpecificationMethods.java:21)
at base.ProjectSpecificationMethods.browserClose(ProjectSpecificationMethods.java:21)
at base.ProjectSpecificationMethods.browserClose(ProjectSpecificationMethods.java:21)
at base.ProjectSpecificationMethods.browserClose(ProjectSpecificationMethods.java:21)
at base.ProjectSpecificationMethods.browserClose(ProjectSpecificationMethods.java:21)
at base.ProjectSpecificationMethods.browserClose(ProjectSpecificationMethods.java:21)
at base.ProjectSpecificationMethods.browserClose(ProjectSpecificationMethods.java:21)
at base.ProjectSpecificationMethods.browserClose(ProjectSpecificationMethods.java:21)
at base.ProjectSpecificationMethods.browserClose(ProjectSpecificationMethods.java:21)
at base.ProjectSpecificationMethods.browserClose(ProjectSpecificationMethods.java:21)
at base.ProjectSpecificationMethods.browserClose(ProjectSpecificationMethods.java:21)
at base.ProjectSpecificationMethods.browserClose(ProjectSpecificationMethods.java:21)
at base.ProjectSpecificationMethods.browserClose(ProjectSpecificationMethods.java:21)
at base.ProjectSpecificationMethods.browserClose(ProjectSpecificationMethods.java:21)
at base.ProjectSpecificationMethods.browserClose(ProjectSpecificationMethods.java:21)
at base.ProjectSpecificationMethods.browserClose(ProjectSpecificationMethods.java:21)
at base.ProjectSpecificationMethods.browserClose(ProjectSpecificationMethods.java:21)
at base.ProjectSpecificationMethods.browserClose(ProjectSpecificationMethods.java:21)
at base.ProjectSpecificationMethods.browserClose(ProjectSpecificationMethods.java:21)
at base.ProjectSpecificationMethods.browserClose(ProjectSpecificationMethods.java:21)
at base.ProjectSpecificationMethods.browserClose(ProjectSpecificationMethods.java:21)
at base.ProjectSpecificationMethods.browserClose(ProjectSpecificationMethods.java:21)
at base.ProjectSpecificationMethods.browserClose(ProjectSpecificationMethods.java:21)
at base.ProjectSpecificationMethods.browserClose(ProjectSpecificationMethods.java:21)
at base.ProjectSpecificationMethods.browserClose(ProjectSpecificationMethods.java:21)
at base.ProjectSpecificationMethods.browserClose(ProjectSpecificationMethods.java:21)
at base.ProjectSpecificationMethods.browserClose(ProjectSpecificationMethods.java:21)
at base.ProjectSpecificationMethods.browserClose(ProjectSpecificationMethods.java:21)
at base.ProjectSpecificationMethods.browserClose(ProjectSpecificationMethods.java:21)
at base.ProjectSpecificationMethods.browserClose(ProjectSpecificationMethods.java:21)
at base.ProjectSpecificationMethods.browserClose(ProjectSpecificationMethods.java:21)
at base.ProjectSpecificationMethods.browserClose(ProjectSpecificationMethods.java:21)
at base.ProjectSpecificationMethods.browserClose(ProjectSpecificationMethods.java:21)
at base.ProjectSpecificationMethods.browserClose(ProjectSpecificationMethods.java:21)
at base.ProjectSpecificationMethods.browserClose(ProjectSpecificationMethods.java:21)
at base.ProjectSpecificationMethods.browserClose(ProjectSpecificationMethods.java:21)
at base.ProjectSpecificationMethods.browserClose(ProjectSpecificationMethods.java:21)
at base.ProjectSpecificationMethods.browserClose(ProjectSpecificationMethods.java:21)
at base.ProjectSpecificationMethods.browserClose(ProjectSpecificationMethods.java:21)
at base.ProjectSpecificationMethods.browserClose(ProjectSpecificationMethods.java:21)
at base.ProjectSpecificationMethods.browserClose(ProjectSpecificationMethods.java:21)
at base.ProjectSpecificationMethods.browserClose(ProjectSpecificationMethods.java:21)
at base.ProjectSpecificationMethods.browserClose(ProjectSpecificationMethods.java:21)
at base.ProjectSpecificationMethods.browserClose(ProjectSpecificationMethods.java:21)
at base.ProjectSpecificationMethods.browserClose(ProjectSpecificationMethods.java:21)
at base.ProjectSpecificationMethods.browserClose(ProjectSpecificationMethods.java:21)
at base.ProjectSpecificationMethods.browserClose(ProjectSpecificationMethods.java:21)
at base.ProjectSpecificationMethods.browserClose(ProjectSpecificationMethods.java:21)
at base.ProjectSpecificationMethods.browserClose(ProjectSpecificationMethods.java:21)
at base.ProjectSpecificationMethods.browserClose(ProjectSpecificationMethods.java:21)
at base.ProjectSpecificationMethods.browserClose(ProjectSpecificationMethods.java:21)
at base.ProjectSpecificationMethods.browserClose(ProjectSpecificationMethods.java:21)
at base.ProjectSpecificationMethods.browserClose(ProjectSpecificationMethods.java:21)
at base.ProjectSpecificationMethods.browserClose(ProjectSpecificationMethods.java:21)
at base.ProjectSpecificationMethods.browserClose(ProjectSpecificationMethods.java:21)
at base.ProjectSpecificationMethods.browserClose(ProjectSpecificationMethods.java:21)
at base.ProjectSpecificationMethods.browserClose(ProjectSpecificationMethods.java:21)
at base.ProjectSpecificationMethods.browserClose(ProjectSpecificationMethods.java:21)
at base.ProjectSpecificationMethods.browserClose(ProjectSpecificationMethods.java:21)
at base.ProjectSpecificationMethods.browserClose(ProjectSpecificationMethods.java:21)
at base.ProjectSpecificationMethods.browserClose(ProjectSpecificationMethods.java:21)
at base.ProjectSpecificationMethods.browserClose(ProjectSpecificationMethods.java:21)
at base.ProjectSpecificationMethods.browserClose(ProjectSpecificationMethods.java:21)
at base.ProjectSpecificationMethods.browserClose(ProjectSpecificationMethods.java:21)
at base.ProjectSpecificationMethods.browserClose(ProjectSpecificationMethods.java:21)
at base.ProjectSpecificationMethods.browserClose(ProjectSpecificationMethods.java:21)
at base.ProjectSpecificationMethods.browserClose(ProjectSpecificationMethods.java:21)
at base.ProjectSpecificationMethods.browserClose(ProjectSpecificationMethods.java:21)
at base.ProjectSpecificationMethods.browserClose(ProjectSpecificationMethods.java:21)
at base.ProjectSpecificationMethods.browserClose(ProjectSpecificationMethods.java:21)
at base.ProjectSpecificationMethods.browserClose(ProjectSpecificationMethods.java:21)
at base.ProjectSpecificationMethods.browserClose(ProjectSpecificationMethods.java:21)
at base.ProjectSpecificationMethods.browserClose(ProjectSpecificationMethods.java:21)
at base.ProjectSpecificationMethods.browserClose(ProjectSpecificationMethods.java:21)
at base.ProjectSpecificationMethods.browserClose(ProjectSpecificationMethods.java:21)
at base.ProjectSpecificationMethods.browserClose(ProjectSpecificationMethods.java:21)
at base.ProjectSpecificationMethods.browserClose(ProjectSpecificationMethods.java:21)
at base.ProjectSpecificationMethods.browserClose(ProjectSpecificationMethods.java:21)
at base.ProjectSpecificationMethods.browserClose(ProjectSpecificationMethods.java:21)
at base.ProjectSpecificationMethods.browserClose(ProjectSpecificationMethods.java:21)
at base.ProjectSpecificationMethods.browserClose(ProjectSpecificationMethods.java:21)
at base.ProjectSpecificationMethods.browserClose(ProjectSpecificationMethods.java:21)
at base.ProjectSpecificationMethods.browserClose(ProjectSpecificationMethods.java:21)
at base.ProjectSpecificationMethods.browserClose(ProjectSpecificationMethods.java:21)
at base.ProjectSpecificationMethods.browserClose(ProjectSpecificationMethods.java:21)
at base.ProjectSpecificationMethods.browserClose(ProjectSpecificationMethods.java:21)
at base.ProjectSpecificationMethods.browserClose(ProjectSpecificationMethods.java:21)
at base.ProjectSpecificationMethods.browserClose(ProjectSpecificationMethods.java:21)
at base.ProjectSpecificationMethods.browserClose(ProjectSpecificationMethods.java:21)
at base.ProjectSpecificationMethods.browserClose(ProjectSpecificationMethods.java:21)
at base.ProjectSpecificationMethods.browserClose(ProjectSpecificationMethods.java:21)
at base.ProjectSpecificationMethods.browserClose(ProjectSpecificationMethods.java:21)
at base.ProjectSpecificationMethods.browserClose(ProjectSpecificationMethods.java:21)
at base.ProjectSpecificationMethods.browserClose(ProjectSpecificationMethods.java:21)
at base.ProjectSpecificationMethods.browserClose(ProjectSpecificationMethods.java:21)
at base.ProjectSpecificationMethods.browserClose(ProjectSpecificationMethods.java:21)
at base.ProjectSpecificationMethods.browserClose(ProjectSpecificationMethods.java:21)
at base.ProjectSpecificationMethods.browserClose(ProjectSpecificationMethods.java:21)
at base.ProjectSpecificationMethods.browserClose(ProjectSpecificationMethods.java:21)
at base.ProjectSpecificationMethods.browserClose(ProjectSpecificationMethods.java:21)
at base.ProjectSpecificationMethods.browserClose(ProjectSpecificationMethods.java:21)
at base.ProjectSpecificationMethods.browserClose(ProjectSpecificationMethods.java:21)
at base.ProjectSpecificationMethods.browserClose(ProjectSpecificationMethods.java:21)
at base.ProjectSpecificationMethods.browserClose(ProjectSpecificationMethods.java:21)
at base.ProjectSpecificationMethods.browserClose(ProjectSpecificationMethods.java:21)
at base.ProjectSpecificationMethods.browserClose(ProjectSpecificationMethods.java:21)
at base.ProjectSpecificationMethods.browserClose(ProjectSpecificationMethods.java:21)
at base.ProjectSpecificationMethods.browserClose(ProjectSpecificationMethods.java:21)
at base.ProjectSpecificationMethods.browserClose(ProjectSpecificationMethods.java:21)
at base.ProjectSpecificationMethods.browserClose(ProjectSpecificationMethods.java:21)
at base.ProjectSpecificationMethods.browserClose(ProjectSpecificationMethods.java:21)
at base.ProjectSpecificationMethods.browserClose(ProjectSpecificationMethods.java:21)
at base.ProjectSpecificationMethods.browserClose(ProjectSpecificationMethods.java:21)
at base.ProjectSpecificationMethods.browserClose(ProjectSpecificationMethods.java:21)
at base.ProjectSpecificationMethods.browserClose(ProjectSpecificationMethods.java:21)
at base.ProjectSpecificationMethods.browserClose(ProjectSpecificationMethods.java:21)
at base.ProjectSpecificationMethods.browserClose(ProjectSpecificationMethods.java:21)
at base.ProjectSpecificationMethods.browserClose(ProjectSpecificationMethods.java:21)
at base.ProjectSpecificationMethods.browserClose(ProjectSpecificationMethods.java:21)
at base.ProjectSpecificationMethods.browserClose(ProjectSpecificationMethods.java:21)
at base.ProjectSpecificationMethods.browserClose(ProjectSpecificationMethods.java:21)
at base.ProjectSpecificationMethods.browserClose(ProjectSpecificationMethods.java:21)
at base.ProjectSpecificationMethods.browserClose(ProjectSpecificationMethods.java:21)
at base.ProjectSpecificationMethods.browserClose(ProjectSpecificationMethods.java:21)
at base.ProjectSpecificationMethods.browserClose(ProjectSpecificationMethods.java:21)
at base.ProjectSpecificationMethods.browserClose(ProjectSpecificationMethods.java:21)
at base.ProjectSpecificationMethods.browserClose(ProjectSpecificationMethods.java:21)
at base.ProjectSpecificationMethods.browserClose(ProjectSpecificationMethods.java:21)
at base.ProjectSpecificationMethods.browserClose(ProjectSpecificationMethods.java:21)
at base.ProjectSpecificationMethods.browserClose(ProjectSpecificationMethods.java:21)
at base.ProjectSpecificationMethods.browserClose(ProjectSpecificationMethods.java:21)
at base.ProjectSpecificationMethods.browserClose(ProjectSpecificationMethods.java:21)
at base.ProjectSpecificationMethods.browserClose(ProjectSpecificationMethods.java:21)
at base.ProjectSpecificationMethods.browserClose(ProjectSpecificationMethods.java:21)
at base.ProjectSpecificationMethods.browserClose(ProjectSpecificationMethods.java:21)
at base.ProjectSpecificationMethods.browserClose(ProjectSpecificationMethods.java:21)
at base.ProjectSpecificationMethods.browserClose(ProjectSpecificationMethods.java:21)
at base.ProjectSpecificationMethods.browserClose(ProjectSpecificationMethods.java:21)
at base.ProjectSpecificationMethods.browserClose(ProjectSpecificationMethods.java:21)
at base.ProjectSpecificationMethods.browserClose(ProjectSpecificationMethods.java:21)
at base.ProjectSpecificationMethods.browserClose(ProjectSpecificationMethods.java:21)
at base.ProjectSpecificationMethods.browserClose(ProjectSpecificationMethods.java:21)
at base.ProjectSpecificationMethods.browserClose(ProjectSpecificationMethods.java:21)
at base.ProjectSpecificationMethods.browserClose(ProjectSpecificationMethods.java:21)
at base.ProjectSpecificationMethods.browserClose(ProjectSpecificationMethods.java:21)
at base.ProjectSpecificationMethods.browserClose(ProjectSpecificationMethods.java:21)
at base.ProjectSpecificationMethods.browserClose(ProjectSpecificationMethods.java:21)
at base.ProjectSpecificationMethods.browserClose(ProjectSpecificationMethods.java:21)
at base.ProjectSpecificationMethods.browserClose(ProjectSpecificationMethods.java:21)
at base.ProjectSpecificationMethods.browserClose(ProjectSpecificationMethods.java:21)
at base.ProjectSpecificationMethods.browserClose(ProjectSpecificationMethods.java:21)
at base.ProjectSpecificationMethods.browserClose(ProjectSpecificationMethods.java:21)
at base.ProjectSpecificationMethods.browserClose(ProjectSpecificationMethods.java:21)
at base.ProjectSpecificationMethods.browserClose(ProjectSpecificationMethods.java:21)
at base.ProjectSpecificationMethods.browserClose(ProjectSpecificationMethods.java:21)
at base.ProjectSpecificationMethods.browserClose(ProjectSpecificationMethods.java:21)
at base.ProjectSpecificationMethods.browserClose(ProjectSpecificationMethods.java:21)
at base.ProjectSpecificationMethods.browserClose(ProjectSpecificationMethods.java:21)
at base.ProjectSpecificationMethods.browserClose(ProjectSpecificationMethods.java:21)
at base.ProjectSpecificationMethods.browserClose(ProjectSpecificationMethods.java:21)
at base.ProjectSpecificationMethods.browserClose(ProjectSpecificationMethods.java:21)
at base.ProjectSpecificationMethods.browserClose(ProjectSpecificationMethods.java:21)
at base.ProjectSpecificationMethods.browserClose(ProjectSpecificationMethods.java:21)
at base.ProjectSpecificationMethods.browserClose(ProjectSpecificationMethods.java:21)
at base.ProjectSpecificationMethods.browserClose(ProjectSpecificationMethods.java:21)
at base.ProjectSpecificationMethods.browserClose(ProjectSpecificationMethods.java:21)
at base.ProjectSpecificationMethods.browserClose(ProjectSpecificationMethods.java:21)
at base.ProjectSpecificationMethods.browserClose(ProjectSpecificationMethods.java:21)
at base.ProjectSpecificationMethods.browserClose(ProjectSpecificationMethods.java:21)
at base.ProjectSpecificationMethods.browserClose(ProjectSpecificationMethods.java:21)
at base.ProjectSpecificationMethods.browserClose(ProjectSpecificationMethods.java:21)
at base.ProjectSpecificationMethods.browserClose(ProjectSpecificationMethods.java:21)
at base.ProjectSpecificationMethods.browserClose(ProjectSpecificationMethods.java:21)
at base.ProjectSpecificationMethods.browserClose(ProjectSpecificationMethods.java:21)
at base.ProjectSpecificationMethods.browserClose(ProjectSpecificationMethods.java:21)
at base.ProjectSpecificationMethods.browserClose(ProjectSpecificationMethods.java:21)
at base.ProjectSpecificationMethods.browserClose(ProjectSpecificationMethods.java:21)
at base.ProjectSpecificationMethods.browserClose(ProjectSpecificationMethods.java:21)
at base.ProjectSpecificationMethods.browserClose(ProjectSpecificationMethods.java:21)
at base.ProjectSpecificationMethods.browserClose(ProjectSpecificationMethods.java:21)
at base.ProjectSpecificationMethods.browserClose(ProjectSpecificationMethods.java:21)
at base.ProjectSpecificationMethods.browserClose(ProjectSpecificationMethods.java:21)
at base.ProjectSpecificationMethods.browserClose(ProjectSpecificationMethods.java:21)
at base.ProjectSpecificationMethods.browserClose(ProjectSpecificationMethods.java:21)
at base.ProjectSpecificationMethods.browserClose(ProjectSpecificationMethods.java:21)
at base.ProjectSpecificationMethods.browserClose(ProjectSpecificationMethods.java:21)
at base.ProjectSpecificationMethods.browserClose(ProjectSpecificationMethods.java:21)
at base.ProjectSpecificationMethods.browserClose(ProjectSpecificationMethods.java:21)
at base.ProjectSpecificationMethods.browserClose(ProjectSpecificationMethods.java:21)
at base.ProjectSpecificationMethods.browserClose(ProjectSpecificationMethods.java:21)
at base.ProjectSpecificationMethods.browserClose(ProjectSpecificationMethods.java:21)
at base.ProjectSpecificationMethods.browserClose(ProjectSpecificationMethods.java:21)
at base.ProjectSpecificationMethods.browserClose(ProjectSpecificationMethods.java:21)
at base.ProjectSpecificationMethods.browserClose(ProjectSpecificationMethods.java:21)
at base.ProjectSpecificationMethods.browserClose(ProjectSpecificationMethods.java:21)
at base.ProjectSpecificationMethods.browserClose(ProjectSpecificationMethods.java:21)
at base.ProjectSpecificationMethods.browserClose(ProjectSpecificationMethods.java:21)
at base.ProjectSpecificationMethods.browserClose(ProjectSpecificationMethods.java:21)
at base.ProjectSpecificationMethods.browserClose(ProjectSpecificationMethods.java:21)
at base.ProjectSpecificationMethods.browserClose(ProjectSpecificationMethods.java:21)
at base.ProjectSpecificationMethods.browserClose(ProjectSpecificationMethods.java:21)
at base.ProjectSpecificationMethods.browserClose(ProjectSpecificationMethods.java:21)
at base.ProjectSpecificationMethods.browserClose(ProjectSpecificationMethods.java:21)
at base.ProjectSpecificationMethods.browserClose(ProjectSpecificationMethods.java:21)
at base.ProjectSpecificationMethods.browserClose(ProjectSpecificationMethods.java:21)
at base.ProjectSpecificationMethods.browserClose(ProjectSpecificationMethods.java:21)
at base.ProjectSpecificationMethods.browserClose(ProjectSpecificationMethods.java:21)
at base.ProjectSpecificationMethods.browserClose(ProjectSpecificationMethods.java:21)
at base.ProjectSpecificationMethods.browserClose(ProjectSpecificationMethods.java:21)
at base.ProjectSpecificationMethods.browserClose(ProjectSpecificationMethods.java:21)
at base.ProjectSpecificationMethods.browserClose(ProjectSpecificationMethods.java:21)
at base.ProjectSpecificationMethods.browserClose(ProjectSpecificationMethods.java:21)
at base.ProjectSpecificationMethods.browserClose(ProjectSpecificationMethods.java:21)
at base.ProjectSpecificationMethods.browserClose(ProjectSpecificationMethods.java:21)
at base.ProjectSpecificationMethods.browserClose(ProjectSpecificationMethods.java:21)
at base.ProjectSpecificationMethods.browserClose(ProjectSpecificationMethods.java:21)
at base.ProjectSpecificationMethods.browserClose(ProjectSpecificationMethods.java:21)
at base.ProjectSpecificationMethods.browserClose(ProjectSpecificationMethods.java:21)
at base.ProjectSpecificationMethods.browserClose(ProjectSpecificationMethods.java:21)
at base.ProjectSpecificationMethods.browserClose(ProjectSpecificationMethods.java:21)
at base.ProjectSpecificationMethods.browserClose(ProjectSpecificationMethods.java:21)
at base.ProjectSpecificationMethods.browserClose(ProjectSpecificationMethods.java:21)
at base.ProjectSpecificationMethods.browserClose(ProjectSpecificationMethods.java:21)
at base.ProjectSpecificationMethods.browserClose(ProjectSpecificationMethods.java:21)
at base.ProjectSpecificationMethods.browserClose(ProjectSpecificationMethods.java:21)
at base.ProjectSpecificationMethods.browserClose(ProjectSpecificationMethods.java:21)
at base.ProjectSpecificationMethods.browserClose(ProjectSpecificationMethods.java:21)
at base.ProjectSpecificationMethods.browserClose(ProjectSpecificationMethods.java:21)
at base.ProjectSpecificationMethods.browserClose(ProjectSpecificationMethods.java:21)
at base.ProjectSpecificationMethods.browserClose(ProjectSpecificationMethods.java:21)
at base.ProjectSpecificationMethods.browserClose(ProjectSpecificationMethods.java:21)
at base.ProjectSpecificationMethods.browserClose(ProjectSpecificationMethods.java:21)
at base.ProjectSpecificationMethods.browserClose(ProjectSpecificationMethods.java:21)
at base.ProjectSpecificationMethods.browserClose(ProjectSpecificationMethods.java:21)
at base.ProjectSpecificationMethods.browserClose(ProjectSpecificationMethods.java:21)
at base.ProjectSpecificationMethods.browserClose(ProjectSpecificationMethods.java:21)
at base.ProjectSpecificationMethods.browserClose(ProjectSpecificationMethods.java:21)
at base.ProjectSpecificationMethods.browserClose(ProjectSpecificationMethods.java:21)
at base.ProjectSpecificationMethods.browserClose(ProjectSpecificationMethods.java:21)
at base.ProjectSpecificationMethods.browserClose(ProjectSpecificationMethods.java:21)
at base.ProjectSpecificationMethods.browserClose(ProjectSpecificationMethods.java:21)
at base.ProjectSpecificationMethods.browserClose(ProjectSpecificationMethods.java:21)
at base.ProjectSpecificationMethods.browserClose(ProjectSpecificationMethods.java:21)
at base.ProjectSpecificationMethods.browserClose(ProjectSpecificationMethods.java:21)
at base.ProjectSpecificationMethods.browserClose(ProjectSpecificationMethods.java:21)
at base.ProjectSpecificationMethods.browserClose(ProjectSpecificationMethods.java:21)
at base.ProjectSpecificationMethods.browserClose(ProjectSpecificationMethods.java:21)
at base.ProjectSpecificationMethods.browserClose(ProjectSpecificationMethods.java:21)
at base.ProjectSpecificationMethods.browserClose(ProjectSpecificationMethods.java:21)
at base.ProjectSpecificationMethods.browserClose(ProjectSpecificationMethods.java:21)
at base.ProjectSpecificationMethods.browserClose(ProjectSpecificationMethods.java:21)
at base.ProjectSpecificationMethods.browserClose(ProjectSpecificationMethods.java:21)
at base.ProjectSpecificationMethods.browserClose(ProjectSpecificationMethods.java:21)
at base.ProjectSpecificationMethods.browserClose(ProjectSpecificationMethods.java:21)
at base.ProjectSpecificationMethods.browserClose(ProjectSpecificationMethods.java:21)
at base.ProjectSpecificationMethods.browserClose(ProjectSpecificationMethods.java:21)
at base.ProjectSpecificationMethods.browserClose(ProjectSpecificationMethods.java:21)
at base.ProjectSpecificationMethods.browserClose(ProjectSpecificationMethods.java:21)
at base.ProjectSpecificationMethods.browserClose(ProjectSpecificationMethods.java:21)
at base.ProjectSpecificationMethods.browserClose(ProjectSpecificationMethods.java:21)
at base.ProjectSpecificationMethods.browserClose(ProjectSpecificationMethods.java:21)
at base.ProjectSpecificationMethods.browserClose(ProjectSpecificationMethods.java:21)
at base.ProjectSpecificationMethods.browserClose(ProjectSpecificationMethods.java:21)
at base.ProjectSpecificationMethods.browserClose(ProjectSpecificationMethods.java:21)
at base.ProjectSpecificationMethods.browserClose(ProjectSpecificationMethods.java:21)
at base.ProjectSpecificationMethods.browserClose(ProjectSpecificationMethods.java:21)
at base.ProjectSpecificationMethods.browserClose(ProjectSpecificationMethods.java:21)
at base.ProjectSpecificationMethods.browserClose(ProjectSpecificationMethods.java:21)
at base.ProjectSpecificationMethods.browserClose(ProjectSpecificationMethods.java:21)
at base.ProjectSpecificationMethods.browserClose(ProjectSpecificationMethods.java:21)
at base.ProjectSpecificationMethods.browserClose(ProjectSpecificationMethods.java:21)
at base.ProjectSpecificationMethods.browserClose(ProjectSpecificationMethods.java:21)
at base.ProjectSpecificationMethods.browserClose(ProjectSpecificationMethods.java:21)
at base.ProjectSpecificationMethods.browserClose(ProjectSpecificationMethods.java:21)
at base.ProjectSpecificationMethods.browserClose(ProjectSpecificationMethods.java:21)
at base.ProjectSpecificationMethods.browserClose(ProjectSpecificationMethods.java:21)
at base.ProjectSpecificationMethods.browserClose(ProjectSpecificationMethods.java:21)
at base.ProjectSpecificationMethods.browserClose(ProjectSpecificationMethods.java:21)
at base.ProjectSpecificationMethods.browserClose(ProjectSpecificationMethods.java:21)
at base.ProjectSpecificationMethods.browserClose(ProjectSpecificationMethods.java:21)
at base.ProjectSpecificationMethods.browserClose(ProjectSpecificationMethods.java:21)
at base.ProjectSpecificationMethods.browserClose(ProjectSpecificationMethods.java:21)
at base.ProjectSpecificationMethods.browserClose(ProjectSpecificationMethods.java:21)
at base.ProjectSpecificationMethods.browserClose(ProjectSpecificationMethods.java:21)
at base.ProjectSpecificationMethods.browserClose(ProjectSpecificationMethods.java:21)
at base.ProjectSpecificationMethods.browserClose(ProjectSpecificationMethods.java:21)
at base.ProjectSpecificationMethods.browserClose(ProjectSpecificationMethods.java:21)
at base.ProjectSpecificationMethods.browserClose(ProjectSpecificationMethods.java:21)
at base.ProjectSpecificationMethods.browserClose(ProjectSpecificationMethods.java:21)
at base.ProjectSpecificationMethods.browserClose(ProjectSpecificationMethods.java:21)
at base.ProjectSpecificationMethods.browserClose(ProjectSpecificationMethods.java:21)
at base.ProjectSpecificationMethods.browserClose(ProjectSpecificationMethods.java:21)
at base.ProjectSpecificationMethods.browserClose(ProjectSpecificationMethods.java:21)
at base.ProjectSpecificationMethods.browserClose(ProjectSpecificationMethods.java:21)
at base.ProjectSpecificationMethods.browserClose(ProjectSpecificationMethods.java:21)
at base.ProjectSpecificationMethods.browserClose(ProjectSpecificationMethods.java:21)
at base.ProjectSpecificationMethods.browserClose(ProjectSpecificationMethods.java:21)
at base.ProjectSpecificationMethods.browserClose(ProjectSpecificationMethods.java:21)
at base.ProjectSpecificationMethods.browserClose(ProjectSpecificationMethods.java:21)
at base.ProjectSpecificationMethods.browserClose(ProjectSpecificationMethods.java:21)
at base.ProjectSpecificationMethods.browserClose(ProjectSpecificationMethods.java:21)
at base.ProjectSpecificationMethods.browserClose(ProjectSpecificationMethods.java:21)
at base.ProjectSpecificationMethods.browserClose(ProjectSpecificationMethods.java:21)
at base.ProjectSpecificationMethods.browserClose(ProjectSpecificationMethods.java:21)
at base.ProjectSpecificationMethods.browserClose(ProjectSpecificationMethods.java:21)
at base.ProjectSpecificationMethods.browserClose(ProjectSpecificationMethods.java:21)
at base.ProjectSpecificationMethods.browserClose(ProjectSpecificationMethods.java:21)
at base.ProjectSpecificationMethods.browserClose(ProjectSpecificationMethods.java:21)
at base.ProjectSpecificationMethods.browserClose(ProjectSpecificationMethods.java:21)
at base.ProjectSpecificationMethods.browserClose(ProjectSpecificationMethods.java:21)
at base.ProjectSpecificationMethods.browserClose(ProjectSpecificationMethods.java:21)
at base.ProjectSpecificationMethods.browserClose(ProjectSpecificationMethods.java:21)
at base.ProjectSpecificationMethods.browserClose(ProjectSpecificationMethods.java:21)
at base.ProjectSpecificationMethods.browserClose(ProjectSpecificationMethods.java:21)
at base.ProjectSpecificationMethods.browserClose(ProjectSpecificationMethods.java:21)
at base.ProjectSpecificationMethods.browserClose(ProjectSpecificationMethods.java:21)
at base.ProjectSpecificationMethods.browserClose(ProjectSpecificationMethods.java:21)
at base.ProjectSpecificationMethods.browserClose(ProjectSpecificationMethods.java:21)
at base.ProjectSpecificationMethods.browserClose(ProjectSpecificationMethods.java:21)
at base.ProjectSpecificationMethods.browserClose(ProjectSpecificationMethods.java:21)
at base.ProjectSpecificationMethods.browserClose(ProjectSpecificationMethods.java:21)
at base.ProjectSpecificationMethods.browserClose(ProjectSpecificationMethods.java:21)
at base.ProjectSpecificationMethods.browserClose(ProjectSpecificationMethods.java:21)
at base.ProjectSpecificationMethods.browserClose(ProjectSpecificationMethods.java:21)
at base.ProjectSpecificationMethods.browserClose(ProjectSpecificationMethods.java:21)
at base.ProjectSpecificationMethods.browserClose(ProjectSpecificationMethods.java:21)
at base.ProjectSpecificationMethods.browserClose(ProjectSpecificationMethods.java:21)
at base.ProjectSpecificationMethods.browserClose(ProjectSpecificationMethods.java:21)
at base.ProjectSpecificationMethods.browserClose(ProjectSpecificationMethods.java:21)
at base.ProjectSpecificationMethods.browserClose(ProjectSpecificationMethods.java:21)
at base.ProjectSpecificationMethods.browserClose(ProjectSpecificationMethods.java:21)
at base.ProjectSpecificationMethods.browserClose(ProjectSpecificationMethods.java:21)
at base.ProjectSpecificationMethods.browserClose(ProjectSpecificationMethods.java:21)
at base.ProjectSpecificationMethods.browserClose(ProjectSpecificationMethods.java:21)
at base.ProjectSpecificationMethods.browserClose(ProjectSpecificationMethods.java:21)
at base.ProjectSpecificationMethods.browserClose(ProjectSpecificationMethods.java:21)
at base.ProjectSpecificationMethods.browserClose(ProjectSpecificationMethods.java:21)
at base.ProjectSpecificationMethods.browserClose(ProjectSpecificationMethods.java:21)
at base.ProjectSpecificationMethods.browserClose(ProjectSpecificationMethods.java:21)
at base.ProjectSpecificationMethods.browserClose(ProjectSpecificationMethods.java:21)
at base.ProjectSpecificationMethods.browserClose(ProjectSpecificationMethods.java:21)
at base.ProjectSpecificationMethods.browserClose(ProjectSpecificationMethods.java:21)
at base.ProjectSpecificationMethods.browserClose(ProjectSpecificationMethods.java:21)
at base.ProjectSpecificationMethods.browserClose(ProjectSpecificationMethods.java:21)
at base.ProjectSpecificationMethods.browserClose(ProjectSpecificationMethods.java:21)
at base.ProjectSpecificationMethods.browserClose(ProjectSpecificationMethods.java:21)
at base.ProjectSpecificationMethods.browserClose(ProjectSpecificationMethods.java:21)
at base.ProjectSpecificationMethods.browserClose(ProjectSpecificationMethods.java:21)
at base.ProjectSpecificationMethods.browserClose(ProjectSpecificationMethods.java:21)
at base.ProjectSpecificationMethods.browserClose(ProjectSpecificationMethods.java:21)
at base.ProjectSpecificationMethods.browserClose(ProjectSpecificationMethods.java:21)
at base.ProjectSpecificationMethods.browserClose(ProjectSpecificationMethods.java:21)
at base.ProjectSpecificationMethods.browserClose(ProjectSpecificationMethods.java:21)
at base.ProjectSpecificationMethods.browserClose(ProjectSpecificationMethods.java:21)
at base.ProjectSpecificationMethods.browserClose(ProjectSpecificationMethods.java:21)
at base.ProjectSpecificationMethods.browserClose(ProjectSpecificationMethods.java:21)
at base.ProjectSpecificationMethods.browserClose(ProjectSpecificationMethods.java:21)
at base.ProjectSpecificationMethods.browserClose(ProjectSpecificationMethods.java:21)
at base.ProjectSpecificationMethods.browserClose(ProjectSpecificationMethods.java:21)
at base.ProjectSpecificationMethods.browserClose(ProjectSpecificationMethods.java:21)
at base.ProjectSpecificationMethods.browserClose(ProjectSpecificationMethods.java:21)
at base.ProjectSpecificationMethods.browserClose(ProjectSpecificationMethods.java:21)
at base.ProjectSpecificationMethods.browserClose(ProjectSpecificationMethods.java:21)
at base.ProjectSpecificationMethods.browserClose(ProjectSpecificationMethods.java:21)
at base.ProjectSpecificationMethods.browserClose(ProjectSpecificationMethods.java:21)
at base.ProjectSpecificationMethods.browserClose(ProjectSpecificationMethods.java:21)
at base.ProjectSpecificationMethods.browserClose(ProjectSpecificationMethods.java:21)
at base.ProjectSpecificationMethods.browserClose(ProjectSpecificationMethods.java:21)
at base.ProjectSpecificationMethods.browserClose(ProjectSpecificationMethods.java:21)
at base.ProjectSpecificationMethods.browserClose(ProjectSpecificationMethods.java:21)
at base.ProjectSpecificationMethods.browserClose(ProjectSpecificationMethods.java:21)
at base.ProjectSpecificationMethods.browserClose(ProjectSpecificationMethods.java:21)
at base.ProjectSpecificationMethods.browserClose(ProjectSpecificationMethods.java:21)
at base.ProjectSpecificationMethods.browserClose(ProjectSpecificationMethods.java:21)
at base.ProjectSpecificationMethods.browserClose(ProjectSpecificationMethods.java:21)
at base.ProjectSpecificationMethods.browserClose(ProjectSpecificationMethods.java:21)
at base.ProjectSpecificationMethods.browserClose(ProjectSpecificationMethods.java:21)
at base.ProjectSpecificationMethods.browserClose(ProjectSpecificationMethods.java:21)
at base.ProjectSpecificationMethods.browserClose(ProjectSpecificationMethods.java:21)
at base.ProjectSpecificationMethods.browserClose(ProjectSpecificationMethods.java:21)
at base.ProjectSpecificationMethods.browserClose(ProjectSpecificationMethods.java:21)
at base.ProjectSpecificationMethods.browserClose(ProjectSpecificationMethods.java:21)
at base.ProjectSpecificationMethods.browserClose(ProjectSpecificationMethods.java:21)
at base.ProjectSpecificationMethods.browserClose(ProjectSpecificationMethods.java:21)
at base.ProjectSpecificationMethods.browserClose(ProjectSpecificationMethods.java:21)
at base.ProjectSpecificationMethods.browserClose(ProjectSpecificationMethods.java:21)
at base.ProjectSpecificationMethods.browserClose(ProjectSpecificationMethods.java:21)
at base.ProjectSpecificationMethods.browserClose(ProjectSpecificationMethods.java:21)
at base.ProjectSpecificationMethods.browserClose(ProjectSpecificationMethods.java:21)
at base.ProjectSpecificationMethods.browserClose(ProjectSpecificationMethods.java:21)
at base.ProjectSpecificationMethods.browserClose(ProjectSpecificationMethods.java:21)
at base.ProjectSpecificationMethods.browserClose(ProjectSpecificationMethods.java:21)
at base.ProjectSpecificationMethods.browserClose(ProjectSpecificationMethods.java:21)
at base.ProjectSpecificationMethods.browserClose(ProjectSpecificationMethods.java:21)
at base.ProjectSpecificationMethods.browserClose(ProjectSpecificationMethods.java:21)
at base.ProjectSpecificationMethods.browserClose(ProjectSpecificationMethods.java:21)
at base.ProjectSpecificationMethods.browserClose(ProjectSpecificationMethods.java:21)
at base.ProjectSpecificationMethods.browserClose(ProjectSpecificationMethods.java:21)
at base.ProjectSpecificationMethods.browserClose(ProjectSpecificationMethods.java:21)
at base.ProjectSpecificationMethods.browserClose(ProjectSpecificationMethods.java:21)
at base.ProjectSpecificationMethods.browserClose(ProjectSpecificationMethods.java:21)
at base.ProjectSpecificationMethods.browserClose(ProjectSpecificationMethods.java:21)
at base.ProjectSpecificationMethods.browserClose(ProjectSpecificationMethods.java:21)
at base.ProjectSpecificationMethods.browserClose(ProjectSpecificationMethods.java:21)
at base.ProjectSpecificationMethods.browserClose(ProjectSpecificationMethods.java:21)
at base.ProjectSpecificationMethods.browserClose(ProjectSpecificationMethods.java:21)
at base.ProjectSpecificationMethods.browserClose(ProjectSpecificationMethods.java:21)
at base.ProjectSpecificationMethods.browserClose(ProjectSpecificationMethods.java:21)
at base.ProjectSpecificationMethods.browserClose(ProjectSpecificationMethods.java:21)
at base.ProjectSpecificationMethods.browserClose(ProjectSpecificationMethods.java:21)
at base.ProjectSpecificationMethods.browserClose(ProjectSpecificationMethods.java:21)
at base.ProjectSpecificationMethods.browserClose(ProjectSpecificationMethods.java:21)
at base.ProjectSpecificationMethods.browserClose(ProjectSpecificationMethods.java:21)
at base.ProjectSpecificationMethods.browserClose(ProjectSpecificationMethods.java:21)
at base.ProjectSpecificationMethods.browserClose(ProjectSpecificationMethods.java:21)
at base.ProjectSpecificationMethods.browserClose(ProjectSpecificationMethods.java:21)
at base.ProjectSpecificationMethods.browserClose(ProjectSpecificationMethods.java:21)
at base.ProjectSpecificationMethods.browserClose(ProjectSpecificationMethods.java:21)
at base.ProjectSpecificationMethods.browserClose(ProjectSpecificationMethods.java:21)
at base.ProjectSpecificationMethods.browserClose(ProjectSpecificationMethods.java:21)
at base.ProjectSpecificationMethods.browserClose(ProjectSpecificationMethods.java:21)
at base.ProjectSpecificationMethods.browserClose(ProjectSpecificationMethods.java:21)
at base.ProjectSpecificationMethods.browserClose(ProjectSpecificationMethods.java:21)
at base.ProjectSpecificationMethods.browserClose(ProjectSpecificationMethods.java:21)
at base.ProjectSpecificationMethods.browserClose(ProjectSpecificationMethods.java:21)
at base.ProjectSpecificationMethods.browserClose(ProjectSpecificationMethods.java:21)
at base.ProjectSpecificationMethods.browserClose(ProjectSpecificationMethods.java:21)
at base.ProjectSpecificationMethods.browserClose(ProjectSpecificationMethods.java:21)
at base.ProjectSpecificationMethods.browserClose(ProjectSpecificationMethods.java:21)
at base.ProjectSpecificationMethods.browserClose(ProjectSpecificationMethods.java:21)
at base.ProjectSpecificationMethods.browserClose(ProjectSpecificationMethods.java:21)
at base.ProjectSpecificationMethods.browserClose(ProjectSpecificationMethods.java:21)
at base.ProjectSpecificationMethods.browserClose(ProjectSpecificationMethods.java:21)
at base.ProjectSpecificationMethods.browserClose(ProjectSpecificationMethods.java:21)
at base.ProjectSpecificationMethods.browserClose(ProjectSpecificationMethods.java:21)
at base.ProjectSpecificationMethods.browserClose(ProjectSpecificationMethods.java:21)
at base.ProjectSpecificationMethods.browserClose(ProjectSpecificationMethods.java:21)
at base.ProjectSpecificationMethods.browserClose(ProjectSpecificationMethods.java:21)
at base.ProjectSpecificationMethods.browserClose(ProjectSpecificationMethods.java:21)
at base.ProjectSpecificationMethods.browserClose(ProjectSpecificationMethods.java:21)
at base.ProjectSpecificationMethods.browserClose(ProjectSpecificationMethods.java:21)
at base.ProjectSpecificationMethods.browserClose(ProjectSpecificationMethods.java:21)
at base.ProjectSpecificationMethods.browserClose(ProjectSpecificationMethods.java:21)
at base.ProjectSpecificationMethods.browserClose(ProjectSpecificationMethods.java:21)
at base.ProjectSpecificationMethods.browserClose(ProjectSpecificationMethods.java:21)
at base.ProjectSpecificationMethods.browserClose(ProjectSpecificationMethods.java:21)
at base.ProjectSpecificationMethods.browserClose(ProjectSpecificationMethods.java:21)
at base.ProjectSpecificationMethods.browserClose(ProjectSpecificationMethods.java:21)
at base.ProjectSpecificationMethods.browserClose(ProjectSpecificationMethods.java:21)
at base.ProjectSpecificationMethods.browserClose(ProjectSpecificationMethods.java:21)
at base.ProjectSpecificationMethods.browserClose(ProjectSpecificationMethods.java:21)
at base.ProjectSpecificationMethods.browserClose(ProjectSpecificationMethods.java:21)
at base.ProjectSpecificationMethods.browserClose(ProjectSpecificationMethods.java:21)
at base.ProjectSpecificationMethods.browserClose(ProjectSpecificationMethods.java:21)
at base.ProjectSpecificationMethods.browserClose(ProjectSpecificationMethods.java:21)
at base.ProjectSpecificationMethods.browserClose(ProjectSpecificationMethods.java:21)
at base.ProjectSpecificationMethods.browserClose(ProjectSpecificationMethods.java:21)
at base.ProjectSpecificationMethods.browserClose(ProjectSpecificationMethods.java:21)
at base.ProjectSpecificationMethods.browserClose(ProjectSpecificationMethods.java:21)
at base.ProjectSpecificationMethods.browserClose(ProjectSpecificationMethods.java:21)
at base.ProjectSpecificationMethods.browserClose(ProjectSpecificationMethods.java:21)
at base.ProjectSpecificationMethods.browserClose(ProjectSpecificationMethods.java:21)
at base.ProjectSpecificationMethods.browserClose(ProjectSpecificationMethods.java:21)
at base.ProjectSpecificationMethods.browserClose(ProjectSpecificationMethods.java:21)
at base.ProjectSpecificationMethods.browserClose(ProjectSpecificationMethods.java:21)
at base.ProjectSpecificationMethods.browserClose(ProjectSpecificationMethods.java:21)
at base.ProjectSpecificationMethods.browserClose(ProjectSpecificationMethods.java:21)
at base.ProjectSpecificationMethods.browserClose(ProjectSpecificationMethods.java:21)
at base.ProjectSpecificationMethods.browserClose(ProjectSpecificationMethods.java:21)
at base.ProjectSpecificationMethods.browserClose(ProjectSpecificationMethods.java:21)
at base.ProjectSpecificationMethods.browserClose(ProjectSpecificationMethods.java:21)
at base.ProjectSpecificationMethods.browserClose(ProjectSpecificationMethods.java:21)
at base.ProjectSpecificationMethods.browserClose(ProjectSpecificationMethods.java:21)
at base.ProjectSpecificationMethods.browserClose(ProjectSpecificationMethods.java:21)
at base.ProjectSpecificationMethods.browserClose(ProjectSpecificationMethods.java:21)
at base.ProjectSpecificationMethods.browserClose(ProjectSpecificationMethods.java:21)
at base.ProjectSpecificationMethods.browserClose(ProjectSpecificationMethods.java:21)
at base.ProjectSpecificationMethods.browserClose(ProjectSpecificationMethods.java:21)
at base.ProjectSpecificationMethods.browserClose(ProjectSpecificationMethods.java:21)
at base.ProjectSpecificationMethods.browserClose(ProjectSpecificationMethods.java:21)
at base.ProjectSpecificationMethods.browserClose(ProjectSpecificationMethods.java:21)
at base.ProjectSpecificationMethods.browserClose(ProjectSpecificationMethods.java:21)
at base.ProjectSpecificationMethods.browserClose(ProjectSpecificationMethods.java:21)
at base.ProjectSpecificationMethods.browserClose(ProjectSpecificationMethods.java:21)
at base.ProjectSpecificationMethods.browserClose(ProjectSpecificationMethods.java:21)
at base.ProjectSpecificationMethods.browserClose(ProjectSpecificationMethods.java:21)
at base.ProjectSpecificationMethods.browserClose(ProjectSpecificationMethods.java:21)
at base.ProjectSpecificationMethods.browserClose(ProjectSpecificationMethods.java:21)
at base.ProjectSpecificationMethods.browserClose(ProjectSpecificationMethods.java:21)
at base.ProjectSpecificationMethods.browserClose(ProjectSpecificationMethods.java:21)
at base.ProjectSpecificationMethods.browserClose(ProjectSpecificationMethods.java:21)
at base.ProjectSpecificationMethods.browserClose(ProjectSpecificationMethods.java:21)
at base.ProjectSpecificationMethods.browserClose(ProjectSpecificationMethods.java:21)
at base.ProjectSpecificationMethods.browserClose(ProjectSpecificationMethods.java:21)
at base.ProjectSpecificationMethods.browserClose(ProjectSpecificationMethods.java:21)
at base.ProjectSpecificationMethods.browserClose(ProjectSpecificationMethods.java:21)
at base.ProjectSpecificationMethods.browserClose(ProjectSpecificationMethods.java:21)
at base.ProjectSpecificationMethods.browserClose(ProjectSpecificationMethods.java:21)
at base.ProjectSpecificationMethods.browserClose(ProjectSpecificationMethods.java:21)
at base.ProjectSpecificationMethods.browserClose(ProjectSpecificationMethods.java:21)
at base.ProjectSpecificationMethods.browserClose(ProjectSpecificationMethods.java:21)
at base.ProjectSpecificationMethods.browserClose(ProjectSpecificationMethods.java:21)
at base.ProjectSpecificationMethods.browserClose(ProjectSpecificationMethods.java:21)
at base.ProjectSpecificationMethods.browserClose(ProjectSpecificationMethods.java:21)
at base.ProjectSpecificationMethods.browserClose(ProjectSpecificationMethods.java:21)
at base.ProjectSpecificationMethods.browserClose(ProjectSpecificationMethods.java:21)
at base.ProjectSpecificationMethods.browserClose(ProjectSpecificationMethods.java:21)
at base.ProjectSpecificationMethods.browserClose(ProjectSpecificationMethods.java:21)
at base.ProjectSpecificationMethods.browserClose(ProjectSpecificationMethods.java:21)
at base.ProjectSpecificationMethods.browserClose(ProjectSpecificationMethods.java:21)
at base.ProjectSpecificationMethods.browserClose(ProjectSpecificationMethods.java:21)
at base.ProjectSpecificationMethods.browserClose(ProjectSpecificationMethods.java:21)
at base.ProjectSpecificationMethods.browserClose(ProjectSpecificationMethods.java:21)
at base.ProjectSpecificationMethods.browserClose(ProjectSpecificationMethods.java:21)
at base.ProjectSpecificationMethods.browserClose(ProjectSpecificationMethods.java:21)
at base.ProjectSpecificationMethods.browserClose(ProjectSpecificationMethods.java:21)
at base.ProjectSpecificationMethods.browserClose(ProjectSpecificationMethods.java:21)
at base.ProjectSpecificationMethods.browserClose(ProjectSpecificationMethods.java:21)
at base.ProjectSpecificationMethods.browserClose(ProjectSpecificationMethods.java:21)
at base.ProjectSpecificationMethods.browserClose(ProjectSpecificationMethods.java:21)
at base.ProjectSpecificationMethods.browserClose(ProjectSpecificationMethods.java:21)
at base.ProjectSpecificationMethods.browserClose(ProjectSpecificationMethods.java:21)
at base.ProjectSpecificationMethods.browserClose(ProjectSpecificationMethods.java:21)
at base.ProjectSpecificationMethods.browserClose(ProjectSpecificationMethods.java:21)
at base.ProjectSpecificationMethods.browserClose(ProjectSpecificationMethods.java:21)
at base.ProjectSpecificationMethods.browserClose(ProjectSpecificationMethods.java:21)
at base.ProjectSpecificationMethods.browserClose(ProjectSpecificationMethods.java:21)
at base.ProjectSpecificationMethods.browserClose(ProjectSpecificationMethods.java:21)
at base.ProjectSpecificationMethods.browserClose(ProjectSpecificationMethods.java:21)
at base.ProjectSpecificationMethods.browserClose(ProjectSpecificationMethods.java:21)
at base.ProjectSpecificationMethods.browserClose(ProjectSpecificationMethods.java:21)
at base.ProjectSpecificationMethods.browserClose(ProjectSpecificationMethods.java:21)
at base.ProjectSpecificationMethods.browserClose(ProjectSpecificationMethods.java:21)
at base.ProjectSpecificationMethods.browserClose(ProjectSpecificationMethods.java:21)
at base.ProjectSpecificationMethods.browserClose(ProjectSpecificationMethods.java:21)
at base.ProjectSpecificationMethods.browserClose(ProjectSpecificationMethods.java:21)
at base.ProjectSpecificationMethods.browserClose(ProjectSpecificationMethods.java:21)
at base.ProjectSpecificationMethods.browserClose(ProjectSpecificationMethods.java:21)
at base.ProjectSpecificationMethods.browserClose(ProjectSpecificationMethods.java:21)
at base.ProjectSpecificationMethods.browserClose(ProjectSpecificationMethods.java:21)
at base.ProjectSpecificationMethods.browserClose(ProjectSpecificationMethods.java:21)
at base.ProjectSpecificationMethods.browserClose(ProjectSpecificationMethods.java:21)
at base.ProjectSpecificationMethods.browserClose(ProjectSpecificationMethods.java:21)
at base.ProjectSpecificationMethods.browserClose(ProjectSpecificationMethods.java:21)
at base.ProjectSpecificationMethods.browserClose(ProjectSpecificationMethods.java:21)
at base.ProjectSpecificationMethods.browserClose(ProjectSpecificationMethods.java:21)
at base.ProjectSpecificationMethods.browserClose(ProjectSpecificationMethods.java:21)
at base.ProjectSpecificationMethods.browserClose(ProjectSpecificationMethods.java:21)
at base.ProjectSpecificationMethods.browserClose(ProjectSpecificationMethods.java:21)
at base.ProjectSpecificationMethods.browserClose(ProjectSpecificationMethods.java:21)
at base.ProjectSpecificationMethods.browserClose(ProjectSpecificationMethods.java:21)
at base.ProjectSpecificationMethods.browserClose(ProjectSpecificationMethods.java:21)
at base.ProjectSpecificationMethods.browserClose(ProjectSpecificationMethods.java:21)
at base.ProjectSpecificationMethods.browserClose(ProjectSpecificationMethods.java:21)
at base.ProjectSpecificationMethods.browserClose(ProjectSpecificationMethods.java:21)
at base.ProjectSpecificationMethods.browserClose(ProjectSpecificationMethods.java:21)
at base.ProjectSpecificationMethods.browserClose(ProjectSpecificationMethods.java:21)
at base.ProjectSpecificationMethods.browserClose(ProjectSpecificationMethods.java:21)
at base.ProjectSpecificationMethods.browserClose(ProjectSpecificationMethods.java:21)
at base.ProjectSpecificationMethods.browserClose(ProjectSpecificationMethods.java:21)
at base.ProjectSpecificationMethods.browserClose(ProjectSpecificationMethods.java:21)
at base.ProjectSpecificationMethods.browserClose(ProjectSpecificationMethods.java:21)
at base.ProjectSpecificationMethods.browserClose(ProjectSpecificationMethods.java:21)
at base.ProjectSpecificationMethods.browserClose(ProjectSpecificationMethods.java:21)
at base.ProjectSpecificationMethods.browserClose(ProjectSpecificationMethods.java:21)
at base.ProjectSpecificationMethods.browserClose(ProjectSpecificationMethods.java:21)
at base.ProjectSpecificationMethods.browserClose(ProjectSpecificationMethods.java:21)
at base.ProjectSpecificationMethods.browserClose(ProjectSpecificationMethods.java:21)
at base.ProjectSpecificationMethods.browserClose(ProjectSpecificationMethods.java:21)
at base.ProjectSpecificationMethods.browserClose(ProjectSpecificationMethods.java:21)
at base.ProjectSpecificationMethods.browserClose(ProjectSpecificationMethods.java:21)
at base.ProjectSpecificationMethods.browserClose(ProjectSpecificationMethods.java:21)
at base.ProjectSpecificationMethods.browserClose(ProjectSpecificationMethods.java:21)
at base.ProjectSpecificationMethods.browserClose(ProjectSpecificationMethods.java:21)
at base.ProjectSpecificationMethods.browserClose(ProjectSpecificationMethods.java:21)
at base.ProjectSpecificationMethods.browserClose(ProjectSpecificationMethods.java:21)
at base.ProjectSpecificationMethods.browserClose(ProjectSpecificationMethods.java:21)
at base.ProjectSpecificationMethods.browserClose(ProjectSpecificationMethods.java:21)
at base.ProjectSpecificationMethods.browserClose(ProjectSpecificationMethods.java:21)
at base.ProjectSpecificationMethods.browserClose(ProjectSpecificationMethods.java:21)
at base.ProjectSpecificationMethods.browserClose(ProjectSpecificationMethods.java:21)
at base.ProjectSpecificationMethods.browserClose(ProjectSpecificationMethods.java:21)
at base.ProjectSpecificationMethods.browserClose(ProjectSpecificationMethods.java:21)
at base.ProjectSpecificationMethods.browserClose(ProjectSpecificationMethods.java:21)
at base.ProjectSpecificationMethods.browserClose(ProjectSpecificationMethods.java:21)
at base.ProjectSpecificationMethods.browserClose(ProjectSpecificationMethods.java:21)
at base.ProjectSpecificationMethods.browserClose(ProjectSpecificationMethods.java:21)
at base.ProjectSpecificationMethods.browserClose(ProjectSpecificationMethods.java:21)
at base.ProjectSpecificationMethods.browserClose(ProjectSpecificationMethods.java:21)
at base.ProjectSpecificationMethods.browserClose(ProjectSpecificationMethods.java:21)
at base.ProjectSpecificationMethods.browserClose(ProjectSpecificationMethods.java:21)
at base.ProjectSpecificationMethods.browserClose(ProjectSpecificationMethods.java:21)
at base.ProjectSpecificationMethods.browserClose(ProjectSpecificationMethods.java:21)
at base.ProjectSpecificationMethods.browserClose(ProjectSpecificationMethods.java:21)
at base.ProjectSpecificationMethods.browserClose(ProjectSpecificationMethods.java:21)
at base.ProjectSpecificationMethods.browserClose(ProjectSpecificationMethods.java:21)
at base.ProjectSpecificationMethods.browserClose(ProjectSpecificationMethods.java:21)
at base.ProjectSpecificationMethods.browserClose(ProjectSpecificationMethods.java:21)
at base.ProjectSpecificationMethods.browserClose(ProjectSpecificationMethods.java:21)
at base.ProjectSpecificationMethods.browserClose(ProjectSpecificationMethods.java:21)
at base.ProjectSpecificationMethods.browserClose(ProjectSpecificationMethods.java:21)
at base.ProjectSpecificationMethods.browserClose(ProjectSpecificationMethods.java:21)
at base.ProjectSpecificationMethods.browserClose(ProjectSpecificationMethods.java:21)
at base.ProjectSpecificationMethods.browserClose(ProjectSpecificationMethods.java:21)
at base.ProjectSpecificationMethods.browserClose(ProjectSpecificationMethods.java:21)
at base.ProjectSpecificationMethods.browserClose(ProjectSpecificationMethods.java:21)
at base.ProjectSpecificationMethods.browserClose(ProjectSpecificationMethods.java:21)
at base.ProjectSpecificationMethods.browserClose(ProjectSpecificationMethods.java:21)
at base.ProjectSpecificationMethods.browserClose(ProjectSpecificationMethods.java:21)
at base.ProjectSpecificationMethods.browserClose(ProjectSpecificationMethods.java:21)
at base.ProjectSpecificationMethods.browserClose(ProjectSpecificationMethods.java:21)
at base.ProjectSpecificationMethods.browserClose(ProjectSpecificationMethods.java:21)
at base.ProjectSpecificationMethods.browserClose(ProjectSpecificationMethods.java:21)
at base.ProjectSpecificationMethods.browserClose(ProjectSpecificationMethods.java:21)
at base.ProjectSpecificationMethods.browserClose(ProjectSpecificationMethods.java:21)
at base.ProjectSpecificationMethods.browserClose(ProjectSpecificationMethods.java:21)
at base.ProjectSpecificationMethods.browserClose(ProjectSpecificationMethods.java:21)
at base.ProjectSpecificationMethods.browserClose(ProjectSpecificationMethods.java:21)
at base.ProjectSpecificationMethods.browserClose(ProjectSpecificationMethods.java:21)
at base.ProjectSpecificationMethods.browserClose(ProjectSpecificationMethods.java:21)
at base.ProjectSpecificationMethods.browserClose(ProjectSpecificationMethods.java:21)
at base.ProjectSpecificationMethods.browserClose(ProjectSpecificationMethods.java:21)
at base.ProjectSpecificationMethods.browserClose(ProjectSpecificationMethods.java:21)
at base.ProjectSpecificationMethods.browserClose(ProjectSpecificationMethods.java:21)
at base.ProjectSpecificationMethods.browserClose(ProjectSpecificationMethods.java:21)
at base.ProjectSpecificationMethods.browserClose(ProjectSpecificationMethods.java:21)
at base.ProjectSpecificationMethods.browserClose(ProjectSpecificationMethods.java:21)
at base.ProjectSpecificationMethods.browserClose(ProjectSpecificationMethods.java:21)
at base.ProjectSpecificationMethods.browserClose(ProjectSpecificationMethods.java:21)
at base.ProjectSpecificationMethods.browserClose(ProjectSpecificationMethods.java:21)
at base.ProjectSpecificationMethods.browserClose(ProjectSpecificationMethods.java:21)
at base.ProjectSpecificationMethods.browserClose(ProjectSpecificationMethods.java:21)
at base.ProjectSpecificationMethods.browserClose(ProjectSpecificationMethods.java:21)
at base.ProjectSpecificationMethods.browserClose(ProjectSpecificationMethods.java:21)
at base.ProjectSpecificationMethods.browserClose(ProjectSpecificationMethods.java:21)
at base.ProjectSpecificationMethods.browserClose(ProjectSpecificationMethods.java:21)
at base.ProjectSpecificationMethods.browserClose(ProjectSpecificationMethods.java:21)
at base.ProjectSpecificationMethods.browserClose(ProjectSpecificationMethods.java:21)
at base.ProjectSpecificationMethods.browserClose(ProjectSpecificationMethods.java:21)
at base.ProjectSpecificationMethods.browserClose(ProjectSpecificationMethods.java:21)
at base.ProjectSpecificationMethods.browserClose(ProjectSpecificationMethods.java:21)
at base.ProjectSpecificationMethods.browserClose(ProjectSpecificationMethods.java:21)
at base.ProjectSpecificationMethods.browserClose(ProjectSpecificationMethods.java:21)
at base.ProjectSpecificationMethods.browserClose(ProjectSpecificationMethods.java:21)
at base.ProjectSpecificationMethods.browserClose(ProjectSpecificationMethods.java:21)
at base.ProjectSpecificationMethods.browserClose(ProjectSpecificationMethods.java:21)
at base.ProjectSpecificationMethods.browserClose(ProjectSpecificationMethods.java:21)
at base.ProjectSpecificationMethods.browserClose(ProjectSpecificationMethods.java:21)
at base.ProjectSpecificationMethods.browserClose(ProjectSpecificationMethods.java:21)
at base.ProjectSpecificationMethods.browserClose(ProjectSpecificationMethods.java:21)
at base.ProjectSpecificationMethods.browserClose(ProjectSpecificationMethods.java:21)
at base.ProjectSpecificationMethods.browserClose(ProjectSpecificationMethods.java:21)
at base.ProjectSpecificationMethods.browserClose(ProjectSpecificationMethods.java:21)
at base.ProjectSpecificationMethods.browserClose(ProjectSpecificationMethods.java:21)
at base.ProjectSpecificationMethods.browserClose(ProjectSpecificationMethods.java:21)
at base.ProjectSpecificationMethods.browserClose(ProjectSpecificationMethods.java:21)
at base.ProjectSpecificationMethods.browserClose(ProjectSpecificationMethods.java:21)
at base.ProjectSpecificationMethods.browserClose(ProjectSpecificationMethods.java:21)
at base.ProjectSpecificationMethods.browserClose(ProjectSpecificationMethods.java:21)
at base.ProjectSpecificationMethods.browserClose(ProjectSpecificationMethods.java:21)
at base.ProjectSpecificationMethods.browserClose(ProjectSpecificationMethods.java:21)
at base.ProjectSpecificationMethods.browserClose(ProjectSpecificationMethods.java:21)
at base.ProjectSpecificationMethods.browserClose(ProjectSpecificationMethods.java:21)
at base.ProjectSpecificationMethods.browserClose(ProjectSpecificationMethods.java:21)
at base.ProjectSpecificationMethods.browserClose(ProjectSpecificationMethods.java:21)
at base.ProjectSpecificationMethods.browserClose(ProjectSpecificationMethods.java:21)
at base.ProjectSpecificationMethods.browserClose(ProjectSpecificationMethods.java:21)
at base.ProjectSpecificationMethods.browserClose(ProjectSpecificationMethods.java:21)
at base.ProjectSpecificationMethods.browserClose(ProjectSpecificationMethods.java:21)
at base.ProjectSpecificationMethods.browserClose(ProjectSpecificationMethods.java:21)
at base.ProjectSpecificationMethods.browserClose(ProjectSpecificationMethods.java:21)
at base.ProjectSpecificationMethods.browserClose(ProjectSpecificationMethods.java:21)
at base.ProjectSpecificationMethods.browserClose(ProjectSpecificationMethods.java:21)
at base.ProjectSpecificationMethods.browserClose(ProjectSpecificationMethods.java:21)
at base.ProjectSpecificationMethods.browserClose(ProjectSpecificationMethods.java:21)
at base.ProjectSpecificationMethods.browserClose(ProjectSpecificationMethods.java:21)
at base.ProjectSpecificationMethods.browserClose(ProjectSpecificationMethods.java:21)
at base.ProjectSpecificationMethods.browserClose(ProjectSpecificationMethods.java:21)
at base.ProjectSpecificationMethods.browserClose(ProjectSpecificationMethods.java:21)
at base.ProjectSpecificationMethods.browserClose(ProjectSpecificationMethods.java:21)
at base.ProjectSpecificationMethods.browserClose(ProjectSpecificationMethods.java:21)
at base.ProjectSpecificationMethods.browserClose(ProjectSpecificationMethods.java:21)
at base.ProjectSpecificationMethods.browserClose(ProjectSpecificationMethods.java:21)
at base.ProjectSpecificationMethods.browserClose(ProjectSpecificationMethods.java:21)
at base.ProjectSpecificationMethods.browserClose(ProjectSpecificationMethods.java:21)
at base.ProjectSpecificationMethods.browserClose(ProjectSpecificationMethods.java:21)
at base.ProjectSpecificationMethods.browserClose(ProjectSpecificationMethods.java:21)
at base.ProjectSpecificationMethods.browserClose(ProjectSpecificationMethods.java:21)
at base.ProjectSpecificationMethods.browserClose(ProjectSpecificationMethods.java:21)
at base.ProjectSpecificationMethods.browserClose(ProjectSpecificationMethods.java:21)
at base.ProjectSpecificationMethods.browserClose(ProjectSpecificationMethods.java:21)
at base.ProjectSpecificationMethods.browserClose(ProjectSpecificationMethods.java:21)
at base.ProjectSpecificationMethods.browserClose(ProjectSpecificationMethods.java:21)
at base.ProjectSpecificationMethods.browserClose(ProjectSpecificationMethods.java:21)
at base.ProjectSpecificationMethods.browserClose(ProjectSpecificationMethods.java:21)
at base.ProjectSpecificationMethods.browserClose(ProjectSpecificationMethods.java:21)
at base.ProjectSpecificationMethods.browserClose(ProjectSpecificationMethods.java:21)
at base.ProjectSpecificationMethods.browserClose(ProjectSpecificationMethods.java:21)
at base.ProjectSpecificationMethods.browserClose(ProjectSpecificationMethods.java:21)
at base.ProjectSpecificationMethods.browserClose(ProjectSpecificationMethods.java:21)
at base.ProjectSpecificationMethods.browserClose(ProjectSpecificationMethods.java:21)
at base.ProjectSpecificationMethods.browserClose(ProjectSpecificationMethods.java:21)
at base.ProjectSpecificationMethods.browserClose(ProjectSpecificationMethods.java:21)
at base.ProjectSpecificationMethods.browserClose(ProjectSpecificationMethods.java:21)
at base.ProjectSpecificationMethods.browserClose(ProjectSpecificationMethods.java:21)
at base.ProjectSpecificationMethods.browserClose(ProjectSpecificationMethods.java:21)
at base.ProjectSpecificationMethods.browserClose(ProjectSpecificationMethods.java:21)
at base.ProjectSpecificationMethods.browserClose(ProjectSpecificationMethods.java:21)
at base.ProjectSpecificationMethods.browserClose(ProjectSpecificationMethods.java:21)
at base.ProjectSpecificationMethods.browserClose(ProjectSpecificationMethods.java:21)
at base.ProjectSpecificationMethods.browserClose(ProjectSpecificationMethods.java:21)
at base.ProjectSpecificationMethods.browserClose(ProjectSpecificationMethods.java:21)
at base.ProjectSpecificationMethods.browserClose(ProjectSpecificationMethods.java:21)
at base.ProjectSpecificationMethods.browserClose(ProjectSpecificationMethods.java:21)
at base.ProjectSpecificationMethods.browserClose(ProjectSpecificationMethods.java:21)
at base.ProjectSpecificationMethods.browserClose(ProjectSpecificationMethods.java:21)
at base.ProjectSpecificationMethods.browserClose(ProjectSpecificationMethods.java:21)
at base.ProjectSpecificationMethods.browserClose(ProjectSpecificationMethods.java:21)
at base.ProjectSpecificationMethods.browserClose(ProjectSpecificationMethods.java:21)
at base.ProjectSpecificationMethods.browserClose(ProjectSpecificationMethods.java:21)
at base.ProjectSpecificationMethods.browserClose(ProjectSpecificationMethods.java:21)
at base.ProjectSpecificationMethods.browserClose(ProjectSpecificationMethods.java:21)
at base.ProjectSpecificationMethods.browserClose(ProjectSpecificationMethods.java:21)
at base.ProjectSpecificationMethods.browserClose(ProjectSpecificationMethods.java:21)
at base.ProjectSpecificationMethods.browserClose(ProjectSpecificationMethods.java:21)
at base.ProjectSpecificationMethods.browserClose(ProjectSpecificationMethods.java:21)
at base.ProjectSpecificationMethods.browserClose(ProjectSpecificationMethods.java:21)
at base.ProjectSpecificationMethods.browserClose(ProjectSpecificationMethods.java:21)
at base.ProjectSpecificationMethods.browserClose(ProjectSpecificationMethods.java:21)
at base.ProjectSpecificationMethods.browserClose(ProjectSpecificationMethods.java:21)
at base.ProjectSpecificationMethods.browserClose(ProjectSpecificationMethods.java:21)
at base.ProjectSpecificationMethods.browserClose(ProjectSpecificationMethods.java:21)
at base.ProjectSpecificationMethods.browserClose(ProjectSpecificationMethods.java:21)
at base.ProjectSpecificationMethods.browserClose(ProjectSpecificationMethods.java:21)
at base.ProjectSpecificationMethods.browserClose(ProjectSpecificationMethods.java:21)
at base.ProjectSpecificationMethods.browserClose(ProjectSpecificationMethods.java:21)
at base.ProjectSpecificationMethods.browserClose(ProjectSpecificationMethods.java:21)
at base.ProjectSpecificationMethods.browserClose(ProjectSpecificationMethods.java:21)
at base.ProjectSpecificationMethods.browserClose(ProjectSpecificationMethods.java:21)
at base.ProjectSpecificationMethods.browserClose(ProjectSpecificationMethods.java:21)
at base.ProjectSpecificationMethods.browserClose(ProjectSpecificationMethods.java:21)
at base.ProjectSpecificationMethods.browserClose(ProjectSpecificationMethods.java:21)
at base.ProjectSpecificationMethods.browserClose(ProjectSpecificationMethods.java:21)
at base.ProjectSpecificationMethods.browserClose(ProjectSpecificationMethods.java:21)
at base.ProjectSpecificationMethods.browserClose(ProjectSpecificationMethods.java:21)
at base.ProjectSpecificationMethods.browserClose(ProjectSpecificationMethods.java:21)
at base.ProjectSpecificationMethods.browserClose(ProjectSpecificationMethods.java:21)
at base.ProjectSpecificationMethods.browserClose(ProjectSpecificationMethods.java:21)
at base.ProjectSpecificationMethods.browserClose(ProjectSpecificationMethods.java:21)
at base.ProjectSpecificationMethods.browserClose(ProjectSpecificationMethods.java:21)
at base.ProjectSpecificationMethods.browserClose(ProjectSpecificationMethods.java:21)
at base.ProjectSpecificationMethods.browserClose(ProjectSpecificationMethods.java:21)
at base.ProjectSpecificationMethods.browserClose(ProjectSpecificationMethods.java:21)
at base.ProjectSpecificationMethods.browserClose(ProjectSpecificationMethods.java:21)
at base.ProjectSpecificationMethods.browserClose(ProjectSpecificationMethods.java:21)
at base.ProjectSpecificationMethods.browserClose(ProjectSpecificationMethods.java:21)
at base.ProjectSpecificationMethods.browserClose(ProjectSpecificationMethods.java:21)
at base.ProjectSpecificationMethods.browserClose(ProjectSpecificationMethods.java:21)
at base.ProjectSpecificationMethods.browserClose(ProjectSpecificationMethods.java:21)
at base.ProjectSpecificationMethods.browserClose(ProjectSpecificationMethods.java:21)
at base.ProjectSpecificationMethods.browserClose(ProjectSpecificationMethods.java:21)
at base.ProjectSpecificationMethods.browserClose(ProjectSpecificationMethods.java:21)
at base.ProjectSpecificationMethods.browserClose(ProjectSpecificationMethods.java:21)
at base.ProjectSpecificationMethods.browserClose(ProjectSpecificationMethods.java:21)
at base.ProjectSpecificationMethods.browserClose(ProjectSpecificationMethods.java:21)
at base.ProjectSpecificationMethods.browserClose(ProjectSpecificationMethods.java:21)
at base.ProjectSpecificationMethods.browserClose(ProjectSpecificationMethods.java:21)
at base.ProjectSpecificationMethods.browserClose(ProjectSpecificationMethods.java:21)
at base.ProjectSpecificationMethods.browserClose(ProjectSpecificationMethods.java:21)
at base.ProjectSpecificationMethods.browserClose(ProjectSpecificationMethods.java:21)
at base.ProjectSpecificationMethods.browserClose(ProjectSpecificationMethods.java:21)
at base.ProjectSpecificationMethods.browserClose(ProjectSpecificationMethods.java:21)
at base.ProjectSpecificationMethods.browserClose(ProjectSpecificationMethods.java:21)
at base.ProjectSpecificationMethods.browserClose(ProjectSpecificationMethods.java:21)
at base.ProjectSpecificationMethods.browserClose(ProjectSpecificationMethods.java:21)
at base.ProjectSpecificationMethods.browserClose(ProjectSpecificationMethods.java:21)
at base.ProjectSpecificationMethods.browserClose(ProjectSpecificationMethods.java:21)
at base.ProjectSpecificationMethods.browserClose(ProjectSpecificationMethods.java:21)
at base.ProjectSpecificationMethods.browserClose(ProjectSpecificationMethods.java:21)
at base.ProjectSpecificationMethods.browserClose(ProjectSpecificationMethods.java:21)
at base.ProjectSpecificationMethods.browserClose(ProjectSpecificationMethods.java:21)
at base.ProjectSpecificationMethods.browserClose(ProjectSpecificationMethods.java:21)
at base.ProjectSpecificationMethods.browserClose(ProjectSpecificationMethods.java:21)
at base.ProjectSpecificationMethods.browserClose(ProjectSpecificationMethods.java:21)
at base.ProjectSpecificationMethods.browserClose(ProjectSpecificationMethods.java:21)
at base.ProjectSpecificationMethods.browserClose(ProjectSpecificationMethods.java:21)
at base.ProjectSpecificationMethods.browserClose(ProjectSpecificationMethods.java:21)
at base.ProjectSpecificationMethods.browserClose(ProjectSpecificationMethods.java:21)
at base.ProjectSpecificationMethods.browserClose(ProjectSpecificationMethods.java:21)
at base.ProjectSpecificationMethods.browserClose(ProjectSpecificationMethods.java:21)
at base.ProjectSpecificationMethods.browserClose(ProjectSpecificationMethods.java:21)
at base.ProjectSpecificationMethods.browserClose(ProjectSpecificationMethods.java:21)
at base.ProjectSpecificationMethods.browserClose(ProjectSpecificationMethods.java:21)
at base.ProjectSpecificationMethods.browserClose(ProjectSpecificationMethods.java:21)
at base.ProjectSpecificationMethods.browserClose(ProjectSpecificationMethods.java:21)
at base.ProjectSpecificationMethods.browserClose(ProjectSpecificationMethods.java:21)
at base.ProjectSpecificationMethods.browserClose(ProjectSpecificationMethods.java:21)
at base.ProjectSpecificationMethods.browserClose(ProjectSpecificationMethods.java:21)
at base.ProjectSpecificationMethods.browserClose(ProjectSpecificationMethods.java:21)
at base.ProjectSpecificationMethods.browserClose(ProjectSpecificationMethods.java:21)
at base.ProjectSpecificationMethods.browserClose(ProjectSpecificationMethods.java:21)
at base.ProjectSpecificationMethods.browserClose(ProjectSpecificationMethods.java:21)
at base.ProjectSpecificationMethods.browserClose(ProjectSpecificationMethods.java:21)
at base.ProjectSpecificationMethods.browserClose(ProjectSpecificationMethods.java:21)
at base.ProjectSpecificationMethods.browserClose(ProjectSpecificationMethods.java:21)
at base.ProjectSpecificationMethods.browserClose(ProjectSpecificationMethods.java:21)
at base.ProjectSpecificationMethods.browserClose(ProjectSpecificationMethods.java:21)
at base.ProjectSpecificationMethods.browserClose(ProjectSpecificationMethods.java:21)
at base.ProjectSpecificationMethods.browserClose(ProjectSpecificationMethods.java:21)
at base.ProjectSpecificationMethods.browserClose(ProjectSpecificationMethods.java:21)
at base.ProjectSpecificationMethods.browserClose(ProjectSpecificationMethods.java:21)
at base.ProjectSpecificationMethods.browserClose(ProjectSpecificationMethods.java:21)
at base.ProjectSpecificationMethods.browserClose(ProjectSpecificationMethods.java:21)
at base.ProjectSpecificationMethods.browserClose(ProjectSpecificationMethods.java:21)
at base.ProjectSpecificationMethods.browserClose(ProjectSpecificationMethods.java:21)
at base.ProjectSpecificationMethods.browserClose(ProjectSpecificationMethods.java:21)
at base.ProjectSpecificationMethods.browserClose(ProjectSpecificationMethods.java:21)
at base.ProjectSpecificationMethods.browserClose(ProjectSpecificationMethods.java:21)
at base.ProjectSpecificationMethods.browserClose(ProjectSpecificationMethods.java:21)
at base.ProjectSpecificationMethods.browserClose(ProjectSpecificationMethods.java:21)
at base.ProjectSpecificationMethods.browserClose(ProjectSpecificationMethods.java:21)
at base.ProjectSpecificationMethods.browserClose(ProjectSpecificationMethods.java:21)
at base.ProjectSpecificationMethods.browserClose(ProjectSpecificationMethods.java:21)
at base.ProjectSpecificationMethods.browserClose(ProjectSpecificationMethods.java:21)
at base.ProjectSpecificationMethods.browserClose(ProjectSpecificationMethods.java:21)
at base.ProjectSpecificationMethods.browserClose(ProjectSpecificationMethods.java:21)
at base.ProjectSpecificationMethods.browserClose(ProjectSpecificationMethods.java:21)
at base.ProjectSpecificationMethods.browserClose(ProjectSpecificationMethods.java:21)
at base.ProjectSpecificationMethods.browserClose(ProjectSpecificationMethods.java:21)
at base.ProjectSpecificationMethods.browserClose(ProjectSpecificationMethods.java:21)
at base.ProjectSpecificationMethods.browserClose(ProjectSpecificationMethods.java:21)
at base.ProjectSpecificationMethods.browserClose(ProjectSpecificationMethods.java:21)
at base.ProjectSpecificationMethods.browserClose(ProjectSpecificationMethods.java:21)
at base.ProjectSpecificationMethods.browserClose(ProjectSpecificationMethods.java:21)
at base.ProjectSpecificationMethods.browserClose(ProjectSpecificationMethods.java:21)
at base.ProjectSpecificationMethods.browserClose(ProjectSpecificationMethods.java:21)
at base.ProjectSpecificationMethods.browserClose(ProjectSpecificationMethods.java:21)
at base.ProjectSpecificationMethods.browserClose(ProjectSpecificationMethods.java:21)
at base.ProjectSpecificationMethods.browserClose(ProjectSpecificationMethods.java:21)
at base.ProjectSpecificationMethods.browserClose(ProjectSpecificationMethods.java:21)
at base.ProjectSpecificationMethods.browserClose(ProjectSpecificationMethods.java:21)
at base.ProjectSpecificationMethods.browserClose(ProjectSpecificationMethods.java:21)
at base.ProjectSpecificationMethods.browserClose(ProjectSpecificationMethods.java:21)
at base.ProjectSpecificationMethods.browserClose(ProjectSpecificationMethods.java:21)
at base.ProjectSpecificationMethods.browserClose(ProjectSpecificationMethods.java:21)
at base.ProjectSpecificationMethods.browserClose(ProjectSpecificationMethods.java:21)
at base.ProjectSpecificationMethods.browserClose(ProjectSpecificationMethods.java:21)
at base.ProjectSpecificationMethods.browserClose(ProjectSpecificationMethods.java:21)
at base.ProjectSpecificationMethods.browserClose(ProjectSpecificationMethods.java:21)
at base.ProjectSpecificationMethods.browserClose(ProjectSpecificationMethods.java:21)
at base.ProjectSpecificationMethods.browserClose(ProjectSpecificationMethods.java:21)
at base.ProjectSpecificationMethods.browserClose(ProjectSpecificationMethods.java:21)
at base.ProjectSpecificationMethods.browserClose(ProjectSpecificationMethods.java:21)
at base.ProjectSpecificationMethods.browserClose(ProjectSpecificationMethods.java:21)
at base.ProjectSpecificationMethods.browserClose(ProjectSpecificationMethods.java:21)
at base.ProjectSpecificationMethods.browserClose(ProjectSpecificationMethods.java:21)
at base.ProjectSpecificationMethods.browserClose(ProjectSpecificationMethods.java:21)
at base.ProjectSpecificationMethods.browserClose(ProjectSpecificationMethods.java:21)
at base.ProjectSpecificationMethods.browserClose(ProjectSpecificationMethods.java:21)
at base.ProjectSpecificationMethods.browserClose(ProjectSpecificationMethods.java:21)
at base.ProjectSpecificationMethods.browserClose(ProjectSpecificationMethods.java:21)
at base.ProjectSpecificationMethods.browserClose(ProjectSpecificationMethods.java:21)
at base.ProjectSpecificationMethods.browserClose(ProjectSpecificationMethods.java:21)
at base.ProjectSpecificationMethods.browserClose(ProjectSpecificationMethods.java:21)
at base.ProjectSpecificationMethods.browserClose(ProjectSpecificationMethods.java:21)
at base.ProjectSpecificationMethods.browserClose(ProjectSpecificationMethods.java:21)
at base.ProjectSpecificationMethods.browserClose(ProjectSpecificationMethods.java:21)
at base.ProjectSpecificationMethods.browserClose(ProjectSpecificationMethods.java:21)
at base.ProjectSpecificationMethods.browserClose(ProjectSpecificationMethods.java:21)
at base.ProjectSpecificationMethods.browserClose(ProjectSpecificationMethods.java:21)
at base.ProjectSpecificationMethods.browserClose(ProjectSpecificationMethods.java:21)
at base.ProjectSpecificationMethods.browserClose(ProjectSpecificationMethods.java:21)
at base.ProjectSpecificationMethods.browserClose(ProjectSpecificationMethods.java:21)
at base.ProjectSpecificationMethods.browserClose(ProjectSpecificationMethods.java:21)
at base.ProjectSpecificationMethods.browserClose(ProjectSpecificationMethods.java:21)
at base.ProjectSpecificationMethods.browserClose(ProjectSpecificationMethods.java:21)
at base.ProjectSpecificationMethods.browserClose(ProjectSpecificationMethods.java:21)
at base.ProjectSpecificationMethods.browserClose(ProjectSpecificationMethods.java:21)
at base.ProjectSpecificationMethods.browserClose(ProjectSpecificationMethods.java:21)
at base.ProjectSpecificationMethods.browserClose(ProjectSpecificationMethods.java:21)
at base.ProjectSpecificationMethods.browserClose(ProjectSpecificationMethods.java:21)
at base.ProjectSpecificationMethods.browserClose(ProjectSpecificationMethods.java:21)
at base.ProjectSpecificationMethods.browserClose(ProjectSpecificationMethods.java:21)
at base.ProjectSpecificationMethods.browserClose(ProjectSpecificationMethods.java:21)
at base.ProjectSpecificationMethods.browserClose(ProjectSpecificationMethods.java:21)
at base.ProjectSpecificationMethods.browserClose(ProjectSpecificationMethods.java:21)
at base.ProjectSpecificationMethods.browserClose(ProjectSpecificationMethods.java:21)
at base.ProjectSpecificationMethods.browserClose(ProjectSpecificationMethods.java:21)
at base.ProjectSpecificationMethods.browserClose(ProjectSpecificationMethods.java:21)
at base.ProjectSpecificationMethods.browserClose(ProjectSpecificationMethods.java:21)
at base.ProjectSpecificationMethods.browserClose(ProjectSpecificationMethods.java:21)
at base.ProjectSpecificationMethods.browserClose(ProjectSpecificationMethods.java:21)
at base.ProjectSpecificationMethods.browserClose(ProjectSpecificationMethods.java:21)
at base.ProjectSpecificationMethods.browserClose(ProjectSpecificationMethods.java:21)
at base.ProjectSpecificationMethods.browserClose(ProjectSpecificationMethods.java:21)
at base.ProjectSpecificationMethods.browserClose(ProjectSpecificationMethods.java:21)
]]>
    </error>
  </testcase> <!-- browserClose -->
  <system-out/>
  <testcase classname="test.TC_007_BookedItineraryTest" name="bookedItineraryTest" time="23.556"/>
  <system-out/>
  <testcase classname="test.TC_007_BookedItineraryTest" name="browserClose" time="0.016">
    <error type="java.lang.StackOverflowError">
      <![CDATA[java.lang.StackOverflowError
at base.ProjectSpecificationMethods.browserClose(ProjectSpecificationMethods.java:21)
at base.ProjectSpecificationMethods.browserClose(ProjectSpecificationMethods.java:21)
at base.ProjectSpecificationMethods.browserClose(ProjectSpecificationMethods.java:21)
at base.ProjectSpecificationMethods.browserClose(ProjectSpecificationMethods.java:21)
at base.ProjectSpecificationMethods.browserClose(ProjectSpecificationMethods.java:21)
at base.ProjectSpecificationMethods.browserClose(ProjectSpecificationMethods.java:21)
at base.ProjectSpecificationMethods.browserClose(ProjectSpecificationMethods.java:21)
at base.ProjectSpecificationMethods.browserClose(ProjectSpecificationMethods.java:21)
at base.ProjectSpecificationMethods.browserClose(ProjectSpecificationMethods.java:21)
at base.ProjectSpecificationMethods.browserClose(ProjectSpecificationMethods.java:21)
at base.ProjectSpecificationMethods.browserClose(ProjectSpecificationMethods.java:21)
at base.ProjectSpecificationMethods.browserClose(ProjectSpecificationMethods.java:21)
at base.ProjectSpecificationMethods.browserClose(ProjectSpecificationMethods.java:21)
at base.ProjectSpecificationMethods.browserClose(ProjectSpecificationMethods.java:21)
at base.ProjectSpecificationMethods.browserClose(ProjectSpecificationMethods.java:21)
at base.ProjectSpecificationMethods.browserClose(ProjectSpecificationMethods.java:21)
at base.ProjectSpecificationMethods.browserClose(ProjectSpecificationMethods.java:21)
at base.ProjectSpecificationMethods.browserClose(ProjectSpecificationMethods.java:21)
at base.ProjectSpecificationMethods.browserClose(ProjectSpecificationMethods.java:21)
at base.ProjectSpecificationMethods.browserClose(ProjectSpecificationMethods.java:21)
at base.ProjectSpecificationMethods.browserClose(ProjectSpecificationMethods.java:21)
at base.ProjectSpecificationMethods.browserClose(ProjectSpecificationMethods.java:21)
at base.ProjectSpecificationMethods.browserClose(ProjectSpecificationMethods.java:21)
at base.ProjectSpecificationMethods.browserClose(ProjectSpecificationMethods.java:21)
at base.ProjectSpecificationMethods.browserClose(ProjectSpecificationMethods.java:21)
at base.ProjectSpecificationMethods.browserClose(ProjectSpecificationMethods.java:21)
at base.ProjectSpecificationMethods.browserClose(ProjectSpecificationMethods.java:21)
at base.ProjectSpecificationMethods.browserClose(ProjectSpecificationMethods.java:21)
at base.ProjectSpecificationMethods.browserClose(ProjectSpecificationMethods.java:21)
at base.ProjectSpecificationMethods.browserClose(ProjectSpecificationMethods.java:21)
at base.ProjectSpecificationMethods.browserClose(ProjectSpecificationMethods.java:21)
at base.ProjectSpecificationMethods.browserClose(ProjectSpecificationMethods.java:21)
at base.ProjectSpecificationMethods.browserClose(ProjectSpecificationMethods.java:21)
at base.ProjectSpecificationMethods.browserClose(ProjectSpecificationMethods.java:21)
at base.ProjectSpecificationMethods.browserClose(ProjectSpecificationMethods.java:21)
at base.ProjectSpecificationMethods.browserClose(ProjectSpecificationMethods.java:21)
at base.ProjectSpecificationMethods.browserClose(ProjectSpecificationMethods.java:21)
at base.ProjectSpecificationMethods.browserClose(ProjectSpecificationMethods.java:21)
at base.ProjectSpecificationMethods.browserClose(ProjectSpecificationMethods.java:21)
at base.ProjectSpecificationMethods.browserClose(ProjectSpecificationMethods.java:21)
at base.ProjectSpecificationMethods.browserClose(ProjectSpecificationMethods.java:21)
at base.ProjectSpecificationMethods.browserClose(ProjectSpecificationMethods.java:21)
at base.ProjectSpecificationMethods.browserClose(ProjectSpecificationMethods.java:21)
at base.ProjectSpecificationMethods.browserClose(ProjectSpecificationMethods.java:21)
at base.ProjectSpecificationMethods.browserClose(ProjectSpecificationMethods.java:21)
at base.ProjectSpecificationMethods.browserClose(ProjectSpecificationMethods.java:21)
at base.ProjectSpecificationMethods.browserClose(ProjectSpecificationMethods.java:21)
at base.ProjectSpecificationMethods.browserClose(ProjectSpecificationMethods.java:21)
at base.ProjectSpecificationMethods.browserClose(ProjectSpecificationMethods.java:21)
at base.ProjectSpecificationMethods.browserClose(ProjectSpecificationMethods.java:21)
at base.ProjectSpecificationMethods.browserClose(ProjectSpecificationMethods.java:21)
at base.ProjectSpecificationMethods.browserClose(ProjectSpecificationMethods.java:21)
at base.ProjectSpecificationMethods.browserClose(ProjectSpecificationMethods.java:21)
at base.ProjectSpecificationMethods.browserClose(ProjectSpecificationMethods.java:21)
at base.ProjectSpecificationMethods.browserClose(ProjectSpecificationMethods.java:21)
at base.ProjectSpecificationMethods.browserClose(ProjectSpecificationMethods.java:21)
at base.ProjectSpecificationMethods.browserClose(ProjectSpecificationMethods.java:21)
at base.ProjectSpecificationMethods.browserClose(ProjectSpecificationMethods.java:21)
at base.ProjectSpecificationMethods.browserClose(ProjectSpecificationMethods.java:21)
at base.ProjectSpecificationMethods.browserClose(ProjectSpecificationMethods.java:21)
at base.ProjectSpecificationMethods.browserClose(ProjectSpecificationMethods.java:21)
at base.ProjectSpecificationMethods.browserClose(ProjectSpecificationMethods.java:21)
at base.ProjectSpecificationMethods.browserClose(ProjectSpecificationMethods.java:21)
at base.ProjectSpecificationMethods.browserClose(ProjectSpecificationMethods.java:21)
at base.ProjectSpecificationMethods.browserClose(ProjectSpecificationMethods.java:21)
at base.ProjectSpecificationMethods.browserClose(ProjectSpecificationMethods.java:21)
at base.ProjectSpecificationMethods.browserClose(ProjectSpecificationMethods.java:21)
at base.ProjectSpecificationMethods.browserClose(ProjectSpecificationMethods.java:21)
at base.ProjectSpecificationMethods.browserClose(ProjectSpecificationMethods.java:21)
at base.ProjectSpecificationMethods.browserClose(ProjectSpecificationMethods.java:21)
at base.ProjectSpecificationMethods.browserClose(ProjectSpecificationMethods.java:21)
at base.ProjectSpecificationMethods.browserClose(ProjectSpecificationMethods.java:21)
at base.ProjectSpecificationMethods.browserClose(ProjectSpecificationMethods.java:21)
at base.ProjectSpecificationMethods.browserClose(ProjectSpecificationMethods.java:21)
at base.ProjectSpecificationMethods.browserClose(ProjectSpecificationMethods.java:21)
at base.ProjectSpecificationMethods.browserClose(ProjectSpecificationMethods.java:21)
at base.ProjectSpecificationMethods.browserClose(ProjectSpecificationMethods.java:21)
at base.ProjectSpecificationMethods.browserClose(ProjectSpecificationMethods.java:21)
at base.ProjectSpecificationMethods.browserClose(ProjectSpecificationMethods.java:21)
at base.ProjectSpecificationMethods.browserClose(ProjectSpecificationMethods.java:21)
at base.ProjectSpecificationMethods.browserClose(ProjectSpecificationMethods.java:21)
at base.ProjectSpecificationMethods.browserClose(ProjectSpecificationMethods.java:21)
at base.ProjectSpecificationMethods.browserClose(ProjectSpecificationMethods.java:21)
at base.ProjectSpecificationMethods.browserClose(ProjectSpecificationMethods.java:21)
at base.ProjectSpecificationMethods.browserClose(ProjectSpecificationMethods.java:21)
at base.ProjectSpecificationMethods.browserClose(ProjectSpecificationMethods.java:21)
at base.ProjectSpecificationMethods.browserClose(ProjectSpecificationMethods.java:21)
at base.ProjectSpecificationMethods.browserClose(ProjectSpecificationMethods.java:21)
at base.ProjectSpecificationMethods.browserClose(ProjectSpecificationMethods.java:21)
at base.ProjectSpecificationMethods.browserClose(ProjectSpecificationMethods.java:21)
at base.ProjectSpecificationMethods.browserClose(ProjectSpecificationMethods.java:21)
at base.ProjectSpecificationMethods.browserClose(ProjectSpecificationMethods.java:21)
at base.ProjectSpecificationMethods.browserClose(ProjectSpecificationMethods.java:21)
at base.ProjectSpecificationMethods.browserClose(ProjectSpecificationMethods.java:21)
at base.ProjectSpecificationMethods.browserClose(ProjectSpecificationMethods.java:21)
at base.ProjectSpecificationMethods.browserClose(ProjectSpecificationMethods.java:21)
at base.ProjectSpecificationMethods.browserClose(ProjectSpecificationMethods.java:21)
at base.ProjectSpecificationMethods.browserClose(ProjectSpecificationMethods.java:21)
at base.ProjectSpecificationMethods.browserClose(ProjectSpecificationMethods.java:21)
at base.ProjectSpecificationMethods.browserClose(ProjectSpecificationMethods.java:21)
at base.ProjectSpecificationMethods.browserClose(ProjectSpecificationMethods.java:21)
at base.ProjectSpecificationMethods.browserClose(ProjectSpecificationMethods.java:21)
at base.ProjectSpecificationMethods.browserClose(ProjectSpecificationMethods.java:21)
at base.ProjectSpecificationMethods.browserClose(ProjectSpecificationMethods.java:21)
at base.ProjectSpecificationMethods.browserClose(ProjectSpecificationMethods.java:21)
at base.ProjectSpecificationMethods.browserClose(ProjectSpecificationMethods.java:21)
at base.ProjectSpecificationMethods.browserClose(ProjectSpecificationMethods.java:21)
at base.ProjectSpecificationMethods.browserClose(ProjectSpecificationMethods.java:21)
at base.ProjectSpecificationMethods.browserClose(ProjectSpecificationMethods.java:21)
at base.ProjectSpecificationMethods.browserClose(ProjectSpecificationMethods.java:21)
at base.ProjectSpecificationMethods.browserClose(ProjectSpecificationMethods.java:21)
at base.ProjectSpecificationMethods.browserClose(ProjectSpecificationMethods.java:21)
at base.ProjectSpecificationMethods.browserClose(ProjectSpecificationMethods.java:21)
at base.ProjectSpecificationMethods.browserClose(ProjectSpecificationMethods.java:21)
at base.ProjectSpecificationMethods.browserClose(ProjectSpecificationMethods.java:21)
at base.ProjectSpecificationMethods.browserClose(ProjectSpecificationMethods.java:21)
at base.ProjectSpecificationMethods.browserClose(ProjectSpecificationMethods.java:21)
at base.ProjectSpecificationMethods.browserClose(ProjectSpecificationMethods.java:21)
at base.ProjectSpecificationMethods.browserClose(ProjectSpecificationMethods.java:21)
at base.ProjectSpecificationMethods.browserClose(ProjectSpecificationMethods.java:21)
at base.ProjectSpecificationMethods.browserClose(ProjectSpecificationMethods.java:21)
at base.ProjectSpecificationMethods.browserClose(ProjectSpecificationMethods.java:21)
at base.ProjectSpecificationMethods.browserClose(ProjectSpecificationMethods.java:21)
at base.ProjectSpecificationMethods.browserClose(ProjectSpecificationMethods.java:21)
at base.ProjectSpecificationMethods.browserClose(ProjectSpecificationMethods.java:21)
at base.ProjectSpecificationMethods.browserClose(ProjectSpecificationMethods.java:21)
at base.ProjectSpecificationMethods.browserClose(ProjectSpecificationMethods.java:21)
at base.ProjectSpecificationMethods.browserClose(ProjectSpecificationMethods.java:21)
at base.ProjectSpecificationMethods.browserClose(ProjectSpecificationMethods.java:21)
at base.ProjectSpecificationMethods.browserClose(ProjectSpecificationMethods.java:21)
at base.ProjectSpecificationMethods.browserClose(ProjectSpecificationMethods.java:21)
at base.ProjectSpecificationMethods.browserClose(ProjectSpecificationMethods.java:21)
at base.ProjectSpecificationMethods.browserClose(ProjectSpecificationMethods.java:21)
at base.ProjectSpecificationMethods.browserClose(ProjectSpecificationMethods.java:21)
at base.ProjectSpecificationMethods.browserClose(ProjectSpecificationMethods.java:21)
at base.ProjectSpecificationMethods.browserClose(ProjectSpecificationMethods.java:21)
at base.ProjectSpecificationMethods.browserClose(ProjectSpecificationMethods.java:21)
at base.ProjectSpecificationMethods.browserClose(ProjectSpecificationMethods.java:21)
at base.ProjectSpecificationMethods.browserClose(ProjectSpecificationMethods.java:21)
at base.ProjectSpecificationMethods.browserClose(ProjectSpecificationMethods.java:21)
at base.ProjectSpecificationMethods.browserClose(ProjectSpecificationMethods.java:21)
at base.ProjectSpecificationMethods.browserClose(ProjectSpecificationMethods.java:21)
at base.ProjectSpecificationMethods.browserClose(ProjectSpecificationMethods.java:21)
at base.ProjectSpecificationMethods.browserClose(ProjectSpecificationMethods.java:21)
at base.ProjectSpecificationMethods.browserClose(ProjectSpecificationMethods.java:21)
at base.ProjectSpecificationMethods.browserClose(ProjectSpecificationMethods.java:21)
at base.ProjectSpecificationMethods.browserClose(ProjectSpecificationMethods.java:21)
at base.ProjectSpecificationMethods.browserClose(ProjectSpecificationMethods.java:21)
at base.ProjectSpecificationMethods.browserClose(ProjectSpecificationMethods.java:21)
at base.ProjectSpecificationMethods.browserClose(ProjectSpecificationMethods.java:21)
at base.ProjectSpecificationMethods.browserClose(ProjectSpecificationMethods.java:21)
at base.ProjectSpecificationMethods.browserClose(ProjectSpecificationMethods.java:21)
at base.ProjectSpecificationMethods.browserClose(ProjectSpecificationMethods.java:21)
at base.ProjectSpecificationMethods.browserClose(ProjectSpecificationMethods.java:21)
at base.ProjectSpecificationMethods.browserClose(ProjectSpecificationMethods.java:21)
at base.ProjectSpecificationMethods.browserClose(ProjectSpecificationMethods.java:21)
at base.ProjectSpecificationMethods.browserClose(ProjectSpecificationMethods.java:21)
at base.ProjectSpecificationMethods.browserClose(ProjectSpecificationMethods.java:21)
at base.ProjectSpecificationMethods.browserClose(ProjectSpecificationMethods.java:21)
at base.ProjectSpecificationMethods.browserClose(ProjectSpecificationMethods.java:21)
at base.ProjectSpecificationMethods.browserClose(ProjectSpecificationMethods.java:21)
at base.ProjectSpecificationMethods.browserClose(ProjectSpecificationMethods.java:21)
at base.ProjectSpecificationMethods.browserClose(ProjectSpecificationMethods.java:21)
at base.ProjectSpecificationMethods.browserClose(ProjectSpecificationMethods.java:21)
at base.ProjectSpecificationMethods.browserClose(ProjectSpecificationMethods.java:21)
at base.ProjectSpecificationMethods.browserClose(ProjectSpecificationMethods.java:21)
at base.ProjectSpecificationMethods.browserClose(ProjectSpecificationMethods.java:21)
at base.ProjectSpecificationMethods.browserClose(ProjectSpecificationMethods.java:21)
at base.ProjectSpecificationMethods.browserClose(ProjectSpecificationMethods.java:21)
at base.ProjectSpecificationMethods.browserClose(ProjectSpecificationMethods.java:21)
at base.ProjectSpecificationMethods.browserClose(ProjectSpecificationMethods.java:21)
at base.ProjectSpecificationMethods.browserClose(ProjectSpecificationMethods.java:21)
at base.ProjectSpecificationMethods.browserClose(ProjectSpecificationMethods.java:21)
at base.ProjectSpecificationMethods.browserClose(ProjectSpecificationMethods.java:21)
at base.ProjectSpecificationMethods.browserClose(ProjectSpecificationMethods.java:21)
at base.ProjectSpecificationMethods.browserClose(ProjectSpecificationMethods.java:21)
at base.ProjectSpecificationMethods.browserClose(ProjectSpecificationMethods.java:21)
at base.ProjectSpecificationMethods.browserClose(ProjectSpecificationMethods.java:21)
at base.ProjectSpecificationMethods.browserClose(ProjectSpecificationMethods.java:21)
at base.ProjectSpecificationMethods.browserClose(ProjectSpecificationMethods.java:21)
at base.ProjectSpecificationMethods.browserClose(ProjectSpecificationMethods.java:21)
at base.ProjectSpecificationMethods.browserClose(ProjectSpecificationMethods.java:21)
at base.ProjectSpecificationMethods.browserClose(ProjectSpecificationMethods.java:21)
at base.ProjectSpecificationMethods.browserClose(ProjectSpecificationMethods.java:21)
at base.ProjectSpecificationMethods.browserClose(ProjectSpecificationMethods.java:21)
at base.ProjectSpecificationMethods.browserClose(ProjectSpecificationMethods.java:21)
at base.ProjectSpecificationMethods.browserClose(ProjectSpecificationMethods.java:21)
at base.ProjectSpecificationMethods.browserClose(ProjectSpecificationMethods.java:21)
at base.ProjectSpecificationMethods.browserClose(ProjectSpecificationMethods.java:21)
at base.ProjectSpecificationMethods.browserClose(ProjectSpecificationMethods.java:21)
at base.ProjectSpecificationMethods.browserClose(ProjectSpecificationMethods.java:21)
at base.ProjectSpecificationMethods.browserClose(ProjectSpecificationMethods.java:21)
at base.ProjectSpecificationMethods.browserClose(ProjectSpecificationMethods.java:21)
at base.ProjectSpecificationMethods.browserClose(ProjectSpecificationMethods.java:21)
at base.ProjectSpecificationMethods.browserClose(ProjectSpecificationMethods.java:21)
at base.ProjectSpecificationMethods.browserClose(ProjectSpecificationMethods.java:21)
at base.ProjectSpecificationMethods.browserClose(ProjectSpecificationMethods.java:21)
at base.ProjectSpecificationMethods.browserClose(ProjectSpecificationMethods.java:21)
at base.ProjectSpecificationMethods.browserClose(ProjectSpecificationMethods.java:21)
at base.ProjectSpecificationMethods.browserClose(ProjectSpecificationMethods.java:21)
at base.ProjectSpecificationMethods.browserClose(ProjectSpecificationMethods.java:21)
at base.ProjectSpecificationMethods.browserClose(ProjectSpecificationMethods.java:21)
at base.ProjectSpecificationMethods.browserClose(ProjectSpecificationMethods.java:21)
at base.ProjectSpecificationMethods.browserClose(ProjectSpecificationMethods.java:21)
at base.ProjectSpecificationMethods.browserClose(ProjectSpecificationMethods.java:21)
at base.ProjectSpecificationMethods.browserClose(ProjectSpecificationMethods.java:21)
at base.ProjectSpecificationMethods.browserClose(ProjectSpecificationMethods.java:21)
at base.ProjectSpecificationMethods.browserClose(ProjectSpecificationMethods.java:21)
at base.ProjectSpecificationMethods.browserClose(ProjectSpecificationMethods.java:21)
at base.ProjectSpecificationMethods.browserClose(ProjectSpecificationMethods.java:21)
at base.ProjectSpecificationMethods.browserClose(ProjectSpecificationMethods.java:21)
at base.ProjectSpecificationMethods.browserClose(ProjectSpecificationMethods.java:21)
at base.ProjectSpecificationMethods.browserClose(ProjectSpecificationMethods.java:21)
at base.ProjectSpecificationMethods.browserClose(ProjectSpecificationMethods.java:21)
at base.ProjectSpecificationMethods.browserClose(ProjectSpecificationMethods.java:21)
at base.ProjectSpecificationMethods.browserClose(ProjectSpecificationMethods.java:21)
at base.ProjectSpecificationMethods.browserClose(ProjectSpecificationMethods.java:21)
at base.ProjectSpecificationMethods.browserClose(ProjectSpecificationMethods.java:21)
at base.ProjectSpecificationMethods.browserClose(ProjectSpecificationMethods.java:21)
at base.ProjectSpecificationMethods.browserClose(ProjectSpecificationMethods.java:21)
at base.ProjectSpecificationMethods.browserClose(ProjectSpecificationMethods.java:21)
at base.ProjectSpecificationMethods.browserClose(ProjectSpecificationMethods.java:21)
at base.ProjectSpecificationMethods.browserClose(ProjectSpecificationMethods.java:21)
at base.ProjectSpecificationMethods.browserClose(ProjectSpecificationMethods.java:21)
at base.ProjectSpecificationMethods.browserClose(ProjectSpecificationMethods.java:21)
at base.ProjectSpecificationMethods.browserClose(ProjectSpecificationMethods.java:21)
at base.ProjectSpecificationMethods.browserClose(ProjectSpecificationMethods.java:21)
at base.ProjectSpecificationMethods.browserClose(ProjectSpecificationMethods.java:21)
at base.ProjectSpecificationMethods.browserClose(ProjectSpecificationMethods.java:21)
at base.ProjectSpecificationMethods.browserClose(ProjectSpecificationMethods.java:21)
at base.ProjectSpecificationMethods.browserClose(ProjectSpecificationMethods.java:21)
at base.ProjectSpecificationMethods.browserClose(ProjectSpecificationMethods.java:21)
at base.ProjectSpecificationMethods.browserClose(ProjectSpecificationMethods.java:21)
at base.ProjectSpecificationMethods.browserClose(ProjectSpecificationMethods.java:21)
at base.ProjectSpecificationMethods.browserClose(ProjectSpecificationMethods.java:21)
at base.ProjectSpecificationMethods.browserClose(ProjectSpecificationMethods.java:21)
at base.ProjectSpecificationMethods.browserClose(ProjectSpecificationMethods.java:21)
at base.ProjectSpecificationMethods.browserClose(ProjectSpecificationMethods.java:21)
at base.ProjectSpecificationMethods.browserClose(ProjectSpecificationMethods.java:21)
at base.ProjectSpecificationMethods.browserClose(ProjectSpecificationMethods.java:21)
at base.ProjectSpecificationMethods.browserClose(ProjectSpecificationMethods.java:21)
at base.ProjectSpecificationMethods.browserClose(ProjectSpecificationMethods.java:21)
at base.ProjectSpecificationMethods.browserClose(ProjectSpecificationMethods.java:21)
at base.ProjectSpecificationMethods.browserClose(ProjectSpecificationMethods.java:21)
at base.ProjectSpecificationMethods.browserClose(ProjectSpecificationMethods.java:21)
at base.ProjectSpecificationMethods.browserClose(ProjectSpecificationMethods.java:21)
at base.ProjectSpecificationMethods.browserClose(ProjectSpecificationMethods.java:21)
at base.ProjectSpecificationMethods.browserClose(ProjectSpecificationMethods.java:21)
at base.ProjectSpecificationMethods.browserClose(ProjectSpecificationMethods.java:21)
at base.ProjectSpecificationMethods.browserClose(ProjectSpecificationMethods.java:21)
at base.ProjectSpecificationMethods.browserClose(ProjectSpecificationMethods.java:21)
at base.ProjectSpecificationMethods.browserClose(ProjectSpecificationMethods.java:21)
at base.ProjectSpecificationMethods.browserClose(ProjectSpecificationMethods.java:21)
at base.ProjectSpecificationMethods.browserClose(ProjectSpecificationMethods.java:21)
at base.ProjectSpecificationMethods.browserClose(ProjectSpecificationMethods.java:21)
at base.ProjectSpecificationMethods.browserClose(ProjectSpecificationMethods.java:21)
at base.ProjectSpecificationMethods.browserClose(ProjectSpecificationMethods.java:21)
at base.ProjectSpecificationMethods.browserClose(ProjectSpecificationMethods.java:21)
at base.ProjectSpecificationMethods.browserClose(ProjectSpecificationMethods.java:21)
at base.ProjectSpecificationMethods.browserClose(ProjectSpecificationMethods.java:21)
at base.ProjectSpecificationMethods.browserClose(ProjectSpecificationMethods.java:21)
at base.ProjectSpecificationMethods.browserClose(ProjectSpecificationMethods.java:21)
at base.ProjectSpecificationMethods.browserClose(ProjectSpecificationMethods.java:21)
at base.ProjectSpecificationMethods.browserClose(ProjectSpecificationMethods.java:21)
at base.ProjectSpecificationMethods.browserClose(ProjectSpecificationMethods.java:21)
at base.ProjectSpecificationMethods.browserClose(ProjectSpecificationMethods.java:21)
at base.ProjectSpecificationMethods.browserClose(ProjectSpecificationMethods.java:21)
at base.ProjectSpecificationMethods.browserClose(ProjectSpecificationMethods.java:21)
at base.ProjectSpecificationMethods.browserClose(ProjectSpecificationMethods.java:21)
at base.ProjectSpecificationMethods.browserClose(ProjectSpecificationMethods.java:21)
at base.ProjectSpecificationMethods.browserClose(ProjectSpecificationMethods.java:21)
at base.ProjectSpecificationMethods.browserClose(ProjectSpecificationMethods.java:21)
at base.ProjectSpecificationMethods.browserClose(ProjectSpecificationMethods.java:21)
at base.ProjectSpecificationMethods.browserClose(ProjectSpecificationMethods.java:21)
at base.ProjectSpecificationMethods.browserClose(ProjectSpecificationMethods.java:21)
at base.ProjectSpecificationMethods.browserClose(ProjectSpecificationMethods.java:21)
at base.ProjectSpecificationMethods.browserClose(ProjectSpecificationMethods.java:21)
at base.ProjectSpecificationMethods.browserClose(ProjectSpecificationMethods.java:21)
at base.ProjectSpecificationMethods.browserClose(ProjectSpecificationMethods.java:21)
at base.ProjectSpecificationMethods.browserClose(ProjectSpecificationMethods.java:21)
at base.ProjectSpecificationMethods.browserClose(ProjectSpecificationMethods.java:21)
at base.ProjectSpecificationMethods.browserClose(ProjectSpecificationMethods.java:21)
at base.ProjectSpecificationMethods.browserClose(ProjectSpecificationMethods.java:21)
at base.ProjectSpecificationMethods.browserClose(ProjectSpecificationMethods.java:21)
at base.ProjectSpecificationMethods.browserClose(ProjectSpecificationMethods.java:21)
at base.ProjectSpecificationMethods.browserClose(ProjectSpecificationMethods.java:21)
at base.ProjectSpecificationMethods.browserClose(ProjectSpecificationMethods.java:21)
at base.ProjectSpecificationMethods.browserClose(ProjectSpecificationMethods.java:21)
at base.ProjectSpecificationMethods.browserClose(ProjectSpecificationMethods.java:21)
at base.ProjectSpecificationMethods.browserClose(ProjectSpecificationMethods.java:21)
at base.ProjectSpecificationMethods.browserClose(ProjectSpecificationMethods.java:21)
at base.ProjectSpecificationMethods.browserClose(ProjectSpecificationMethods.java:21)
at base.ProjectSpecificationMethods.browserClose(ProjectSpecificationMethods.java:21)
at base.ProjectSpecificationMethods.browserClose(ProjectSpecificationMethods.java:21)
at base.ProjectSpecificationMethods.browserClose(ProjectSpecificationMethods.java:21)
at base.ProjectSpecificationMethods.browserClose(ProjectSpecificationMethods.java:21)
at base.ProjectSpecificationMethods.browserClose(ProjectSpecificationMethods.java:21)
at base.ProjectSpecificationMethods.browserClose(ProjectSpecificationMethods.java:21)
at base.ProjectSpecificationMethods.browserClose(ProjectSpecificationMethods.java:21)
at base.ProjectSpecificationMethods.browserClose(ProjectSpecificationMethods.java:21)
at base.ProjectSpecificationMethods.browserClose(ProjectSpecificationMethods.java:21)
at base.ProjectSpecificationMethods.browserClose(ProjectSpecificationMethods.java:21)
at base.ProjectSpecificationMethods.browserClose(ProjectSpecificationMethods.java:21)
at base.ProjectSpecificationMethods.browserClose(ProjectSpecificationMethods.java:21)
at base.ProjectSpecificationMethods.browserClose(ProjectSpecificationMethods.java:21)
at base.ProjectSpecificationMethods.browserClose(ProjectSpecificationMethods.java:21)
at base.ProjectSpecificationMethods.browserClose(ProjectSpecificationMethods.java:21)
at base.ProjectSpecificationMethods.browserClose(ProjectSpecificationMethods.java:21)
at base.ProjectSpecificationMethods.browserClose(ProjectSpecificationMethods.java:21)
at base.ProjectSpecificationMethods.browserClose(ProjectSpecificationMethods.java:21)
at base.ProjectSpecificationMethods.browserClose(ProjectSpecificationMethods.java:21)
at base.ProjectSpecificationMethods.browserClose(ProjectSpecificationMethods.java:21)
at base.ProjectSpecificationMethods.browserClose(ProjectSpecificationMethods.java:21)
at base.ProjectSpecificationMethods.browserClose(ProjectSpecificationMethods.java:21)
at base.ProjectSpecificationMethods.browserClose(ProjectSpecificationMethods.java:21)
at base.ProjectSpecificationMethods.browserClose(ProjectSpecificationMethods.java:21)
at base.ProjectSpecificationMethods.browserClose(ProjectSpecificationMethods.java:21)
at base.ProjectSpecificationMethods.browserClose(ProjectSpecificationMethods.java:21)
at base.ProjectSpecificationMethods.browserClose(ProjectSpecificationMethods.java:21)
at base.ProjectSpecificationMethods.browserClose(ProjectSpecificationMethods.java:21)
at base.ProjectSpecificationMethods.browserClose(ProjectSpecificationMethods.java:21)
at base.ProjectSpecificationMethods.browserClose(ProjectSpecificationMethods.java:21)
at base.ProjectSpecificationMethods.browserClose(ProjectSpecificationMethods.java:21)
at base.ProjectSpecificationMethods.browserClose(ProjectSpecificationMethods.java:21)
at base.ProjectSpecificationMethods.browserClose(ProjectSpecificationMethods.java:21)
at base.ProjectSpecificationMethods.browserClose(ProjectSpecificationMethods.java:21)
at base.ProjectSpecificationMethods.browserClose(ProjectSpecificationMethods.java:21)
at base.ProjectSpecificationMethods.browserClose(ProjectSpecificationMethods.java:21)
at base.ProjectSpecificationMethods.browserClose(ProjectSpecificationMethods.java:21)
at base.ProjectSpecificationMethods.browserClose(ProjectSpecificationMethods.java:21)
at base.ProjectSpecificationMethods.browserClose(ProjectSpecificationMethods.java:21)
at base.ProjectSpecificationMethods.browserClose(ProjectSpecificationMethods.java:21)
at base.ProjectSpecificationMethods.browserClose(ProjectSpecificationMethods.java:21)
at base.ProjectSpecificationMethods.browserClose(ProjectSpecificationMethods.java:21)
at base.ProjectSpecificationMethods.browserClose(ProjectSpecificationMethods.java:21)
at base.ProjectSpecificationMethods.browserClose(ProjectSpecificationMethods.java:21)
at base.ProjectSpecificationMethods.browserClose(ProjectSpecificationMethods.java:21)
at base.ProjectSpecificationMethods.browserClose(ProjectSpecificationMethods.java:21)
at base.ProjectSpecificationMethods.browserClose(ProjectSpecificationMethods.java:21)
at base.ProjectSpecificationMethods.browserClose(ProjectSpecificationMethods.java:21)
at base.ProjectSpecificationMethods.browserClose(ProjectSpecificationMethods.java:21)
at base.ProjectSpecificationMethods.browserClose(ProjectSpecificationMethods.java:21)
at base.ProjectSpecificationMethods.browserClose(ProjectSpecificationMethods.java:21)
at base.ProjectSpecificationMethods.browserClose(ProjectSpecificationMethods.java:21)
at base.ProjectSpecificationMethods.browserClose(ProjectSpecificationMethods.java:21)
at base.ProjectSpecificationMethods.browserClose(ProjectSpecificationMethods.java:21)
at base.ProjectSpecificationMethods.browserClose(ProjectSpecificationMethods.java:21)
at base.ProjectSpecificationMethods.browserClose(ProjectSpecificationMethods.java:21)
at base.ProjectSpecificationMethods.browserClose(ProjectSpecificationMethods.java:21)
at base.ProjectSpecificationMethods.browserClose(ProjectSpecificationMethods.java:21)
at base.ProjectSpecificationMethods.browserClose(ProjectSpecificationMethods.java:21)
at base.ProjectSpecificationMethods.browserClose(ProjectSpecificationMethods.java:21)
at base.ProjectSpecificationMethods.browserClose(ProjectSpecificationMethods.java:21)
at base.ProjectSpecificationMethods.browserClose(ProjectSpecificationMethods.java:21)
at base.ProjectSpecificationMethods.browserClose(ProjectSpecificationMethods.java:21)
at base.ProjectSpecificationMethods.browserClose(ProjectSpecificationMethods.java:21)
at base.ProjectSpecificationMethods.browserClose(ProjectSpecificationMethods.java:21)
at base.ProjectSpecificationMethods.browserClose(ProjectSpecificationMethods.java:21)
at base.ProjectSpecificationMethods.browserClose(ProjectSpecificationMethods.java:21)
at base.ProjectSpecificationMethods.browserClose(ProjectSpecificationMethods.java:21)
at base.ProjectSpecificationMethods.browserClose(ProjectSpecificationMethods.java:21)
at base.ProjectSpecificationMethods.browserClose(ProjectSpecificationMethods.java:21)
at base.ProjectSpecificationMethods.browserClose(ProjectSpecificationMethods.java:21)
at base.ProjectSpecificationMethods.browserClose(ProjectSpecificationMethods.java:21)
at base.ProjectSpecificationMethods.browserClose(ProjectSpecificationMethods.java:21)
at base.ProjectSpecificationMethods.browserClose(ProjectSpecificationMethods.java:21)
at base.ProjectSpecificationMethods.browserClose(ProjectSpecificationMethods.java:21)
at base.ProjectSpecificationMethods.browserClose(ProjectSpecificationMethods.java:21)
at base.ProjectSpecificationMethods.browserClose(ProjectSpecificationMethods.java:21)
at base.ProjectSpecificationMethods.browserClose(ProjectSpecificationMethods.java:21)
at base.ProjectSpecificationMethods.browserClose(ProjectSpecificationMethods.java:21)
at base.ProjectSpecificationMethods.browserClose(ProjectSpecificationMethods.java:21)
at base.ProjectSpecificationMethods.browserClose(ProjectSpecificationMethods.java:21)
at base.ProjectSpecificationMethods.browserClose(ProjectSpecificationMethods.java:21)
at base.ProjectSpecificationMethods.browserClose(ProjectSpecificationMethods.java:21)
at base.ProjectSpecificationMethods.browserClose(ProjectSpecificationMethods.java:21)
at base.ProjectSpecificationMethods.browserClose(ProjectSpecificationMethods.java:21)
at base.ProjectSpecificationMethods.browserClose(ProjectSpecificationMethods.java:21)
at base.ProjectSpecificationMethods.browserClose(ProjectSpecificationMethods.java:21)
at base.ProjectSpecificationMethods.browserClose(ProjectSpecificationMethods.java:21)
at base.ProjectSpecificationMethods.browserClose(ProjectSpecificationMethods.java:21)
at base.ProjectSpecificationMethods.browserClose(ProjectSpecificationMethods.java:21)
at base.ProjectSpecificationMethods.browserClose(ProjectSpecificationMethods.java:21)
at base.ProjectSpecificationMethods.browserClose(ProjectSpecificationMethods.java:21)
at base.ProjectSpecificationMethods.browserClose(ProjectSpecificationMethods.java:21)
at base.ProjectSpecificationMethods.browserClose(ProjectSpecificationMethods.java:21)
at base.ProjectSpecificationMethods.browserClose(ProjectSpecificationMethods.java:21)
at base.ProjectSpecificationMethods.browserClose(ProjectSpecificationMethods.java:21)
at base.ProjectSpecificationMethods.browserClose(ProjectSpecificationMethods.java:21)
at base.ProjectSpecificationMethods.browserClose(ProjectSpecificationMethods.java:21)
at base.ProjectSpecificationMethods.browserClose(ProjectSpecificationMethods.java:21)
at base.ProjectSpecificationMethods.browserClose(ProjectSpecificationMethods.java:21)
at base.ProjectSpecificationMethods.browserClose(ProjectSpecificationMethods.java:21)
at base.ProjectSpecificationMethods.browserClose(ProjectSpecificationMethods.java:21)
at base.ProjectSpecificationMethods.browserClose(ProjectSpecificationMethods.java:21)
at base.ProjectSpecificationMethods.browserClose(ProjectSpecificationMethods.java:21)
at base.ProjectSpecificationMethods.browserClose(ProjectSpecificationMethods.java:21)
at base.ProjectSpecificationMethods.browserClose(ProjectSpecificationMethods.java:21)
at base.ProjectSpecificationMethods.browserClose(ProjectSpecificationMethods.java:21)
at base.ProjectSpecificationMethods.browserClose(ProjectSpecificationMethods.java:21)
at base.ProjectSpecificationMethods.browserClose(ProjectSpecificationMethods.java:21)
at base.ProjectSpecificationMethods.browserClose(ProjectSpecificationMethods.java:21)
at base.ProjectSpecificationMethods.browserClose(ProjectSpecificationMethods.java:21)
at base.ProjectSpecificationMethods.browserClose(ProjectSpecificationMethods.java:21)
at base.ProjectSpecificationMethods.browserClose(ProjectSpecificationMethods.java:21)
at base.ProjectSpecificationMethods.browserClose(ProjectSpecificationMethods.java:21)
at base.ProjectSpecificationMethods.browserClose(ProjectSpecificationMethods.java:21)
at base.ProjectSpecificationMethods.browserClose(ProjectSpecificationMethods.java:21)
at base.ProjectSpecificationMethods.browserClose(ProjectSpecificationMethods.java:21)
at base.ProjectSpecificationMethods.browserClose(ProjectSpecificationMethods.java:21)
at base.ProjectSpecificationMethods.browserClose(ProjectSpecificationMethods.java:21)
at base.ProjectSpecificationMethods.browserClose(ProjectSpecificationMethods.java:21)
at base.ProjectSpecificationMethods.browserClose(ProjectSpecificationMethods.java:21)
at base.ProjectSpecificationMethods.browserClose(ProjectSpecificationMethods.java:21)
at base.ProjectSpecificationMethods.browserClose(ProjectSpecificationMethods.java:21)
at base.ProjectSpecificationMethods.browserClose(ProjectSpecificationMethods.java:21)
at base.ProjectSpecificationMethods.browserClose(ProjectSpecificationMethods.java:21)
at base.ProjectSpecificationMethods.browserClose(ProjectSpecificationMethods.java:21)
at base.ProjectSpecificationMethods.browserClose(ProjectSpecificationMethods.java:21)
at base.ProjectSpecificationMethods.browserClose(ProjectSpecificationMethods.java:21)
at base.ProjectSpecificationMethods.browserClose(ProjectSpecificationMethods.java:21)
at base.ProjectSpecificationMethods.browserClose(ProjectSpecificationMethods.java:21)
at base.ProjectSpecificationMethods.browserClose(ProjectSpecificationMethods.java:21)
at base.ProjectSpecificationMethods.browserClose(ProjectSpecificationMethods.java:21)
at base.ProjectSpecificationMethods.browserClose(ProjectSpecificationMethods.java:21)
at base.ProjectSpecificationMethods.browserClose(ProjectSpecificationMethods.java:21)
at base.ProjectSpecificationMethods.browserClose(ProjectSpecificationMethods.java:21)
at base.ProjectSpecificationMethods.browserClose(ProjectSpecificationMethods.java:21)
at base.ProjectSpecificationMethods.browserClose(ProjectSpecificationMethods.java:21)
at base.ProjectSpecificationMethods.browserClose(ProjectSpecificationMethods.java:21)
at base.ProjectSpecificationMethods.browserClose(ProjectSpecificationMethods.java:21)
at base.ProjectSpecificationMethods.browserClose(ProjectSpecificationMethods.java:21)
at base.ProjectSpecificationMethods.browserClose(ProjectSpecificationMethods.java:21)
at base.ProjectSpecificationMethods.browserClose(ProjectSpecificationMethods.java:21)
at base.ProjectSpecificationMethods.browserClose(ProjectSpecificationMethods.java:21)
at base.ProjectSpecificationMethods.browserClose(ProjectSpecificationMethods.java:21)
at base.ProjectSpecificationMethods.browserClose(ProjectSpecificationMethods.java:21)
at base.ProjectSpecificationMethods.browserClose(ProjectSpecificationMethods.java:21)
at base.ProjectSpecificationMethods.browserClose(ProjectSpecificationMethods.java:21)
at base.ProjectSpecificationMethods.browserClose(ProjectSpecificationMethods.java:21)
at base.ProjectSpecificationMethods.browserClose(ProjectSpecificationMethods.java:21)
at base.ProjectSpecificationMethods.browserClose(ProjectSpecificationMethods.java:21)
at base.ProjectSpecificationMethods.browserClose(ProjectSpecificationMethods.java:21)
at base.ProjectSpecificationMethods.browserClose(ProjectSpecificationMethods.java:21)
at base.ProjectSpecificationMethods.browserClose(ProjectSpecificationMethods.java:21)
at base.ProjectSpecificationMethods.browserClose(ProjectSpecificationMethods.java:21)
at base.ProjectSpecificationMethods.browserClose(ProjectSpecificationMethods.java:21)
at base.ProjectSpecificationMethods.browserClose(ProjectSpecificationMethods.java:21)
at base.ProjectSpecificationMethods.browserClose(ProjectSpecificationMethods.java:21)
at base.ProjectSpecificationMethods.browserClose(ProjectSpecificationMethods.java:21)
at base.ProjectSpecificationMethods.browserClose(ProjectSpecificationMethods.java:21)
at base.ProjectSpecificationMethods.browserClose(ProjectSpecificationMethods.java:21)
at base.ProjectSpecificationMethods.browserClose(ProjectSpecificationMethods.java:21)
at base.ProjectSpecificationMethods.browserClose(ProjectSpecificationMethods.java:21)
at base.ProjectSpecificationMethods.browserClose(ProjectSpecificationMethods.java:21)
at base.ProjectSpecificationMethods.browserClose(ProjectSpecificationMethods.java:21)
at base.ProjectSpecificationMethods.browserClose(ProjectSpecificationMethods.java:21)
at base.ProjectSpecificationMethods.browserClose(ProjectSpecificationMethods.java:21)
at base.ProjectSpecificationMethods.browserClose(ProjectSpecificationMethods.java:21)
at base.ProjectSpecificationMethods.browserClose(ProjectSpecificationMethods.java:21)
at base.ProjectSpecificationMethods.browserClose(ProjectSpecificationMethods.java:21)
at base.ProjectSpecificationMethods.browserClose(ProjectSpecificationMethods.java:21)
at base.ProjectSpecificationMethods.browserClose(ProjectSpecificationMethods.java:21)
at base.ProjectSpecificationMethods.browserClose(ProjectSpecificationMethods.java:21)
at base.ProjectSpecificationMethods.browserClose(ProjectSpecificationMethods.java:21)
at base.ProjectSpecificationMethods.browserClose(ProjectSpecificationMethods.java:21)
at base.ProjectSpecificationMethods.browserClose(ProjectSpecificationMethods.java:21)
at base.ProjectSpecificationMethods.browserClose(ProjectSpecificationMethods.java:21)
at base.ProjectSpecificationMethods.browserClose(ProjectSpecificationMethods.java:21)
at base.ProjectSpecificationMethods.browserClose(ProjectSpecificationMethods.java:21)
at base.ProjectSpecificationMethods.browserClose(ProjectSpecificationMethods.java:21)
at base.ProjectSpecificationMethods.browserClose(ProjectSpecificationMethods.java:21)
at base.ProjectSpecificationMethods.browserClose(ProjectSpecificationMethods.java:21)
at base.ProjectSpecificationMethods.browserClose(ProjectSpecificationMethods.java:21)
at base.ProjectSpecificationMethods.browserClose(ProjectSpecificationMethods.java:21)
at base.ProjectSpecificationMethods.browserClose(ProjectSpecificationMethods.java:21)
at base.ProjectSpecificationMethods.browserClose(ProjectSpecificationMethods.java:21)
at base.ProjectSpecificationMethods.browserClose(ProjectSpecificationMethods.java:21)
at base.ProjectSpecificationMethods.browserClose(ProjectSpecificationMethods.java:21)
at base.ProjectSpecificationMethods.browserClose(ProjectSpecificationMethods.java:21)
at base.ProjectSpecificationMethods.browserClose(ProjectSpecificationMethods.java:21)
at base.ProjectSpecificationMethods.browserClose(ProjectSpecificationMethods.java:21)
at base.ProjectSpecificationMethods.browserClose(ProjectSpecificationMethods.java:21)
at base.ProjectSpecificationMethods.browserClose(ProjectSpecificationMethods.java:21)
at base.ProjectSpecificationMethods.browserClose(ProjectSpecificationMethods.java:21)
at base.ProjectSpecificationMethods.browserClose(ProjectSpecificationMethods.java:21)
at base.ProjectSpecificationMethods.browserClose(ProjectSpecificationMethods.java:21)
at base.ProjectSpecificationMethods.browserClose(ProjectSpecificationMethods.java:21)
at base.ProjectSpecificationMethods.browserClose(ProjectSpecificationMethods.java:21)
at base.ProjectSpecificationMethods.browserClose(ProjectSpecificationMethods.java:21)
at base.ProjectSpecificationMethods.browserClose(ProjectSpecificationMethods.java:21)
at base.ProjectSpecificationMethods.browserClose(ProjectSpecificationMethods.java:21)
at base.ProjectSpecificationMethods.browserClose(ProjectSpecificationMethods.java:21)
at base.ProjectSpecificationMethods.browserClose(ProjectSpecificationMethods.java:21)
at base.ProjectSpecificationMethods.browserClose(ProjectSpecificationMethods.java:21)
at base.ProjectSpecificationMethods.browserClose(ProjectSpecificationMethods.java:21)
at base.ProjectSpecificationMethods.browserClose(ProjectSpecificationMethods.java:21)
at base.ProjectSpecificationMethods.browserClose(ProjectSpecificationMethods.java:21)
at base.ProjectSpecificationMethods.browserClose(ProjectSpecificationMethods.java:21)
at base.ProjectSpecificationMethods.browserClose(ProjectSpecificationMethods.java:21)
at base.ProjectSpecificationMethods.browserClose(ProjectSpecificationMethods.java:21)
at base.ProjectSpecificationMethods.browserClose(ProjectSpecificationMethods.java:21)
at base.ProjectSpecificationMethods.browserClose(ProjectSpecificationMethods.java:21)
at base.ProjectSpecificationMethods.browserClose(ProjectSpecificationMethods.java:21)
at base.ProjectSpecificationMethods.browserClose(ProjectSpecificationMethods.java:21)
at base.ProjectSpecificationMethods.browserClose(ProjectSpecificationMethods.java:21)
at base.ProjectSpecificationMethods.browserClose(ProjectSpecificationMethods.java:21)
at base.ProjectSpecificationMethods.browserClose(ProjectSpecificationMethods.java:21)
at base.ProjectSpecificationMethods.browserClose(ProjectSpecificationMethods.java:21)
at base.ProjectSpecificationMethods.browserClose(ProjectSpecificationMethods.java:21)
at base.ProjectSpecificationMethods.browserClose(ProjectSpecificationMethods.java:21)
at base.ProjectSpecificationMethods.browserClose(ProjectSpecificationMethods.java:21)
at base.ProjectSpecificationMethods.browserClose(ProjectSpecificationMethods.java:21)
at base.ProjectSpecificationMethods.browserClose(ProjectSpecificationMethods.java:21)
at base.ProjectSpecificationMethods.browserClose(ProjectSpecificationMethods.java:21)
at base.ProjectSpecificationMethods.browserClose(ProjectSpecificationMethods.java:21)
at base.ProjectSpecificationMethods.browserClose(ProjectSpecificationMethods.java:21)
at base.ProjectSpecificationMethods.browserClose(ProjectSpecificationMethods.java:21)
at base.ProjectSpecificationMethods.browserClose(ProjectSpecificationMethods.java:21)
at base.ProjectSpecificationMethods.browserClose(ProjectSpecificationMethods.java:21)
at base.ProjectSpecificationMethods.browserClose(ProjectSpecificationMethods.java:21)
at base.ProjectSpecificationMethods.browserClose(ProjectSpecificationMethods.java:21)
at base.ProjectSpecificationMethods.browserClose(ProjectSpecificationMethods.java:21)
at base.ProjectSpecificationMethods.browserClose(ProjectSpecificationMethods.java:21)
at base.ProjectSpecificationMethods.browserClose(ProjectSpecificationMethods.java:21)
at base.ProjectSpecificationMethods.browserClose(ProjectSpecificationMethods.java:21)
at base.ProjectSpecificationMethods.browserClose(ProjectSpecificationMethods.java:21)
at base.ProjectSpecificationMethods.browserClose(ProjectSpecificationMethods.java:21)
at base.ProjectSpecificationMethods.browserClose(ProjectSpecificationMethods.java:21)
at base.ProjectSpecificationMethods.browserClose(ProjectSpecificationMethods.java:21)
at base.ProjectSpecificationMethods.browserClose(ProjectSpecificationMethods.java:21)
at base.ProjectSpecificationMethods.browserClose(ProjectSpecificationMethods.java:21)
at base.ProjectSpecificationMethods.browserClose(ProjectSpecificationMethods.java:21)
at base.ProjectSpecificationMethods.browserClose(ProjectSpecificationMethods.java:21)
at base.ProjectSpecificationMethods.browserClose(ProjectSpecificationMethods.java:21)
at base.ProjectSpecificationMethods.browserClose(ProjectSpecificationMethods.java:21)
at base.ProjectSpecificationMethods.browserClose(ProjectSpecificationMethods.java:21)
at base.ProjectSpecificationMethods.browserClose(ProjectSpecificationMethods.java:21)
at base.ProjectSpecificationMethods.browserClose(ProjectSpecificationMethods.java:21)
at base.ProjectSpecificationMethods.browserClose(ProjectSpecificationMethods.java:21)
at base.ProjectSpecificationMethods.browserClose(ProjectSpecificationMethods.java:21)
at base.ProjectSpecificationMethods.browserClose(ProjectSpecificationMethods.java:21)
at base.ProjectSpecificationMethods.browserClose(ProjectSpecificationMethods.java:21)
at base.ProjectSpecificationMethods.browserClose(ProjectSpecificationMethods.java:21)
at base.ProjectSpecificationMethods.browserClose(ProjectSpecificationMethods.java:21)
at base.ProjectSpecificationMethods.browserClose(ProjectSpecificationMethods.java:21)
at base.ProjectSpecificationMethods.browserClose(ProjectSpecificationMethods.java:21)
at base.ProjectSpecificationMethods.browserClose(ProjectSpecificationMethods.java:21)
at base.ProjectSpecificationMethods.browserClose(ProjectSpecificationMethods.java:21)
at base.ProjectSpecificationMethods.browserClose(ProjectSpecificationMethods.java:21)
at base.ProjectSpecificationMethods.browserClose(ProjectSpecificationMethods.java:21)
at base.ProjectSpecificationMethods.browserClose(ProjectSpecificationMethods.java:21)
at base.ProjectSpecificationMethods.browserClose(ProjectSpecificationMethods.java:21)
at base.ProjectSpecificationMethods.browserClose(ProjectSpecificationMethods.java:21)
at base.ProjectSpecificationMethods.browserClose(ProjectSpecificationMethods.java:21)
at base.ProjectSpecificationMethods.browserClose(ProjectSpecificationMethods.java:21)
at base.ProjectSpecificationMethods.browserClose(ProjectSpecificationMethods.java:21)
at base.ProjectSpecificationMethods.browserClose(ProjectSpecificationMethods.java:21)
at base.ProjectSpecificationMethods.browserClose(ProjectSpecificationMethods.java:21)
at base.ProjectSpecificationMethods.browserClose(ProjectSpecificationMethods.java:21)
at base.ProjectSpecificationMethods.browserClose(ProjectSpecificationMethods.java:21)
at base.ProjectSpecificationMethods.browserClose(ProjectSpecificationMethods.java:21)
at base.ProjectSpecificationMethods.browserClose(ProjectSpecificationMethods.java:21)
at base.ProjectSpecificationMethods.browserClose(ProjectSpecificationMethods.java:21)
at base.ProjectSpecificationMethods.browserClose(ProjectSpecificationMethods.java:21)
at base.ProjectSpecificationMethods.browserClose(ProjectSpecificationMethods.java:21)
at base.ProjectSpecificationMethods.browserClose(ProjectSpecificationMethods.java:21)
at base.ProjectSpecificationMethods.browserClose(ProjectSpecificationMethods.java:21)
at base.ProjectSpecificationMethods.browserClose(ProjectSpecificationMethods.java:21)
at base.ProjectSpecificationMethods.browserClose(ProjectSpecificationMethods.java:21)
at base.ProjectSpecificationMethods.browserClose(ProjectSpecificationMethods.java:21)
at base.ProjectSpecificationMethods.browserClose(ProjectSpecificationMethods.java:21)
at base.ProjectSpecificationMethods.browserClose(ProjectSpecificationMethods.java:21)
at base.ProjectSpecificationMethods.browserClose(ProjectSpecificationMethods.java:21)
at base.ProjectSpecificationMethods.browserClose(ProjectSpecificationMethods.java:21)
at base.ProjectSpecificationMethods.browserClose(ProjectSpecificationMethods.java:21)
at base.ProjectSpecificationMethods.browserClose(ProjectSpecificationMethods.java:21)
at base.ProjectSpecificationMethods.browserClose(ProjectSpecificationMethods.java:21)
at base.ProjectSpecificationMethods.browserClose(ProjectSpecificationMethods.java:21)
at base.ProjectSpecificationMethods.browserClose(ProjectSpecificationMethods.java:21)
at base.ProjectSpecificationMethods.browserClose(ProjectSpecificationMethods.java:21)
at base.ProjectSpecificationMethods.browserClose(ProjectSpecificationMethods.java:21)
at base.ProjectSpecificationMethods.browserClose(ProjectSpecificationMethods.java:21)
at base.ProjectSpecificationMethods.browserClose(ProjectSpecificationMethods.java:21)
at base.ProjectSpecificationMethods.browserClose(ProjectSpecificationMethods.java:21)
at base.ProjectSpecificationMethods.browserClose(ProjectSpecificationMethods.java:21)
at base.ProjectSpecificationMethods.browserClose(ProjectSpecificationMethods.java:21)
at base.ProjectSpecificationMethods.browserClose(ProjectSpecificationMethods.java:21)
at base.ProjectSpecificationMethods.browserClose(ProjectSpecificationMethods.java:21)
at base.ProjectSpecificationMethods.browserClose(ProjectSpecificationMethods.java:21)
at base.ProjectSpecificationMethods.browserClose(ProjectSpecificationMethods.java:21)
at base.ProjectSpecificationMethods.browserClose(ProjectSpecificationMethods.java:21)
at base.ProjectSpecificationMethods.browserClose(ProjectSpecificationMethods.java:21)
at base.ProjectSpecificationMethods.browserClose(ProjectSpecificationMethods.java:21)
at base.ProjectSpecificationMethods.browserClose(ProjectSpecificationMethods.java:21)
at base.ProjectSpecificationMethods.browserClose(ProjectSpecificationMethods.java:21)
at base.ProjectSpecificationMethods.browserClose(ProjectSpecificationMethods.java:21)
at base.ProjectSpecificationMethods.browserClose(ProjectSpecificationMethods.java:21)
at base.ProjectSpecificationMethods.browserClose(ProjectSpecificationMethods.java:21)
at base.ProjectSpecificationMethods.browserClose(ProjectSpecificationMethods.java:21)
at base.ProjectSpecificationMethods.browserClose(ProjectSpecificationMethods.java:21)
at base.ProjectSpecificationMethods.browserClose(ProjectSpecificationMethods.java:21)
at base.ProjectSpecificationMethods.browserClose(ProjectSpecificationMethods.java:21)
at base.ProjectSpecificationMethods.browserClose(ProjectSpecificationMethods.java:21)
at base.ProjectSpecificationMethods.browserClose(ProjectSpecificationMethods.java:21)
at base.ProjectSpecificationMethods.browserClose(ProjectSpecificationMethods.java:21)
at base.ProjectSpecificationMethods.browserClose(ProjectSpecificationMethods.java:21)
at base.ProjectSpecificationMethods.browserClose(ProjectSpecificationMethods.java:21)
at base.ProjectSpecificationMethods.browserClose(ProjectSpecificationMethods.java:21)
at base.ProjectSpecificationMethods.browserClose(ProjectSpecificationMethods.java:21)
at base.ProjectSpecificationMethods.browserClose(ProjectSpecificationMethods.java:21)
at base.ProjectSpecificationMethods.browserClose(ProjectSpecificationMethods.java:21)
at base.ProjectSpecificationMethods.browserClose(ProjectSpecificationMethods.java:21)
at base.ProjectSpecificationMethods.browserClose(ProjectSpecificationMethods.java:21)
at base.ProjectSpecificationMethods.browserClose(ProjectSpecificationMethods.java:21)
at base.ProjectSpecificationMethods.browserClose(ProjectSpecificationMethods.java:21)
at base.ProjectSpecificationMethods.browserClose(ProjectSpecificationMethods.java:21)
at base.ProjectSpecificationMethods.browserClose(ProjectSpecificationMethods.java:21)
at base.ProjectSpecificationMethods.browserClose(ProjectSpecificationMethods.java:21)
at base.ProjectSpecificationMethods.browserClose(ProjectSpecificationMethods.java:21)
at base.ProjectSpecificationMethods.browserClose(ProjectSpecificationMethods.java:21)
at base.ProjectSpecificationMethods.browserClose(ProjectSpecificationMethods.java:21)
at base.ProjectSpecificationMethods.browserClose(ProjectSpecificationMethods.java:21)
at base.ProjectSpecificationMethods.browserClose(ProjectSpecificationMethods.java:21)
at base.ProjectSpecificationMethods.browserClose(ProjectSpecificationMethods.java:21)
at base.ProjectSpecificationMethods.browserClose(ProjectSpecificationMethods.java:21)
at base.ProjectSpecificationMethods.browserClose(ProjectSpecificationMethods.java:21)
at base.ProjectSpecificationMethods.browserClose(ProjectSpecificationMethods.java:21)
at base.ProjectSpecificationMethods.browserClose(ProjectSpecificationMethods.java:21)
at base.ProjectSpecificationMethods.browserClose(ProjectSpecificationMethods.java:21)
at base.ProjectSpecificationMethods.browserClose(ProjectSpecificationMethods.java:21)
at base.ProjectSpecificationMethods.browserClose(ProjectSpecificationMethods.java:21)
at base.ProjectSpecificationMethods.browserClose(ProjectSpecificationMethods.java:21)
at base.ProjectSpecificationMethods.browserClose(ProjectSpecificationMethods.java:21)
at base.ProjectSpecificationMethods.browserClose(ProjectSpecificationMethods.java:21)
at base.ProjectSpecificationMethods.browserClose(ProjectSpecificationMethods.java:21)
at base.ProjectSpecificationMethods.browserClose(ProjectSpecificationMethods.java:21)
at base.ProjectSpecificationMethods.browserClose(ProjectSpecificationMethods.java:21)
at base.ProjectSpecificationMethods.browserClose(ProjectSpecificationMethods.java:21)
at base.ProjectSpecificationMethods.browserClose(ProjectSpecificationMethods.java:21)
at base.ProjectSpecificationMethods.browserClose(ProjectSpecificationMethods.java:21)
at base.ProjectSpecificationMethods.browserClose(ProjectSpecificationMethods.java:21)
at base.ProjectSpecificationMethods.browserClose(ProjectSpecificationMethods.java:21)
at base.ProjectSpecificationMethods.browserClose(ProjectSpecificationMethods.java:21)
at base.ProjectSpecificationMethods.browserClose(ProjectSpecificationMethods.java:21)
at base.ProjectSpecificationMethods.browserClose(ProjectSpecificationMethods.java:21)
at base.ProjectSpecificationMethods.browserClose(ProjectSpecificationMethods.java:21)
at base.ProjectSpecificationMethods.browserClose(ProjectSpecificationMethods.java:21)
at base.ProjectSpecificationMethods.browserClose(ProjectSpecificationMethods.java:21)
at base.ProjectSpecificationMethods.browserClose(ProjectSpecificationMethods.java:21)
at base.ProjectSpecificationMethods.browserClose(ProjectSpecificationMethods.java:21)
at base.ProjectSpecificationMethods.browserClose(ProjectSpecificationMethods.java:21)
at base.ProjectSpecificationMethods.browserClose(ProjectSpecificationMethods.java:21)
at base.ProjectSpecificationMethods.browserClose(ProjectSpecificationMethods.java:21)
at base.ProjectSpecificationMethods.browserClose(ProjectSpecificationMethods.java:21)
at base.ProjectSpecificationMethods.browserClose(ProjectSpecificationMethods.java:21)
at base.ProjectSpecificationMethods.browserClose(ProjectSpecificationMethods.java:21)
at base.ProjectSpecificationMethods.browserClose(ProjectSpecificationMethods.java:21)
at base.ProjectSpecificationMethods.browserClose(ProjectSpecificationMethods.java:21)
at base.ProjectSpecificationMethods.browserClose(ProjectSpecificationMethods.java:21)
at base.ProjectSpecificationMethods.browserClose(ProjectSpecificationMethods.java:21)
at base.ProjectSpecificationMethods.browserClose(ProjectSpecificationMethods.java:21)
at base.ProjectSpecificationMethods.browserClose(ProjectSpecificationMethods.java:21)
at base.ProjectSpecificationMethods.browserClose(ProjectSpecificationMethods.java:21)
at base.ProjectSpecificationMethods.browserClose(ProjectSpecificationMethods.java:21)
at base.ProjectSpecificationMethods.browserClose(ProjectSpecificationMethods.java:21)
at base.ProjectSpecificationMethods.browserClose(ProjectSpecificationMethods.java:21)
at base.ProjectSpecificationMethods.browserClose(ProjectSpecificationMethods.java:21)
at base.ProjectSpecificationMethods.browserClose(ProjectSpecificationMethods.java:21)
at base.ProjectSpecificationMethods.browserClose(ProjectSpecificationMethods.java:21)
at base.ProjectSpecificationMethods.browserClose(ProjectSpecificationMethods.java:21)
at base.ProjectSpecificationMethods.browserClose(ProjectSpecificationMethods.java:21)
at base.ProjectSpecificationMethods.browserClose(ProjectSpecificationMethods.java:21)
at base.ProjectSpecificationMethods.browserClose(ProjectSpecificationMethods.java:21)
at base.ProjectSpecificationMethods.browserClose(ProjectSpecificationMethods.java:21)
at base.ProjectSpecificationMethods.browserClose(ProjectSpecificationMethods.java:21)
at base.ProjectSpecificationMethods.browserClose(ProjectSpecificationMethods.java:21)
at base.ProjectSpecificationMethods.browserClose(ProjectSpecificationMethods.java:21)
at base.ProjectSpecificationMethods.browserClose(ProjectSpecificationMethods.java:21)
at base.ProjectSpecificationMethods.browserClose(ProjectSpecificationMethods.java:21)
at base.ProjectSpecificationMethods.browserClose(ProjectSpecificationMethods.java:21)
at base.ProjectSpecificationMethods.browserClose(ProjectSpecificationMethods.java:21)
at base.ProjectSpecificationMethods.browserClose(ProjectSpecificationMethods.java:21)
at base.ProjectSpecificationMethods.browserClose(ProjectSpecificationMethods.java:21)
at base.ProjectSpecificationMethods.browserClose(ProjectSpecificationMethods.java:21)
at base.ProjectSpecificationMethods.browserClose(ProjectSpecificationMethods.java:21)
at base.ProjectSpecificationMethods.browserClose(ProjectSpecificationMethods.java:21)
at base.ProjectSpecificationMethods.browserClose(ProjectSpecificationMethods.java:21)
at base.ProjectSpecificationMethods.browserClose(ProjectSpecificationMethods.java:21)
at base.ProjectSpecificationMethods.browserClose(ProjectSpecificationMethods.java:21)
at base.ProjectSpecificationMethods.browserClose(ProjectSpecificationMethods.java:21)
at base.ProjectSpecificationMethods.browserClose(ProjectSpecificationMethods.java:21)
at base.ProjectSpecificationMethods.browserClose(ProjectSpecificationMethods.java:21)
at base.ProjectSpecificationMethods.browserClose(ProjectSpecificationMethods.java:21)
at base.ProjectSpecificationMethods.browserClose(ProjectSpecificationMethods.java:21)
at base.ProjectSpecificationMethods.browserClose(ProjectSpecificationMethods.java:21)
at base.ProjectSpecificationMethods.browserClose(ProjectSpecificationMethods.java:21)
at base.ProjectSpecificationMethods.browserClose(ProjectSpecificationMethods.java:21)
at base.ProjectSpecificationMethods.browserClose(ProjectSpecificationMethods.java:21)
at base.ProjectSpecificationMethods.browserClose(ProjectSpecificationMethods.java:21)
at base.ProjectSpecificationMethods.browserClose(ProjectSpecificationMethods.java:21)
at base.ProjectSpecificationMethods.browserClose(ProjectSpecificationMethods.java:21)
at base.ProjectSpecificationMethods.browserClose(ProjectSpecificationMethods.java:21)
at base.ProjectSpecificationMethods.browserClose(ProjectSpecificationMethods.java:21)
at base.ProjectSpecificationMethods.browserClose(ProjectSpecificationMethods.java:21)
at base.ProjectSpecificationMethods.browserClose(ProjectSpecificationMethods.java:21)
at base.ProjectSpecificationMethods.browserClose(ProjectSpecificationMethods.java:21)
at base.ProjectSpecificationMethods.browserClose(ProjectSpecificationMethods.java:21)
at base.ProjectSpecificationMethods.browserClose(ProjectSpecificationMethods.java:21)
at base.ProjectSpecificationMethods.browserClose(ProjectSpecificationMethods.java:21)
at base.ProjectSpecificationMethods.browserClose(ProjectSpecificationMethods.java:21)
at base.ProjectSpecificationMethods.browserClose(ProjectSpecificationMethods.java:21)
at base.ProjectSpecificationMethods.browserClose(ProjectSpecificationMethods.java:21)
at base.ProjectSpecificationMethods.browserClose(ProjectSpecificationMethods.java:21)
at base.ProjectSpecificationMethods.browserClose(ProjectSpecificationMethods.java:21)
at base.ProjectSpecificationMethods.browserClose(ProjectSpecificationMethods.java:21)
at base.ProjectSpecificationMethods.browserClose(ProjectSpecificationMethods.java:21)
at base.ProjectSpecificationMethods.browserClose(ProjectSpecificationMethods.java:21)
at base.ProjectSpecificationMethods.browserClose(ProjectSpecificationMethods.java:21)
at base.ProjectSpecificationMethods.browserClose(ProjectSpecificationMethods.java:21)
at base.ProjectSpecificationMethods.browserClose(ProjectSpecificationMethods.java:21)
at base.ProjectSpecificationMethods.browserClose(ProjectSpecificationMethods.java:21)
at base.ProjectSpecificationMethods.browserClose(ProjectSpecificationMethods.java:21)
at base.ProjectSpecificationMethods.browserClose(ProjectSpecificationMethods.java:21)
at base.ProjectSpecificationMethods.browserClose(ProjectSpecificationMethods.java:21)
at base.ProjectSpecificationMethods.browserClose(ProjectSpecificationMethods.java:21)
at base.ProjectSpecificationMethods.browserClose(ProjectSpecificationMethods.java:21)
at base.ProjectSpecificationMethods.browserClose(ProjectSpecificationMethods.java:21)
at base.ProjectSpecificationMethods.browserClose(ProjectSpecificationMethods.java:21)
at base.ProjectSpecificationMethods.browserClose(ProjectSpecificationMethods.java:21)
at base.ProjectSpecificationMethods.browserClose(ProjectSpecificationMethods.java:21)
at base.ProjectSpecificationMethods.browserClose(ProjectSpecificationMethods.java:21)
at base.ProjectSpecificationMethods.browserClose(ProjectSpecificationMethods.java:21)
at base.ProjectSpecificationMethods.browserClose(ProjectSpecificationMethods.java:21)
at base.ProjectSpecificationMethods.browserClose(ProjectSpecificationMethods.java:21)
at base.ProjectSpecificationMethods.browserClose(ProjectSpecificationMethods.java:21)
at base.ProjectSpecificationMethods.browserClose(ProjectSpecificationMethods.java:21)
at base.ProjectSpecificationMethods.browserClose(ProjectSpecificationMethods.java:21)
at base.ProjectSpecificationMethods.browserClose(ProjectSpecificationMethods.java:21)
at base.ProjectSpecificationMethods.browserClose(ProjectSpecificationMethods.java:21)
at base.ProjectSpecificationMethods.browserClose(ProjectSpecificationMethods.java:21)
at base.ProjectSpecificationMethods.browserClose(ProjectSpecificationMethods.java:21)
at base.ProjectSpecificationMethods.browserClose(ProjectSpecificationMethods.java:21)
at base.ProjectSpecificationMethods.browserClose(ProjectSpecificationMethods.java:21)
at base.ProjectSpecificationMethods.browserClose(ProjectSpecificationMethods.java:21)
at base.ProjectSpecificationMethods.browserClose(ProjectSpecificationMethods.java:21)
at base.ProjectSpecificationMethods.browserClose(ProjectSpecificationMethods.java:21)
at base.ProjectSpecificationMethods.browserClose(ProjectSpecificationMethods.java:21)
at base.ProjectSpecificationMethods.browserClose(ProjectSpecificationMethods.java:21)
at base.ProjectSpecificationMethods.browserClose(ProjectSpecificationMethods.java:21)
at base.ProjectSpecificationMethods.browserClose(ProjectSpecificationMethods.java:21)
at base.ProjectSpecificationMethods.browserClose(ProjectSpecificationMethods.java:21)
at base.ProjectSpecificationMethods.browserClose(ProjectSpecificationMethods.java:21)
at base.ProjectSpecificationMethods.browserClose(ProjectSpecificationMethods.java:21)
at base.ProjectSpecificationMethods.browserClose(ProjectSpecificationMethods.java:21)
at base.ProjectSpecificationMethods.browserClose(ProjectSpecificationMethods.java:21)
at base.ProjectSpecificationMethods.browserClose(ProjectSpecificationMethods.java:21)
at base.ProjectSpecificationMethods.browserClose(ProjectSpecificationMethods.java:21)
at base.ProjectSpecificationMethods.browserClose(ProjectSpecificationMethods.java:21)
at base.ProjectSpecificationMethods.browserClose(ProjectSpecificationMethods.java:21)
at base.ProjectSpecificationMethods.browserClose(ProjectSpecificationMethods.java:21)
at base.ProjectSpecificationMethods.browserClose(ProjectSpecificationMethods.java:21)
at base.ProjectSpecificationMethods.browserClose(ProjectSpecificationMethods.java:21)
at base.ProjectSpecificationMethods.browserClose(ProjectSpecificationMethods.java:21)
at base.ProjectSpecificationMethods.browserClose(ProjectSpecificationMethods.java:21)
at base.ProjectSpecificationMethods.browserClose(ProjectSpecificationMethods.java:21)
at base.ProjectSpecificationMethods.browserClose(ProjectSpecificationMethods.java:21)
at base.ProjectSpecificationMethods.browserClose(ProjectSpecificationMethods.java:21)
at base.ProjectSpecificationMethods.browserClose(ProjectSpecificationMethods.java:21)
at base.ProjectSpecificationMethods.browserClose(ProjectSpecificationMethods.java:21)
at base.ProjectSpecificationMethods.browserClose(ProjectSpecificationMethods.java:21)
at base.ProjectSpecificationMethods.browserClose(ProjectSpecificationMethods.java:21)
at base.ProjectSpecificationMethods.browserClose(ProjectSpecificationMethods.java:21)
at base.ProjectSpecificationMethods.browserClose(ProjectSpecificationMethods.java:21)
at base.ProjectSpecificationMethods.browserClose(ProjectSpecificationMethods.java:21)
at base.ProjectSpecificationMethods.browserClose(ProjectSpecificationMethods.java:21)
at base.ProjectSpecificationMethods.browserClose(ProjectSpecificationMethods.java:21)
at base.ProjectSpecificationMethods.browserClose(ProjectSpecificationMethods.java:21)
at base.ProjectSpecificationMethods.browserClose(ProjectSpecificationMethods.java:21)
at base.ProjectSpecificationMethods.browserClose(ProjectSpecificationMethods.java:21)
at base.ProjectSpecificationMethods.browserClose(ProjectSpecificationMethods.java:21)
at base.ProjectSpecificationMethods.browserClose(ProjectSpecificationMethods.java:21)
at base.ProjectSpecificationMethods.browserClose(ProjectSpecificationMethods.java:21)
at base.ProjectSpecificationMethods.browserClose(ProjectSpecificationMethods.java:21)
at base.ProjectSpecificationMethods.browserClose(ProjectSpecificationMethods.java:21)
at base.ProjectSpecificationMethods.browserClose(ProjectSpecificationMethods.java:21)
at base.ProjectSpecificationMethods.browserClose(ProjectSpecificationMethods.java:21)
at base.ProjectSpecificationMethods.browserClose(ProjectSpecificationMethods.java:21)
at base.ProjectSpecificationMethods.browserClose(ProjectSpecificationMethods.java:21)
at base.ProjectSpecificationMethods.browserClose(ProjectSpecificationMethods.java:21)
at base.ProjectSpecificationMethods.browserClose(ProjectSpecificationMethods.java:21)
at base.ProjectSpecificationMethods.browserClose(ProjectSpecificationMethods.java:21)
at base.ProjectSpecificationMethods.browserClose(ProjectSpecificationMethods.java:21)
at base.ProjectSpecificationMethods.browserClose(ProjectSpecificationMethods.java:21)
at base.ProjectSpecificationMethods.browserClose(ProjectSpecificationMethods.java:21)
at base.ProjectSpecificationMethods.browserClose(ProjectSpecificationMethods.java:21)
at base.ProjectSpecificationMethods.browserClose(ProjectSpecificationMethods.java:21)
at base.ProjectSpecificationMethods.browserClose(ProjectSpecificationMethods.java:21)
at base.ProjectSpecificationMethods.browserClose(ProjectSpecificationMethods.java:21)
at base.ProjectSpecificationMethods.browserClose(ProjectSpecificationMethods.java:21)
at base.ProjectSpecificationMethods.browserClose(ProjectSpecificationMethods.java:21)
at base.ProjectSpecificationMethods.browserClose(ProjectSpecificationMethods.java:21)
at base.ProjectSpecificationMethods.browserClose(ProjectSpecificationMethods.java:21)
at base.ProjectSpecificationMethods.browserClose(ProjectSpecificationMethods.java:21)
at base.ProjectSpecificationMethods.browserClose(ProjectSpecificationMethods.java:21)
at base.ProjectSpecificationMethods.browserClose(ProjectSpecificationMethods.java:21)
at base.ProjectSpecificationMethods.browserClose(ProjectSpecificationMethods.java:21)
at base.ProjectSpecificationMethods.browserClose(ProjectSpecificationMethods.java:21)
at base.ProjectSpecificationMethods.browserClose(ProjectSpecificationMethods.java:21)
at base.ProjectSpecificationMethods.browserClose(ProjectSpecificationMethods.java:21)
at base.ProjectSpecificationMethods.browserClose(ProjectSpecificationMethods.java:21)
at base.ProjectSpecificationMethods.browserClose(ProjectSpecificationMethods.java:21)
at base.ProjectSpecificationMethods.browserClose(ProjectSpecificationMethods.java:21)
at base.ProjectSpecificationMethods.browserClose(ProjectSpecificationMethods.java:21)
at base.ProjectSpecificationMethods.browserClose(ProjectSpecificationMethods.java:21)
at base.ProjectSpecificationMethods.browserClose(ProjectSpecificationMethods.java:21)
at base.ProjectSpecificationMethods.browserClose(ProjectSpecificationMethods.java:21)
at base.ProjectSpecificationMethods.browserClose(ProjectSpecificationMethods.java:21)
at base.ProjectSpecificationMethods.browserClose(ProjectSpecificationMethods.java:21)
at base.ProjectSpecificationMethods.browserClose(ProjectSpecificationMethods.java:21)
at base.ProjectSpecificationMethods.browserClose(ProjectSpecificationMethods.java:21)
at base.ProjectSpecificationMethods.browserClose(ProjectSpecificationMethods.java:21)
at base.ProjectSpecificationMethods.browserClose(ProjectSpecificationMethods.java:21)
at base.ProjectSpecificationMethods.browserClose(ProjectSpecificationMethods.java:21)
at base.ProjectSpecificationMethods.browserClose(ProjectSpecificationMethods.java:21)
at base.ProjectSpecificationMethods.browserClose(ProjectSpecificationMethods.java:21)
at base.ProjectSpecificationMethods.browserClose(ProjectSpecificationMethods.java:21)
at base.ProjectSpecificationMethods.browserClose(ProjectSpecificationMethods.java:21)
at base.ProjectSpecificationMethods.browserClose(ProjectSpecificationMethods.java:21)
at base.ProjectSpecificationMethods.browserClose(ProjectSpecificationMethods.java:21)
at base.ProjectSpecificationMethods.browserClose(ProjectSpecificationMethods.java:21)
at base.ProjectSpecificationMethods.browserClose(ProjectSpecificationMethods.java:21)
at base.ProjectSpecificationMethods.browserClose(ProjectSpecificationMethods.java:21)
at base.ProjectSpecificationMethods.browserClose(ProjectSpecificationMethods.java:21)
at base.ProjectSpecificationMethods.browserClose(ProjectSpecificationMethods.java:21)
at base.ProjectSpecificationMethods.browserClose(ProjectSpecificationMethods.java:21)
at base.ProjectSpecificationMethods.browserClose(ProjectSpecificationMethods.java:21)
at base.ProjectSpecificationMethods.browserClose(ProjectSpecificationMethods.java:21)
at base.ProjectSpecificationMethods.browserClose(ProjectSpecificationMethods.java:21)
at base.ProjectSpecificationMethods.browserClose(ProjectSpecificationMethods.java:21)
at base.ProjectSpecificationMethods.browserClose(ProjectSpecificationMethods.java:21)
at base.ProjectSpecificationMethods.browserClose(ProjectSpecificationMethods.java:21)
at base.ProjectSpecificationMethods.browserClose(ProjectSpecificationMethods.java:21)
at base.ProjectSpecificationMethods.browserClose(ProjectSpecificationMethods.java:21)
at base.ProjectSpecificationMethods.browserClose(ProjectSpecificationMethods.java:21)
at base.ProjectSpecificationMethods.browserClose(ProjectSpecificationMethods.java:21)
at base.ProjectSpecificationMethods.browserClose(ProjectSpecificationMethods.java:21)
at base.ProjectSpecificationMethods.browserClose(ProjectSpecificationMethods.java:21)
at base.ProjectSpecificationMethods.browserClose(ProjectSpecificationMethods.java:21)
at base.ProjectSpecificationMethods.browserClose(ProjectSpecificationMethods.java:21)
at base.ProjectSpecificationMethods.browserClose(ProjectSpecificationMethods.java:21)
at base.ProjectSpecificationMethods.browserClose(ProjectSpecificationMethods.java:21)
at base.ProjectSpecificationMethods.browserClose(ProjectSpecificationMethods.java:21)
at base.ProjectSpecificationMethods.browserClose(ProjectSpecificationMethods.java:21)
at base.ProjectSpecificationMethods.browserClose(ProjectSpecificationMethods.java:21)
at base.ProjectSpecificationMethods.browserClose(ProjectSpecificationMethods.java:21)
at base.ProjectSpecificationMethods.browserClose(ProjectSpecificationMethods.java:21)
at base.ProjectSpecificationMethods.browserClose(ProjectSpecificationMethods.java:21)
at base.ProjectSpecificationMethods.browserClose(ProjectSpecificationMethods.java:21)
at base.ProjectSpecificationMethods.browserClose(ProjectSpecificationMethods.java:21)
at base.ProjectSpecificationMethods.browserClose(ProjectSpecificationMethods.java:21)
at base.ProjectSpecificationMethods.browserClose(ProjectSpecificationMethods.java:21)
at base.ProjectSpecificationMethods.browserClose(ProjectSpecificationMethods.java:21)
at base.ProjectSpecificationMethods.browserClose(ProjectSpecificationMethods.java:21)
at base.ProjectSpecificationMethods.browserClose(ProjectSpecificationMethods.java:21)
at base.ProjectSpecificationMethods.browserClose(ProjectSpecificationMethods.java:21)
at base.ProjectSpecificationMethods.browserClose(ProjectSpecificationMethods.java:21)
at base.ProjectSpecificationMethods.browserClose(ProjectSpecificationMethods.java:21)
at base.ProjectSpecificationMethods.browserClose(ProjectSpecificationMethods.java:21)
at base.ProjectSpecificationMethods.browserClose(ProjectSpecificationMethods.java:21)
at base.ProjectSpecificationMethods.browserClose(ProjectSpecificationMethods.java:21)
at base.ProjectSpecificationMethods.browserClose(ProjectSpecificationMethods.java:21)
at base.ProjectSpecificationMethods.browserClose(ProjectSpecificationMethods.java:21)
at base.ProjectSpecificationMethods.browserClose(ProjectSpecificationMethods.java:21)
at base.ProjectSpecificationMethods.browserClose(ProjectSpecificationMethods.java:21)
at base.ProjectSpecificationMethods.browserClose(ProjectSpecificationMethods.java:21)
at base.ProjectSpecificationMethods.browserClose(ProjectSpecificationMethods.java:21)
at base.ProjectSpecificationMethods.browserClose(ProjectSpecificationMethods.java:21)
at base.ProjectSpecificationMethods.browserClose(ProjectSpecificationMethods.java:21)
at base.ProjectSpecificationMethods.browserClose(ProjectSpecificationMethods.java:21)
at base.ProjectSpecificationMethods.browserClose(ProjectSpecificationMethods.java:21)
at base.ProjectSpecificationMethods.browserClose(ProjectSpecificationMethods.java:21)
at base.ProjectSpecificationMethods.browserClose(ProjectSpecificationMethods.java:21)
at base.ProjectSpecificationMethods.browserClose(ProjectSpecificationMethods.java:21)
at base.ProjectSpecificationMethods.browserClose(ProjectSpecificationMethods.java:21)
at base.ProjectSpecificationMethods.browserClose(ProjectSpecificationMethods.java:21)
at base.ProjectSpecificationMethods.browserClose(ProjectSpecificationMethods.java:21)
at base.ProjectSpecificationMethods.browserClose(ProjectSpecificationMethods.java:21)
at base.ProjectSpecificationMethods.browserClose(ProjectSpecificationMethods.java:21)
at base.ProjectSpecificationMethods.browserClose(ProjectSpecificationMethods.java:21)
at base.ProjectSpecificationMethods.browserClose(ProjectSpecificationMethods.java:21)
at base.ProjectSpecificationMethods.browserClose(ProjectSpecificationMethods.java:21)
at base.ProjectSpecificationMethods.browserClose(ProjectSpecificationMethods.java:21)
at base.ProjectSpecificationMethods.browserClose(ProjectSpecificationMethods.java:21)
at base.ProjectSpecificationMethods.browserClose(ProjectSpecificationMethods.java:21)
at base.ProjectSpecificationMethods.browserClose(ProjectSpecificationMethods.java:21)
at base.ProjectSpecificationMethods.browserClose(ProjectSpecificationMethods.java:21)
at base.ProjectSpecificationMethods.browserClose(ProjectSpecificationMethods.java:21)
at base.ProjectSpecificationMethods.browserClose(ProjectSpecificationMethods.java:21)
at base.ProjectSpecificationMethods.browserClose(ProjectSpecificationMethods.java:21)
at base.ProjectSpecificationMethods.browserClose(ProjectSpecificationMethods.java:21)
at base.ProjectSpecificationMethods.browserClose(ProjectSpecificationMethods.java:21)
at base.ProjectSpecificationMethods.browserClose(ProjectSpecificationMethods.java:21)
at base.ProjectSpecificationMethods.browserClose(ProjectSpecificationMethods.java:21)
at base.ProjectSpecificationMethods.browserClose(ProjectSpecificationMethods.java:21)
at base.ProjectSpecificationMethods.browserClose(ProjectSpecificationMethods.java:21)
at base.ProjectSpecificationMethods.browserClose(ProjectSpecificationMethods.java:21)
at base.ProjectSpecificationMethods.browserClose(ProjectSpecificationMethods.java:21)
at base.ProjectSpecificationMethods.browserClose(ProjectSpecificationMethods.java:21)
at base.ProjectSpecificationMethods.browserClose(ProjectSpecificationMethods.java:21)
at base.ProjectSpecificationMethods.browserClose(ProjectSpecificationMethods.java:21)
at base.ProjectSpecificationMethods.browserClose(ProjectSpecificationMethods.java:21)
at base.ProjectSpecificationMethods.browserClose(ProjectSpecificationMethods.java:21)
at base.ProjectSpecificationMethods.browserClose(ProjectSpecificationMethods.java:21)
at base.ProjectSpecificationMethods.browserClose(ProjectSpecificationMethods.java:21)
at base.ProjectSpecificationMethods.browserClose(ProjectSpecificationMethods.java:21)
at base.ProjectSpecificationMethods.browserClose(ProjectSpecificationMethods.java:21)
at base.ProjectSpecificationMethods.browserClose(ProjectSpecificationMethods.java:21)
at base.ProjectSpecificationMethods.browserClose(ProjectSpecificationMethods.java:21)
at base.ProjectSpecificationMethods.browserClose(ProjectSpecificationMethods.java:21)
at base.ProjectSpecificationMethods.browserClose(ProjectSpecificationMethods.java:21)
at base.ProjectSpecificationMethods.browserClose(ProjectSpecificationMethods.java:21)
at base.ProjectSpecificationMethods.browserClose(ProjectSpecificationMethods.java:21)
at base.ProjectSpecificationMethods.browserClose(ProjectSpecificationMethods.java:21)
at base.ProjectSpecificationMethods.browserClose(ProjectSpecificationMethods.java:21)
at base.ProjectSpecificationMethods.browserClose(ProjectSpecificationMethods.java:21)
at base.ProjectSpecificationMethods.browserClose(ProjectSpecificationMethods.java:21)
at base.ProjectSpecificationMethods.browserClose(ProjectSpecificationMethods.java:21)
at base.ProjectSpecificationMethods.browserClose(ProjectSpecificationMethods.java:21)
at base.ProjectSpecificationMethods.browserClose(ProjectSpecificationMethods.java:21)
at base.ProjectSpecificationMethods.browserClose(ProjectSpecificationMethods.java:21)
at base.ProjectSpecificationMethods.browserClose(ProjectSpecificationMethods.java:21)
at base.ProjectSpecificationMethods.browserClose(ProjectSpecificationMethods.java:21)
at base.ProjectSpecificationMethods.browserClose(ProjectSpecificationMethods.java:21)
at base.ProjectSpecificationMethods.browserClose(ProjectSpecificationMethods.java:21)
at base.ProjectSpecificationMethods.browserClose(ProjectSpecificationMethods.java:21)
at base.ProjectSpecificationMethods.browserClose(ProjectSpecificationMethods.java:21)
at base.ProjectSpecificationMethods.browserClose(ProjectSpecificationMethods.java:21)
at base.ProjectSpecificationMethods.browserClose(ProjectSpecificationMethods.java:21)
at base.ProjectSpecificationMethods.browserClose(ProjectSpecificationMethods.java:21)
at base.ProjectSpecificationMethods.browserClose(ProjectSpecificationMethods.java:21)
at base.ProjectSpecificationMethods.browserClose(ProjectSpecificationMethods.java:21)
at base.ProjectSpecificationMethods.browserClose(ProjectSpecificationMethods.java:21)
at base.ProjectSpecificationMethods.browserClose(ProjectSpecificationMethods.java:21)
at base.ProjectSpecificationMethods.browserClose(ProjectSpecificationMethods.java:21)
at base.ProjectSpecificationMethods.browserClose(ProjectSpecificationMethods.java:21)
at base.ProjectSpecificationMethods.browserClose(ProjectSpecificationMethods.java:21)
at base.ProjectSpecificationMethods.browserClose(ProjectSpecificationMethods.java:21)
at base.ProjectSpecificationMethods.browserClose(ProjectSpecificationMethods.java:21)
at base.ProjectSpecificationMethods.browserClose(ProjectSpecificationMethods.java:21)
at base.ProjectSpecificationMethods.browserClose(ProjectSpecificationMethods.java:21)
at base.ProjectSpecificationMethods.browserClose(ProjectSpecificationMethods.java:21)
at base.ProjectSpecificationMethods.browserClose(ProjectSpecificationMethods.java:21)
at base.ProjectSpecificationMethods.browserClose(ProjectSpecificationMethods.java:21)
at base.ProjectSpecificationMethods.browserClose(ProjectSpecificationMethods.java:21)
at base.ProjectSpecificationMethods.browserClose(ProjectSpecificationMethods.java:21)
at base.ProjectSpecificationMethods.browserClose(ProjectSpecificationMethods.java:21)
at base.ProjectSpecificationMethods.browserClose(ProjectSpecificationMethods.java:21)
at base.ProjectSpecificationMethods.browserClose(ProjectSpecificationMethods.java:21)
at base.ProjectSpecificationMethods.browserClose(ProjectSpecificationMethods.java:21)
at base.ProjectSpecificationMethods.browserClose(ProjectSpecificationMethods.java:21)
at base.ProjectSpecificationMethods.browserClose(ProjectSpecificationMethods.java:21)
at base.ProjectSpecificationMethods.browserClose(ProjectSpecificationMethods.java:21)
at base.ProjectSpecificationMethods.browserClose(ProjectSpecificationMethods.java:21)
at base.ProjectSpecificationMethods.browserClose(ProjectSpecificationMethods.java:21)
at base.ProjectSpecificationMethods.browserClose(ProjectSpecificationMethods.java:21)
at base.ProjectSpecificationMethods.browserClose(ProjectSpecificationMethods.java:21)
at base.ProjectSpecificationMethods.browserClose(ProjectSpecificationMethods.java:21)
at base.ProjectSpecificationMethods.browserClose(ProjectSpecificationMethods.java:21)
at base.ProjectSpecificationMethods.browserClose(ProjectSpecificationMethods.java:21)
at base.ProjectSpecificationMethods.browserClose(ProjectSpecificationMethods.java:21)
at base.ProjectSpecificationMethods.browserClose(ProjectSpecificationMethods.java:21)
at base.ProjectSpecificationMethods.browserClose(ProjectSpecificationMethods.java:21)
at base.ProjectSpecificationMethods.browserClose(ProjectSpecificationMethods.java:21)
at base.ProjectSpecificationMethods.browserClose(ProjectSpecificationMethods.java:21)
at base.ProjectSpecificationMethods.browserClose(ProjectSpecificationMethods.java:21)
at base.ProjectSpecificationMethods.browserClose(ProjectSpecificationMethods.java:21)
at base.ProjectSpecificationMethods.browserClose(ProjectSpecificationMethods.java:21)
at base.ProjectSpecificationMethods.browserClose(ProjectSpecificationMethods.java:21)
at base.ProjectSpecificationMethods.browserClose(ProjectSpecificationMethods.java:21)
at base.ProjectSpecificationMethods.browserClose(ProjectSpecificationMethods.java:21)
at base.ProjectSpecificationMethods.browserClose(ProjectSpecificationMethods.java:21)
at base.ProjectSpecificationMethods.browserClose(ProjectSpecificationMethods.java:21)
at base.ProjectSpecificationMethods.browserClose(ProjectSpecificationMethods.java:21)
at base.ProjectSpecificationMethods.browserClose(ProjectSpecificationMethods.java:21)
at base.ProjectSpecificationMethods.browserClose(ProjectSpecificationMethods.java:21)
at base.ProjectSpecificationMethods.browserClose(ProjectSpecificationMethods.java:21)
at base.ProjectSpecificationMethods.browserClose(ProjectSpecificationMethods.java:21)
at base.ProjectSpecificationMethods.browserClose(ProjectSpecificationMethods.java:21)
at base.ProjectSpecificationMethods.browserClose(ProjectSpecificationMethods.java:21)
at base.ProjectSpecificationMethods.browserClose(ProjectSpecificationMethods.java:21)
at base.ProjectSpecificationMethods.browserClose(ProjectSpecificationMethods.java:21)
at base.ProjectSpecificationMethods.browserClose(ProjectSpecificationMethods.java:21)
at base.ProjectSpecificationMethods.browserClose(ProjectSpecificationMethods.java:21)
at base.ProjectSpecificationMethods.browserClose(ProjectSpecificationMethods.java:21)
at base.ProjectSpecificationMethods.browserClose(ProjectSpecificationMethods.java:21)
at base.ProjectSpecificationMethods.browserClose(ProjectSpecificationMethods.java:21)
at base.ProjectSpecificationMethods.browserClose(ProjectSpecificationMethods.java:21)
at base.ProjectSpecificationMethods.browserClose(ProjectSpecificationMethods.java:21)
at base.ProjectSpecificationMethods.browserClose(ProjectSpecificationMethods.java:21)
at base.ProjectSpecificationMethods.browserClose(ProjectSpecificationMethods.java:21)
at base.ProjectSpecificationMethods.browserClose(ProjectSpecificationMethods.java:21)
at base.ProjectSpecificationMethods.browserClose(ProjectSpecificationMethods.java:21)
at base.ProjectSpecificationMethods.browserClose(ProjectSpecificationMethods.java:21)
at base.ProjectSpecificationMethods.browserClose(ProjectSpecificationMethods.java:21)
at base.ProjectSpecificationMethods.browserClose(ProjectSpecificationMethods.java:21)
at base.ProjectSpecificationMethods.browserClose(ProjectSpecificationMethods.java:21)
at base.ProjectSpecificationMethods.browserClose(ProjectSpecificationMethods.java:21)
at base.ProjectSpecificationMethods.browserClose(ProjectSpecificationMethods.java:21)
at base.ProjectSpecificationMethods.browserClose(ProjectSpecificationMethods.java:21)
at base.ProjectSpecificationMethods.browserClose(ProjectSpecificationMethods.java:21)
at base.ProjectSpecificationMethods.browserClose(ProjectSpecificationMethods.java:21)
at base.ProjectSpecificationMethods.browserClose(ProjectSpecificationMethods.java:21)
at base.ProjectSpecificationMethods.browserClose(ProjectSpecificationMethods.java:21)
at base.ProjectSpecificationMethods.browserClose(ProjectSpecificationMethods.java:21)
at base.ProjectSpecificationMethods.browserClose(ProjectSpecificationMethods.java:21)
at base.ProjectSpecificationMethods.browserClose(ProjectSpecificationMethods.java:21)
at base.ProjectSpecificationMethods.browserClose(ProjectSpecificationMethods.java:21)
at base.ProjectSpecificationMethods.browserClose(ProjectSpecificationMethods.java:21)
at base.ProjectSpecificationMethods.browserClose(ProjectSpecificationMethods.java:21)
at base.ProjectSpecificationMethods.browserClose(ProjectSpecificationMethods.java:21)
at base.ProjectSpecificationMethods.browserClose(ProjectSpecificationMethods.java:21)
at base.ProjectSpecificationMethods.browserClose(ProjectSpecificationMethods.java:21)
at base.ProjectSpecificationMethods.browserClose(ProjectSpecificationMethods.java:21)
]]>
    </error>
  </testcase> <!-- browserClose -->
  <system-out/>
</testsuite> <!-- test.TC_007_BookedItineraryTest -->
