<?xml version="1.0" encoding="UTF-8"?>
<!-- Generated by org.testng.reporters.JUnitReportReporter -->
<testsuite hostname="DESKTOP-GDN8ABU" failures="0" tests="2" name="test.TC_007_BookedItineraryTest" time="49.394" errors="0" timestamp="2024-12-16T21:43:00 IST" skipped="0">
  <testcase classname="test.TC_007_BookedItineraryTest" name="bookedItineraryTest" time="23.751"/>
  <system-out/>
  <testcase classname="test.TC_007_BookedItineraryTest" name="bookedItineraryTest" time="25.643"/>
  <system-out/>
</testsuite> <!-- test.TC_007_BookedItineraryTest -->
