<?xml version="1.0" encoding="UTF-8"?>
<!-- Generated by org.testng.reporters.JUnitReportReporter -->
<testsuite hostname="DESKTOP-GDN8ABU" failures="0" tests="2" name="test.TC_007_BookedItineraryTest" time="49.268" errors="0" timestamp="2024-12-17T11:10:29 IST" skipped="0">
  <testcase classname="test.TC_007_BookedItineraryTest" name="bookedItineraryTest" time="24.072"/>
  <system-out/>
  <testcase classname="test.TC_007_BookedItineraryTest" name="bookedItineraryTest" time="25.196"/>
  <system-out/>
</testsuite> <!-- test.TC_007_BookedItineraryTest -->
