<?xml version="1.0" encoding="UTF-8"?>
<!-- Generated by org.testng.reporters.JUnitReportReporter -->
<testsuite hostname="DESKTOP-GDN8ABU" failures="0" tests="2" name="test.TC_006_BookConfirmationTest" time="47.006" errors="0" timestamp="2024-12-16T21:43:00 IST" skipped="0">
  <testcase classname="test.TC_006_BookConfirmationTest" name="bookingConfirmationTest" time="24.422"/>
  <system-out/>
  <testcase classname="test.TC_006_BookConfirmationTest" name="bookingConfirmationTest" time="22.584"/>
  <system-out/>
</testsuite> <!-- test.TC_006_BookConfirmationTest -->
