<?xml version="1.0" encoding="UTF-8"?>
<!-- Generated by org.testng.reporters.JUnitReportReporter -->
<testsuite hostname="DESKTOP-GDN8ABU" failures="0" tests="4" name="test.TC_001_RegisterTest" time="25.075" errors="0" timestamp="2024-12-16T21:43:00 IST" skipped="0">
  <testcase classname="test.TC_001_RegisterTest" name="registerTest" time="7.098"/>
  <system-out/>
  <testcase classname="test.TC_001_RegisterTest" name="registerTest" time="5.491"/>
  <system-out/>
  <testcase classname="test.TC_001_RegisterTest" name="regTestInvalidTestData" time="6.724"/>
  <system-out/>
  <testcase classname="test.TC_001_RegisterTest" name="regTestInvalidTestData" time="5.762"/>
  <system-out/>
</testsuite> <!-- test.TC_001_RegisterTest -->
