<?xml version="1.0" encoding="UTF-8"?>
<!-- Generated by org.testng.reporters.JUnitReportReporter -->
<testsuite hostname="DESKTOP-GDN8ABU" failures="0" tests="4" name="test.TC_008_ChangePassword" time="63.778" errors="2" timestamp="2024-12-11T17:29:06 IST" skipped="0">
  <testcase classname="test.TC_008_ChangePassword" name="changePasswordTest" time="29.218"/>
  <system-out/>
  <testcase classname="test.TC_008_ChangePassword" name="changePasswordTest" time="34.524"/>
  <system-out/>
  <testcase classname="test.TC_008_ChangePassword" name="browserClose" time="0.019">
    <error type="java.lang.StackOverflowError">
      <![CDATA[java.lang.StackOverflowError
at base.ProjectSpecificationMethods.browserClose(ProjectSpecificationMethods.java:21)
at base.ProjectSpecificationMethods.browserClose(ProjectSpecificationMethods.java:21)
at base.ProjectSpecificationMethods.browserClose(ProjectSpecificationMethods.java:21)
at base.ProjectSpecificationMethods.browserClose(ProjectSpecificationMethods.java:21)
at base.ProjectSpecificationMethods.browserClose(ProjectSpecificationMethods.java:21)
at base.ProjectSpecificationMethods.browserClose(ProjectSpecificationMethods.java:21)
at base.ProjectSpecificationMethods.browserClose(ProjectSpecificationMethods.java:21)
at base.ProjectSpecificationMethods.browserClose(ProjectSpecificationMethods.java:21)
at base.ProjectSpecificationMethods.browserClose(ProjectSpecificationMethods.java:21)
at base.ProjectSpecificationMethods.browserClose(ProjectSpecificationMethods.java:21)
at base.ProjectSpecificationMethods.browserClose(ProjectSpecificationMethods.java:21)
at base.ProjectSpecificationMethods.browserClose(ProjectSpecificationMethods.java:21)
at base.ProjectSpecificationMethods.browserClose(ProjectSpecificationMethods.java:21)
at base.ProjectSpecificationMethods.browserClose(ProjectSpecificationMethods.java:21)
at base.ProjectSpecificationMethods.browserClose(ProjectSpecificationMethods.java:21)
at base.ProjectSpecificationMethods.browserClose(ProjectSpecificationMethods.java:21)
at base.ProjectSpecificationMethods.browserClose(ProjectSpecificationMethods.java:21)
at base.ProjectSpecificationMethods.browserClose(ProjectSpecificationMethods.java:21)
at base.ProjectSpecificationMethods.browserClose(ProjectSpecificationMethods.java:21)
at base.ProjectSpecificationMethods.browserClose(ProjectSpecificationMethods.java:21)
at base.ProjectSpecificationMethods.browserClose(ProjectSpecificationMethods.java:21)
at base.ProjectSpecificationMethods.browserClose(ProjectSpecificationMethods.java:21)
at base.ProjectSpecificationMethods.browserClose(ProjectSpecificationMethods.java:21)
at base.ProjectSpecificationMethods.browserClose(ProjectSpecificationMethods.java:21)
at base.ProjectSpecificationMethods.browserClose(ProjectSpecificationMethods.java:21)
at base.ProjectSpecificationMethods.browserClose(ProjectSpecificationMethods.java:21)
at base.ProjectSpecificationMethods.browserClose(ProjectSpecificationMethods.java:21)
at base.ProjectSpecificationMethods.browserClose(ProjectSpecificationMethods.java:21)
at base.ProjectSpecificationMethods.browserClose(ProjectSpecificationMethods.java:21)
at base.ProjectSpecificationMethods.browserClose(ProjectSpecificationMethods.java:21)
at base.ProjectSpecificationMethods.browserClose(ProjectSpecificationMethods.java:21)
at base.ProjectSpecificationMethods.browserClose(ProjectSpecificationMethods.java:21)
at base.ProjectSpecificationMethods.browserClose(ProjectSpecificationMethods.java:21)
at base.ProjectSpecificationMethods.browserClose(ProjectSpecificationMethods.java:21)
at base.ProjectSpecificationMethods.browserClose(ProjectSpecificationMethods.java:21)
at base.ProjectSpecificationMethods.browserClose(ProjectSpecificationMethods.java:21)
at base.ProjectSpecificationMethods.browserClose(ProjectSpecificationMethods.java:21)
at base.ProjectSpecificationMethods.browserClose(ProjectSpecificationMethods.java:21)
at base.ProjectSpecificationMethods.browserClose(ProjectSpecificationMethods.java:21)
at base.ProjectSpecificationMethods.browserClose(ProjectSpecificationMethods.java:21)
at base.ProjectSpecificationMethods.browserClose(ProjectSpecificationMethods.java:21)
at base.ProjectSpecificationMethods.browserClose(ProjectSpecificationMethods.java:21)
at base.ProjectSpecificationMethods.browserClose(ProjectSpecificationMethods.java:21)
at base.ProjectSpecificationMethods.browserClose(ProjectSpecificationMethods.java:21)
at base.ProjectSpecificationMethods.browserClose(ProjectSpecificationMethods.java:21)
at base.ProjectSpecificationMethods.browserClose(ProjectSpecificationMethods.java:21)
at base.ProjectSpecificationMethods.browserClose(ProjectSpecificationMethods.java:21)
at base.ProjectSpecificationMethods.browserClose(ProjectSpecificationMethods.java:21)
at base.ProjectSpecificationMethods.browserClose(ProjectSpecificationMethods.java:21)
at base.ProjectSpecificationMethods.browserClose(ProjectSpecificationMethods.java:21)
at base.ProjectSpecificationMethods.browserClose(ProjectSpecificationMethods.java:21)
at base.ProjectSpecificationMethods.browserClose(ProjectSpecificationMethods.java:21)
at base.ProjectSpecificationMethods.browserClose(ProjectSpecificationMethods.java:21)
at base.ProjectSpecificationMethods.browserClose(ProjectSpecificationMethods.java:21)
at base.ProjectSpecificationMethods.browserClose(ProjectSpecificationMethods.java:21)
at base.ProjectSpecificationMethods.browserClose(ProjectSpecificationMethods.java:21)
at base.ProjectSpecificationMethods.browserClose(ProjectSpecificationMethods.java:21)
at base.ProjectSpecificationMethods.browserClose(ProjectSpecificationMethods.java:21)
at base.ProjectSpecificationMethods.browserClose(ProjectSpecificationMethods.java:21)
at base.ProjectSpecificationMethods.browserClose(ProjectSpecificationMethods.java:21)
at base.ProjectSpecificationMethods.browserClose(ProjectSpecificationMethods.java:21)
at base.ProjectSpecificationMethods.browserClose(ProjectSpecificationMethods.java:21)
at base.ProjectSpecificationMethods.browserClose(ProjectSpecificationMethods.java:21)
at base.ProjectSpecificationMethods.browserClose(ProjectSpecificationMethods.java:21)
at base.ProjectSpecificationMethods.browserClose(ProjectSpecificationMethods.java:21)
at base.ProjectSpecificationMethods.browserClose(ProjectSpecificationMethods.java:21)
at base.ProjectSpecificationMethods.browserClose(ProjectSpecificationMethods.java:21)
at base.ProjectSpecificationMethods.browserClose(ProjectSpecificationMethods.java:21)
at base.ProjectSpecificationMethods.browserClose(ProjectSpecificationMethods.java:21)
at base.ProjectSpecificationMethods.browserClose(ProjectSpecificationMethods.java:21)
at base.ProjectSpecificationMethods.browserClose(ProjectSpecificationMethods.java:21)
at base.ProjectSpecificationMethods.browserClose(ProjectSpecificationMethods.java:21)
at base.ProjectSpecificationMethods.browserClose(ProjectSpecificationMethods.java:21)
at base.ProjectSpecificationMethods.browserClose(ProjectSpecificationMethods.java:21)
at base.ProjectSpecificationMethods.browserClose(ProjectSpecificationMethods.java:21)
at base.ProjectSpecificationMethods.browserClose(ProjectSpecificationMethods.java:21)
at base.ProjectSpecificationMethods.browserClose(ProjectSpecificationMethods.java:21)
at base.ProjectSpecificationMethods.browserClose(ProjectSpecificationMethods.java:21)
at base.ProjectSpecificationMethods.browserClose(ProjectSpecificationMethods.java:21)
at base.ProjectSpecificationMethods.browserClose(ProjectSpecificationMethods.java:21)
at base.ProjectSpecificationMethods.browserClose(ProjectSpecificationMethods.java:21)
at base.ProjectSpecificationMethods.browserClose(ProjectSpecificationMethods.java:21)
at base.ProjectSpecificationMethods.browserClose(ProjectSpecificationMethods.java:21)
at base.ProjectSpecificationMethods.browserClose(ProjectSpecificationMethods.java:21)
at base.ProjectSpecificationMethods.browserClose(ProjectSpecificationMethods.java:21)
at base.ProjectSpecificationMethods.browserClose(ProjectSpecificationMethods.java:21)
at base.ProjectSpecificationMethods.browserClose(ProjectSpecificationMethods.java:21)
at base.ProjectSpecificationMethods.browserClose(ProjectSpecificationMethods.java:21)
at base.ProjectSpecificationMethods.browserClose(ProjectSpecificationMethods.java:21)
at base.ProjectSpecificationMethods.browserClose(ProjectSpecificationMethods.java:21)
at base.ProjectSpecificationMethods.browserClose(ProjectSpecificationMethods.java:21)
at base.ProjectSpecificationMethods.browserClose(ProjectSpecificationMethods.java:21)
at base.ProjectSpecificationMethods.browserClose(ProjectSpecificationMethods.java:21)
at base.ProjectSpecificationMethods.browserClose(ProjectSpecificationMethods.java:21)
at base.ProjectSpecificationMethods.browserClose(ProjectSpecificationMethods.java:21)
at base.ProjectSpecificationMethods.browserClose(ProjectSpecificationMethods.java:21)
at base.ProjectSpecificationMethods.browserClose(ProjectSpecificationMethods.java:21)
at base.ProjectSpecificationMethods.browserClose(ProjectSpecificationMethods.java:21)
at base.ProjectSpecificationMethods.browserClose(ProjectSpecificationMethods.java:21)
at base.ProjectSpecificationMethods.browserClose(ProjectSpecificationMethods.java:21)
at base.ProjectSpecificationMethods.browserClose(ProjectSpecificationMethods.java:21)
at base.ProjectSpecificationMethods.browserClose(ProjectSpecificationMethods.java:21)
at base.ProjectSpecificationMethods.browserClose(ProjectSpecificationMethods.java:21)
at base.ProjectSpecificationMethods.browserClose(ProjectSpecificationMethods.java:21)
at base.ProjectSpecificationMethods.browserClose(ProjectSpecificationMethods.java:21)
at base.ProjectSpecificationMethods.browserClose(ProjectSpecificationMethods.java:21)
at base.ProjectSpecificationMethods.browserClose(ProjectSpecificationMethods.java:21)
at base.ProjectSpecificationMethods.browserClose(ProjectSpecificationMethods.java:21)
at base.ProjectSpecificationMethods.browserClose(ProjectSpecificationMethods.java:21)
at base.ProjectSpecificationMethods.browserClose(ProjectSpecificationMethods.java:21)
at base.ProjectSpecificationMethods.browserClose(ProjectSpecificationMethods.java:21)
at base.ProjectSpecificationMethods.browserClose(ProjectSpecificationMethods.java:21)
at base.ProjectSpecificationMethods.browserClose(ProjectSpecificationMethods.java:21)
at base.ProjectSpecificationMethods.browserClose(ProjectSpecificationMethods.java:21)
at base.ProjectSpecificationMethods.browserClose(ProjectSpecificationMethods.java:21)
at base.ProjectSpecificationMethods.browserClose(ProjectSpecificationMethods.java:21)
at base.ProjectSpecificationMethods.browserClose(ProjectSpecificationMethods.java:21)
at base.ProjectSpecificationMethods.browserClose(ProjectSpecificationMethods.java:21)
at base.ProjectSpecificationMethods.browserClose(ProjectSpecificationMethods.java:21)
at base.ProjectSpecificationMethods.browserClose(ProjectSpecificationMethods.java:21)
at base.ProjectSpecificationMethods.browserClose(ProjectSpecificationMethods.java:21)
at base.ProjectSpecificationMethods.browserClose(ProjectSpecificationMethods.java:21)
at base.ProjectSpecificationMethods.browserClose(ProjectSpecificationMethods.java:21)
at base.ProjectSpecificationMethods.browserClose(ProjectSpecificationMethods.java:21)
at base.ProjectSpecificationMethods.browserClose(ProjectSpecificationMethods.java:21)
at base.ProjectSpecificationMethods.browserClose(ProjectSpecificationMethods.java:21)
at base.ProjectSpecificationMethods.browserClose(ProjectSpecificationMethods.java:21)
at base.ProjectSpecificationMethods.browserClose(ProjectSpecificationMethods.java:21)
at base.ProjectSpecificationMethods.browserClose(ProjectSpecificationMethods.java:21)
at base.ProjectSpecificationMethods.browserClose(ProjectSpecificationMethods.java:21)
at base.ProjectSpecificationMethods.browserClose(ProjectSpecificationMethods.java:21)
at base.ProjectSpecificationMethods.browserClose(ProjectSpecificationMethods.java:21)
at base.ProjectSpecificationMethods.browserClose(ProjectSpecificationMethods.java:21)
at base.ProjectSpecificationMethods.browserClose(ProjectSpecificationMethods.java:21)
at base.ProjectSpecificationMethods.browserClose(ProjectSpecificationMethods.java:21)
at base.ProjectSpecificationMethods.browserClose(ProjectSpecificationMethods.java:21)
at base.ProjectSpecificationMethods.browserClose(ProjectSpecificationMethods.java:21)
at base.ProjectSpecificationMethods.browserClose(ProjectSpecificationMethods.java:21)
at base.ProjectSpecificationMethods.browserClose(ProjectSpecificationMethods.java:21)
at base.ProjectSpecificationMethods.browserClose(ProjectSpecificationMethods.java:21)
at base.ProjectSpecificationMethods.browserClose(ProjectSpecificationMethods.java:21)
at base.ProjectSpecificationMethods.browserClose(ProjectSpecificationMethods.java:21)
at base.ProjectSpecificationMethods.browserClose(ProjectSpecificationMethods.java:21)
at base.ProjectSpecificationMethods.browserClose(ProjectSpecificationMethods.java:21)
at base.ProjectSpecificationMethods.browserClose(ProjectSpecificationMethods.java:21)
at base.ProjectSpecificationMethods.browserClose(ProjectSpecificationMethods.java:21)
at base.ProjectSpecificationMethods.browserClose(ProjectSpecificationMethods.java:21)
at base.ProjectSpecificationMethods.browserClose(ProjectSpecificationMethods.java:21)
at base.ProjectSpecificationMethods.browserClose(ProjectSpecificationMethods.java:21)
at base.ProjectSpecificationMethods.browserClose(ProjectSpecificationMethods.java:21)
at base.ProjectSpecificationMethods.browserClose(ProjectSpecificationMethods.java:21)
at base.ProjectSpecificationMethods.browserClose(ProjectSpecificationMethods.java:21)
at base.ProjectSpecificationMethods.browserClose(ProjectSpecificationMethods.java:21)
at base.ProjectSpecificationMethods.browserClose(ProjectSpecificationMethods.java:21)
at base.ProjectSpecificationMethods.browserClose(ProjectSpecificationMethods.java:21)
at base.ProjectSpecificationMethods.browserClose(ProjectSpecificationMethods.java:21)
at base.ProjectSpecificationMethods.browserClose(ProjectSpecificationMethods.java:21)
at base.ProjectSpecificationMethods.browserClose(ProjectSpecificationMethods.java:21)
at base.ProjectSpecificationMethods.browserClose(ProjectSpecificationMethods.java:21)
at base.ProjectSpecificationMethods.browserClose(ProjectSpecificationMethods.java:21)
at base.ProjectSpecificationMethods.browserClose(ProjectSpecificationMethods.java:21)
at base.ProjectSpecificationMethods.browserClose(ProjectSpecificationMethods.java:21)
at base.ProjectSpecificationMethods.browserClose(ProjectSpecificationMethods.java:21)
at base.ProjectSpecificationMethods.browserClose(ProjectSpecificationMethods.java:21)
at base.ProjectSpecificationMethods.browserClose(ProjectSpecificationMethods.java:21)
at base.ProjectSpecificationMethods.browserClose(ProjectSpecificationMethods.java:21)
at base.ProjectSpecificationMethods.browserClose(ProjectSpecificationMethods.java:21)
at base.ProjectSpecificationMethods.browserClose(ProjectSpecificationMethods.java:21)
at base.ProjectSpecificationMethods.browserClose(ProjectSpecificationMethods.java:21)
at base.ProjectSpecificationMethods.browserClose(ProjectSpecificationMethods.java:21)
at base.ProjectSpecificationMethods.browserClose(ProjectSpecificationMethods.java:21)
at base.ProjectSpecificationMethods.browserClose(ProjectSpecificationMethods.java:21)
at base.ProjectSpecificationMethods.browserClose(ProjectSpecificationMethods.java:21)
at base.ProjectSpecificationMethods.browserClose(ProjectSpecificationMethods.java:21)
at base.ProjectSpecificationMethods.browserClose(ProjectSpecificationMethods.java:21)
at base.ProjectSpecificationMethods.browserClose(ProjectSpecificationMethods.java:21)
at base.ProjectSpecificationMethods.browserClose(ProjectSpecificationMethods.java:21)
at base.ProjectSpecificationMethods.browserClose(ProjectSpecificationMethods.java:21)
at base.ProjectSpecificationMethods.browserClose(ProjectSpecificationMethods.java:21)
at base.ProjectSpecificationMethods.browserClose(ProjectSpecificationMethods.java:21)
at base.ProjectSpecificationMethods.browserClose(ProjectSpecificationMethods.java:21)
at base.ProjectSpecificationMethods.browserClose(ProjectSpecificationMethods.java:21)
at base.ProjectSpecificationMethods.browserClose(ProjectSpecificationMethods.java:21)
at base.ProjectSpecificationMethods.browserClose(ProjectSpecificationMethods.java:21)
at base.ProjectSpecificationMethods.browserClose(ProjectSpecificationMethods.java:21)
at base.ProjectSpecificationMethods.browserClose(ProjectSpecificationMethods.java:21)
at base.ProjectSpecificationMethods.browserClose(ProjectSpecificationMethods.java:21)
at base.ProjectSpecificationMethods.browserClose(ProjectSpecificationMethods.java:21)
at base.ProjectSpecificationMethods.browserClose(ProjectSpecificationMethods.java:21)
at base.ProjectSpecificationMethods.browserClose(ProjectSpecificationMethods.java:21)
at base.ProjectSpecificationMethods.browserClose(ProjectSpecificationMethods.java:21)
at base.ProjectSpecificationMethods.browserClose(ProjectSpecificationMethods.java:21)
at base.ProjectSpecificationMethods.browserClose(ProjectSpecificationMethods.java:21)
at base.ProjectSpecificationMethods.browserClose(ProjectSpecificationMethods.java:21)
at base.ProjectSpecificationMethods.browserClose(ProjectSpecificationMethods.java:21)
at base.ProjectSpecificationMethods.browserClose(ProjectSpecificationMethods.java:21)
at base.ProjectSpecificationMethods.browserClose(ProjectSpecificationMethods.java:21)
at base.ProjectSpecificationMethods.browserClose(ProjectSpecificationMethods.java:21)
at base.ProjectSpecificationMethods.browserClose(ProjectSpecificationMethods.java:21)
at base.ProjectSpecificationMethods.browserClose(ProjectSpecificationMethods.java:21)
at base.ProjectSpecificationMethods.browserClose(ProjectSpecificationMethods.java:21)
at base.ProjectSpecificationMethods.browserClose(ProjectSpecificationMethods.java:21)
at base.ProjectSpecificationMethods.browserClose(ProjectSpecificationMethods.java:21)
at base.ProjectSpecificationMethods.browserClose(ProjectSpecificationMethods.java:21)
at base.ProjectSpecificationMethods.browserClose(ProjectSpecificationMethods.java:21)
at base.ProjectSpecificationMethods.browserClose(ProjectSpecificationMethods.java:21)
at base.ProjectSpecificationMethods.browserClose(ProjectSpecificationMethods.java:21)
at base.ProjectSpecificationMethods.browserClose(ProjectSpecificationMethods.java:21)
at base.ProjectSpecificationMethods.browserClose(ProjectSpecificationMethods.java:21)
at base.ProjectSpecificationMethods.browserClose(ProjectSpecificationMethods.java:21)
at base.ProjectSpecificationMethods.browserClose(ProjectSpecificationMethods.java:21)
at base.ProjectSpecificationMethods.browserClose(ProjectSpecificationMethods.java:21)
at base.ProjectSpecificationMethods.browserClose(ProjectSpecificationMethods.java:21)
at base.ProjectSpecificationMethods.browserClose(ProjectSpecificationMethods.java:21)
at base.ProjectSpecificationMethods.browserClose(ProjectSpecificationMethods.java:21)
at base.ProjectSpecificationMethods.browserClose(ProjectSpecificationMethods.java:21)
at base.ProjectSpecificationMethods.browserClose(ProjectSpecificationMethods.java:21)
at base.ProjectSpecificationMethods.browserClose(ProjectSpecificationMethods.java:21)
at base.ProjectSpecificationMethods.browserClose(ProjectSpecificationMethods.java:21)
at base.ProjectSpecificationMethods.browserClose(ProjectSpecificationMethods.java:21)
at base.ProjectSpecificationMethods.browserClose(ProjectSpecificationMethods.java:21)
at base.ProjectSpecificationMethods.browserClose(ProjectSpecificationMethods.java:21)
at base.ProjectSpecificationMethods.browserClose(ProjectSpecificationMethods.java:21)
at base.ProjectSpecificationMethods.browserClose(ProjectSpecificationMethods.java:21)
at base.ProjectSpecificationMethods.browserClose(ProjectSpecificationMethods.java:21)
at base.ProjectSpecificationMethods.browserClose(ProjectSpecificationMethods.java:21)
at base.ProjectSpecificationMethods.browserClose(ProjectSpecificationMethods.java:21)
at base.ProjectSpecificationMethods.browserClose(ProjectSpecificationMethods.java:21)
at base.ProjectSpecificationMethods.browserClose(ProjectSpecificationMethods.java:21)
at base.ProjectSpecificationMethods.browserClose(ProjectSpecificationMethods.java:21)
at base.ProjectSpecificationMethods.browserClose(ProjectSpecificationMethods.java:21)
at base.ProjectSpecificationMethods.browserClose(ProjectSpecificationMethods.java:21)
at base.ProjectSpecificationMethods.browserClose(ProjectSpecificationMethods.java:21)
at base.ProjectSpecificationMethods.browserClose(ProjectSpecificationMethods.java:21)
at base.ProjectSpecificationMethods.browserClose(ProjectSpecificationMethods.java:21)
at base.ProjectSpecificationMethods.browserClose(ProjectSpecificationMethods.java:21)
at base.ProjectSpecificationMethods.browserClose(ProjectSpecificationMethods.java:21)
at base.ProjectSpecificationMethods.browserClose(ProjectSpecificationMethods.java:21)
at base.ProjectSpecificationMethods.browserClose(ProjectSpecificationMethods.java:21)
at base.ProjectSpecificationMethods.browserClose(ProjectSpecificationMethods.java:21)
at base.ProjectSpecificationMethods.browserClose(ProjectSpecificationMethods.java:21)
at base.ProjectSpecificationMethods.browserClose(ProjectSpecificationMethods.java:21)
at base.ProjectSpecificationMethods.browserClose(ProjectSpecificationMethods.java:21)
at base.ProjectSpecificationMethods.browserClose(ProjectSpecificationMethods.java:21)
at base.ProjectSpecificationMethods.browserClose(ProjectSpecificationMethods.java:21)
at base.ProjectSpecificationMethods.browserClose(ProjectSpecificationMethods.java:21)
at base.ProjectSpecificationMethods.browserClose(ProjectSpecificationMethods.java:21)
at base.ProjectSpecificationMethods.browserClose(ProjectSpecificationMethods.java:21)
at base.ProjectSpecificationMethods.browserClose(ProjectSpecificationMethods.java:21)
at base.ProjectSpecificationMethods.browserClose(ProjectSpecificationMethods.java:21)
at base.ProjectSpecificationMethods.browserClose(ProjectSpecificationMethods.java:21)
at base.ProjectSpecificationMethods.browserClose(ProjectSpecificationMethods.java:21)
at base.ProjectSpecificationMethods.browserClose(ProjectSpecificationMethods.java:21)
at base.ProjectSpecificationMethods.browserClose(ProjectSpecificationMethods.java:21)
at base.ProjectSpecificationMethods.browserClose(ProjectSpecificationMethods.java:21)
at base.ProjectSpecificationMethods.browserClose(ProjectSpecificationMethods.java:21)
at base.ProjectSpecificationMethods.browserClose(ProjectSpecificationMethods.java:21)
at base.ProjectSpecificationMethods.browserClose(ProjectSpecificationMethods.java:21)
at base.ProjectSpecificationMethods.browserClose(ProjectSpecificationMethods.java:21)
at base.ProjectSpecificationMethods.browserClose(ProjectSpecificationMethods.java:21)
at base.ProjectSpecificationMethods.browserClose(ProjectSpecificationMethods.java:21)
at base.ProjectSpecificationMethods.browserClose(ProjectSpecificationMethods.java:21)
at base.ProjectSpecificationMethods.browserClose(ProjectSpecificationMethods.java:21)
at base.ProjectSpecificationMethods.browserClose(ProjectSpecificationMethods.java:21)
at base.ProjectSpecificationMethods.browserClose(ProjectSpecificationMethods.java:21)
at base.ProjectSpecificationMethods.browserClose(ProjectSpecificationMethods.java:21)
at base.ProjectSpecificationMethods.browserClose(ProjectSpecificationMethods.java:21)
at base.ProjectSpecificationMethods.browserClose(ProjectSpecificationMethods.java:21)
at base.ProjectSpecificationMethods.browserClose(ProjectSpecificationMethods.java:21)
at base.ProjectSpecificationMethods.browserClose(ProjectSpecificationMethods.java:21)
at base.ProjectSpecificationMethods.browserClose(ProjectSpecificationMethods.java:21)
at base.ProjectSpecificationMethods.browserClose(ProjectSpecificationMethods.java:21)
at base.ProjectSpecificationMethods.browserClose(ProjectSpecificationMethods.java:21)
at base.ProjectSpecificationMethods.browserClose(ProjectSpecificationMethods.java:21)
at base.ProjectSpecificationMethods.browserClose(ProjectSpecificationMethods.java:21)
at base.ProjectSpecificationMethods.browserClose(ProjectSpecificationMethods.java:21)
at base.ProjectSpecificationMethods.browserClose(ProjectSpecificationMethods.java:21)
at base.ProjectSpecificationMethods.browserClose(ProjectSpecificationMethods.java:21)
at base.ProjectSpecificationMethods.browserClose(ProjectSpecificationMethods.java:21)
at base.ProjectSpecificationMethods.browserClose(ProjectSpecificationMethods.java:21)
at base.ProjectSpecificationMethods.browserClose(ProjectSpecificationMethods.java:21)
at base.ProjectSpecificationMethods.browserClose(ProjectSpecificationMethods.java:21)
at base.ProjectSpecificationMethods.browserClose(ProjectSpecificationMethods.java:21)
at base.ProjectSpecificationMethods.browserClose(ProjectSpecificationMethods.java:21)
at base.ProjectSpecificationMethods.browserClose(ProjectSpecificationMethods.java:21)
at base.ProjectSpecificationMethods.browserClose(ProjectSpecificationMethods.java:21)
at base.ProjectSpecificationMethods.browserClose(ProjectSpecificationMethods.java:21)
at base.ProjectSpecificationMethods.browserClose(ProjectSpecificationMethods.java:21)
at base.ProjectSpecificationMethods.browserClose(ProjectSpecificationMethods.java:21)
at base.ProjectSpecificationMethods.browserClose(ProjectSpecificationMethods.java:21)
at base.ProjectSpecificationMethods.browserClose(ProjectSpecificationMethods.java:21)
at base.ProjectSpecificationMethods.browserClose(ProjectSpecificationMethods.java:21)
at base.ProjectSpecificationMethods.browserClose(ProjectSpecificationMethods.java:21)
at base.ProjectSpecificationMethods.browserClose(ProjectSpecificationMethods.java:21)
at base.ProjectSpecificationMethods.browserClose(ProjectSpecificationMethods.java:21)
at base.ProjectSpecificationMethods.browserClose(ProjectSpecificationMethods.java:21)
at base.ProjectSpecificationMethods.browserClose(ProjectSpecificationMethods.java:21)
at base.ProjectSpecificationMethods.browserClose(ProjectSpecificationMethods.java:21)
at base.ProjectSpecificationMethods.browserClose(ProjectSpecificationMethods.java:21)
at base.ProjectSpecificationMethods.browserClose(ProjectSpecificationMethods.java:21)
at base.ProjectSpecificationMethods.browserClose(ProjectSpecificationMethods.java:21)
at base.ProjectSpecificationMethods.browserClose(ProjectSpecificationMethods.java:21)
at base.ProjectSpecificationMethods.browserClose(ProjectSpecificationMethods.java:21)
at base.ProjectSpecificationMethods.browserClose(ProjectSpecificationMethods.java:21)
at base.ProjectSpecificationMethods.browserClose(ProjectSpecificationMethods.java:21)
at base.ProjectSpecificationMethods.browserClose(ProjectSpecificationMethods.java:21)
at base.ProjectSpecificationMethods.browserClose(ProjectSpecificationMethods.java:21)
at base.ProjectSpecificationMethods.browserClose(ProjectSpecificationMethods.java:21)
at base.ProjectSpecificationMethods.browserClose(ProjectSpecificationMethods.java:21)
at base.ProjectSpecificationMethods.browserClose(ProjectSpecificationMethods.java:21)
at base.ProjectSpecificationMethods.browserClose(ProjectSpecificationMethods.java:21)
at base.ProjectSpecificationMethods.browserClose(ProjectSpecificationMethods.java:21)
at base.ProjectSpecificationMethods.browserClose(ProjectSpecificationMethods.java:21)
at base.ProjectSpecificationMethods.browserClose(ProjectSpecificationMethods.java:21)
at base.ProjectSpecificationMethods.browserClose(ProjectSpecificationMethods.java:21)
at base.ProjectSpecificationMethods.browserClose(ProjectSpecificationMethods.java:21)
at base.ProjectSpecificationMethods.browserClose(ProjectSpecificationMethods.java:21)
at base.ProjectSpecificationMethods.browserClose(ProjectSpecificationMethods.java:21)
at base.ProjectSpecificationMethods.browserClose(ProjectSpecificationMethods.java:21)
at base.ProjectSpecificationMethods.browserClose(ProjectSpecificationMethods.java:21)
at base.ProjectSpecificationMethods.browserClose(ProjectSpecificationMethods.java:21)
at base.ProjectSpecificationMethods.browserClose(ProjectSpecificationMethods.java:21)
at base.ProjectSpecificationMethods.browserClose(ProjectSpecificationMethods.java:21)
at base.ProjectSpecificationMethods.browserClose(ProjectSpecificationMethods.java:21)
at base.ProjectSpecificationMethods.browserClose(ProjectSpecificationMethods.java:21)
at base.ProjectSpecificationMethods.browserClose(ProjectSpecificationMethods.java:21)
at base.ProjectSpecificationMethods.browserClose(ProjectSpecificationMethods.java:21)
at base.ProjectSpecificationMethods.browserClose(ProjectSpecificationMethods.java:21)
at base.ProjectSpecificationMethods.browserClose(ProjectSpecificationMethods.java:21)
at base.ProjectSpecificationMethods.browserClose(ProjectSpecificationMethods.java:21)
at base.ProjectSpecificationMethods.browserClose(ProjectSpecificationMethods.java:21)
at base.ProjectSpecificationMethods.browserClose(ProjectSpecificationMethods.java:21)
at base.ProjectSpecificationMethods.browserClose(ProjectSpecificationMethods.java:21)
at base.ProjectSpecificationMethods.browserClose(ProjectSpecificationMethods.java:21)
at base.ProjectSpecificationMethods.browserClose(ProjectSpecificationMethods.java:21)
at base.ProjectSpecificationMethods.browserClose(ProjectSpecificationMethods.java:21)
at base.ProjectSpecificationMethods.browserClose(ProjectSpecificationMethods.java:21)
at base.ProjectSpecificationMethods.browserClose(ProjectSpecificationMethods.java:21)
at base.ProjectSpecificationMethods.browserClose(ProjectSpecificationMethods.java:21)
at base.ProjectSpecificationMethods.browserClose(ProjectSpecificationMethods.java:21)
at base.ProjectSpecificationMethods.browserClose(ProjectSpecificationMethods.java:21)
at base.ProjectSpecificationMethods.browserClose(ProjectSpecificationMethods.java:21)
at base.ProjectSpecificationMethods.browserClose(ProjectSpecificationMethods.java:21)
at base.ProjectSpecificationMethods.browserClose(ProjectSpecificationMethods.java:21)
at base.ProjectSpecificationMethods.browserClose(ProjectSpecificationMethods.java:21)
at base.ProjectSpecificationMethods.browserClose(ProjectSpecificationMethods.java:21)
at base.ProjectSpecificationMethods.browserClose(ProjectSpecificationMethods.java:21)
at base.ProjectSpecificationMethods.browserClose(ProjectSpecificationMethods.java:21)
at base.ProjectSpecificationMethods.browserClose(ProjectSpecificationMethods.java:21)
at base.ProjectSpecificationMethods.browserClose(ProjectSpecificationMethods.java:21)
at base.ProjectSpecificationMethods.browserClose(ProjectSpecificationMethods.java:21)
at base.ProjectSpecificationMethods.browserClose(ProjectSpecificationMethods.java:21)
at base.ProjectSpecificationMethods.browserClose(ProjectSpecificationMethods.java:21)
at base.ProjectSpecificationMethods.browserClose(ProjectSpecificationMethods.java:21)
at base.ProjectSpecificationMethods.browserClose(ProjectSpecificationMethods.java:21)
at base.ProjectSpecificationMethods.browserClose(ProjectSpecificationMethods.java:21)
at base.ProjectSpecificationMethods.browserClose(ProjectSpecificationMethods.java:21)
at base.ProjectSpecificationMethods.browserClose(ProjectSpecificationMethods.java:21)
at base.ProjectSpecificationMethods.browserClose(ProjectSpecificationMethods.java:21)
at base.ProjectSpecificationMethods.browserClose(ProjectSpecificationMethods.java:21)
at base.ProjectSpecificationMethods.browserClose(ProjectSpecificationMethods.java:21)
at base.ProjectSpecificationMethods.browserClose(ProjectSpecificationMethods.java:21)
at base.ProjectSpecificationMethods.browserClose(ProjectSpecificationMethods.java:21)
at base.ProjectSpecificationMethods.browserClose(ProjectSpecificationMethods.java:21)
at base.ProjectSpecificationMethods.browserClose(ProjectSpecificationMethods.java:21)
at base.ProjectSpecificationMethods.browserClose(ProjectSpecificationMethods.java:21)
at base.ProjectSpecificationMethods.browserClose(ProjectSpecificationMethods.java:21)
at base.ProjectSpecificationMethods.browserClose(ProjectSpecificationMethods.java:21)
at base.ProjectSpecificationMethods.browserClose(ProjectSpecificationMethods.java:21)
at base.ProjectSpecificationMethods.browserClose(ProjectSpecificationMethods.java:21)
at base.ProjectSpecificationMethods.browserClose(ProjectSpecificationMethods.java:21)
at base.ProjectSpecificationMethods.browserClose(ProjectSpecificationMethods.java:21)
at base.ProjectSpecificationMethods.browserClose(ProjectSpecificationMethods.java:21)
at base.ProjectSpecificationMethods.browserClose(ProjectSpecificationMethods.java:21)
at base.ProjectSpecificationMethods.browserClose(ProjectSpecificationMethods.java:21)
at base.ProjectSpecificationMethods.browserClose(ProjectSpecificationMethods.java:21)
at base.ProjectSpecificationMethods.browserClose(ProjectSpecificationMethods.java:21)
at base.ProjectSpecificationMethods.browserClose(ProjectSpecificationMethods.java:21)
at base.ProjectSpecificationMethods.browserClose(ProjectSpecificationMethods.java:21)
at base.ProjectSpecificationMethods.browserClose(ProjectSpecificationMethods.java:21)
at base.ProjectSpecificationMethods.browserClose(ProjectSpecificationMethods.java:21)
at base.ProjectSpecificationMethods.browserClose(ProjectSpecificationMethods.java:21)
at base.ProjectSpecificationMethods.browserClose(ProjectSpecificationMethods.java:21)
at base.ProjectSpecificationMethods.browserClose(ProjectSpecificationMethods.java:21)
at base.ProjectSpecificationMethods.browserClose(ProjectSpecificationMethods.java:21)
at base.ProjectSpecificationMethods.browserClose(ProjectSpecificationMethods.java:21)
at base.ProjectSpecificationMethods.browserClose(ProjectSpecificationMethods.java:21)
at base.ProjectSpecificationMethods.browserClose(ProjectSpecificationMethods.java:21)
at base.ProjectSpecificationMethods.browserClose(ProjectSpecificationMethods.java:21)
at base.ProjectSpecificationMethods.browserClose(ProjectSpecificationMethods.java:21)
at base.ProjectSpecificationMethods.browserClose(ProjectSpecificationMethods.java:21)
at base.ProjectSpecificationMethods.browserClose(ProjectSpecificationMethods.java:21)
at base.ProjectSpecificationMethods.browserClose(ProjectSpecificationMethods.java:21)
at base.ProjectSpecificationMethods.browserClose(ProjectSpecificationMethods.java:21)
at base.ProjectSpecificationMethods.browserClose(ProjectSpecificationMethods.java:21)
at base.ProjectSpecificationMethods.browserClose(ProjectSpecificationMethods.java:21)
at base.ProjectSpecificationMethods.browserClose(ProjectSpecificationMethods.java:21)
at base.ProjectSpecificationMethods.browserClose(ProjectSpecificationMethods.java:21)
at base.ProjectSpecificationMethods.browserClose(ProjectSpecificationMethods.java:21)
at base.ProjectSpecificationMethods.browserClose(ProjectSpecificationMethods.java:21)
at base.ProjectSpecificationMethods.browserClose(ProjectSpecificationMethods.java:21)
at base.ProjectSpecificationMethods.browserClose(ProjectSpecificationMethods.java:21)
at base.ProjectSpecificationMethods.browserClose(ProjectSpecificationMethods.java:21)
at base.ProjectSpecificationMethods.browserClose(ProjectSpecificationMethods.java:21)
at base.ProjectSpecificationMethods.browserClose(ProjectSpecificationMethods.java:21)
at base.ProjectSpecificationMethods.browserClose(ProjectSpecificationMethods.java:21)
at base.ProjectSpecificationMethods.browserClose(ProjectSpecificationMethods.java:21)
at base.ProjectSpecificationMethods.browserClose(ProjectSpecificationMethods.java:21)
at base.ProjectSpecificationMethods.browserClose(ProjectSpecificationMethods.java:21)
at base.ProjectSpecificationMethods.browserClose(ProjectSpecificationMethods.java:21)
at base.ProjectSpecificationMethods.browserClose(ProjectSpecificationMethods.java:21)
at base.ProjectSpecificationMethods.browserClose(ProjectSpecificationMethods.java:21)
at base.ProjectSpecificationMethods.browserClose(ProjectSpecificationMethods.java:21)
at base.ProjectSpecificationMethods.browserClose(ProjectSpecificationMethods.java:21)
at base.ProjectSpecificationMethods.browserClose(ProjectSpecificationMethods.java:21)
at base.ProjectSpecificationMethods.browserClose(ProjectSpecificationMethods.java:21)
at base.ProjectSpecificationMethods.browserClose(ProjectSpecificationMethods.java:21)
at base.ProjectSpecificationMethods.browserClose(ProjectSpecificationMethods.java:21)
at base.ProjectSpecificationMethods.browserClose(ProjectSpecificationMethods.java:21)
at base.ProjectSpecificationMethods.browserClose(ProjectSpecificationMethods.java:21)
at base.ProjectSpecificationMethods.browserClose(ProjectSpecificationMethods.java:21)
at base.ProjectSpecificationMethods.browserClose(ProjectSpecificationMethods.java:21)
at base.ProjectSpecificationMethods.browserClose(ProjectSpecificationMethods.java:21)
at base.ProjectSpecificationMethods.browserClose(ProjectSpecificationMethods.java:21)
at base.ProjectSpecificationMethods.browserClose(ProjectSpecificationMethods.java:21)
at base.ProjectSpecificationMethods.browserClose(ProjectSpecificationMethods.java:21)
at base.ProjectSpecificationMethods.browserClose(ProjectSpecificationMethods.java:21)
at base.ProjectSpecificationMethods.browserClose(ProjectSpecificationMethods.java:21)
at base.ProjectSpecificationMethods.browserClose(ProjectSpecificationMethods.java:21)
at base.ProjectSpecificationMethods.browserClose(ProjectSpecificationMethods.java:21)
at base.ProjectSpecificationMethods.browserClose(ProjectSpecificationMethods.java:21)
at base.ProjectSpecificationMethods.browserClose(ProjectSpecificationMethods.java:21)
at base.ProjectSpecificationMethods.browserClose(ProjectSpecificationMethods.java:21)
at base.ProjectSpecificationMethods.browserClose(ProjectSpecificationMethods.java:21)
at base.ProjectSpecificationMethods.browserClose(ProjectSpecificationMethods.java:21)
at base.ProjectSpecificationMethods.browserClose(ProjectSpecificationMethods.java:21)
at base.ProjectSpecificationMethods.browserClose(ProjectSpecificationMethods.java:21)
at base.ProjectSpecificationMethods.browserClose(ProjectSpecificationMethods.java:21)
at base.ProjectSpecificationMethods.browserClose(ProjectSpecificationMethods.java:21)
at base.ProjectSpecificationMethods.browserClose(ProjectSpecificationMethods.java:21)
at base.ProjectSpecificationMethods.browserClose(ProjectSpecificationMethods.java:21)
at base.ProjectSpecificationMethods.browserClose(ProjectSpecificationMethods.java:21)
at base.ProjectSpecificationMethods.browserClose(ProjectSpecificationMethods.java:21)
at base.ProjectSpecificationMethods.browserClose(ProjectSpecificationMethods.java:21)
at base.ProjectSpecificationMethods.browserClose(ProjectSpecificationMethods.java:21)
at base.ProjectSpecificationMethods.browserClose(ProjectSpecificationMethods.java:21)
at base.ProjectSpecificationMethods.browserClose(ProjectSpecificationMethods.java:21)
at base.ProjectSpecificationMethods.browserClose(ProjectSpecificationMethods.java:21)
at base.ProjectSpecificationMethods.browserClose(ProjectSpecificationMethods.java:21)
at base.ProjectSpecificationMethods.browserClose(ProjectSpecificationMethods.java:21)
at base.ProjectSpecificationMethods.browserClose(ProjectSpecificationMethods.java:21)
at base.ProjectSpecificationMethods.browserClose(ProjectSpecificationMethods.java:21)
at base.ProjectSpecificationMethods.browserClose(ProjectSpecificationMethods.java:21)
at base.ProjectSpecificationMethods.browserClose(ProjectSpecificationMethods.java:21)
at base.ProjectSpecificationMethods.browserClose(ProjectSpecificationMethods.java:21)
at base.ProjectSpecificationMethods.browserClose(ProjectSpecificationMethods.java:21)
at base.ProjectSpecificationMethods.browserClose(ProjectSpecificationMethods.java:21)
at base.ProjectSpecificationMethods.browserClose(ProjectSpecificationMethods.java:21)
at base.ProjectSpecificationMethods.browserClose(ProjectSpecificationMethods.java:21)
at base.ProjectSpecificationMethods.browserClose(ProjectSpecificationMethods.java:21)
at base.ProjectSpecificationMethods.browserClose(ProjectSpecificationMethods.java:21)
at base.ProjectSpecificationMethods.browserClose(ProjectSpecificationMethods.java:21)
at base.ProjectSpecificationMethods.browserClose(ProjectSpecificationMethods.java:21)
at base.ProjectSpecificationMethods.browserClose(ProjectSpecificationMethods.java:21)
at base.ProjectSpecificationMethods.browserClose(ProjectSpecificationMethods.java:21)
at base.ProjectSpecificationMethods.browserClose(ProjectSpecificationMethods.java:21)
at base.ProjectSpecificationMethods.browserClose(ProjectSpecificationMethods.java:21)
at base.ProjectSpecificationMethods.browserClose(ProjectSpecificationMethods.java:21)
at base.ProjectSpecificationMethods.browserClose(ProjectSpecificationMethods.java:21)
at base.ProjectSpecificationMethods.browserClose(ProjectSpecificationMethods.java:21)
at base.ProjectSpecificationMethods.browserClose(ProjectSpecificationMethods.java:21)
at base.ProjectSpecificationMethods.browserClose(ProjectSpecificationMethods.java:21)
at base.ProjectSpecificationMethods.browserClose(ProjectSpecificationMethods.java:21)
at base.ProjectSpecificationMethods.browserClose(ProjectSpecificationMethods.java:21)
at base.ProjectSpecificationMethods.browserClose(ProjectSpecificationMethods.java:21)
at base.ProjectSpecificationMethods.browserClose(ProjectSpecificationMethods.java:21)
at base.ProjectSpecificationMethods.browserClose(ProjectSpecificationMethods.java:21)
at base.ProjectSpecificationMethods.browserClose(ProjectSpecificationMethods.java:21)
at base.ProjectSpecificationMethods.browserClose(ProjectSpecificationMethods.java:21)
at base.ProjectSpecificationMethods.browserClose(ProjectSpecificationMethods.java:21)
at base.ProjectSpecificationMethods.browserClose(ProjectSpecificationMethods.java:21)
at base.ProjectSpecificationMethods.browserClose(ProjectSpecificationMethods.java:21)
at base.ProjectSpecificationMethods.browserClose(ProjectSpecificationMethods.java:21)
at base.ProjectSpecificationMethods.browserClose(ProjectSpecificationMethods.java:21)
at base.ProjectSpecificationMethods.browserClose(ProjectSpecificationMethods.java:21)
at base.ProjectSpecificationMethods.browserClose(ProjectSpecificationMethods.java:21)
at base.ProjectSpecificationMethods.browserClose(ProjectSpecificationMethods.java:21)
at base.ProjectSpecificationMethods.browserClose(ProjectSpecificationMethods.java:21)
at base.ProjectSpecificationMethods.browserClose(ProjectSpecificationMethods.java:21)
at base.ProjectSpecificationMethods.browserClose(ProjectSpecificationMethods.java:21)
at base.ProjectSpecificationMethods.browserClose(ProjectSpecificationMethods.java:21)
at base.ProjectSpecificationMethods.browserClose(ProjectSpecificationMethods.java:21)
at base.ProjectSpecificationMethods.browserClose(ProjectSpecificationMethods.java:21)
at base.ProjectSpecificationMethods.browserClose(ProjectSpecificationMethods.java:21)
at base.ProjectSpecificationMethods.browserClose(ProjectSpecificationMethods.java:21)
at base.ProjectSpecificationMethods.browserClose(ProjectSpecificationMethods.java:21)
at base.ProjectSpecificationMethods.browserClose(ProjectSpecificationMethods.java:21)
at base.ProjectSpecificationMethods.browserClose(ProjectSpecificationMethods.java:21)
at base.ProjectSpecificationMethods.browserClose(ProjectSpecificationMethods.java:21)
at base.ProjectSpecificationMethods.browserClose(ProjectSpecificationMethods.java:21)
at base.ProjectSpecificationMethods.browserClose(ProjectSpecificationMethods.java:21)
at base.ProjectSpecificationMethods.browserClose(ProjectSpecificationMethods.java:21)
at base.ProjectSpecificationMethods.browserClose(ProjectSpecificationMethods.java:21)
at base.ProjectSpecificationMethods.browserClose(ProjectSpecificationMethods.java:21)
at base.ProjectSpecificationMethods.browserClose(ProjectSpecificationMethods.java:21)
at base.ProjectSpecificationMethods.browserClose(ProjectSpecificationMethods.java:21)
at base.ProjectSpecificationMethods.browserClose(ProjectSpecificationMethods.java:21)
at base.ProjectSpecificationMethods.browserClose(ProjectSpecificationMethods.java:21)
at base.ProjectSpecificationMethods.browserClose(ProjectSpecificationMethods.java:21)
at base.ProjectSpecificationMethods.browserClose(ProjectSpecificationMethods.java:21)
at base.ProjectSpecificationMethods.browserClose(ProjectSpecificationMethods.java:21)
at base.ProjectSpecificationMethods.browserClose(ProjectSpecificationMethods.java:21)
at base.ProjectSpecificationMethods.browserClose(ProjectSpecificationMethods.java:21)
at base.ProjectSpecificationMethods.browserClose(ProjectSpecificationMethods.java:21)
at base.ProjectSpecificationMethods.browserClose(ProjectSpecificationMethods.java:21)
at base.ProjectSpecificationMethods.browserClose(ProjectSpecificationMethods.java:21)
at base.ProjectSpecificationMethods.browserClose(ProjectSpecificationMethods.java:21)
at base.ProjectSpecificationMethods.browserClose(ProjectSpecificationMethods.java:21)
at base.ProjectSpecificationMethods.browserClose(ProjectSpecificationMethods.java:21)
at base.ProjectSpecificationMethods.browserClose(ProjectSpecificationMethods.java:21)
at base.ProjectSpecificationMethods.browserClose(ProjectSpecificationMethods.java:21)
at base.ProjectSpecificationMethods.browserClose(ProjectSpecificationMethods.java:21)
at base.ProjectSpecificationMethods.browserClose(ProjectSpecificationMethods.java:21)
at base.ProjectSpecificationMethods.browserClose(ProjectSpecificationMethods.java:21)
at base.ProjectSpecificationMethods.browserClose(ProjectSpecificationMethods.java:21)
at base.ProjectSpecificationMethods.browserClose(ProjectSpecificationMethods.java:21)
at base.ProjectSpecificationMethods.browserClose(ProjectSpecificationMethods.java:21)
at base.ProjectSpecificationMethods.browserClose(ProjectSpecificationMethods.java:21)
at base.ProjectSpecificationMethods.browserClose(ProjectSpecificationMethods.java:21)
at base.ProjectSpecificationMethods.browserClose(ProjectSpecificationMethods.java:21)
at base.ProjectSpecificationMethods.browserClose(ProjectSpecificationMethods.java:21)
at base.ProjectSpecificationMethods.browserClose(ProjectSpecificationMethods.java:21)
at base.ProjectSpecificationMethods.browserClose(ProjectSpecificationMethods.java:21)
at base.ProjectSpecificationMethods.browserClose(ProjectSpecificationMethods.java:21)
at base.ProjectSpecificationMethods.browserClose(ProjectSpecificationMethods.java:21)
at base.ProjectSpecificationMethods.browserClose(ProjectSpecificationMethods.java:21)
at base.ProjectSpecificationMethods.browserClose(ProjectSpecificationMethods.java:21)
at base.ProjectSpecificationMethods.browserClose(ProjectSpecificationMethods.java:21)
at base.ProjectSpecificationMethods.browserClose(ProjectSpecificationMethods.java:21)
at base.ProjectSpecificationMethods.browserClose(ProjectSpecificationMethods.java:21)
at base.ProjectSpecificationMethods.browserClose(ProjectSpecificationMethods.java:21)
at base.ProjectSpecificationMethods.browserClose(ProjectSpecificationMethods.java:21)
at base.ProjectSpecificationMethods.browserClose(ProjectSpecificationMethods.java:21)
at base.ProjectSpecificationMethods.browserClose(ProjectSpecificationMethods.java:21)
at base.ProjectSpecificationMethods.browserClose(ProjectSpecificationMethods.java:21)
at base.ProjectSpecificationMethods.browserClose(ProjectSpecificationMethods.java:21)
at base.ProjectSpecificationMethods.browserClose(ProjectSpecificationMethods.java:21)
at base.ProjectSpecificationMethods.browserClose(ProjectSpecificationMethods.java:21)
at base.ProjectSpecificationMethods.browserClose(ProjectSpecificationMethods.java:21)
at base.ProjectSpecificationMethods.browserClose(ProjectSpecificationMethods.java:21)
at base.ProjectSpecificationMethods.browserClose(ProjectSpecificationMethods.java:21)
at base.ProjectSpecificationMethods.browserClose(ProjectSpecificationMethods.java:21)
at base.ProjectSpecificationMethods.browserClose(ProjectSpecificationMethods.java:21)
at base.ProjectSpecificationMethods.browserClose(ProjectSpecificationMethods.java:21)
at base.ProjectSpecificationMethods.browserClose(ProjectSpecificationMethods.java:21)
at base.ProjectSpecificationMethods.browserClose(ProjectSpecificationMethods.java:21)
at base.ProjectSpecificationMethods.browserClose(ProjectSpecificationMethods.java:21)
at base.ProjectSpecificationMethods.browserClose(ProjectSpecificationMethods.java:21)
at base.ProjectSpecificationMethods.browserClose(ProjectSpecificationMethods.java:21)
at base.ProjectSpecificationMethods.browserClose(ProjectSpecificationMethods.java:21)
at base.ProjectSpecificationMethods.browserClose(ProjectSpecificationMethods.java:21)
at base.ProjectSpecificationMethods.browserClose(ProjectSpecificationMethods.java:21)
at base.ProjectSpecificationMethods.browserClose(ProjectSpecificationMethods.java:21)
at base.ProjectSpecificationMethods.browserClose(ProjectSpecificationMethods.java:21)
at base.ProjectSpecificationMethods.browserClose(ProjectSpecificationMethods.java:21)
at base.ProjectSpecificationMethods.browserClose(ProjectSpecificationMethods.java:21)
at base.ProjectSpecificationMethods.browserClose(ProjectSpecificationMethods.java:21)
at base.ProjectSpecificationMethods.browserClose(ProjectSpecificationMethods.java:21)
at base.ProjectSpecificationMethods.browserClose(ProjectSpecificationMethods.java:21)
at base.ProjectSpecificationMethods.browserClose(ProjectSpecificationMethods.java:21)
at base.ProjectSpecificationMethods.browserClose(ProjectSpecificationMethods.java:21)
at base.ProjectSpecificationMethods.browserClose(ProjectSpecificationMethods.java:21)
at base.ProjectSpecificationMethods.browserClose(ProjectSpecificationMethods.java:21)
at base.ProjectSpecificationMethods.browserClose(ProjectSpecificationMethods.java:21)
at base.ProjectSpecificationMethods.browserClose(ProjectSpecificationMethods.java:21)
at base.ProjectSpecificationMethods.browserClose(ProjectSpecificationMethods.java:21)
at base.ProjectSpecificationMethods.browserClose(ProjectSpecificationMethods.java:21)
at base.ProjectSpecificationMethods.browserClose(ProjectSpecificationMethods.java:21)
at base.ProjectSpecificationMethods.browserClose(ProjectSpecificationMethods.java:21)
at base.ProjectSpecificationMethods.browserClose(ProjectSpecificationMethods.java:21)
at base.ProjectSpecificationMethods.browserClose(ProjectSpecificationMethods.java:21)
at base.ProjectSpecificationMethods.browserClose(ProjectSpecificationMethods.java:21)
at base.ProjectSpecificationMethods.browserClose(ProjectSpecificationMethods.java:21)
at base.ProjectSpecificationMethods.browserClose(ProjectSpecificationMethods.java:21)
at base.ProjectSpecificationMethods.browserClose(ProjectSpecificationMethods.java:21)
at base.ProjectSpecificationMethods.browserClose(ProjectSpecificationMethods.java:21)
at base.ProjectSpecificationMethods.browserClose(ProjectSpecificationMethods.java:21)
at base.ProjectSpecificationMethods.browserClose(ProjectSpecificationMethods.java:21)
at base.ProjectSpecificationMethods.browserClose(ProjectSpecificationMethods.java:21)
at base.ProjectSpecificationMethods.browserClose(ProjectSpecificationMethods.java:21)
at base.ProjectSpecificationMethods.browserClose(ProjectSpecificationMethods.java:21)
at base.ProjectSpecificationMethods.browserClose(ProjectSpecificationMethods.java:21)
at base.ProjectSpecificationMethods.browserClose(ProjectSpecificationMethods.java:21)
at base.ProjectSpecificationMethods.browserClose(ProjectSpecificationMethods.java:21)
at base.ProjectSpecificationMethods.browserClose(ProjectSpecificationMethods.java:21)
at base.ProjectSpecificationMethods.browserClose(ProjectSpecificationMethods.java:21)
at base.ProjectSpecificationMethods.browserClose(ProjectSpecificationMethods.java:21)
at base.ProjectSpecificationMethods.browserClose(ProjectSpecificationMethods.java:21)
at base.ProjectSpecificationMethods.browserClose(ProjectSpecificationMethods.java:21)
at base.ProjectSpecificationMethods.browserClose(ProjectSpecificationMethods.java:21)
at base.ProjectSpecificationMethods.browserClose(ProjectSpecificationMethods.java:21)
at base.ProjectSpecificationMethods.browserClose(ProjectSpecificationMethods.java:21)
at base.ProjectSpecificationMethods.browserClose(ProjectSpecificationMethods.java:21)
at base.ProjectSpecificationMethods.browserClose(ProjectSpecificationMethods.java:21)
at base.ProjectSpecificationMethods.browserClose(ProjectSpecificationMethods.java:21)
at base.ProjectSpecificationMethods.browserClose(ProjectSpecificationMethods.java:21)
at base.ProjectSpecificationMethods.browserClose(ProjectSpecificationMethods.java:21)
at base.ProjectSpecificationMethods.browserClose(ProjectSpecificationMethods.java:21)
at base.ProjectSpecificationMethods.browserClose(ProjectSpecificationMethods.java:21)
at base.ProjectSpecificationMethods.browserClose(ProjectSpecificationMethods.java:21)
at base.ProjectSpecificationMethods.browserClose(ProjectSpecificationMethods.java:21)
at base.ProjectSpecificationMethods.browserClose(ProjectSpecificationMethods.java:21)
at base.ProjectSpecificationMethods.browserClose(ProjectSpecificationMethods.java:21)
at base.ProjectSpecificationMethods.browserClose(ProjectSpecificationMethods.java:21)
at base.ProjectSpecificationMethods.browserClose(ProjectSpecificationMethods.java:21)
at base.ProjectSpecificationMethods.browserClose(ProjectSpecificationMethods.java:21)
at base.ProjectSpecificationMethods.browserClose(ProjectSpecificationMethods.java:21)
at base.ProjectSpecificationMethods.browserClose(ProjectSpecificationMethods.java:21)
at base.ProjectSpecificationMethods.browserClose(ProjectSpecificationMethods.java:21)
at base.ProjectSpecificationMethods.browserClose(ProjectSpecificationMethods.java:21)
at base.ProjectSpecificationMethods.browserClose(ProjectSpecificationMethods.java:21)
at base.ProjectSpecificationMethods.browserClose(ProjectSpecificationMethods.java:21)
at base.ProjectSpecificationMethods.browserClose(ProjectSpecificationMethods.java:21)
at base.ProjectSpecificationMethods.browserClose(ProjectSpecificationMethods.java:21)
at base.ProjectSpecificationMethods.browserClose(ProjectSpecificationMethods.java:21)
at base.ProjectSpecificationMethods.browserClose(ProjectSpecificationMethods.java:21)
at base.ProjectSpecificationMethods.browserClose(ProjectSpecificationMethods.java:21)
at base.ProjectSpecificationMethods.browserClose(ProjectSpecificationMethods.java:21)
at base.ProjectSpecificationMethods.browserClose(ProjectSpecificationMethods.java:21)
at base.ProjectSpecificationMethods.browserClose(ProjectSpecificationMethods.java:21)
at base.ProjectSpecificationMethods.browserClose(ProjectSpecificationMethods.java:21)
at base.ProjectSpecificationMethods.browserClose(ProjectSpecificationMethods.java:21)
at base.ProjectSpecificationMethods.browserClose(ProjectSpecificationMethods.java:21)
at base.ProjectSpecificationMethods.browserClose(ProjectSpecificationMethods.java:21)
at base.ProjectSpecificationMethods.browserClose(ProjectSpecificationMethods.java:21)
at base.ProjectSpecificationMethods.browserClose(ProjectSpecificationMethods.java:21)
at base.ProjectSpecificationMethods.browserClose(ProjectSpecificationMethods.java:21)
at base.ProjectSpecificationMethods.browserClose(ProjectSpecificationMethods.java:21)
at base.ProjectSpecificationMethods.browserClose(ProjectSpecificationMethods.java:21)
at base.ProjectSpecificationMethods.browserClose(ProjectSpecificationMethods.java:21)
at base.ProjectSpecificationMethods.browserClose(ProjectSpecificationMethods.java:21)
at base.ProjectSpecificationMethods.browserClose(ProjectSpecificationMethods.java:21)
at base.ProjectSpecificationMethods.browserClose(ProjectSpecificationMethods.java:21)
at base.ProjectSpecificationMethods.browserClose(ProjectSpecificationMethods.java:21)
at base.ProjectSpecificationMethods.browserClose(ProjectSpecificationMethods.java:21)
at base.ProjectSpecificationMethods.browserClose(ProjectSpecificationMethods.java:21)
at base.ProjectSpecificationMethods.browserClose(ProjectSpecificationMethods.java:21)
at base.ProjectSpecificationMethods.browserClose(ProjectSpecificationMethods.java:21)
at base.ProjectSpecificationMethods.browserClose(ProjectSpecificationMethods.java:21)
at base.ProjectSpecificationMethods.browserClose(ProjectSpecificationMethods.java:21)
at base.ProjectSpecificationMethods.browserClose(ProjectSpecificationMethods.java:21)
at base.ProjectSpecificationMethods.browserClose(ProjectSpecificationMethods.java:21)
at base.ProjectSpecificationMethods.browserClose(ProjectSpecificationMethods.java:21)
at base.ProjectSpecificationMethods.browserClose(ProjectSpecificationMethods.java:21)
at base.ProjectSpecificationMethods.browserClose(ProjectSpecificationMethods.java:21)
at base.ProjectSpecificationMethods.browserClose(ProjectSpecificationMethods.java:21)
at base.ProjectSpecificationMethods.browserClose(ProjectSpecificationMethods.java:21)
at base.ProjectSpecificationMethods.browserClose(ProjectSpecificationMethods.java:21)
at base.ProjectSpecificationMethods.browserClose(ProjectSpecificationMethods.java:21)
at base.ProjectSpecificationMethods.browserClose(ProjectSpecificationMethods.java:21)
at base.ProjectSpecificationMethods.browserClose(ProjectSpecificationMethods.java:21)
at base.ProjectSpecificationMethods.browserClose(ProjectSpecificationMethods.java:21)
at base.ProjectSpecificationMethods.browserClose(ProjectSpecificationMethods.java:21)
at base.ProjectSpecificationMethods.browserClose(ProjectSpecificationMethods.java:21)
at base.ProjectSpecificationMethods.browserClose(ProjectSpecificationMethods.java:21)
at base.ProjectSpecificationMethods.browserClose(ProjectSpecificationMethods.java:21)
at base.ProjectSpecificationMethods.browserClose(ProjectSpecificationMethods.java:21)
at base.ProjectSpecificationMethods.browserClose(ProjectSpecificationMethods.java:21)
at base.ProjectSpecificationMethods.browserClose(ProjectSpecificationMethods.java:21)
at base.ProjectSpecificationMethods.browserClose(ProjectSpecificationMethods.java:21)
at base.ProjectSpecificationMethods.browserClose(ProjectSpecificationMethods.java:21)
at base.ProjectSpecificationMethods.browserClose(ProjectSpecificationMethods.java:21)
at base.ProjectSpecificationMethods.browserClose(ProjectSpecificationMethods.java:21)
at base.ProjectSpecificationMethods.browserClose(ProjectSpecificationMethods.java:21)
at base.ProjectSpecificationMethods.browserClose(ProjectSpecificationMethods.java:21)
at base.ProjectSpecificationMethods.browserClose(ProjectSpecificationMethods.java:21)
at base.ProjectSpecificationMethods.browserClose(ProjectSpecificationMethods.java:21)
at base.ProjectSpecificationMethods.browserClose(ProjectSpecificationMethods.java:21)
at base.ProjectSpecificationMethods.browserClose(ProjectSpecificationMethods.java:21)
at base.ProjectSpecificationMethods.browserClose(ProjectSpecificationMethods.java:21)
at base.ProjectSpecificationMethods.browserClose(ProjectSpecificationMethods.java:21)
at base.ProjectSpecificationMethods.browserClose(ProjectSpecificationMethods.java:21)
at base.ProjectSpecificationMethods.browserClose(ProjectSpecificationMethods.java:21)
at base.ProjectSpecificationMethods.browserClose(ProjectSpecificationMethods.java:21)
at base.ProjectSpecificationMethods.browserClose(ProjectSpecificationMethods.java:21)
at base.ProjectSpecificationMethods.browserClose(ProjectSpecificationMethods.java:21)
at base.ProjectSpecificationMethods.browserClose(ProjectSpecificationMethods.java:21)
at base.ProjectSpecificationMethods.browserClose(ProjectSpecificationMethods.java:21)
at base.ProjectSpecificationMethods.browserClose(ProjectSpecificationMethods.java:21)
at base.ProjectSpecificationMethods.browserClose(ProjectSpecificationMethods.java:21)
at base.ProjectSpecificationMethods.browserClose(ProjectSpecificationMethods.java:21)
at base.ProjectSpecificationMethods.browserClose(ProjectSpecificationMethods.java:21)
at base.ProjectSpecificationMethods.browserClose(ProjectSpecificationMethods.java:21)
at base.ProjectSpecificationMethods.browserClose(ProjectSpecificationMethods.java:21)
at base.ProjectSpecificationMethods.browserClose(ProjectSpecificationMethods.java:21)
at base.ProjectSpecificationMethods.browserClose(ProjectSpecificationMethods.java:21)
at base.ProjectSpecificationMethods.browserClose(ProjectSpecificationMethods.java:21)
at base.ProjectSpecificationMethods.browserClose(ProjectSpecificationMethods.java:21)
at base.ProjectSpecificationMethods.browserClose(ProjectSpecificationMethods.java:21)
at base.ProjectSpecificationMethods.browserClose(ProjectSpecificationMethods.java:21)
at base.ProjectSpecificationMethods.browserClose(ProjectSpecificationMethods.java:21)
at base.ProjectSpecificationMethods.browserClose(ProjectSpecificationMethods.java:21)
at base.ProjectSpecificationMethods.browserClose(ProjectSpecificationMethods.java:21)
at base.ProjectSpecificationMethods.browserClose(ProjectSpecificationMethods.java:21)
at base.ProjectSpecificationMethods.browserClose(ProjectSpecificationMethods.java:21)
at base.ProjectSpecificationMethods.browserClose(ProjectSpecificationMethods.java:21)
at base.ProjectSpecificationMethods.browserClose(ProjectSpecificationMethods.java:21)
at base.ProjectSpecificationMethods.browserClose(ProjectSpecificationMethods.java:21)
at base.ProjectSpecificationMethods.browserClose(ProjectSpecificationMethods.java:21)
at base.ProjectSpecificationMethods.browserClose(ProjectSpecificationMethods.java:21)
at base.ProjectSpecificationMethods.browserClose(ProjectSpecificationMethods.java:21)
at base.ProjectSpecificationMethods.browserClose(ProjectSpecificationMethods.java:21)
at base.ProjectSpecificationMethods.browserClose(ProjectSpecificationMethods.java:21)
at base.ProjectSpecificationMethods.browserClose(ProjectSpecificationMethods.java:21)
at base.ProjectSpecificationMethods.browserClose(ProjectSpecificationMethods.java:21)
at base.ProjectSpecificationMethods.browserClose(ProjectSpecificationMethods.java:21)
at base.ProjectSpecificationMethods.browserClose(ProjectSpecificationMethods.java:21)
at base.ProjectSpecificationMethods.browserClose(ProjectSpecificationMethods.java:21)
at base.ProjectSpecificationMethods.browserClose(ProjectSpecificationMethods.java:21)
at base.ProjectSpecificationMethods.browserClose(ProjectSpecificationMethods.java:21)
at base.ProjectSpecificationMethods.browserClose(ProjectSpecificationMethods.java:21)
at base.ProjectSpecificationMethods.browserClose(ProjectSpecificationMethods.java:21)
at base.ProjectSpecificationMethods.browserClose(ProjectSpecificationMethods.java:21)
at base.ProjectSpecificationMethods.browserClose(ProjectSpecificationMethods.java:21)
at base.ProjectSpecificationMethods.browserClose(ProjectSpecificationMethods.java:21)
at base.ProjectSpecificationMethods.browserClose(ProjectSpecificationMethods.java:21)
at base.ProjectSpecificationMethods.browserClose(ProjectSpecificationMethods.java:21)
at base.ProjectSpecificationMethods.browserClose(ProjectSpecificationMethods.java:21)
at base.ProjectSpecificationMethods.browserClose(ProjectSpecificationMethods.java:21)
at base.ProjectSpecificationMethods.browserClose(ProjectSpecificationMethods.java:21)
at base.ProjectSpecificationMethods.browserClose(ProjectSpecificationMethods.java:21)
at base.ProjectSpecificationMethods.browserClose(ProjectSpecificationMethods.java:21)
at base.ProjectSpecificationMethods.browserClose(ProjectSpecificationMethods.java:21)
at base.ProjectSpecificationMethods.browserClose(ProjectSpecificationMethods.java:21)
at base.ProjectSpecificationMethods.browserClose(ProjectSpecificationMethods.java:21)
at base.ProjectSpecificationMethods.browserClose(ProjectSpecificationMethods.java:21)
at base.ProjectSpecificationMethods.browserClose(ProjectSpecificationMethods.java:21)
at base.ProjectSpecificationMethods.browserClose(ProjectSpecificationMethods.java:21)
at base.ProjectSpecificationMethods.browserClose(ProjectSpecificationMethods.java:21)
at base.ProjectSpecificationMethods.browserClose(ProjectSpecificationMethods.java:21)
at base.ProjectSpecificationMethods.browserClose(ProjectSpecificationMethods.java:21)
at base.ProjectSpecificationMethods.browserClose(ProjectSpecificationMethods.java:21)
at base.ProjectSpecificationMethods.browserClose(ProjectSpecificationMethods.java:21)
at base.ProjectSpecificationMethods.browserClose(ProjectSpecificationMethods.java:21)
at base.ProjectSpecificationMethods.browserClose(ProjectSpecificationMethods.java:21)
at base.ProjectSpecificationMethods.browserClose(ProjectSpecificationMethods.java:21)
at base.ProjectSpecificationMethods.browserClose(ProjectSpecificationMethods.java:21)
at base.ProjectSpecificationMethods.browserClose(ProjectSpecificationMethods.java:21)
at base.ProjectSpecificationMethods.browserClose(ProjectSpecificationMethods.java:21)
at base.ProjectSpecificationMethods.browserClose(ProjectSpecificationMethods.java:21)
at base.ProjectSpecificationMethods.browserClose(ProjectSpecificationMethods.java:21)
at base.ProjectSpecificationMethods.browserClose(ProjectSpecificationMethods.java:21)
at base.ProjectSpecificationMethods.browserClose(ProjectSpecificationMethods.java:21)
at base.ProjectSpecificationMethods.browserClose(ProjectSpecificationMethods.java:21)
at base.ProjectSpecificationMethods.browserClose(ProjectSpecificationMethods.java:21)
at base.ProjectSpecificationMethods.browserClose(ProjectSpecificationMethods.java:21)
at base.ProjectSpecificationMethods.browserClose(ProjectSpecificationMethods.java:21)
at base.ProjectSpecificationMethods.browserClose(ProjectSpecificationMethods.java:21)
at base.ProjectSpecificationMethods.browserClose(ProjectSpecificationMethods.java:21)
at base.ProjectSpecificationMethods.browserClose(ProjectSpecificationMethods.java:21)
at base.ProjectSpecificationMethods.browserClose(ProjectSpecificationMethods.java:21)
at base.ProjectSpecificationMethods.browserClose(ProjectSpecificationMethods.java:21)
at base.ProjectSpecificationMethods.browserClose(ProjectSpecificationMethods.java:21)
at base.ProjectSpecificationMethods.browserClose(ProjectSpecificationMethods.java:21)
at base.ProjectSpecificationMethods.browserClose(ProjectSpecificationMethods.java:21)
at base.ProjectSpecificationMethods.browserClose(ProjectSpecificationMethods.java:21)
at base.ProjectSpecificationMethods.browserClose(ProjectSpecificationMethods.java:21)
at base.ProjectSpecificationMethods.browserClose(ProjectSpecificationMethods.java:21)
at base.ProjectSpecificationMethods.browserClose(ProjectSpecificationMethods.java:21)
at base.ProjectSpecificationMethods.browserClose(ProjectSpecificationMethods.java:21)
at base.ProjectSpecificationMethods.browserClose(ProjectSpecificationMethods.java:21)
at base.ProjectSpecificationMethods.browserClose(ProjectSpecificationMethods.java:21)
at base.ProjectSpecificationMethods.browserClose(ProjectSpecificationMethods.java:21)
at base.ProjectSpecificationMethods.browserClose(ProjectSpecificationMethods.java:21)
at base.ProjectSpecificationMethods.browserClose(ProjectSpecificationMethods.java:21)
at base.ProjectSpecificationMethods.browserClose(ProjectSpecificationMethods.java:21)
at base.ProjectSpecificationMethods.browserClose(ProjectSpecificationMethods.java:21)
at base.ProjectSpecificationMethods.browserClose(ProjectSpecificationMethods.java:21)
at base.ProjectSpecificationMethods.browserClose(ProjectSpecificationMethods.java:21)
at base.ProjectSpecificationMethods.browserClose(ProjectSpecificationMethods.java:21)
at base.ProjectSpecificationMethods.browserClose(ProjectSpecificationMethods.java:21)
at base.ProjectSpecificationMethods.browserClose(ProjectSpecificationMethods.java:21)
at base.ProjectSpecificationMethods.browserClose(ProjectSpecificationMethods.java:21)
at base.ProjectSpecificationMethods.browserClose(ProjectSpecificationMethods.java:21)
at base.ProjectSpecificationMethods.browserClose(ProjectSpecificationMethods.java:21)
at base.ProjectSpecificationMethods.browserClose(ProjectSpecificationMethods.java:21)
at base.ProjectSpecificationMethods.browserClose(ProjectSpecificationMethods.java:21)
at base.ProjectSpecificationMethods.browserClose(ProjectSpecificationMethods.java:21)
at base.ProjectSpecificationMethods.browserClose(ProjectSpecificationMethods.java:21)
at base.ProjectSpecificationMethods.browserClose(ProjectSpecificationMethods.java:21)
at base.ProjectSpecificationMethods.browserClose(ProjectSpecificationMethods.java:21)
at base.ProjectSpecificationMethods.browserClose(ProjectSpecificationMethods.java:21)
at base.ProjectSpecificationMethods.browserClose(ProjectSpecificationMethods.java:21)
at base.ProjectSpecificationMethods.browserClose(ProjectSpecificationMethods.java:21)
at base.ProjectSpecificationMethods.browserClose(ProjectSpecificationMethods.java:21)
at base.ProjectSpecificationMethods.browserClose(ProjectSpecificationMethods.java:21)
at base.ProjectSpecificationMethods.browserClose(ProjectSpecificationMethods.java:21)
at base.ProjectSpecificationMethods.browserClose(ProjectSpecificationMethods.java:21)
at base.ProjectSpecificationMethods.browserClose(ProjectSpecificationMethods.java:21)
at base.ProjectSpecificationMethods.browserClose(ProjectSpecificationMethods.java:21)
at base.ProjectSpecificationMethods.browserClose(ProjectSpecificationMethods.java:21)
at base.ProjectSpecificationMethods.browserClose(ProjectSpecificationMethods.java:21)
at base.ProjectSpecificationMethods.browserClose(ProjectSpecificationMethods.java:21)
at base.ProjectSpecificationMethods.browserClose(ProjectSpecificationMethods.java:21)
at base.ProjectSpecificationMethods.browserClose(ProjectSpecificationMethods.java:21)
at base.ProjectSpecificationMethods.browserClose(ProjectSpecificationMethods.java:21)
at base.ProjectSpecificationMethods.browserClose(ProjectSpecificationMethods.java:21)
at base.ProjectSpecificationMethods.browserClose(ProjectSpecificationMethods.java:21)
at base.ProjectSpecificationMethods.browserClose(ProjectSpecificationMethods.java:21)
at base.ProjectSpecificationMethods.browserClose(ProjectSpecificationMethods.java:21)
at base.ProjectSpecificationMethods.browserClose(ProjectSpecificationMethods.java:21)
at base.ProjectSpecificationMethods.browserClose(ProjectSpecificationMethods.java:21)
at base.ProjectSpecificationMethods.browserClose(ProjectSpecificationMethods.java:21)
at base.ProjectSpecificationMethods.browserClose(ProjectSpecificationMethods.java:21)
at base.ProjectSpecificationMethods.browserClose(ProjectSpecificationMethods.java:21)
at base.ProjectSpecificationMethods.browserClose(ProjectSpecificationMethods.java:21)
at base.ProjectSpecificationMethods.browserClose(ProjectSpecificationMethods.java:21)
at base.ProjectSpecificationMethods.browserClose(ProjectSpecificationMethods.java:21)
at base.ProjectSpecificationMethods.browserClose(ProjectSpecificationMethods.java:21)
at base.ProjectSpecificationMethods.browserClose(ProjectSpecificationMethods.java:21)
at base.ProjectSpecificationMethods.browserClose(ProjectSpecificationMethods.java:21)
at base.ProjectSpecificationMethods.browserClose(ProjectSpecificationMethods.java:21)
at base.ProjectSpecificationMethods.browserClose(ProjectSpecificationMethods.java:21)
at base.ProjectSpecificationMethods.browserClose(ProjectSpecificationMethods.java:21)
at base.ProjectSpecificationMethods.browserClose(ProjectSpecificationMethods.java:21)
at base.ProjectSpecificationMethods.browserClose(ProjectSpecificationMethods.java:21)
at base.ProjectSpecificationMethods.browserClose(ProjectSpecificationMethods.java:21)
at base.ProjectSpecificationMethods.browserClose(ProjectSpecificationMethods.java:21)
at base.ProjectSpecificationMethods.browserClose(ProjectSpecificationMethods.java:21)
at base.ProjectSpecificationMethods.browserClose(ProjectSpecificationMethods.java:21)
at base.ProjectSpecificationMethods.browserClose(ProjectSpecificationMethods.java:21)
at base.ProjectSpecificationMethods.browserClose(ProjectSpecificationMethods.java:21)
at base.ProjectSpecificationMethods.browserClose(ProjectSpecificationMethods.java:21)
at base.ProjectSpecificationMethods.browserClose(ProjectSpecificationMethods.java:21)
at base.ProjectSpecificationMethods.browserClose(ProjectSpecificationMethods.java:21)
at base.ProjectSpecificationMethods.browserClose(ProjectSpecificationMethods.java:21)
at base.ProjectSpecificationMethods.browserClose(ProjectSpecificationMethods.java:21)
at base.ProjectSpecificationMethods.browserClose(ProjectSpecificationMethods.java:21)
at base.ProjectSpecificationMethods.browserClose(ProjectSpecificationMethods.java:21)
at base.ProjectSpecificationMethods.browserClose(ProjectSpecificationMethods.java:21)
at base.ProjectSpecificationMethods.browserClose(ProjectSpecificationMethods.java:21)
at base.ProjectSpecificationMethods.browserClose(ProjectSpecificationMethods.java:21)
at base.ProjectSpecificationMethods.browserClose(ProjectSpecificationMethods.java:21)
at base.ProjectSpecificationMethods.browserClose(ProjectSpecificationMethods.java:21)
at base.ProjectSpecificationMethods.browserClose(ProjectSpecificationMethods.java:21)
at base.ProjectSpecificationMethods.browserClose(ProjectSpecificationMethods.java:21)
at base.ProjectSpecificationMethods.browserClose(ProjectSpecificationMethods.java:21)
at base.ProjectSpecificationMethods.browserClose(ProjectSpecificationMethods.java:21)
at base.ProjectSpecificationMethods.browserClose(ProjectSpecificationMethods.java:21)
at base.ProjectSpecificationMethods.browserClose(ProjectSpecificationMethods.java:21)
at base.ProjectSpecificationMethods.browserClose(ProjectSpecificationMethods.java:21)
at base.ProjectSpecificationMethods.browserClose(ProjectSpecificationMethods.java:21)
at base.ProjectSpecificationMethods.browserClose(ProjectSpecificationMethods.java:21)
at base.ProjectSpecificationMethods.browserClose(ProjectSpecificationMethods.java:21)
at base.ProjectSpecificationMethods.browserClose(ProjectSpecificationMethods.java:21)
at base.ProjectSpecificationMethods.browserClose(ProjectSpecificationMethods.java:21)
at base.ProjectSpecificationMethods.browserClose(ProjectSpecificationMethods.java:21)
at base.ProjectSpecificationMethods.browserClose(ProjectSpecificationMethods.java:21)
at base.ProjectSpecificationMethods.browserClose(ProjectSpecificationMethods.java:21)
at base.ProjectSpecificationMethods.browserClose(ProjectSpecificationMethods.java:21)
at base.ProjectSpecificationMethods.browserClose(ProjectSpecificationMethods.java:21)
at base.ProjectSpecificationMethods.browserClose(ProjectSpecificationMethods.java:21)
at base.ProjectSpecificationMethods.browserClose(ProjectSpecificationMethods.java:21)
at base.ProjectSpecificationMethods.browserClose(ProjectSpecificationMethods.java:21)
at base.ProjectSpecificationMethods.browserClose(ProjectSpecificationMethods.java:21)
at base.ProjectSpecificationMethods.browserClose(ProjectSpecificationMethods.java:21)
at base.ProjectSpecificationMethods.browserClose(ProjectSpecificationMethods.java:21)
at base.ProjectSpecificationMethods.browserClose(ProjectSpecificationMethods.java:21)
at base.ProjectSpecificationMethods.browserClose(ProjectSpecificationMethods.java:21)
at base.ProjectSpecificationMethods.browserClose(ProjectSpecificationMethods.java:21)
at base.ProjectSpecificationMethods.browserClose(ProjectSpecificationMethods.java:21)
at base.ProjectSpecificationMethods.browserClose(ProjectSpecificationMethods.java:21)
at base.ProjectSpecificationMethods.browserClose(ProjectSpecificationMethods.java:21)
at base.ProjectSpecificationMethods.browserClose(ProjectSpecificationMethods.java:21)
at base.ProjectSpecificationMethods.browserClose(ProjectSpecificationMethods.java:21)
at base.ProjectSpecificationMethods.browserClose(ProjectSpecificationMethods.java:21)
at base.ProjectSpecificationMethods.browserClose(ProjectSpecificationMethods.java:21)
at base.ProjectSpecificationMethods.browserClose(ProjectSpecificationMethods.java:21)
at base.ProjectSpecificationMethods.browserClose(ProjectSpecificationMethods.java:21)
at base.ProjectSpecificationMethods.browserClose(ProjectSpecificationMethods.java:21)
at base.ProjectSpecificationMethods.browserClose(ProjectSpecificationMethods.java:21)
at base.ProjectSpecificationMethods.browserClose(ProjectSpecificationMethods.java:21)
at base.ProjectSpecificationMethods.browserClose(ProjectSpecificationMethods.java:21)
at base.ProjectSpecificationMethods.browserClose(ProjectSpecificationMethods.java:21)
at base.ProjectSpecificationMethods.browserClose(ProjectSpecificationMethods.java:21)
at base.ProjectSpecificationMethods.browserClose(ProjectSpecificationMethods.java:21)
at base.ProjectSpecificationMethods.browserClose(ProjectSpecificationMethods.java:21)
at base.ProjectSpecificationMethods.browserClose(ProjectSpecificationMethods.java:21)
at base.ProjectSpecificationMethods.browserClose(ProjectSpecificationMethods.java:21)
at base.ProjectSpecificationMethods.browserClose(ProjectSpecificationMethods.java:21)
at base.ProjectSpecificationMethods.browserClose(ProjectSpecificationMethods.java:21)
at base.ProjectSpecificationMethods.browserClose(ProjectSpecificationMethods.java:21)
at base.ProjectSpecificationMethods.browserClose(ProjectSpecificationMethods.java:21)
at base.ProjectSpecificationMethods.browserClose(ProjectSpecificationMethods.java:21)
at base.ProjectSpecificationMethods.browserClose(ProjectSpecificationMethods.java:21)
at base.ProjectSpecificationMethods.browserClose(ProjectSpecificationMethods.java:21)
at base.ProjectSpecificationMethods.browserClose(ProjectSpecificationMethods.java:21)
at base.ProjectSpecificationMethods.browserClose(ProjectSpecificationMethods.java:21)
at base.ProjectSpecificationMethods.browserClose(ProjectSpecificationMethods.java:21)
at base.ProjectSpecificationMethods.browserClose(ProjectSpecificationMethods.java:21)
at base.ProjectSpecificationMethods.browserClose(ProjectSpecificationMethods.java:21)
at base.ProjectSpecificationMethods.browserClose(ProjectSpecificationMethods.java:21)
at base.ProjectSpecificationMethods.browserClose(ProjectSpecificationMethods.java:21)
at base.ProjectSpecificationMethods.browserClose(ProjectSpecificationMethods.java:21)
at base.ProjectSpecificationMethods.browserClose(ProjectSpecificationMethods.java:21)
at base.ProjectSpecificationMethods.browserClose(ProjectSpecificationMethods.java:21)
at base.ProjectSpecificationMethods.browserClose(ProjectSpecificationMethods.java:21)
at base.ProjectSpecificationMethods.browserClose(ProjectSpecificationMethods.java:21)
at base.ProjectSpecificationMethods.browserClose(ProjectSpecificationMethods.java:21)
at base.ProjectSpecificationMethods.browserClose(ProjectSpecificationMethods.java:21)
at base.ProjectSpecificationMethods.browserClose(ProjectSpecificationMethods.java:21)
at base.ProjectSpecificationMethods.browserClose(ProjectSpecificationMethods.java:21)
at base.ProjectSpecificationMethods.browserClose(ProjectSpecificationMethods.java:21)
at base.ProjectSpecificationMethods.browserClose(ProjectSpecificationMethods.java:21)
at base.ProjectSpecificationMethods.browserClose(ProjectSpecificationMethods.java:21)
at base.ProjectSpecificationMethods.browserClose(ProjectSpecificationMethods.java:21)
at base.ProjectSpecificationMethods.browserClose(ProjectSpecificationMethods.java:21)
at base.ProjectSpecificationMethods.browserClose(ProjectSpecificationMethods.java:21)
at base.ProjectSpecificationMethods.browserClose(ProjectSpecificationMethods.java:21)
at base.ProjectSpecificationMethods.browserClose(ProjectSpecificationMethods.java:21)
at base.ProjectSpecificationMethods.browserClose(ProjectSpecificationMethods.java:21)
at base.ProjectSpecificationMethods.browserClose(ProjectSpecificationMethods.java:21)
at base.ProjectSpecificationMethods.browserClose(ProjectSpecificationMethods.java:21)
at base.ProjectSpecificationMethods.browserClose(ProjectSpecificationMethods.java:21)
at base.ProjectSpecificationMethods.browserClose(ProjectSpecificationMethods.java:21)
at base.ProjectSpecificationMethods.browserClose(ProjectSpecificationMethods.java:21)
at base.ProjectSpecificationMethods.browserClose(ProjectSpecificationMethods.java:21)
at base.ProjectSpecificationMethods.browserClose(ProjectSpecificationMethods.java:21)
at base.ProjectSpecificationMethods.browserClose(ProjectSpecificationMethods.java:21)
at base.ProjectSpecificationMethods.browserClose(ProjectSpecificationMethods.java:21)
at base.ProjectSpecificationMethods.browserClose(ProjectSpecificationMethods.java:21)
at base.ProjectSpecificationMethods.browserClose(ProjectSpecificationMethods.java:21)
at base.ProjectSpecificationMethods.browserClose(ProjectSpecificationMethods.java:21)
at base.ProjectSpecificationMethods.browserClose(ProjectSpecificationMethods.java:21)
at base.ProjectSpecificationMethods.browserClose(ProjectSpecificationMethods.java:21)
at base.ProjectSpecificationMethods.browserClose(ProjectSpecificationMethods.java:21)
at base.ProjectSpecificationMethods.browserClose(ProjectSpecificationMethods.java:21)
at base.ProjectSpecificationMethods.browserClose(ProjectSpecificationMethods.java:21)
at base.ProjectSpecificationMethods.browserClose(ProjectSpecificationMethods.java:21)
at base.ProjectSpecificationMethods.browserClose(ProjectSpecificationMethods.java:21)
at base.ProjectSpecificationMethods.browserClose(ProjectSpecificationMethods.java:21)
at base.ProjectSpecificationMethods.browserClose(ProjectSpecificationMethods.java:21)
at base.ProjectSpecificationMethods.browserClose(ProjectSpecificationMethods.java:21)
at base.ProjectSpecificationMethods.browserClose(ProjectSpecificationMethods.java:21)
at base.ProjectSpecificationMethods.browserClose(ProjectSpecificationMethods.java:21)
at base.ProjectSpecificationMethods.browserClose(ProjectSpecificationMethods.java:21)
at base.ProjectSpecificationMethods.browserClose(ProjectSpecificationMethods.java:21)
at base.ProjectSpecificationMethods.browserClose(ProjectSpecificationMethods.java:21)
at base.ProjectSpecificationMethods.browserClose(ProjectSpecificationMethods.java:21)
at base.ProjectSpecificationMethods.browserClose(ProjectSpecificationMethods.java:21)
at base.ProjectSpecificationMethods.browserClose(ProjectSpecificationMethods.java:21)
at base.ProjectSpecificationMethods.browserClose(ProjectSpecificationMethods.java:21)
at base.ProjectSpecificationMethods.browserClose(ProjectSpecificationMethods.java:21)
at base.ProjectSpecificationMethods.browserClose(ProjectSpecificationMethods.java:21)
at base.ProjectSpecificationMethods.browserClose(ProjectSpecificationMethods.java:21)
at base.ProjectSpecificationMethods.browserClose(ProjectSpecificationMethods.java:21)
at base.ProjectSpecificationMethods.browserClose(ProjectSpecificationMethods.java:21)
at base.ProjectSpecificationMethods.browserClose(ProjectSpecificationMethods.java:21)
at base.ProjectSpecificationMethods.browserClose(ProjectSpecificationMethods.java:21)
at base.ProjectSpecificationMethods.browserClose(ProjectSpecificationMethods.java:21)
at base.ProjectSpecificationMethods.browserClose(ProjectSpecificationMethods.java:21)
at base.ProjectSpecificationMethods.browserClose(ProjectSpecificationMethods.java:21)
at base.ProjectSpecificationMethods.browserClose(ProjectSpecificationMethods.java:21)
at base.ProjectSpecificationMethods.browserClose(ProjectSpecificationMethods.java:21)
at base.ProjectSpecificationMethods.browserClose(ProjectSpecificationMethods.java:21)
at base.ProjectSpecificationMethods.browserClose(ProjectSpecificationMethods.java:21)
at base.ProjectSpecificationMethods.browserClose(ProjectSpecificationMethods.java:21)
at base.ProjectSpecificationMethods.browserClose(ProjectSpecificationMethods.java:21)
at base.ProjectSpecificationMethods.browserClose(ProjectSpecificationMethods.java:21)
at base.ProjectSpecificationMethods.browserClose(ProjectSpecificationMethods.java:21)
at base.ProjectSpecificationMethods.browserClose(ProjectSpecificationMethods.java:21)
at base.ProjectSpecificationMethods.browserClose(ProjectSpecificationMethods.java:21)
at base.ProjectSpecificationMethods.browserClose(ProjectSpecificationMethods.java:21)
at base.ProjectSpecificationMethods.browserClose(ProjectSpecificationMethods.java:21)
at base.ProjectSpecificationMethods.browserClose(ProjectSpecificationMethods.java:21)
at base.ProjectSpecificationMethods.browserClose(ProjectSpecificationMethods.java:21)
at base.ProjectSpecificationMethods.browserClose(ProjectSpecificationMethods.java:21)
at base.ProjectSpecificationMethods.browserClose(ProjectSpecificationMethods.java:21)
at base.ProjectSpecificationMethods.browserClose(ProjectSpecificationMethods.java:21)
at base.ProjectSpecificationMethods.browserClose(ProjectSpecificationMethods.java:21)
at base.ProjectSpecificationMethods.browserClose(ProjectSpecificationMethods.java:21)
at base.ProjectSpecificationMethods.browserClose(ProjectSpecificationMethods.java:21)
at base.ProjectSpecificationMethods.browserClose(ProjectSpecificationMethods.java:21)
at base.ProjectSpecificationMethods.browserClose(ProjectSpecificationMethods.java:21)
at base.ProjectSpecificationMethods.browserClose(ProjectSpecificationMethods.java:21)
at base.ProjectSpecificationMethods.browserClose(ProjectSpecificationMethods.java:21)
at base.ProjectSpecificationMethods.browserClose(ProjectSpecificationMethods.java:21)
at base.ProjectSpecificationMethods.browserClose(ProjectSpecificationMethods.java:21)
at base.ProjectSpecificationMethods.browserClose(ProjectSpecificationMethods.java:21)
at base.ProjectSpecificationMethods.browserClose(ProjectSpecificationMethods.java:21)
at base.ProjectSpecificationMethods.browserClose(ProjectSpecificationMethods.java:21)
at base.ProjectSpecificationMethods.browserClose(ProjectSpecificationMethods.java:21)
at base.ProjectSpecificationMethods.browserClose(ProjectSpecificationMethods.java:21)
at base.ProjectSpecificationMethods.browserClose(ProjectSpecificationMethods.java:21)
at base.ProjectSpecificationMethods.browserClose(ProjectSpecificationMethods.java:21)
at base.ProjectSpecificationMethods.browserClose(ProjectSpecificationMethods.java:21)
at base.ProjectSpecificationMethods.browserClose(ProjectSpecificationMethods.java:21)
at base.ProjectSpecificationMethods.browserClose(ProjectSpecificationMethods.java:21)
at base.ProjectSpecificationMethods.browserClose(ProjectSpecificationMethods.java:21)
at base.ProjectSpecificationMethods.browserClose(ProjectSpecificationMethods.java:21)
at base.ProjectSpecificationMethods.browserClose(ProjectSpecificationMethods.java:21)
at base.ProjectSpecificationMethods.browserClose(ProjectSpecificationMethods.java:21)
at base.ProjectSpecificationMethods.browserClose(ProjectSpecificationMethods.java:21)
at base.ProjectSpecificationMethods.browserClose(ProjectSpecificationMethods.java:21)
at base.ProjectSpecificationMethods.browserClose(ProjectSpecificationMethods.java:21)
at base.ProjectSpecificationMethods.browserClose(ProjectSpecificationMethods.java:21)
at base.ProjectSpecificationMethods.browserClose(ProjectSpecificationMethods.java:21)
at base.ProjectSpecificationMethods.browserClose(ProjectSpecificationMethods.java:21)
at base.ProjectSpecificationMethods.browserClose(ProjectSpecificationMethods.java:21)
at base.ProjectSpecificationMethods.browserClose(ProjectSpecificationMethods.java:21)
at base.ProjectSpecificationMethods.browserClose(ProjectSpecificationMethods.java:21)
at base.ProjectSpecificationMethods.browserClose(ProjectSpecificationMethods.java:21)
at base.ProjectSpecificationMethods.browserClose(ProjectSpecificationMethods.java:21)
at base.ProjectSpecificationMethods.browserClose(ProjectSpecificationMethods.java:21)
at base.ProjectSpecificationMethods.browserClose(ProjectSpecificationMethods.java:21)
at base.ProjectSpecificationMethods.browserClose(ProjectSpecificationMethods.java:21)
at base.ProjectSpecificationMethods.browserClose(ProjectSpecificationMethods.java:21)
at base.ProjectSpecificationMethods.browserClose(ProjectSpecificationMethods.java:21)
at base.ProjectSpecificationMethods.browserClose(ProjectSpecificationMethods.java:21)
at base.ProjectSpecificationMethods.browserClose(ProjectSpecificationMethods.java:21)
at base.ProjectSpecificationMethods.browserClose(ProjectSpecificationMethods.java:21)
at base.ProjectSpecificationMethods.browserClose(ProjectSpecificationMethods.java:21)
at base.ProjectSpecificationMethods.browserClose(ProjectSpecificationMethods.java:21)
at base.ProjectSpecificationMethods.browserClose(ProjectSpecificationMethods.java:21)
]]>
    </error>
  </testcase> <!-- browserClose -->
  <system-out/>
  <testcase classname="test.TC_008_ChangePassword" name="browserClose" time="0.017">
    <error type="java.lang.StackOverflowError">
      <![CDATA[java.lang.StackOverflowError
at base.ProjectSpecificationMethods.browserClose(ProjectSpecificationMethods.java:21)
at base.ProjectSpecificationMethods.browserClose(ProjectSpecificationMethods.java:21)
at base.ProjectSpecificationMethods.browserClose(ProjectSpecificationMethods.java:21)
at base.ProjectSpecificationMethods.browserClose(ProjectSpecificationMethods.java:21)
at base.ProjectSpecificationMethods.browserClose(ProjectSpecificationMethods.java:21)
at base.ProjectSpecificationMethods.browserClose(ProjectSpecificationMethods.java:21)
at base.ProjectSpecificationMethods.browserClose(ProjectSpecificationMethods.java:21)
at base.ProjectSpecificationMethods.browserClose(ProjectSpecificationMethods.java:21)
at base.ProjectSpecificationMethods.browserClose(ProjectSpecificationMethods.java:21)
at base.ProjectSpecificationMethods.browserClose(ProjectSpecificationMethods.java:21)
at base.ProjectSpecificationMethods.browserClose(ProjectSpecificationMethods.java:21)
at base.ProjectSpecificationMethods.browserClose(ProjectSpecificationMethods.java:21)
at base.ProjectSpecificationMethods.browserClose(ProjectSpecificationMethods.java:21)
at base.ProjectSpecificationMethods.browserClose(ProjectSpecificationMethods.java:21)
at base.ProjectSpecificationMethods.browserClose(ProjectSpecificationMethods.java:21)
at base.ProjectSpecificationMethods.browserClose(ProjectSpecificationMethods.java:21)
at base.ProjectSpecificationMethods.browserClose(ProjectSpecificationMethods.java:21)
at base.ProjectSpecificationMethods.browserClose(ProjectSpecificationMethods.java:21)
at base.ProjectSpecificationMethods.browserClose(ProjectSpecificationMethods.java:21)
at base.ProjectSpecificationMethods.browserClose(ProjectSpecificationMethods.java:21)
at base.ProjectSpecificationMethods.browserClose(ProjectSpecificationMethods.java:21)
at base.ProjectSpecificationMethods.browserClose(ProjectSpecificationMethods.java:21)
at base.ProjectSpecificationMethods.browserClose(ProjectSpecificationMethods.java:21)
at base.ProjectSpecificationMethods.browserClose(ProjectSpecificationMethods.java:21)
at base.ProjectSpecificationMethods.browserClose(ProjectSpecificationMethods.java:21)
at base.ProjectSpecificationMethods.browserClose(ProjectSpecificationMethods.java:21)
at base.ProjectSpecificationMethods.browserClose(ProjectSpecificationMethods.java:21)
at base.ProjectSpecificationMethods.browserClose(ProjectSpecificationMethods.java:21)
at base.ProjectSpecificationMethods.browserClose(ProjectSpecificationMethods.java:21)
at base.ProjectSpecificationMethods.browserClose(ProjectSpecificationMethods.java:21)
at base.ProjectSpecificationMethods.browserClose(ProjectSpecificationMethods.java:21)
at base.ProjectSpecificationMethods.browserClose(ProjectSpecificationMethods.java:21)
at base.ProjectSpecificationMethods.browserClose(ProjectSpecificationMethods.java:21)
at base.ProjectSpecificationMethods.browserClose(ProjectSpecificationMethods.java:21)
at base.ProjectSpecificationMethods.browserClose(ProjectSpecificationMethods.java:21)
at base.ProjectSpecificationMethods.browserClose(ProjectSpecificationMethods.java:21)
at base.ProjectSpecificationMethods.browserClose(ProjectSpecificationMethods.java:21)
at base.ProjectSpecificationMethods.browserClose(ProjectSpecificationMethods.java:21)
at base.ProjectSpecificationMethods.browserClose(ProjectSpecificationMethods.java:21)
at base.ProjectSpecificationMethods.browserClose(ProjectSpecificationMethods.java:21)
at base.ProjectSpecificationMethods.browserClose(ProjectSpecificationMethods.java:21)
at base.ProjectSpecificationMethods.browserClose(ProjectSpecificationMethods.java:21)
at base.ProjectSpecificationMethods.browserClose(ProjectSpecificationMethods.java:21)
at base.ProjectSpecificationMethods.browserClose(ProjectSpecificationMethods.java:21)
at base.ProjectSpecificationMethods.browserClose(ProjectSpecificationMethods.java:21)
at base.ProjectSpecificationMethods.browserClose(ProjectSpecificationMethods.java:21)
at base.ProjectSpecificationMethods.browserClose(ProjectSpecificationMethods.java:21)
at base.ProjectSpecificationMethods.browserClose(ProjectSpecificationMethods.java:21)
at base.ProjectSpecificationMethods.browserClose(ProjectSpecificationMethods.java:21)
at base.ProjectSpecificationMethods.browserClose(ProjectSpecificationMethods.java:21)
at base.ProjectSpecificationMethods.browserClose(ProjectSpecificationMethods.java:21)
at base.ProjectSpecificationMethods.browserClose(ProjectSpecificationMethods.java:21)
at base.ProjectSpecificationMethods.browserClose(ProjectSpecificationMethods.java:21)
at base.ProjectSpecificationMethods.browserClose(ProjectSpecificationMethods.java:21)
at base.ProjectSpecificationMethods.browserClose(ProjectSpecificationMethods.java:21)
at base.ProjectSpecificationMethods.browserClose(ProjectSpecificationMethods.java:21)
at base.ProjectSpecificationMethods.browserClose(ProjectSpecificationMethods.java:21)
at base.ProjectSpecificationMethods.browserClose(ProjectSpecificationMethods.java:21)
at base.ProjectSpecificationMethods.browserClose(ProjectSpecificationMethods.java:21)
at base.ProjectSpecificationMethods.browserClose(ProjectSpecificationMethods.java:21)
at base.ProjectSpecificationMethods.browserClose(ProjectSpecificationMethods.java:21)
at base.ProjectSpecificationMethods.browserClose(ProjectSpecificationMethods.java:21)
at base.ProjectSpecificationMethods.browserClose(ProjectSpecificationMethods.java:21)
at base.ProjectSpecificationMethods.browserClose(ProjectSpecificationMethods.java:21)
at base.ProjectSpecificationMethods.browserClose(ProjectSpecificationMethods.java:21)
at base.ProjectSpecificationMethods.browserClose(ProjectSpecificationMethods.java:21)
at base.ProjectSpecificationMethods.browserClose(ProjectSpecificationMethods.java:21)
at base.ProjectSpecificationMethods.browserClose(ProjectSpecificationMethods.java:21)
at base.ProjectSpecificationMethods.browserClose(ProjectSpecificationMethods.java:21)
at base.ProjectSpecificationMethods.browserClose(ProjectSpecificationMethods.java:21)
at base.ProjectSpecificationMethods.browserClose(ProjectSpecificationMethods.java:21)
at base.ProjectSpecificationMethods.browserClose(ProjectSpecificationMethods.java:21)
at base.ProjectSpecificationMethods.browserClose(ProjectSpecificationMethods.java:21)
at base.ProjectSpecificationMethods.browserClose(ProjectSpecificationMethods.java:21)
at base.ProjectSpecificationMethods.browserClose(ProjectSpecificationMethods.java:21)
at base.ProjectSpecificationMethods.browserClose(ProjectSpecificationMethods.java:21)
at base.ProjectSpecificationMethods.browserClose(ProjectSpecificationMethods.java:21)
at base.ProjectSpecificationMethods.browserClose(ProjectSpecificationMethods.java:21)
at base.ProjectSpecificationMethods.browserClose(ProjectSpecificationMethods.java:21)
at base.ProjectSpecificationMethods.browserClose(ProjectSpecificationMethods.java:21)
at base.ProjectSpecificationMethods.browserClose(ProjectSpecificationMethods.java:21)
at base.ProjectSpecificationMethods.browserClose(ProjectSpecificationMethods.java:21)
at base.ProjectSpecificationMethods.browserClose(ProjectSpecificationMethods.java:21)
at base.ProjectSpecificationMethods.browserClose(ProjectSpecificationMethods.java:21)
at base.ProjectSpecificationMethods.browserClose(ProjectSpecificationMethods.java:21)
at base.ProjectSpecificationMethods.browserClose(ProjectSpecificationMethods.java:21)
at base.ProjectSpecificationMethods.browserClose(ProjectSpecificationMethods.java:21)
at base.ProjectSpecificationMethods.browserClose(ProjectSpecificationMethods.java:21)
at base.ProjectSpecificationMethods.browserClose(ProjectSpecificationMethods.java:21)
at base.ProjectSpecificationMethods.browserClose(ProjectSpecificationMethods.java:21)
at base.ProjectSpecificationMethods.browserClose(ProjectSpecificationMethods.java:21)
at base.ProjectSpecificationMethods.browserClose(ProjectSpecificationMethods.java:21)
at base.ProjectSpecificationMethods.browserClose(ProjectSpecificationMethods.java:21)
at base.ProjectSpecificationMethods.browserClose(ProjectSpecificationMethods.java:21)
at base.ProjectSpecificationMethods.browserClose(ProjectSpecificationMethods.java:21)
at base.ProjectSpecificationMethods.browserClose(ProjectSpecificationMethods.java:21)
at base.ProjectSpecificationMethods.browserClose(ProjectSpecificationMethods.java:21)
at base.ProjectSpecificationMethods.browserClose(ProjectSpecificationMethods.java:21)
at base.ProjectSpecificationMethods.browserClose(ProjectSpecificationMethods.java:21)
at base.ProjectSpecificationMethods.browserClose(ProjectSpecificationMethods.java:21)
at base.ProjectSpecificationMethods.browserClose(ProjectSpecificationMethods.java:21)
at base.ProjectSpecificationMethods.browserClose(ProjectSpecificationMethods.java:21)
at base.ProjectSpecificationMethods.browserClose(ProjectSpecificationMethods.java:21)
at base.ProjectSpecificationMethods.browserClose(ProjectSpecificationMethods.java:21)
at base.ProjectSpecificationMethods.browserClose(ProjectSpecificationMethods.java:21)
at base.ProjectSpecificationMethods.browserClose(ProjectSpecificationMethods.java:21)
at base.ProjectSpecificationMethods.browserClose(ProjectSpecificationMethods.java:21)
at base.ProjectSpecificationMethods.browserClose(ProjectSpecificationMethods.java:21)
at base.ProjectSpecificationMethods.browserClose(ProjectSpecificationMethods.java:21)
at base.ProjectSpecificationMethods.browserClose(ProjectSpecificationMethods.java:21)
at base.ProjectSpecificationMethods.browserClose(ProjectSpecificationMethods.java:21)
at base.ProjectSpecificationMethods.browserClose(ProjectSpecificationMethods.java:21)
at base.ProjectSpecificationMethods.browserClose(ProjectSpecificationMethods.java:21)
at base.ProjectSpecificationMethods.browserClose(ProjectSpecificationMethods.java:21)
at base.ProjectSpecificationMethods.browserClose(ProjectSpecificationMethods.java:21)
at base.ProjectSpecificationMethods.browserClose(ProjectSpecificationMethods.java:21)
at base.ProjectSpecificationMethods.browserClose(ProjectSpecificationMethods.java:21)
at base.ProjectSpecificationMethods.browserClose(ProjectSpecificationMethods.java:21)
at base.ProjectSpecificationMethods.browserClose(ProjectSpecificationMethods.java:21)
at base.ProjectSpecificationMethods.browserClose(ProjectSpecificationMethods.java:21)
at base.ProjectSpecificationMethods.browserClose(ProjectSpecificationMethods.java:21)
at base.ProjectSpecificationMethods.browserClose(ProjectSpecificationMethods.java:21)
at base.ProjectSpecificationMethods.browserClose(ProjectSpecificationMethods.java:21)
at base.ProjectSpecificationMethods.browserClose(ProjectSpecificationMethods.java:21)
at base.ProjectSpecificationMethods.browserClose(ProjectSpecificationMethods.java:21)
at base.ProjectSpecificationMethods.browserClose(ProjectSpecificationMethods.java:21)
at base.ProjectSpecificationMethods.browserClose(ProjectSpecificationMethods.java:21)
at base.ProjectSpecificationMethods.browserClose(ProjectSpecificationMethods.java:21)
at base.ProjectSpecificationMethods.browserClose(ProjectSpecificationMethods.java:21)
at base.ProjectSpecificationMethods.browserClose(ProjectSpecificationMethods.java:21)
at base.ProjectSpecificationMethods.browserClose(ProjectSpecificationMethods.java:21)
at base.ProjectSpecificationMethods.browserClose(ProjectSpecificationMethods.java:21)
at base.ProjectSpecificationMethods.browserClose(ProjectSpecificationMethods.java:21)
at base.ProjectSpecificationMethods.browserClose(ProjectSpecificationMethods.java:21)
at base.ProjectSpecificationMethods.browserClose(ProjectSpecificationMethods.java:21)
at base.ProjectSpecificationMethods.browserClose(ProjectSpecificationMethods.java:21)
at base.ProjectSpecificationMethods.browserClose(ProjectSpecificationMethods.java:21)
at base.ProjectSpecificationMethods.browserClose(ProjectSpecificationMethods.java:21)
at base.ProjectSpecificationMethods.browserClose(ProjectSpecificationMethods.java:21)
at base.ProjectSpecificationMethods.browserClose(ProjectSpecificationMethods.java:21)
at base.ProjectSpecificationMethods.browserClose(ProjectSpecificationMethods.java:21)
at base.ProjectSpecificationMethods.browserClose(ProjectSpecificationMethods.java:21)
at base.ProjectSpecificationMethods.browserClose(ProjectSpecificationMethods.java:21)
at base.ProjectSpecificationMethods.browserClose(ProjectSpecificationMethods.java:21)
at base.ProjectSpecificationMethods.browserClose(ProjectSpecificationMethods.java:21)
at base.ProjectSpecificationMethods.browserClose(ProjectSpecificationMethods.java:21)
at base.ProjectSpecificationMethods.browserClose(ProjectSpecificationMethods.java:21)
at base.ProjectSpecificationMethods.browserClose(ProjectSpecificationMethods.java:21)
at base.ProjectSpecificationMethods.browserClose(ProjectSpecificationMethods.java:21)
at base.ProjectSpecificationMethods.browserClose(ProjectSpecificationMethods.java:21)
at base.ProjectSpecificationMethods.browserClose(ProjectSpecificationMethods.java:21)
at base.ProjectSpecificationMethods.browserClose(ProjectSpecificationMethods.java:21)
at base.ProjectSpecificationMethods.browserClose(ProjectSpecificationMethods.java:21)
at base.ProjectSpecificationMethods.browserClose(ProjectSpecificationMethods.java:21)
at base.ProjectSpecificationMethods.browserClose(ProjectSpecificationMethods.java:21)
at base.ProjectSpecificationMethods.browserClose(ProjectSpecificationMethods.java:21)
at base.ProjectSpecificationMethods.browserClose(ProjectSpecificationMethods.java:21)
at base.ProjectSpecificationMethods.browserClose(ProjectSpecificationMethods.java:21)
at base.ProjectSpecificationMethods.browserClose(ProjectSpecificationMethods.java:21)
at base.ProjectSpecificationMethods.browserClose(ProjectSpecificationMethods.java:21)
at base.ProjectSpecificationMethods.browserClose(ProjectSpecificationMethods.java:21)
at base.ProjectSpecificationMethods.browserClose(ProjectSpecificationMethods.java:21)
at base.ProjectSpecificationMethods.browserClose(ProjectSpecificationMethods.java:21)
at base.ProjectSpecificationMethods.browserClose(ProjectSpecificationMethods.java:21)
at base.ProjectSpecificationMethods.browserClose(ProjectSpecificationMethods.java:21)
at base.ProjectSpecificationMethods.browserClose(ProjectSpecificationMethods.java:21)
at base.ProjectSpecificationMethods.browserClose(ProjectSpecificationMethods.java:21)
at base.ProjectSpecificationMethods.browserClose(ProjectSpecificationMethods.java:21)
at base.ProjectSpecificationMethods.browserClose(ProjectSpecificationMethods.java:21)
at base.ProjectSpecificationMethods.browserClose(ProjectSpecificationMethods.java:21)
at base.ProjectSpecificationMethods.browserClose(ProjectSpecificationMethods.java:21)
at base.ProjectSpecificationMethods.browserClose(ProjectSpecificationMethods.java:21)
at base.ProjectSpecificationMethods.browserClose(ProjectSpecificationMethods.java:21)
at base.ProjectSpecificationMethods.browserClose(ProjectSpecificationMethods.java:21)
at base.ProjectSpecificationMethods.browserClose(ProjectSpecificationMethods.java:21)
at base.ProjectSpecificationMethods.browserClose(ProjectSpecificationMethods.java:21)
at base.ProjectSpecificationMethods.browserClose(ProjectSpecificationMethods.java:21)
at base.ProjectSpecificationMethods.browserClose(ProjectSpecificationMethods.java:21)
at base.ProjectSpecificationMethods.browserClose(ProjectSpecificationMethods.java:21)
at base.ProjectSpecificationMethods.browserClose(ProjectSpecificationMethods.java:21)
at base.ProjectSpecificationMethods.browserClose(ProjectSpecificationMethods.java:21)
at base.ProjectSpecificationMethods.browserClose(ProjectSpecificationMethods.java:21)
at base.ProjectSpecificationMethods.browserClose(ProjectSpecificationMethods.java:21)
at base.ProjectSpecificationMethods.browserClose(ProjectSpecificationMethods.java:21)
at base.ProjectSpecificationMethods.browserClose(ProjectSpecificationMethods.java:21)
at base.ProjectSpecificationMethods.browserClose(ProjectSpecificationMethods.java:21)
at base.ProjectSpecificationMethods.browserClose(ProjectSpecificationMethods.java:21)
at base.ProjectSpecificationMethods.browserClose(ProjectSpecificationMethods.java:21)
at base.ProjectSpecificationMethods.browserClose(ProjectSpecificationMethods.java:21)
at base.ProjectSpecificationMethods.browserClose(ProjectSpecificationMethods.java:21)
at base.ProjectSpecificationMethods.browserClose(ProjectSpecificationMethods.java:21)
at base.ProjectSpecificationMethods.browserClose(ProjectSpecificationMethods.java:21)
at base.ProjectSpecificationMethods.browserClose(ProjectSpecificationMethods.java:21)
at base.ProjectSpecificationMethods.browserClose(ProjectSpecificationMethods.java:21)
at base.ProjectSpecificationMethods.browserClose(ProjectSpecificationMethods.java:21)
at base.ProjectSpecificationMethods.browserClose(ProjectSpecificationMethods.java:21)
at base.ProjectSpecificationMethods.browserClose(ProjectSpecificationMethods.java:21)
at base.ProjectSpecificationMethods.browserClose(ProjectSpecificationMethods.java:21)
at base.ProjectSpecificationMethods.browserClose(ProjectSpecificationMethods.java:21)
at base.ProjectSpecificationMethods.browserClose(ProjectSpecificationMethods.java:21)
at base.ProjectSpecificationMethods.browserClose(ProjectSpecificationMethods.java:21)
at base.ProjectSpecificationMethods.browserClose(ProjectSpecificationMethods.java:21)
at base.ProjectSpecificationMethods.browserClose(ProjectSpecificationMethods.java:21)
at base.ProjectSpecificationMethods.browserClose(ProjectSpecificationMethods.java:21)
at base.ProjectSpecificationMethods.browserClose(ProjectSpecificationMethods.java:21)
at base.ProjectSpecificationMethods.browserClose(ProjectSpecificationMethods.java:21)
at base.ProjectSpecificationMethods.browserClose(ProjectSpecificationMethods.java:21)
at base.ProjectSpecificationMethods.browserClose(ProjectSpecificationMethods.java:21)
at base.ProjectSpecificationMethods.browserClose(ProjectSpecificationMethods.java:21)
at base.ProjectSpecificationMethods.browserClose(ProjectSpecificationMethods.java:21)
at base.ProjectSpecificationMethods.browserClose(ProjectSpecificationMethods.java:21)
at base.ProjectSpecificationMethods.browserClose(ProjectSpecificationMethods.java:21)
at base.ProjectSpecificationMethods.browserClose(ProjectSpecificationMethods.java:21)
at base.ProjectSpecificationMethods.browserClose(ProjectSpecificationMethods.java:21)
at base.ProjectSpecificationMethods.browserClose(ProjectSpecificationMethods.java:21)
at base.ProjectSpecificationMethods.browserClose(ProjectSpecificationMethods.java:21)
at base.ProjectSpecificationMethods.browserClose(ProjectSpecificationMethods.java:21)
at base.ProjectSpecificationMethods.browserClose(ProjectSpecificationMethods.java:21)
at base.ProjectSpecificationMethods.browserClose(ProjectSpecificationMethods.java:21)
at base.ProjectSpecificationMethods.browserClose(ProjectSpecificationMethods.java:21)
at base.ProjectSpecificationMethods.browserClose(ProjectSpecificationMethods.java:21)
at base.ProjectSpecificationMethods.browserClose(ProjectSpecificationMethods.java:21)
at base.ProjectSpecificationMethods.browserClose(ProjectSpecificationMethods.java:21)
at base.ProjectSpecificationMethods.browserClose(ProjectSpecificationMethods.java:21)
at base.ProjectSpecificationMethods.browserClose(ProjectSpecificationMethods.java:21)
at base.ProjectSpecificationMethods.browserClose(ProjectSpecificationMethods.java:21)
at base.ProjectSpecificationMethods.browserClose(ProjectSpecificationMethods.java:21)
at base.ProjectSpecificationMethods.browserClose(ProjectSpecificationMethods.java:21)
at base.ProjectSpecificationMethods.browserClose(ProjectSpecificationMethods.java:21)
at base.ProjectSpecificationMethods.browserClose(ProjectSpecificationMethods.java:21)
at base.ProjectSpecificationMethods.browserClose(ProjectSpecificationMethods.java:21)
at base.ProjectSpecificationMethods.browserClose(ProjectSpecificationMethods.java:21)
at base.ProjectSpecificationMethods.browserClose(ProjectSpecificationMethods.java:21)
at base.ProjectSpecificationMethods.browserClose(ProjectSpecificationMethods.java:21)
at base.ProjectSpecificationMethods.browserClose(ProjectSpecificationMethods.java:21)
at base.ProjectSpecificationMethods.browserClose(ProjectSpecificationMethods.java:21)
at base.ProjectSpecificationMethods.browserClose(ProjectSpecificationMethods.java:21)
at base.ProjectSpecificationMethods.browserClose(ProjectSpecificationMethods.java:21)
at base.ProjectSpecificationMethods.browserClose(ProjectSpecificationMethods.java:21)
at base.ProjectSpecificationMethods.browserClose(ProjectSpecificationMethods.java:21)
at base.ProjectSpecificationMethods.browserClose(ProjectSpecificationMethods.java:21)
at base.ProjectSpecificationMethods.browserClose(ProjectSpecificationMethods.java:21)
at base.ProjectSpecificationMethods.browserClose(ProjectSpecificationMethods.java:21)
at base.ProjectSpecificationMethods.browserClose(ProjectSpecificationMethods.java:21)
at base.ProjectSpecificationMethods.browserClose(ProjectSpecificationMethods.java:21)
at base.ProjectSpecificationMethods.browserClose(ProjectSpecificationMethods.java:21)
at base.ProjectSpecificationMethods.browserClose(ProjectSpecificationMethods.java:21)
at base.ProjectSpecificationMethods.browserClose(ProjectSpecificationMethods.java:21)
at base.ProjectSpecificationMethods.browserClose(ProjectSpecificationMethods.java:21)
at base.ProjectSpecificationMethods.browserClose(ProjectSpecificationMethods.java:21)
at base.ProjectSpecificationMethods.browserClose(ProjectSpecificationMethods.java:21)
at base.ProjectSpecificationMethods.browserClose(ProjectSpecificationMethods.java:21)
at base.ProjectSpecificationMethods.browserClose(ProjectSpecificationMethods.java:21)
at base.ProjectSpecificationMethods.browserClose(ProjectSpecificationMethods.java:21)
at base.ProjectSpecificationMethods.browserClose(ProjectSpecificationMethods.java:21)
at base.ProjectSpecificationMethods.browserClose(ProjectSpecificationMethods.java:21)
at base.ProjectSpecificationMethods.browserClose(ProjectSpecificationMethods.java:21)
at base.ProjectSpecificationMethods.browserClose(ProjectSpecificationMethods.java:21)
at base.ProjectSpecificationMethods.browserClose(ProjectSpecificationMethods.java:21)
at base.ProjectSpecificationMethods.browserClose(ProjectSpecificationMethods.java:21)
at base.ProjectSpecificationMethods.browserClose(ProjectSpecificationMethods.java:21)
at base.ProjectSpecificationMethods.browserClose(ProjectSpecificationMethods.java:21)
at base.ProjectSpecificationMethods.browserClose(ProjectSpecificationMethods.java:21)
at base.ProjectSpecificationMethods.browserClose(ProjectSpecificationMethods.java:21)
at base.ProjectSpecificationMethods.browserClose(ProjectSpecificationMethods.java:21)
at base.ProjectSpecificationMethods.browserClose(ProjectSpecificationMethods.java:21)
at base.ProjectSpecificationMethods.browserClose(ProjectSpecificationMethods.java:21)
at base.ProjectSpecificationMethods.browserClose(ProjectSpecificationMethods.java:21)
at base.ProjectSpecificationMethods.browserClose(ProjectSpecificationMethods.java:21)
at base.ProjectSpecificationMethods.browserClose(ProjectSpecificationMethods.java:21)
at base.ProjectSpecificationMethods.browserClose(ProjectSpecificationMethods.java:21)
at base.ProjectSpecificationMethods.browserClose(ProjectSpecificationMethods.java:21)
at base.ProjectSpecificationMethods.browserClose(ProjectSpecificationMethods.java:21)
at base.ProjectSpecificationMethods.browserClose(ProjectSpecificationMethods.java:21)
at base.ProjectSpecificationMethods.browserClose(ProjectSpecificationMethods.java:21)
at base.ProjectSpecificationMethods.browserClose(ProjectSpecificationMethods.java:21)
at base.ProjectSpecificationMethods.browserClose(ProjectSpecificationMethods.java:21)
at base.ProjectSpecificationMethods.browserClose(ProjectSpecificationMethods.java:21)
at base.ProjectSpecificationMethods.browserClose(ProjectSpecificationMethods.java:21)
at base.ProjectSpecificationMethods.browserClose(ProjectSpecificationMethods.java:21)
at base.ProjectSpecificationMethods.browserClose(ProjectSpecificationMethods.java:21)
at base.ProjectSpecificationMethods.browserClose(ProjectSpecificationMethods.java:21)
at base.ProjectSpecificationMethods.browserClose(ProjectSpecificationMethods.java:21)
at base.ProjectSpecificationMethods.browserClose(ProjectSpecificationMethods.java:21)
at base.ProjectSpecificationMethods.browserClose(ProjectSpecificationMethods.java:21)
at base.ProjectSpecificationMethods.browserClose(ProjectSpecificationMethods.java:21)
at base.ProjectSpecificationMethods.browserClose(ProjectSpecificationMethods.java:21)
at base.ProjectSpecificationMethods.browserClose(ProjectSpecificationMethods.java:21)
at base.ProjectSpecificationMethods.browserClose(ProjectSpecificationMethods.java:21)
at base.ProjectSpecificationMethods.browserClose(ProjectSpecificationMethods.java:21)
at base.ProjectSpecificationMethods.browserClose(ProjectSpecificationMethods.java:21)
at base.ProjectSpecificationMethods.browserClose(ProjectSpecificationMethods.java:21)
at base.ProjectSpecificationMethods.browserClose(ProjectSpecificationMethods.java:21)
at base.ProjectSpecificationMethods.browserClose(ProjectSpecificationMethods.java:21)
at base.ProjectSpecificationMethods.browserClose(ProjectSpecificationMethods.java:21)
at base.ProjectSpecificationMethods.browserClose(ProjectSpecificationMethods.java:21)
at base.ProjectSpecificationMethods.browserClose(ProjectSpecificationMethods.java:21)
at base.ProjectSpecificationMethods.browserClose(ProjectSpecificationMethods.java:21)
at base.ProjectSpecificationMethods.browserClose(ProjectSpecificationMethods.java:21)
at base.ProjectSpecificationMethods.browserClose(ProjectSpecificationMethods.java:21)
at base.ProjectSpecificationMethods.browserClose(ProjectSpecificationMethods.java:21)
at base.ProjectSpecificationMethods.browserClose(ProjectSpecificationMethods.java:21)
at base.ProjectSpecificationMethods.browserClose(ProjectSpecificationMethods.java:21)
at base.ProjectSpecificationMethods.browserClose(ProjectSpecificationMethods.java:21)
at base.ProjectSpecificationMethods.browserClose(ProjectSpecificationMethods.java:21)
at base.ProjectSpecificationMethods.browserClose(ProjectSpecificationMethods.java:21)
at base.ProjectSpecificationMethods.browserClose(ProjectSpecificationMethods.java:21)
at base.ProjectSpecificationMethods.browserClose(ProjectSpecificationMethods.java:21)
at base.ProjectSpecificationMethods.browserClose(ProjectSpecificationMethods.java:21)
at base.ProjectSpecificationMethods.browserClose(ProjectSpecificationMethods.java:21)
at base.ProjectSpecificationMethods.browserClose(ProjectSpecificationMethods.java:21)
at base.ProjectSpecificationMethods.browserClose(ProjectSpecificationMethods.java:21)
at base.ProjectSpecificationMethods.browserClose(ProjectSpecificationMethods.java:21)
at base.ProjectSpecificationMethods.browserClose(ProjectSpecificationMethods.java:21)
at base.ProjectSpecificationMethods.browserClose(ProjectSpecificationMethods.java:21)
at base.ProjectSpecificationMethods.browserClose(ProjectSpecificationMethods.java:21)
at base.ProjectSpecificationMethods.browserClose(ProjectSpecificationMethods.java:21)
at base.ProjectSpecificationMethods.browserClose(ProjectSpecificationMethods.java:21)
at base.ProjectSpecificationMethods.browserClose(ProjectSpecificationMethods.java:21)
at base.ProjectSpecificationMethods.browserClose(ProjectSpecificationMethods.java:21)
at base.ProjectSpecificationMethods.browserClose(ProjectSpecificationMethods.java:21)
at base.ProjectSpecificationMethods.browserClose(ProjectSpecificationMethods.java:21)
at base.ProjectSpecificationMethods.browserClose(ProjectSpecificationMethods.java:21)
at base.ProjectSpecificationMethods.browserClose(ProjectSpecificationMethods.java:21)
at base.ProjectSpecificationMethods.browserClose(ProjectSpecificationMethods.java:21)
at base.ProjectSpecificationMethods.browserClose(ProjectSpecificationMethods.java:21)
at base.ProjectSpecificationMethods.browserClose(ProjectSpecificationMethods.java:21)
at base.ProjectSpecificationMethods.browserClose(ProjectSpecificationMethods.java:21)
at base.ProjectSpecificationMethods.browserClose(ProjectSpecificationMethods.java:21)
at base.ProjectSpecificationMethods.browserClose(ProjectSpecificationMethods.java:21)
at base.ProjectSpecificationMethods.browserClose(ProjectSpecificationMethods.java:21)
at base.ProjectSpecificationMethods.browserClose(ProjectSpecificationMethods.java:21)
at base.ProjectSpecificationMethods.browserClose(ProjectSpecificationMethods.java:21)
at base.ProjectSpecificationMethods.browserClose(ProjectSpecificationMethods.java:21)
at base.ProjectSpecificationMethods.browserClose(ProjectSpecificationMethods.java:21)
at base.ProjectSpecificationMethods.browserClose(ProjectSpecificationMethods.java:21)
at base.ProjectSpecificationMethods.browserClose(ProjectSpecificationMethods.java:21)
at base.ProjectSpecificationMethods.browserClose(ProjectSpecificationMethods.java:21)
at base.ProjectSpecificationMethods.browserClose(ProjectSpecificationMethods.java:21)
at base.ProjectSpecificationMethods.browserClose(ProjectSpecificationMethods.java:21)
at base.ProjectSpecificationMethods.browserClose(ProjectSpecificationMethods.java:21)
at base.ProjectSpecificationMethods.browserClose(ProjectSpecificationMethods.java:21)
at base.ProjectSpecificationMethods.browserClose(ProjectSpecificationMethods.java:21)
at base.ProjectSpecificationMethods.browserClose(ProjectSpecificationMethods.java:21)
at base.ProjectSpecificationMethods.browserClose(ProjectSpecificationMethods.java:21)
at base.ProjectSpecificationMethods.browserClose(ProjectSpecificationMethods.java:21)
at base.ProjectSpecificationMethods.browserClose(ProjectSpecificationMethods.java:21)
at base.ProjectSpecificationMethods.browserClose(ProjectSpecificationMethods.java:21)
at base.ProjectSpecificationMethods.browserClose(ProjectSpecificationMethods.java:21)
at base.ProjectSpecificationMethods.browserClose(ProjectSpecificationMethods.java:21)
at base.ProjectSpecificationMethods.browserClose(ProjectSpecificationMethods.java:21)
at base.ProjectSpecificationMethods.browserClose(ProjectSpecificationMethods.java:21)
at base.ProjectSpecificationMethods.browserClose(ProjectSpecificationMethods.java:21)
at base.ProjectSpecificationMethods.browserClose(ProjectSpecificationMethods.java:21)
at base.ProjectSpecificationMethods.browserClose(ProjectSpecificationMethods.java:21)
at base.ProjectSpecificationMethods.browserClose(ProjectSpecificationMethods.java:21)
at base.ProjectSpecificationMethods.browserClose(ProjectSpecificationMethods.java:21)
at base.ProjectSpecificationMethods.browserClose(ProjectSpecificationMethods.java:21)
at base.ProjectSpecificationMethods.browserClose(ProjectSpecificationMethods.java:21)
at base.ProjectSpecificationMethods.browserClose(ProjectSpecificationMethods.java:21)
at base.ProjectSpecificationMethods.browserClose(ProjectSpecificationMethods.java:21)
at base.ProjectSpecificationMethods.browserClose(ProjectSpecificationMethods.java:21)
at base.ProjectSpecificationMethods.browserClose(ProjectSpecificationMethods.java:21)
at base.ProjectSpecificationMethods.browserClose(ProjectSpecificationMethods.java:21)
at base.ProjectSpecificationMethods.browserClose(ProjectSpecificationMethods.java:21)
at base.ProjectSpecificationMethods.browserClose(ProjectSpecificationMethods.java:21)
at base.ProjectSpecificationMethods.browserClose(ProjectSpecificationMethods.java:21)
at base.ProjectSpecificationMethods.browserClose(ProjectSpecificationMethods.java:21)
at base.ProjectSpecificationMethods.browserClose(ProjectSpecificationMethods.java:21)
at base.ProjectSpecificationMethods.browserClose(ProjectSpecificationMethods.java:21)
at base.ProjectSpecificationMethods.browserClose(ProjectSpecificationMethods.java:21)
at base.ProjectSpecificationMethods.browserClose(ProjectSpecificationMethods.java:21)
at base.ProjectSpecificationMethods.browserClose(ProjectSpecificationMethods.java:21)
at base.ProjectSpecificationMethods.browserClose(ProjectSpecificationMethods.java:21)
at base.ProjectSpecificationMethods.browserClose(ProjectSpecificationMethods.java:21)
at base.ProjectSpecificationMethods.browserClose(ProjectSpecificationMethods.java:21)
at base.ProjectSpecificationMethods.browserClose(ProjectSpecificationMethods.java:21)
at base.ProjectSpecificationMethods.browserClose(ProjectSpecificationMethods.java:21)
at base.ProjectSpecificationMethods.browserClose(ProjectSpecificationMethods.java:21)
at base.ProjectSpecificationMethods.browserClose(ProjectSpecificationMethods.java:21)
at base.ProjectSpecificationMethods.browserClose(ProjectSpecificationMethods.java:21)
at base.ProjectSpecificationMethods.browserClose(ProjectSpecificationMethods.java:21)
at base.ProjectSpecificationMethods.browserClose(ProjectSpecificationMethods.java:21)
at base.ProjectSpecificationMethods.browserClose(ProjectSpecificationMethods.java:21)
at base.ProjectSpecificationMethods.browserClose(ProjectSpecificationMethods.java:21)
at base.ProjectSpecificationMethods.browserClose(ProjectSpecificationMethods.java:21)
at base.ProjectSpecificationMethods.browserClose(ProjectSpecificationMethods.java:21)
at base.ProjectSpecificationMethods.browserClose(ProjectSpecificationMethods.java:21)
at base.ProjectSpecificationMethods.browserClose(ProjectSpecificationMethods.java:21)
at base.ProjectSpecificationMethods.browserClose(ProjectSpecificationMethods.java:21)
at base.ProjectSpecificationMethods.browserClose(ProjectSpecificationMethods.java:21)
at base.ProjectSpecificationMethods.browserClose(ProjectSpecificationMethods.java:21)
at base.ProjectSpecificationMethods.browserClose(ProjectSpecificationMethods.java:21)
at base.ProjectSpecificationMethods.browserClose(ProjectSpecificationMethods.java:21)
at base.ProjectSpecificationMethods.browserClose(ProjectSpecificationMethods.java:21)
at base.ProjectSpecificationMethods.browserClose(ProjectSpecificationMethods.java:21)
at base.ProjectSpecificationMethods.browserClose(ProjectSpecificationMethods.java:21)
at base.ProjectSpecificationMethods.browserClose(ProjectSpecificationMethods.java:21)
at base.ProjectSpecificationMethods.browserClose(ProjectSpecificationMethods.java:21)
at base.ProjectSpecificationMethods.browserClose(ProjectSpecificationMethods.java:21)
at base.ProjectSpecificationMethods.browserClose(ProjectSpecificationMethods.java:21)
at base.ProjectSpecificationMethods.browserClose(ProjectSpecificationMethods.java:21)
at base.ProjectSpecificationMethods.browserClose(ProjectSpecificationMethods.java:21)
at base.ProjectSpecificationMethods.browserClose(ProjectSpecificationMethods.java:21)
at base.ProjectSpecificationMethods.browserClose(ProjectSpecificationMethods.java:21)
at base.ProjectSpecificationMethods.browserClose(ProjectSpecificationMethods.java:21)
at base.ProjectSpecificationMethods.browserClose(ProjectSpecificationMethods.java:21)
at base.ProjectSpecificationMethods.browserClose(ProjectSpecificationMethods.java:21)
at base.ProjectSpecificationMethods.browserClose(ProjectSpecificationMethods.java:21)
at base.ProjectSpecificationMethods.browserClose(ProjectSpecificationMethods.java:21)
at base.ProjectSpecificationMethods.browserClose(ProjectSpecificationMethods.java:21)
at base.ProjectSpecificationMethods.browserClose(ProjectSpecificationMethods.java:21)
at base.ProjectSpecificationMethods.browserClose(ProjectSpecificationMethods.java:21)
at base.ProjectSpecificationMethods.browserClose(ProjectSpecificationMethods.java:21)
at base.ProjectSpecificationMethods.browserClose(ProjectSpecificationMethods.java:21)
at base.ProjectSpecificationMethods.browserClose(ProjectSpecificationMethods.java:21)
at base.ProjectSpecificationMethods.browserClose(ProjectSpecificationMethods.java:21)
at base.ProjectSpecificationMethods.browserClose(ProjectSpecificationMethods.java:21)
at base.ProjectSpecificationMethods.browserClose(ProjectSpecificationMethods.java:21)
at base.ProjectSpecificationMethods.browserClose(ProjectSpecificationMethods.java:21)
at base.ProjectSpecificationMethods.browserClose(ProjectSpecificationMethods.java:21)
at base.ProjectSpecificationMethods.browserClose(ProjectSpecificationMethods.java:21)
at base.ProjectSpecificationMethods.browserClose(ProjectSpecificationMethods.java:21)
at base.ProjectSpecificationMethods.browserClose(ProjectSpecificationMethods.java:21)
at base.ProjectSpecificationMethods.browserClose(ProjectSpecificationMethods.java:21)
at base.ProjectSpecificationMethods.browserClose(ProjectSpecificationMethods.java:21)
at base.ProjectSpecificationMethods.browserClose(ProjectSpecificationMethods.java:21)
at base.ProjectSpecificationMethods.browserClose(ProjectSpecificationMethods.java:21)
at base.ProjectSpecificationMethods.browserClose(ProjectSpecificationMethods.java:21)
at base.ProjectSpecificationMethods.browserClose(ProjectSpecificationMethods.java:21)
at base.ProjectSpecificationMethods.browserClose(ProjectSpecificationMethods.java:21)
at base.ProjectSpecificationMethods.browserClose(ProjectSpecificationMethods.java:21)
at base.ProjectSpecificationMethods.browserClose(ProjectSpecificationMethods.java:21)
at base.ProjectSpecificationMethods.browserClose(ProjectSpecificationMethods.java:21)
at base.ProjectSpecificationMethods.browserClose(ProjectSpecificationMethods.java:21)
at base.ProjectSpecificationMethods.browserClose(ProjectSpecificationMethods.java:21)
at base.ProjectSpecificationMethods.browserClose(ProjectSpecificationMethods.java:21)
at base.ProjectSpecificationMethods.browserClose(ProjectSpecificationMethods.java:21)
at base.ProjectSpecificationMethods.browserClose(ProjectSpecificationMethods.java:21)
at base.ProjectSpecificationMethods.browserClose(ProjectSpecificationMethods.java:21)
at base.ProjectSpecificationMethods.browserClose(ProjectSpecificationMethods.java:21)
at base.ProjectSpecificationMethods.browserClose(ProjectSpecificationMethods.java:21)
at base.ProjectSpecificationMethods.browserClose(ProjectSpecificationMethods.java:21)
at base.ProjectSpecificationMethods.browserClose(ProjectSpecificationMethods.java:21)
at base.ProjectSpecificationMethods.browserClose(ProjectSpecificationMethods.java:21)
at base.ProjectSpecificationMethods.browserClose(ProjectSpecificationMethods.java:21)
at base.ProjectSpecificationMethods.browserClose(ProjectSpecificationMethods.java:21)
at base.ProjectSpecificationMethods.browserClose(ProjectSpecificationMethods.java:21)
at base.ProjectSpecificationMethods.browserClose(ProjectSpecificationMethods.java:21)
at base.ProjectSpecificationMethods.browserClose(ProjectSpecificationMethods.java:21)
at base.ProjectSpecificationMethods.browserClose(ProjectSpecificationMethods.java:21)
at base.ProjectSpecificationMethods.browserClose(ProjectSpecificationMethods.java:21)
at base.ProjectSpecificationMethods.browserClose(ProjectSpecificationMethods.java:21)
at base.ProjectSpecificationMethods.browserClose(ProjectSpecificationMethods.java:21)
at base.ProjectSpecificationMethods.browserClose(ProjectSpecificationMethods.java:21)
at base.ProjectSpecificationMethods.browserClose(ProjectSpecificationMethods.java:21)
at base.ProjectSpecificationMethods.browserClose(ProjectSpecificationMethods.java:21)
at base.ProjectSpecificationMethods.browserClose(ProjectSpecificationMethods.java:21)
at base.ProjectSpecificationMethods.browserClose(ProjectSpecificationMethods.java:21)
at base.ProjectSpecificationMethods.browserClose(ProjectSpecificationMethods.java:21)
at base.ProjectSpecificationMethods.browserClose(ProjectSpecificationMethods.java:21)
at base.ProjectSpecificationMethods.browserClose(ProjectSpecificationMethods.java:21)
at base.ProjectSpecificationMethods.browserClose(ProjectSpecificationMethods.java:21)
at base.ProjectSpecificationMethods.browserClose(ProjectSpecificationMethods.java:21)
at base.ProjectSpecificationMethods.browserClose(ProjectSpecificationMethods.java:21)
at base.ProjectSpecificationMethods.browserClose(ProjectSpecificationMethods.java:21)
at base.ProjectSpecificationMethods.browserClose(ProjectSpecificationMethods.java:21)
at base.ProjectSpecificationMethods.browserClose(ProjectSpecificationMethods.java:21)
at base.ProjectSpecificationMethods.browserClose(ProjectSpecificationMethods.java:21)
at base.ProjectSpecificationMethods.browserClose(ProjectSpecificationMethods.java:21)
at base.ProjectSpecificationMethods.browserClose(ProjectSpecificationMethods.java:21)
at base.ProjectSpecificationMethods.browserClose(ProjectSpecificationMethods.java:21)
at base.ProjectSpecificationMethods.browserClose(ProjectSpecificationMethods.java:21)
at base.ProjectSpecificationMethods.browserClose(ProjectSpecificationMethods.java:21)
at base.ProjectSpecificationMethods.browserClose(ProjectSpecificationMethods.java:21)
at base.ProjectSpecificationMethods.browserClose(ProjectSpecificationMethods.java:21)
at base.ProjectSpecificationMethods.browserClose(ProjectSpecificationMethods.java:21)
at base.ProjectSpecificationMethods.browserClose(ProjectSpecificationMethods.java:21)
at base.ProjectSpecificationMethods.browserClose(ProjectSpecificationMethods.java:21)
at base.ProjectSpecificationMethods.browserClose(ProjectSpecificationMethods.java:21)
at base.ProjectSpecificationMethods.browserClose(ProjectSpecificationMethods.java:21)
at base.ProjectSpecificationMethods.browserClose(ProjectSpecificationMethods.java:21)
at base.ProjectSpecificationMethods.browserClose(ProjectSpecificationMethods.java:21)
at base.ProjectSpecificationMethods.browserClose(ProjectSpecificationMethods.java:21)
at base.ProjectSpecificationMethods.browserClose(ProjectSpecificationMethods.java:21)
at base.ProjectSpecificationMethods.browserClose(ProjectSpecificationMethods.java:21)
at base.ProjectSpecificationMethods.browserClose(ProjectSpecificationMethods.java:21)
at base.ProjectSpecificationMethods.browserClose(ProjectSpecificationMethods.java:21)
at base.ProjectSpecificationMethods.browserClose(ProjectSpecificationMethods.java:21)
at base.ProjectSpecificationMethods.browserClose(ProjectSpecificationMethods.java:21)
at base.ProjectSpecificationMethods.browserClose(ProjectSpecificationMethods.java:21)
at base.ProjectSpecificationMethods.browserClose(ProjectSpecificationMethods.java:21)
at base.ProjectSpecificationMethods.browserClose(ProjectSpecificationMethods.java:21)
at base.ProjectSpecificationMethods.browserClose(ProjectSpecificationMethods.java:21)
at base.ProjectSpecificationMethods.browserClose(ProjectSpecificationMethods.java:21)
at base.ProjectSpecificationMethods.browserClose(ProjectSpecificationMethods.java:21)
at base.ProjectSpecificationMethods.browserClose(ProjectSpecificationMethods.java:21)
at base.ProjectSpecificationMethods.browserClose(ProjectSpecificationMethods.java:21)
at base.ProjectSpecificationMethods.browserClose(ProjectSpecificationMethods.java:21)
at base.ProjectSpecificationMethods.browserClose(ProjectSpecificationMethods.java:21)
at base.ProjectSpecificationMethods.browserClose(ProjectSpecificationMethods.java:21)
at base.ProjectSpecificationMethods.browserClose(ProjectSpecificationMethods.java:21)
at base.ProjectSpecificationMethods.browserClose(ProjectSpecificationMethods.java:21)
at base.ProjectSpecificationMethods.browserClose(ProjectSpecificationMethods.java:21)
at base.ProjectSpecificationMethods.browserClose(ProjectSpecificationMethods.java:21)
at base.ProjectSpecificationMethods.browserClose(ProjectSpecificationMethods.java:21)
at base.ProjectSpecificationMethods.browserClose(ProjectSpecificationMethods.java:21)
at base.ProjectSpecificationMethods.browserClose(ProjectSpecificationMethods.java:21)
at base.ProjectSpecificationMethods.browserClose(ProjectSpecificationMethods.java:21)
at base.ProjectSpecificationMethods.browserClose(ProjectSpecificationMethods.java:21)
at base.ProjectSpecificationMethods.browserClose(ProjectSpecificationMethods.java:21)
at base.ProjectSpecificationMethods.browserClose(ProjectSpecificationMethods.java:21)
at base.ProjectSpecificationMethods.browserClose(ProjectSpecificationMethods.java:21)
at base.ProjectSpecificationMethods.browserClose(ProjectSpecificationMethods.java:21)
at base.ProjectSpecificationMethods.browserClose(ProjectSpecificationMethods.java:21)
at base.ProjectSpecificationMethods.browserClose(ProjectSpecificationMethods.java:21)
at base.ProjectSpecificationMethods.browserClose(ProjectSpecificationMethods.java:21)
at base.ProjectSpecificationMethods.browserClose(ProjectSpecificationMethods.java:21)
at base.ProjectSpecificationMethods.browserClose(ProjectSpecificationMethods.java:21)
at base.ProjectSpecificationMethods.browserClose(ProjectSpecificationMethods.java:21)
at base.ProjectSpecificationMethods.browserClose(ProjectSpecificationMethods.java:21)
at base.ProjectSpecificationMethods.browserClose(ProjectSpecificationMethods.java:21)
at base.ProjectSpecificationMethods.browserClose(ProjectSpecificationMethods.java:21)
at base.ProjectSpecificationMethods.browserClose(ProjectSpecificationMethods.java:21)
at base.ProjectSpecificationMethods.browserClose(ProjectSpecificationMethods.java:21)
at base.ProjectSpecificationMethods.browserClose(ProjectSpecificationMethods.java:21)
at base.ProjectSpecificationMethods.browserClose(ProjectSpecificationMethods.java:21)
at base.ProjectSpecificationMethods.browserClose(ProjectSpecificationMethods.java:21)
at base.ProjectSpecificationMethods.browserClose(ProjectSpecificationMethods.java:21)
at base.ProjectSpecificationMethods.browserClose(ProjectSpecificationMethods.java:21)
at base.ProjectSpecificationMethods.browserClose(ProjectSpecificationMethods.java:21)
at base.ProjectSpecificationMethods.browserClose(ProjectSpecificationMethods.java:21)
at base.ProjectSpecificationMethods.browserClose(ProjectSpecificationMethods.java:21)
at base.ProjectSpecificationMethods.browserClose(ProjectSpecificationMethods.java:21)
at base.ProjectSpecificationMethods.browserClose(ProjectSpecificationMethods.java:21)
at base.ProjectSpecificationMethods.browserClose(ProjectSpecificationMethods.java:21)
at base.ProjectSpecificationMethods.browserClose(ProjectSpecificationMethods.java:21)
at base.ProjectSpecificationMethods.browserClose(ProjectSpecificationMethods.java:21)
at base.ProjectSpecificationMethods.browserClose(ProjectSpecificationMethods.java:21)
at base.ProjectSpecificationMethods.browserClose(ProjectSpecificationMethods.java:21)
at base.ProjectSpecificationMethods.browserClose(ProjectSpecificationMethods.java:21)
at base.ProjectSpecificationMethods.browserClose(ProjectSpecificationMethods.java:21)
at base.ProjectSpecificationMethods.browserClose(ProjectSpecificationMethods.java:21)
at base.ProjectSpecificationMethods.browserClose(ProjectSpecificationMethods.java:21)
at base.ProjectSpecificationMethods.browserClose(ProjectSpecificationMethods.java:21)
at base.ProjectSpecificationMethods.browserClose(ProjectSpecificationMethods.java:21)
at base.ProjectSpecificationMethods.browserClose(ProjectSpecificationMethods.java:21)
at base.ProjectSpecificationMethods.browserClose(ProjectSpecificationMethods.java:21)
at base.ProjectSpecificationMethods.browserClose(ProjectSpecificationMethods.java:21)
at base.ProjectSpecificationMethods.browserClose(ProjectSpecificationMethods.java:21)
at base.ProjectSpecificationMethods.browserClose(ProjectSpecificationMethods.java:21)
at base.ProjectSpecificationMethods.browserClose(ProjectSpecificationMethods.java:21)
at base.ProjectSpecificationMethods.browserClose(ProjectSpecificationMethods.java:21)
at base.ProjectSpecificationMethods.browserClose(ProjectSpecificationMethods.java:21)
at base.ProjectSpecificationMethods.browserClose(ProjectSpecificationMethods.java:21)
at base.ProjectSpecificationMethods.browserClose(ProjectSpecificationMethods.java:21)
at base.ProjectSpecificationMethods.browserClose(ProjectSpecificationMethods.java:21)
at base.ProjectSpecificationMethods.browserClose(ProjectSpecificationMethods.java:21)
at base.ProjectSpecificationMethods.browserClose(ProjectSpecificationMethods.java:21)
at base.ProjectSpecificationMethods.browserClose(ProjectSpecificationMethods.java:21)
at base.ProjectSpecificationMethods.browserClose(ProjectSpecificationMethods.java:21)
at base.ProjectSpecificationMethods.browserClose(ProjectSpecificationMethods.java:21)
at base.ProjectSpecificationMethods.browserClose(ProjectSpecificationMethods.java:21)
at base.ProjectSpecificationMethods.browserClose(ProjectSpecificationMethods.java:21)
at base.ProjectSpecificationMethods.browserClose(ProjectSpecificationMethods.java:21)
at base.ProjectSpecificationMethods.browserClose(ProjectSpecificationMethods.java:21)
at base.ProjectSpecificationMethods.browserClose(ProjectSpecificationMethods.java:21)
at base.ProjectSpecificationMethods.browserClose(ProjectSpecificationMethods.java:21)
at base.ProjectSpecificationMethods.browserClose(ProjectSpecificationMethods.java:21)
at base.ProjectSpecificationMethods.browserClose(ProjectSpecificationMethods.java:21)
at base.ProjectSpecificationMethods.browserClose(ProjectSpecificationMethods.java:21)
at base.ProjectSpecificationMethods.browserClose(ProjectSpecificationMethods.java:21)
at base.ProjectSpecificationMethods.browserClose(ProjectSpecificationMethods.java:21)
at base.ProjectSpecificationMethods.browserClose(ProjectSpecificationMethods.java:21)
at base.ProjectSpecificationMethods.browserClose(ProjectSpecificationMethods.java:21)
at base.ProjectSpecificationMethods.browserClose(ProjectSpecificationMethods.java:21)
at base.ProjectSpecificationMethods.browserClose(ProjectSpecificationMethods.java:21)
at base.ProjectSpecificationMethods.browserClose(ProjectSpecificationMethods.java:21)
at base.ProjectSpecificationMethods.browserClose(ProjectSpecificationMethods.java:21)
at base.ProjectSpecificationMethods.browserClose(ProjectSpecificationMethods.java:21)
at base.ProjectSpecificationMethods.browserClose(ProjectSpecificationMethods.java:21)
at base.ProjectSpecificationMethods.browserClose(ProjectSpecificationMethods.java:21)
at base.ProjectSpecificationMethods.browserClose(ProjectSpecificationMethods.java:21)
at base.ProjectSpecificationMethods.browserClose(ProjectSpecificationMethods.java:21)
at base.ProjectSpecificationMethods.browserClose(ProjectSpecificationMethods.java:21)
at base.ProjectSpecificationMethods.browserClose(ProjectSpecificationMethods.java:21)
at base.ProjectSpecificationMethods.browserClose(ProjectSpecificationMethods.java:21)
at base.ProjectSpecificationMethods.browserClose(ProjectSpecificationMethods.java:21)
at base.ProjectSpecificationMethods.browserClose(ProjectSpecificationMethods.java:21)
at base.ProjectSpecificationMethods.browserClose(ProjectSpecificationMethods.java:21)
at base.ProjectSpecificationMethods.browserClose(ProjectSpecificationMethods.java:21)
at base.ProjectSpecificationMethods.browserClose(ProjectSpecificationMethods.java:21)
at base.ProjectSpecificationMethods.browserClose(ProjectSpecificationMethods.java:21)
at base.ProjectSpecificationMethods.browserClose(ProjectSpecificationMethods.java:21)
at base.ProjectSpecificationMethods.browserClose(ProjectSpecificationMethods.java:21)
at base.ProjectSpecificationMethods.browserClose(ProjectSpecificationMethods.java:21)
at base.ProjectSpecificationMethods.browserClose(ProjectSpecificationMethods.java:21)
at base.ProjectSpecificationMethods.browserClose(ProjectSpecificationMethods.java:21)
at base.ProjectSpecificationMethods.browserClose(ProjectSpecificationMethods.java:21)
at base.ProjectSpecificationMethods.browserClose(ProjectSpecificationMethods.java:21)
at base.ProjectSpecificationMethods.browserClose(ProjectSpecificationMethods.java:21)
at base.ProjectSpecificationMethods.browserClose(ProjectSpecificationMethods.java:21)
at base.ProjectSpecificationMethods.browserClose(ProjectSpecificationMethods.java:21)
at base.ProjectSpecificationMethods.browserClose(ProjectSpecificationMethods.java:21)
at base.ProjectSpecificationMethods.browserClose(ProjectSpecificationMethods.java:21)
at base.ProjectSpecificationMethods.browserClose(ProjectSpecificationMethods.java:21)
at base.ProjectSpecificationMethods.browserClose(ProjectSpecificationMethods.java:21)
at base.ProjectSpecificationMethods.browserClose(ProjectSpecificationMethods.java:21)
at base.ProjectSpecificationMethods.browserClose(ProjectSpecificationMethods.java:21)
at base.ProjectSpecificationMethods.browserClose(ProjectSpecificationMethods.java:21)
at base.ProjectSpecificationMethods.browserClose(ProjectSpecificationMethods.java:21)
at base.ProjectSpecificationMethods.browserClose(ProjectSpecificationMethods.java:21)
at base.ProjectSpecificationMethods.browserClose(ProjectSpecificationMethods.java:21)
at base.ProjectSpecificationMethods.browserClose(ProjectSpecificationMethods.java:21)
at base.ProjectSpecificationMethods.browserClose(ProjectSpecificationMethods.java:21)
at base.ProjectSpecificationMethods.browserClose(ProjectSpecificationMethods.java:21)
at base.ProjectSpecificationMethods.browserClose(ProjectSpecificationMethods.java:21)
at base.ProjectSpecificationMethods.browserClose(ProjectSpecificationMethods.java:21)
at base.ProjectSpecificationMethods.browserClose(ProjectSpecificationMethods.java:21)
at base.ProjectSpecificationMethods.browserClose(ProjectSpecificationMethods.java:21)
at base.ProjectSpecificationMethods.browserClose(ProjectSpecificationMethods.java:21)
at base.ProjectSpecificationMethods.browserClose(ProjectSpecificationMethods.java:21)
at base.ProjectSpecificationMethods.browserClose(ProjectSpecificationMethods.java:21)
at base.ProjectSpecificationMethods.browserClose(ProjectSpecificationMethods.java:21)
at base.ProjectSpecificationMethods.browserClose(ProjectSpecificationMethods.java:21)
at base.ProjectSpecificationMethods.browserClose(ProjectSpecificationMethods.java:21)
at base.ProjectSpecificationMethods.browserClose(ProjectSpecificationMethods.java:21)
at base.ProjectSpecificationMethods.browserClose(ProjectSpecificationMethods.java:21)
at base.ProjectSpecificationMethods.browserClose(ProjectSpecificationMethods.java:21)
at base.ProjectSpecificationMethods.browserClose(ProjectSpecificationMethods.java:21)
at base.ProjectSpecificationMethods.browserClose(ProjectSpecificationMethods.java:21)
at base.ProjectSpecificationMethods.browserClose(ProjectSpecificationMethods.java:21)
at base.ProjectSpecificationMethods.browserClose(ProjectSpecificationMethods.java:21)
at base.ProjectSpecificationMethods.browserClose(ProjectSpecificationMethods.java:21)
at base.ProjectSpecificationMethods.browserClose(ProjectSpecificationMethods.java:21)
at base.ProjectSpecificationMethods.browserClose(ProjectSpecificationMethods.java:21)
at base.ProjectSpecificationMethods.browserClose(ProjectSpecificationMethods.java:21)
at base.ProjectSpecificationMethods.browserClose(ProjectSpecificationMethods.java:21)
at base.ProjectSpecificationMethods.browserClose(ProjectSpecificationMethods.java:21)
at base.ProjectSpecificationMethods.browserClose(ProjectSpecificationMethods.java:21)
at base.ProjectSpecificationMethods.browserClose(ProjectSpecificationMethods.java:21)
at base.ProjectSpecificationMethods.browserClose(ProjectSpecificationMethods.java:21)
at base.ProjectSpecificationMethods.browserClose(ProjectSpecificationMethods.java:21)
at base.ProjectSpecificationMethods.browserClose(ProjectSpecificationMethods.java:21)
at base.ProjectSpecificationMethods.browserClose(ProjectSpecificationMethods.java:21)
at base.ProjectSpecificationMethods.browserClose(ProjectSpecificationMethods.java:21)
at base.ProjectSpecificationMethods.browserClose(ProjectSpecificationMethods.java:21)
at base.ProjectSpecificationMethods.browserClose(ProjectSpecificationMethods.java:21)
at base.ProjectSpecificationMethods.browserClose(ProjectSpecificationMethods.java:21)
at base.ProjectSpecificationMethods.browserClose(ProjectSpecificationMethods.java:21)
at base.ProjectSpecificationMethods.browserClose(ProjectSpecificationMethods.java:21)
at base.ProjectSpecificationMethods.browserClose(ProjectSpecificationMethods.java:21)
at base.ProjectSpecificationMethods.browserClose(ProjectSpecificationMethods.java:21)
at base.ProjectSpecificationMethods.browserClose(ProjectSpecificationMethods.java:21)
at base.ProjectSpecificationMethods.browserClose(ProjectSpecificationMethods.java:21)
at base.ProjectSpecificationMethods.browserClose(ProjectSpecificationMethods.java:21)
at base.ProjectSpecificationMethods.browserClose(ProjectSpecificationMethods.java:21)
at base.ProjectSpecificationMethods.browserClose(ProjectSpecificationMethods.java:21)
at base.ProjectSpecificationMethods.browserClose(ProjectSpecificationMethods.java:21)
at base.ProjectSpecificationMethods.browserClose(ProjectSpecificationMethods.java:21)
at base.ProjectSpecificationMethods.browserClose(ProjectSpecificationMethods.java:21)
at base.ProjectSpecificationMethods.browserClose(ProjectSpecificationMethods.java:21)
at base.ProjectSpecificationMethods.browserClose(ProjectSpecificationMethods.java:21)
at base.ProjectSpecificationMethods.browserClose(ProjectSpecificationMethods.java:21)
at base.ProjectSpecificationMethods.browserClose(ProjectSpecificationMethods.java:21)
at base.ProjectSpecificationMethods.browserClose(ProjectSpecificationMethods.java:21)
at base.ProjectSpecificationMethods.browserClose(ProjectSpecificationMethods.java:21)
at base.ProjectSpecificationMethods.browserClose(ProjectSpecificationMethods.java:21)
at base.ProjectSpecificationMethods.browserClose(ProjectSpecificationMethods.java:21)
at base.ProjectSpecificationMethods.browserClose(ProjectSpecificationMethods.java:21)
at base.ProjectSpecificationMethods.browserClose(ProjectSpecificationMethods.java:21)
at base.ProjectSpecificationMethods.browserClose(ProjectSpecificationMethods.java:21)
at base.ProjectSpecificationMethods.browserClose(ProjectSpecificationMethods.java:21)
at base.ProjectSpecificationMethods.browserClose(ProjectSpecificationMethods.java:21)
at base.ProjectSpecificationMethods.browserClose(ProjectSpecificationMethods.java:21)
at base.ProjectSpecificationMethods.browserClose(ProjectSpecificationMethods.java:21)
at base.ProjectSpecificationMethods.browserClose(ProjectSpecificationMethods.java:21)
at base.ProjectSpecificationMethods.browserClose(ProjectSpecificationMethods.java:21)
at base.ProjectSpecificationMethods.browserClose(ProjectSpecificationMethods.java:21)
at base.ProjectSpecificationMethods.browserClose(ProjectSpecificationMethods.java:21)
at base.ProjectSpecificationMethods.browserClose(ProjectSpecificationMethods.java:21)
at base.ProjectSpecificationMethods.browserClose(ProjectSpecificationMethods.java:21)
at base.ProjectSpecificationMethods.browserClose(ProjectSpecificationMethods.java:21)
at base.ProjectSpecificationMethods.browserClose(ProjectSpecificationMethods.java:21)
at base.ProjectSpecificationMethods.browserClose(ProjectSpecificationMethods.java:21)
at base.ProjectSpecificationMethods.browserClose(ProjectSpecificationMethods.java:21)
at base.ProjectSpecificationMethods.browserClose(ProjectSpecificationMethods.java:21)
at base.ProjectSpecificationMethods.browserClose(ProjectSpecificationMethods.java:21)
at base.ProjectSpecificationMethods.browserClose(ProjectSpecificationMethods.java:21)
at base.ProjectSpecificationMethods.browserClose(ProjectSpecificationMethods.java:21)
at base.ProjectSpecificationMethods.browserClose(ProjectSpecificationMethods.java:21)
at base.ProjectSpecificationMethods.browserClose(ProjectSpecificationMethods.java:21)
at base.ProjectSpecificationMethods.browserClose(ProjectSpecificationMethods.java:21)
at base.ProjectSpecificationMethods.browserClose(ProjectSpecificationMethods.java:21)
at base.ProjectSpecificationMethods.browserClose(ProjectSpecificationMethods.java:21)
at base.ProjectSpecificationMethods.browserClose(ProjectSpecificationMethods.java:21)
at base.ProjectSpecificationMethods.browserClose(ProjectSpecificationMethods.java:21)
at base.ProjectSpecificationMethods.browserClose(ProjectSpecificationMethods.java:21)
at base.ProjectSpecificationMethods.browserClose(ProjectSpecificationMethods.java:21)
at base.ProjectSpecificationMethods.browserClose(ProjectSpecificationMethods.java:21)
at base.ProjectSpecificationMethods.browserClose(ProjectSpecificationMethods.java:21)
at base.ProjectSpecificationMethods.browserClose(ProjectSpecificationMethods.java:21)
at base.ProjectSpecificationMethods.browserClose(ProjectSpecificationMethods.java:21)
at base.ProjectSpecificationMethods.browserClose(ProjectSpecificationMethods.java:21)
at base.ProjectSpecificationMethods.browserClose(ProjectSpecificationMethods.java:21)
at base.ProjectSpecificationMethods.browserClose(ProjectSpecificationMethods.java:21)
at base.ProjectSpecificationMethods.browserClose(ProjectSpecificationMethods.java:21)
at base.ProjectSpecificationMethods.browserClose(ProjectSpecificationMethods.java:21)
at base.ProjectSpecificationMethods.browserClose(ProjectSpecificationMethods.java:21)
at base.ProjectSpecificationMethods.browserClose(ProjectSpecificationMethods.java:21)
at base.ProjectSpecificationMethods.browserClose(ProjectSpecificationMethods.java:21)
at base.ProjectSpecificationMethods.browserClose(ProjectSpecificationMethods.java:21)
at base.ProjectSpecificationMethods.browserClose(ProjectSpecificationMethods.java:21)
at base.ProjectSpecificationMethods.browserClose(ProjectSpecificationMethods.java:21)
at base.ProjectSpecificationMethods.browserClose(ProjectSpecificationMethods.java:21)
at base.ProjectSpecificationMethods.browserClose(ProjectSpecificationMethods.java:21)
at base.ProjectSpecificationMethods.browserClose(ProjectSpecificationMethods.java:21)
at base.ProjectSpecificationMethods.browserClose(ProjectSpecificationMethods.java:21)
at base.ProjectSpecificationMethods.browserClose(ProjectSpecificationMethods.java:21)
at base.ProjectSpecificationMethods.browserClose(ProjectSpecificationMethods.java:21)
at base.ProjectSpecificationMethods.browserClose(ProjectSpecificationMethods.java:21)
at base.ProjectSpecificationMethods.browserClose(ProjectSpecificationMethods.java:21)
at base.ProjectSpecificationMethods.browserClose(ProjectSpecificationMethods.java:21)
at base.ProjectSpecificationMethods.browserClose(ProjectSpecificationMethods.java:21)
at base.ProjectSpecificationMethods.browserClose(ProjectSpecificationMethods.java:21)
at base.ProjectSpecificationMethods.browserClose(ProjectSpecificationMethods.java:21)
at base.ProjectSpecificationMethods.browserClose(ProjectSpecificationMethods.java:21)
at base.ProjectSpecificationMethods.browserClose(ProjectSpecificationMethods.java:21)
at base.ProjectSpecificationMethods.browserClose(ProjectSpecificationMethods.java:21)
at base.ProjectSpecificationMethods.browserClose(ProjectSpecificationMethods.java:21)
at base.ProjectSpecificationMethods.browserClose(ProjectSpecificationMethods.java:21)
at base.ProjectSpecificationMethods.browserClose(ProjectSpecificationMethods.java:21)
at base.ProjectSpecificationMethods.browserClose(ProjectSpecificationMethods.java:21)
at base.ProjectSpecificationMethods.browserClose(ProjectSpecificationMethods.java:21)
at base.ProjectSpecificationMethods.browserClose(ProjectSpecificationMethods.java:21)
at base.ProjectSpecificationMethods.browserClose(ProjectSpecificationMethods.java:21)
at base.ProjectSpecificationMethods.browserClose(ProjectSpecificationMethods.java:21)
at base.ProjectSpecificationMethods.browserClose(ProjectSpecificationMethods.java:21)
at base.ProjectSpecificationMethods.browserClose(ProjectSpecificationMethods.java:21)
at base.ProjectSpecificationMethods.browserClose(ProjectSpecificationMethods.java:21)
at base.ProjectSpecificationMethods.browserClose(ProjectSpecificationMethods.java:21)
at base.ProjectSpecificationMethods.browserClose(ProjectSpecificationMethods.java:21)
at base.ProjectSpecificationMethods.browserClose(ProjectSpecificationMethods.java:21)
at base.ProjectSpecificationMethods.browserClose(ProjectSpecificationMethods.java:21)
at base.ProjectSpecificationMethods.browserClose(ProjectSpecificationMethods.java:21)
at base.ProjectSpecificationMethods.browserClose(ProjectSpecificationMethods.java:21)
at base.ProjectSpecificationMethods.browserClose(ProjectSpecificationMethods.java:21)
at base.ProjectSpecificationMethods.browserClose(ProjectSpecificationMethods.java:21)
at base.ProjectSpecificationMethods.browserClose(ProjectSpecificationMethods.java:21)
at base.ProjectSpecificationMethods.browserClose(ProjectSpecificationMethods.java:21)
at base.ProjectSpecificationMethods.browserClose(ProjectSpecificationMethods.java:21)
at base.ProjectSpecificationMethods.browserClose(ProjectSpecificationMethods.java:21)
at base.ProjectSpecificationMethods.browserClose(ProjectSpecificationMethods.java:21)
at base.ProjectSpecificationMethods.browserClose(ProjectSpecificationMethods.java:21)
at base.ProjectSpecificationMethods.browserClose(ProjectSpecificationMethods.java:21)
at base.ProjectSpecificationMethods.browserClose(ProjectSpecificationMethods.java:21)
at base.ProjectSpecificationMethods.browserClose(ProjectSpecificationMethods.java:21)
at base.ProjectSpecificationMethods.browserClose(ProjectSpecificationMethods.java:21)
at base.ProjectSpecificationMethods.browserClose(ProjectSpecificationMethods.java:21)
at base.ProjectSpecificationMethods.browserClose(ProjectSpecificationMethods.java:21)
at base.ProjectSpecificationMethods.browserClose(ProjectSpecificationMethods.java:21)
at base.ProjectSpecificationMethods.browserClose(ProjectSpecificationMethods.java:21)
at base.ProjectSpecificationMethods.browserClose(ProjectSpecificationMethods.java:21)
at base.ProjectSpecificationMethods.browserClose(ProjectSpecificationMethods.java:21)
at base.ProjectSpecificationMethods.browserClose(ProjectSpecificationMethods.java:21)
at base.ProjectSpecificationMethods.browserClose(ProjectSpecificationMethods.java:21)
at base.ProjectSpecificationMethods.browserClose(ProjectSpecificationMethods.java:21)
at base.ProjectSpecificationMethods.browserClose(ProjectSpecificationMethods.java:21)
at base.ProjectSpecificationMethods.browserClose(ProjectSpecificationMethods.java:21)
at base.ProjectSpecificationMethods.browserClose(ProjectSpecificationMethods.java:21)
at base.ProjectSpecificationMethods.browserClose(ProjectSpecificationMethods.java:21)
at base.ProjectSpecificationMethods.browserClose(ProjectSpecificationMethods.java:21)
at base.ProjectSpecificationMethods.browserClose(ProjectSpecificationMethods.java:21)
at base.ProjectSpecificationMethods.browserClose(ProjectSpecificationMethods.java:21)
at base.ProjectSpecificationMethods.browserClose(ProjectSpecificationMethods.java:21)
at base.ProjectSpecificationMethods.browserClose(ProjectSpecificationMethods.java:21)
at base.ProjectSpecificationMethods.browserClose(ProjectSpecificationMethods.java:21)
at base.ProjectSpecificationMethods.browserClose(ProjectSpecificationMethods.java:21)
at base.ProjectSpecificationMethods.browserClose(ProjectSpecificationMethods.java:21)
at base.ProjectSpecificationMethods.browserClose(ProjectSpecificationMethods.java:21)
at base.ProjectSpecificationMethods.browserClose(ProjectSpecificationMethods.java:21)
at base.ProjectSpecificationMethods.browserClose(ProjectSpecificationMethods.java:21)
at base.ProjectSpecificationMethods.browserClose(ProjectSpecificationMethods.java:21)
at base.ProjectSpecificationMethods.browserClose(ProjectSpecificationMethods.java:21)
at base.ProjectSpecificationMethods.browserClose(ProjectSpecificationMethods.java:21)
at base.ProjectSpecificationMethods.browserClose(ProjectSpecificationMethods.java:21)
at base.ProjectSpecificationMethods.browserClose(ProjectSpecificationMethods.java:21)
at base.ProjectSpecificationMethods.browserClose(ProjectSpecificationMethods.java:21)
at base.ProjectSpecificationMethods.browserClose(ProjectSpecificationMethods.java:21)
at base.ProjectSpecificationMethods.browserClose(ProjectSpecificationMethods.java:21)
at base.ProjectSpecificationMethods.browserClose(ProjectSpecificationMethods.java:21)
at base.ProjectSpecificationMethods.browserClose(ProjectSpecificationMethods.java:21)
at base.ProjectSpecificationMethods.browserClose(ProjectSpecificationMethods.java:21)
at base.ProjectSpecificationMethods.browserClose(ProjectSpecificationMethods.java:21)
at base.ProjectSpecificationMethods.browserClose(ProjectSpecificationMethods.java:21)
at base.ProjectSpecificationMethods.browserClose(ProjectSpecificationMethods.java:21)
at base.ProjectSpecificationMethods.browserClose(ProjectSpecificationMethods.java:21)
at base.ProjectSpecificationMethods.browserClose(ProjectSpecificationMethods.java:21)
at base.ProjectSpecificationMethods.browserClose(ProjectSpecificationMethods.java:21)
at base.ProjectSpecificationMethods.browserClose(ProjectSpecificationMethods.java:21)
at base.ProjectSpecificationMethods.browserClose(ProjectSpecificationMethods.java:21)
at base.ProjectSpecificationMethods.browserClose(ProjectSpecificationMethods.java:21)
at base.ProjectSpecificationMethods.browserClose(ProjectSpecificationMethods.java:21)
at base.ProjectSpecificationMethods.browserClose(ProjectSpecificationMethods.java:21)
at base.ProjectSpecificationMethods.browserClose(ProjectSpecificationMethods.java:21)
at base.ProjectSpecificationMethods.browserClose(ProjectSpecificationMethods.java:21)
at base.ProjectSpecificationMethods.browserClose(ProjectSpecificationMethods.java:21)
at base.ProjectSpecificationMethods.browserClose(ProjectSpecificationMethods.java:21)
at base.ProjectSpecificationMethods.browserClose(ProjectSpecificationMethods.java:21)
at base.ProjectSpecificationMethods.browserClose(ProjectSpecificationMethods.java:21)
at base.ProjectSpecificationMethods.browserClose(ProjectSpecificationMethods.java:21)
at base.ProjectSpecificationMethods.browserClose(ProjectSpecificationMethods.java:21)
at base.ProjectSpecificationMethods.browserClose(ProjectSpecificationMethods.java:21)
at base.ProjectSpecificationMethods.browserClose(ProjectSpecificationMethods.java:21)
at base.ProjectSpecificationMethods.browserClose(ProjectSpecificationMethods.java:21)
at base.ProjectSpecificationMethods.browserClose(ProjectSpecificationMethods.java:21)
at base.ProjectSpecificationMethods.browserClose(ProjectSpecificationMethods.java:21)
at base.ProjectSpecificationMethods.browserClose(ProjectSpecificationMethods.java:21)
at base.ProjectSpecificationMethods.browserClose(ProjectSpecificationMethods.java:21)
at base.ProjectSpecificationMethods.browserClose(ProjectSpecificationMethods.java:21)
at base.ProjectSpecificationMethods.browserClose(ProjectSpecificationMethods.java:21)
at base.ProjectSpecificationMethods.browserClose(ProjectSpecificationMethods.java:21)
at base.ProjectSpecificationMethods.browserClose(ProjectSpecificationMethods.java:21)
at base.ProjectSpecificationMethods.browserClose(ProjectSpecificationMethods.java:21)
at base.ProjectSpecificationMethods.browserClose(ProjectSpecificationMethods.java:21)
at base.ProjectSpecificationMethods.browserClose(ProjectSpecificationMethods.java:21)
at base.ProjectSpecificationMethods.browserClose(ProjectSpecificationMethods.java:21)
at base.ProjectSpecificationMethods.browserClose(ProjectSpecificationMethods.java:21)
at base.ProjectSpecificationMethods.browserClose(ProjectSpecificationMethods.java:21)
at base.ProjectSpecificationMethods.browserClose(ProjectSpecificationMethods.java:21)
at base.ProjectSpecificationMethods.browserClose(ProjectSpecificationMethods.java:21)
at base.ProjectSpecificationMethods.browserClose(ProjectSpecificationMethods.java:21)
at base.ProjectSpecificationMethods.browserClose(ProjectSpecificationMethods.java:21)
at base.ProjectSpecificationMethods.browserClose(ProjectSpecificationMethods.java:21)
at base.ProjectSpecificationMethods.browserClose(ProjectSpecificationMethods.java:21)
at base.ProjectSpecificationMethods.browserClose(ProjectSpecificationMethods.java:21)
at base.ProjectSpecificationMethods.browserClose(ProjectSpecificationMethods.java:21)
at base.ProjectSpecificationMethods.browserClose(ProjectSpecificationMethods.java:21)
at base.ProjectSpecificationMethods.browserClose(ProjectSpecificationMethods.java:21)
at base.ProjectSpecificationMethods.browserClose(ProjectSpecificationMethods.java:21)
at base.ProjectSpecificationMethods.browserClose(ProjectSpecificationMethods.java:21)
at base.ProjectSpecificationMethods.browserClose(ProjectSpecificationMethods.java:21)
at base.ProjectSpecificationMethods.browserClose(ProjectSpecificationMethods.java:21)
at base.ProjectSpecificationMethods.browserClose(ProjectSpecificationMethods.java:21)
at base.ProjectSpecificationMethods.browserClose(ProjectSpecificationMethods.java:21)
at base.ProjectSpecificationMethods.browserClose(ProjectSpecificationMethods.java:21)
at base.ProjectSpecificationMethods.browserClose(ProjectSpecificationMethods.java:21)
at base.ProjectSpecificationMethods.browserClose(ProjectSpecificationMethods.java:21)
at base.ProjectSpecificationMethods.browserClose(ProjectSpecificationMethods.java:21)
at base.ProjectSpecificationMethods.browserClose(ProjectSpecificationMethods.java:21)
at base.ProjectSpecificationMethods.browserClose(ProjectSpecificationMethods.java:21)
at base.ProjectSpecificationMethods.browserClose(ProjectSpecificationMethods.java:21)
at base.ProjectSpecificationMethods.browserClose(ProjectSpecificationMethods.java:21)
at base.ProjectSpecificationMethods.browserClose(ProjectSpecificationMethods.java:21)
at base.ProjectSpecificationMethods.browserClose(ProjectSpecificationMethods.java:21)
at base.ProjectSpecificationMethods.browserClose(ProjectSpecificationMethods.java:21)
at base.ProjectSpecificationMethods.browserClose(ProjectSpecificationMethods.java:21)
at base.ProjectSpecificationMethods.browserClose(ProjectSpecificationMethods.java:21)
at base.ProjectSpecificationMethods.browserClose(ProjectSpecificationMethods.java:21)
at base.ProjectSpecificationMethods.browserClose(ProjectSpecificationMethods.java:21)
at base.ProjectSpecificationMethods.browserClose(ProjectSpecificationMethods.java:21)
at base.ProjectSpecificationMethods.browserClose(ProjectSpecificationMethods.java:21)
at base.ProjectSpecificationMethods.browserClose(ProjectSpecificationMethods.java:21)
at base.ProjectSpecificationMethods.browserClose(ProjectSpecificationMethods.java:21)
at base.ProjectSpecificationMethods.browserClose(ProjectSpecificationMethods.java:21)
at base.ProjectSpecificationMethods.browserClose(ProjectSpecificationMethods.java:21)
at base.ProjectSpecificationMethods.browserClose(ProjectSpecificationMethods.java:21)
at base.ProjectSpecificationMethods.browserClose(ProjectSpecificationMethods.java:21)
at base.ProjectSpecificationMethods.browserClose(ProjectSpecificationMethods.java:21)
at base.ProjectSpecificationMethods.browserClose(ProjectSpecificationMethods.java:21)
at base.ProjectSpecificationMethods.browserClose(ProjectSpecificationMethods.java:21)
at base.ProjectSpecificationMethods.browserClose(ProjectSpecificationMethods.java:21)
at base.ProjectSpecificationMethods.browserClose(ProjectSpecificationMethods.java:21)
at base.ProjectSpecificationMethods.browserClose(ProjectSpecificationMethods.java:21)
at base.ProjectSpecificationMethods.browserClose(ProjectSpecificationMethods.java:21)
at base.ProjectSpecificationMethods.browserClose(ProjectSpecificationMethods.java:21)
at base.ProjectSpecificationMethods.browserClose(ProjectSpecificationMethods.java:21)
at base.ProjectSpecificationMethods.browserClose(ProjectSpecificationMethods.java:21)
at base.ProjectSpecificationMethods.browserClose(ProjectSpecificationMethods.java:21)
at base.ProjectSpecificationMethods.browserClose(ProjectSpecificationMethods.java:21)
at base.ProjectSpecificationMethods.browserClose(ProjectSpecificationMethods.java:21)
at base.ProjectSpecificationMethods.browserClose(ProjectSpecificationMethods.java:21)
at base.ProjectSpecificationMethods.browserClose(ProjectSpecificationMethods.java:21)
at base.ProjectSpecificationMethods.browserClose(ProjectSpecificationMethods.java:21)
at base.ProjectSpecificationMethods.browserClose(ProjectSpecificationMethods.java:21)
at base.ProjectSpecificationMethods.browserClose(ProjectSpecificationMethods.java:21)
at base.ProjectSpecificationMethods.browserClose(ProjectSpecificationMethods.java:21)
at base.ProjectSpecificationMethods.browserClose(ProjectSpecificationMethods.java:21)
at base.ProjectSpecificationMethods.browserClose(ProjectSpecificationMethods.java:21)
at base.ProjectSpecificationMethods.browserClose(ProjectSpecificationMethods.java:21)
at base.ProjectSpecificationMethods.browserClose(ProjectSpecificationMethods.java:21)
at base.ProjectSpecificationMethods.browserClose(ProjectSpecificationMethods.java:21)
at base.ProjectSpecificationMethods.browserClose(ProjectSpecificationMethods.java:21)
at base.ProjectSpecificationMethods.browserClose(ProjectSpecificationMethods.java:21)
at base.ProjectSpecificationMethods.browserClose(ProjectSpecificationMethods.java:21)
at base.ProjectSpecificationMethods.browserClose(ProjectSpecificationMethods.java:21)
at base.ProjectSpecificationMethods.browserClose(ProjectSpecificationMethods.java:21)
at base.ProjectSpecificationMethods.browserClose(ProjectSpecificationMethods.java:21)
at base.ProjectSpecificationMethods.browserClose(ProjectSpecificationMethods.java:21)
at base.ProjectSpecificationMethods.browserClose(ProjectSpecificationMethods.java:21)
at base.ProjectSpecificationMethods.browserClose(ProjectSpecificationMethods.java:21)
at base.ProjectSpecificationMethods.browserClose(ProjectSpecificationMethods.java:21)
at base.ProjectSpecificationMethods.browserClose(ProjectSpecificationMethods.java:21)
at base.ProjectSpecificationMethods.browserClose(ProjectSpecificationMethods.java:21)
at base.ProjectSpecificationMethods.browserClose(ProjectSpecificationMethods.java:21)
at base.ProjectSpecificationMethods.browserClose(ProjectSpecificationMethods.java:21)
at base.ProjectSpecificationMethods.browserClose(ProjectSpecificationMethods.java:21)
at base.ProjectSpecificationMethods.browserClose(ProjectSpecificationMethods.java:21)
at base.ProjectSpecificationMethods.browserClose(ProjectSpecificationMethods.java:21)
at base.ProjectSpecificationMethods.browserClose(ProjectSpecificationMethods.java:21)
at base.ProjectSpecificationMethods.browserClose(ProjectSpecificationMethods.java:21)
at base.ProjectSpecificationMethods.browserClose(ProjectSpecificationMethods.java:21)
at base.ProjectSpecificationMethods.browserClose(ProjectSpecificationMethods.java:21)
at base.ProjectSpecificationMethods.browserClose(ProjectSpecificationMethods.java:21)
at base.ProjectSpecificationMethods.browserClose(ProjectSpecificationMethods.java:21)
at base.ProjectSpecificationMethods.browserClose(ProjectSpecificationMethods.java:21)
at base.ProjectSpecificationMethods.browserClose(ProjectSpecificationMethods.java:21)
at base.ProjectSpecificationMethods.browserClose(ProjectSpecificationMethods.java:21)
at base.ProjectSpecificationMethods.browserClose(ProjectSpecificationMethods.java:21)
at base.ProjectSpecificationMethods.browserClose(ProjectSpecificationMethods.java:21)
at base.ProjectSpecificationMethods.browserClose(ProjectSpecificationMethods.java:21)
at base.ProjectSpecificationMethods.browserClose(ProjectSpecificationMethods.java:21)
at base.ProjectSpecificationMethods.browserClose(ProjectSpecificationMethods.java:21)
at base.ProjectSpecificationMethods.browserClose(ProjectSpecificationMethods.java:21)
at base.ProjectSpecificationMethods.browserClose(ProjectSpecificationMethods.java:21)
at base.ProjectSpecificationMethods.browserClose(ProjectSpecificationMethods.java:21)
at base.ProjectSpecificationMethods.browserClose(ProjectSpecificationMethods.java:21)
at base.ProjectSpecificationMethods.browserClose(ProjectSpecificationMethods.java:21)
at base.ProjectSpecificationMethods.browserClose(ProjectSpecificationMethods.java:21)
at base.ProjectSpecificationMethods.browserClose(ProjectSpecificationMethods.java:21)
at base.ProjectSpecificationMethods.browserClose(ProjectSpecificationMethods.java:21)
at base.ProjectSpecificationMethods.browserClose(ProjectSpecificationMethods.java:21)
at base.ProjectSpecificationMethods.browserClose(ProjectSpecificationMethods.java:21)
at base.ProjectSpecificationMethods.browserClose(ProjectSpecificationMethods.java:21)
at base.ProjectSpecificationMethods.browserClose(ProjectSpecificationMethods.java:21)
at base.ProjectSpecificationMethods.browserClose(ProjectSpecificationMethods.java:21)
at base.ProjectSpecificationMethods.browserClose(ProjectSpecificationMethods.java:21)
at base.ProjectSpecificationMethods.browserClose(ProjectSpecificationMethods.java:21)
at base.ProjectSpecificationMethods.browserClose(ProjectSpecificationMethods.java:21)
at base.ProjectSpecificationMethods.browserClose(ProjectSpecificationMethods.java:21)
at base.ProjectSpecificationMethods.browserClose(ProjectSpecificationMethods.java:21)
at base.ProjectSpecificationMethods.browserClose(ProjectSpecificationMethods.java:21)
at base.ProjectSpecificationMethods.browserClose(ProjectSpecificationMethods.java:21)
at base.ProjectSpecificationMethods.browserClose(ProjectSpecificationMethods.java:21)
at base.ProjectSpecificationMethods.browserClose(ProjectSpecificationMethods.java:21)
at base.ProjectSpecificationMethods.browserClose(ProjectSpecificationMethods.java:21)
at base.ProjectSpecificationMethods.browserClose(ProjectSpecificationMethods.java:21)
at base.ProjectSpecificationMethods.browserClose(ProjectSpecificationMethods.java:21)
at base.ProjectSpecificationMethods.browserClose(ProjectSpecificationMethods.java:21)
at base.ProjectSpecificationMethods.browserClose(ProjectSpecificationMethods.java:21)
at base.ProjectSpecificationMethods.browserClose(ProjectSpecificationMethods.java:21)
at base.ProjectSpecificationMethods.browserClose(ProjectSpecificationMethods.java:21)
at base.ProjectSpecificationMethods.browserClose(ProjectSpecificationMethods.java:21)
at base.ProjectSpecificationMethods.browserClose(ProjectSpecificationMethods.java:21)
at base.ProjectSpecificationMethods.browserClose(ProjectSpecificationMethods.java:21)
at base.ProjectSpecificationMethods.browserClose(ProjectSpecificationMethods.java:21)
at base.ProjectSpecificationMethods.browserClose(ProjectSpecificationMethods.java:21)
at base.ProjectSpecificationMethods.browserClose(ProjectSpecificationMethods.java:21)
at base.ProjectSpecificationMethods.browserClose(ProjectSpecificationMethods.java:21)
at base.ProjectSpecificationMethods.browserClose(ProjectSpecificationMethods.java:21)
at base.ProjectSpecificationMethods.browserClose(ProjectSpecificationMethods.java:21)
at base.ProjectSpecificationMethods.browserClose(ProjectSpecificationMethods.java:21)
at base.ProjectSpecificationMethods.browserClose(ProjectSpecificationMethods.java:21)
at base.ProjectSpecificationMethods.browserClose(ProjectSpecificationMethods.java:21)
at base.ProjectSpecificationMethods.browserClose(ProjectSpecificationMethods.java:21)
at base.ProjectSpecificationMethods.browserClose(ProjectSpecificationMethods.java:21)
at base.ProjectSpecificationMethods.browserClose(ProjectSpecificationMethods.java:21)
at base.ProjectSpecificationMethods.browserClose(ProjectSpecificationMethods.java:21)
at base.ProjectSpecificationMethods.browserClose(ProjectSpecificationMethods.java:21)
at base.ProjectSpecificationMethods.browserClose(ProjectSpecificationMethods.java:21)
at base.ProjectSpecificationMethods.browserClose(ProjectSpecificationMethods.java:21)
at base.ProjectSpecificationMethods.browserClose(ProjectSpecificationMethods.java:21)
at base.ProjectSpecificationMethods.browserClose(ProjectSpecificationMethods.java:21)
at base.ProjectSpecificationMethods.browserClose(ProjectSpecificationMethods.java:21)
at base.ProjectSpecificationMethods.browserClose(ProjectSpecificationMethods.java:21)
at base.ProjectSpecificationMethods.browserClose(ProjectSpecificationMethods.java:21)
at base.ProjectSpecificationMethods.browserClose(ProjectSpecificationMethods.java:21)
at base.ProjectSpecificationMethods.browserClose(ProjectSpecificationMethods.java:21)
at base.ProjectSpecificationMethods.browserClose(ProjectSpecificationMethods.java:21)
at base.ProjectSpecificationMethods.browserClose(ProjectSpecificationMethods.java:21)
at base.ProjectSpecificationMethods.browserClose(ProjectSpecificationMethods.java:21)
at base.ProjectSpecificationMethods.browserClose(ProjectSpecificationMethods.java:21)
at base.ProjectSpecificationMethods.browserClose(ProjectSpecificationMethods.java:21)
at base.ProjectSpecificationMethods.browserClose(ProjectSpecificationMethods.java:21)
at base.ProjectSpecificationMethods.browserClose(ProjectSpecificationMethods.java:21)
at base.ProjectSpecificationMethods.browserClose(ProjectSpecificationMethods.java:21)
at base.ProjectSpecificationMethods.browserClose(ProjectSpecificationMethods.java:21)
at base.ProjectSpecificationMethods.browserClose(ProjectSpecificationMethods.java:21)
at base.ProjectSpecificationMethods.browserClose(ProjectSpecificationMethods.java:21)
at base.ProjectSpecificationMethods.browserClose(ProjectSpecificationMethods.java:21)
at base.ProjectSpecificationMethods.browserClose(ProjectSpecificationMethods.java:21)
at base.ProjectSpecificationMethods.browserClose(ProjectSpecificationMethods.java:21)
at base.ProjectSpecificationMethods.browserClose(ProjectSpecificationMethods.java:21)
at base.ProjectSpecificationMethods.browserClose(ProjectSpecificationMethods.java:21)
at base.ProjectSpecificationMethods.browserClose(ProjectSpecificationMethods.java:21)
at base.ProjectSpecificationMethods.browserClose(ProjectSpecificationMethods.java:21)
at base.ProjectSpecificationMethods.browserClose(ProjectSpecificationMethods.java:21)
at base.ProjectSpecificationMethods.browserClose(ProjectSpecificationMethods.java:21)
at base.ProjectSpecificationMethods.browserClose(ProjectSpecificationMethods.java:21)
at base.ProjectSpecificationMethods.browserClose(ProjectSpecificationMethods.java:21)
at base.ProjectSpecificationMethods.browserClose(ProjectSpecificationMethods.java:21)
at base.ProjectSpecificationMethods.browserClose(ProjectSpecificationMethods.java:21)
at base.ProjectSpecificationMethods.browserClose(ProjectSpecificationMethods.java:21)
at base.ProjectSpecificationMethods.browserClose(ProjectSpecificationMethods.java:21)
at base.ProjectSpecificationMethods.browserClose(ProjectSpecificationMethods.java:21)
at base.ProjectSpecificationMethods.browserClose(ProjectSpecificationMethods.java:21)
at base.ProjectSpecificationMethods.browserClose(ProjectSpecificationMethods.java:21)
at base.ProjectSpecificationMethods.browserClose(ProjectSpecificationMethods.java:21)
at base.ProjectSpecificationMethods.browserClose(ProjectSpecificationMethods.java:21)
at base.ProjectSpecificationMethods.browserClose(ProjectSpecificationMethods.java:21)
at base.ProjectSpecificationMethods.browserClose(ProjectSpecificationMethods.java:21)
at base.ProjectSpecificationMethods.browserClose(ProjectSpecificationMethods.java:21)
at base.ProjectSpecificationMethods.browserClose(ProjectSpecificationMethods.java:21)
at base.ProjectSpecificationMethods.browserClose(ProjectSpecificationMethods.java:21)
at base.ProjectSpecificationMethods.browserClose(ProjectSpecificationMethods.java:21)
at base.ProjectSpecificationMethods.browserClose(ProjectSpecificationMethods.java:21)
at base.ProjectSpecificationMethods.browserClose(ProjectSpecificationMethods.java:21)
at base.ProjectSpecificationMethods.browserClose(ProjectSpecificationMethods.java:21)
at base.ProjectSpecificationMethods.browserClose(ProjectSpecificationMethods.java:21)
at base.ProjectSpecificationMethods.browserClose(ProjectSpecificationMethods.java:21)
at base.ProjectSpecificationMethods.browserClose(ProjectSpecificationMethods.java:21)
at base.ProjectSpecificationMethods.browserClose(ProjectSpecificationMethods.java:21)
at base.ProjectSpecificationMethods.browserClose(ProjectSpecificationMethods.java:21)
at base.ProjectSpecificationMethods.browserClose(ProjectSpecificationMethods.java:21)
]]>
    </error>
  </testcase> <!-- browserClose -->
  <system-out/>
</testsuite> <!-- test.TC_008_ChangePassword -->
