<?xml version="1.0" encoding="UTF-8"?>
<!-- Generated by org.testng.reporters.JUnitReportReporter -->
<testsuite hostname="DESKTOP-GDN8ABU" failures="0" tests="4" name="test.TC_005_BookAHotelTest" time="28.271" errors="2" timestamp="2024-12-11T17:29:06 IST" skipped="0">
  <testcase classname="test.TC_005_BookAHotelTest" name="browserClose" time="5.717">
    <error type="java.lang.StackOverflowError">
      <![CDATA[java.lang.StackOverflowError
at base.ProjectSpecificationMethods.browserClose(ProjectSpecificationMethods.java:21)
at base.ProjectSpecificationMethods.browserClose(ProjectSpecificationMethods.java:21)
at base.ProjectSpecificationMethods.browserClose(ProjectSpecificationMethods.java:21)
at base.ProjectSpecificationMethods.browserClose(ProjectSpecificationMethods.java:21)
at base.ProjectSpecificationMethods.browserClose(ProjectSpecificationMethods.java:21)
at base.ProjectSpecificationMethods.browserClose(ProjectSpecificationMethods.java:21)
at base.ProjectSpecificationMethods.browserClose(ProjectSpecificationMethods.java:21)
at base.ProjectSpecificationMethods.browserClose(ProjectSpecificationMethods.java:21)
at base.ProjectSpecificationMethods.browserClose(ProjectSpecificationMethods.java:21)
at base.ProjectSpecificationMethods.browserClose(ProjectSpecificationMethods.java:21)
at base.ProjectSpecificationMethods.browserClose(ProjectSpecificationMethods.java:21)
at base.ProjectSpecificationMethods.browserClose(ProjectSpecificationMethods.java:21)
at base.ProjectSpecificationMethods.browserClose(ProjectSpecificationMethods.java:21)
at base.ProjectSpecificationMethods.browserClose(ProjectSpecificationMethods.java:21)
at base.ProjectSpecificationMethods.browserClose(ProjectSpecificationMethods.java:21)
at base.ProjectSpecificationMethods.browserClose(ProjectSpecificationMethods.java:21)
at base.ProjectSpecificationMethods.browserClose(ProjectSpecificationMethods.java:21)
at base.ProjectSpecificationMethods.browserClose(ProjectSpecificationMethods.java:21)
at base.ProjectSpecificationMethods.browserClose(ProjectSpecificationMethods.java:21)
at base.ProjectSpecificationMethods.browserClose(ProjectSpecificationMethods.java:21)
at base.ProjectSpecificationMethods.browserClose(ProjectSpecificationMethods.java:21)
at base.ProjectSpecificationMethods.browserClose(ProjectSpecificationMethods.java:21)
at base.ProjectSpecificationMethods.browserClose(ProjectSpecificationMethods.java:21)
at base.ProjectSpecificationMethods.browserClose(ProjectSpecificationMethods.java:21)
at base.ProjectSpecificationMethods.browserClose(ProjectSpecificationMethods.java:21)
at base.ProjectSpecificationMethods.browserClose(ProjectSpecificationMethods.java:21)
at base.ProjectSpecificationMethods.browserClose(ProjectSpecificationMethods.java:21)
at base.ProjectSpecificationMethods.browserClose(ProjectSpecificationMethods.java:21)
at base.ProjectSpecificationMethods.browserClose(ProjectSpecificationMethods.java:21)
at base.ProjectSpecificationMethods.browserClose(ProjectSpecificationMethods.java:21)
at base.ProjectSpecificationMethods.browserClose(ProjectSpecificationMethods.java:21)
at base.ProjectSpecificationMethods.browserClose(ProjectSpecificationMethods.java:21)
at base.ProjectSpecificationMethods.browserClose(ProjectSpecificationMethods.java:21)
at base.ProjectSpecificationMethods.browserClose(ProjectSpecificationMethods.java:21)
at base.ProjectSpecificationMethods.browserClose(ProjectSpecificationMethods.java:21)
at base.ProjectSpecificationMethods.browserClose(ProjectSpecificationMethods.java:21)
at base.ProjectSpecificationMethods.browserClose(ProjectSpecificationMethods.java:21)
at base.ProjectSpecificationMethods.browserClose(ProjectSpecificationMethods.java:21)
at base.ProjectSpecificationMethods.browserClose(ProjectSpecificationMethods.java:21)
at base.ProjectSpecificationMethods.browserClose(ProjectSpecificationMethods.java:21)
at base.ProjectSpecificationMethods.browserClose(ProjectSpecificationMethods.java:21)
at base.ProjectSpecificationMethods.browserClose(ProjectSpecificationMethods.java:21)
at base.ProjectSpecificationMethods.browserClose(ProjectSpecificationMethods.java:21)
at base.ProjectSpecificationMethods.browserClose(ProjectSpecificationMethods.java:21)
at base.ProjectSpecificationMethods.browserClose(ProjectSpecificationMethods.java:21)
at base.ProjectSpecificationMethods.browserClose(ProjectSpecificationMethods.java:21)
at base.ProjectSpecificationMethods.browserClose(ProjectSpecificationMethods.java:21)
at base.ProjectSpecificationMethods.browserClose(ProjectSpecificationMethods.java:21)
at base.ProjectSpecificationMethods.browserClose(ProjectSpecificationMethods.java:21)
at base.ProjectSpecificationMethods.browserClose(ProjectSpecificationMethods.java:21)
at base.ProjectSpecificationMethods.browserClose(ProjectSpecificationMethods.java:21)
at base.ProjectSpecificationMethods.browserClose(ProjectSpecificationMethods.java:21)
at base.ProjectSpecificationMethods.browserClose(ProjectSpecificationMethods.java:21)
at base.ProjectSpecificationMethods.browserClose(ProjectSpecificationMethods.java:21)
at base.ProjectSpecificationMethods.browserClose(ProjectSpecificationMethods.java:21)
at base.ProjectSpecificationMethods.browserClose(ProjectSpecificationMethods.java:21)
at base.ProjectSpecificationMethods.browserClose(ProjectSpecificationMethods.java:21)
at base.ProjectSpecificationMethods.browserClose(ProjectSpecificationMethods.java:21)
at base.ProjectSpecificationMethods.browserClose(ProjectSpecificationMethods.java:21)
at base.ProjectSpecificationMethods.browserClose(ProjectSpecificationMethods.java:21)
at base.ProjectSpecificationMethods.browserClose(ProjectSpecificationMethods.java:21)
at base.ProjectSpecificationMethods.browserClose(ProjectSpecificationMethods.java:21)
at base.ProjectSpecificationMethods.browserClose(ProjectSpecificationMethods.java:21)
at base.ProjectSpecificationMethods.browserClose(ProjectSpecificationMethods.java:21)
at base.ProjectSpecificationMethods.browserClose(ProjectSpecificationMethods.java:21)
at base.ProjectSpecificationMethods.browserClose(ProjectSpecificationMethods.java:21)
at base.ProjectSpecificationMethods.browserClose(ProjectSpecificationMethods.java:21)
at base.ProjectSpecificationMethods.browserClose(ProjectSpecificationMethods.java:21)
at base.ProjectSpecificationMethods.browserClose(ProjectSpecificationMethods.java:21)
at base.ProjectSpecificationMethods.browserClose(ProjectSpecificationMethods.java:21)
at base.ProjectSpecificationMethods.browserClose(ProjectSpecificationMethods.java:21)
at base.ProjectSpecificationMethods.browserClose(ProjectSpecificationMethods.java:21)
at base.ProjectSpecificationMethods.browserClose(ProjectSpecificationMethods.java:21)
at base.ProjectSpecificationMethods.browserClose(ProjectSpecificationMethods.java:21)
at base.ProjectSpecificationMethods.browserClose(ProjectSpecificationMethods.java:21)
at base.ProjectSpecificationMethods.browserClose(ProjectSpecificationMethods.java:21)
at base.ProjectSpecificationMethods.browserClose(ProjectSpecificationMethods.java:21)
at base.ProjectSpecificationMethods.browserClose(ProjectSpecificationMethods.java:21)
at base.ProjectSpecificationMethods.browserClose(ProjectSpecificationMethods.java:21)
at base.ProjectSpecificationMethods.browserClose(ProjectSpecificationMethods.java:21)
at base.ProjectSpecificationMethods.browserClose(ProjectSpecificationMethods.java:21)
at base.ProjectSpecificationMethods.browserClose(ProjectSpecificationMethods.java:21)
at base.ProjectSpecificationMethods.browserClose(ProjectSpecificationMethods.java:21)
at base.ProjectSpecificationMethods.browserClose(ProjectSpecificationMethods.java:21)
at base.ProjectSpecificationMethods.browserClose(ProjectSpecificationMethods.java:21)
at base.ProjectSpecificationMethods.browserClose(ProjectSpecificationMethods.java:21)
at base.ProjectSpecificationMethods.browserClose(ProjectSpecificationMethods.java:21)
at base.ProjectSpecificationMethods.browserClose(ProjectSpecificationMethods.java:21)
at base.ProjectSpecificationMethods.browserClose(ProjectSpecificationMethods.java:21)
at base.ProjectSpecificationMethods.browserClose(ProjectSpecificationMethods.java:21)
at base.ProjectSpecificationMethods.browserClose(ProjectSpecificationMethods.java:21)
at base.ProjectSpecificationMethods.browserClose(ProjectSpecificationMethods.java:21)
at base.ProjectSpecificationMethods.browserClose(ProjectSpecificationMethods.java:21)
at base.ProjectSpecificationMethods.browserClose(ProjectSpecificationMethods.java:21)
at base.ProjectSpecificationMethods.browserClose(ProjectSpecificationMethods.java:21)
at base.ProjectSpecificationMethods.browserClose(ProjectSpecificationMethods.java:21)
at base.ProjectSpecificationMethods.browserClose(ProjectSpecificationMethods.java:21)
at base.ProjectSpecificationMethods.browserClose(ProjectSpecificationMethods.java:21)
at base.ProjectSpecificationMethods.browserClose(ProjectSpecificationMethods.java:21)
at base.ProjectSpecificationMethods.browserClose(ProjectSpecificationMethods.java:21)
at base.ProjectSpecificationMethods.browserClose(ProjectSpecificationMethods.java:21)
at base.ProjectSpecificationMethods.browserClose(ProjectSpecificationMethods.java:21)
at base.ProjectSpecificationMethods.browserClose(ProjectSpecificationMethods.java:21)
at base.ProjectSpecificationMethods.browserClose(ProjectSpecificationMethods.java:21)
at base.ProjectSpecificationMethods.browserClose(ProjectSpecificationMethods.java:21)
at base.ProjectSpecificationMethods.browserClose(ProjectSpecificationMethods.java:21)
at base.ProjectSpecificationMethods.browserClose(ProjectSpecificationMethods.java:21)
at base.ProjectSpecificationMethods.browserClose(ProjectSpecificationMethods.java:21)
at base.ProjectSpecificationMethods.browserClose(ProjectSpecificationMethods.java:21)
at base.ProjectSpecificationMethods.browserClose(ProjectSpecificationMethods.java:21)
at base.ProjectSpecificationMethods.browserClose(ProjectSpecificationMethods.java:21)
at base.ProjectSpecificationMethods.browserClose(ProjectSpecificationMethods.java:21)
at base.ProjectSpecificationMethods.browserClose(ProjectSpecificationMethods.java:21)
at base.ProjectSpecificationMethods.browserClose(ProjectSpecificationMethods.java:21)
at base.ProjectSpecificationMethods.browserClose(ProjectSpecificationMethods.java:21)
at base.ProjectSpecificationMethods.browserClose(ProjectSpecificationMethods.java:21)
at base.ProjectSpecificationMethods.browserClose(ProjectSpecificationMethods.java:21)
at base.ProjectSpecificationMethods.browserClose(ProjectSpecificationMethods.java:21)
at base.ProjectSpecificationMethods.browserClose(ProjectSpecificationMethods.java:21)
at base.ProjectSpecificationMethods.browserClose(ProjectSpecificationMethods.java:21)
at base.ProjectSpecificationMethods.browserClose(ProjectSpecificationMethods.java:21)
at base.ProjectSpecificationMethods.browserClose(ProjectSpecificationMethods.java:21)
at base.ProjectSpecificationMethods.browserClose(ProjectSpecificationMethods.java:21)
at base.ProjectSpecificationMethods.browserClose(ProjectSpecificationMethods.java:21)
at base.ProjectSpecificationMethods.browserClose(ProjectSpecificationMethods.java:21)
at base.ProjectSpecificationMethods.browserClose(ProjectSpecificationMethods.java:21)
at base.ProjectSpecificationMethods.browserClose(ProjectSpecificationMethods.java:21)
at base.ProjectSpecificationMethods.browserClose(ProjectSpecificationMethods.java:21)
at base.ProjectSpecificationMethods.browserClose(ProjectSpecificationMethods.java:21)
at base.ProjectSpecificationMethods.browserClose(ProjectSpecificationMethods.java:21)
at base.ProjectSpecificationMethods.browserClose(ProjectSpecificationMethods.java:21)
at base.ProjectSpecificationMethods.browserClose(ProjectSpecificationMethods.java:21)
at base.ProjectSpecificationMethods.browserClose(ProjectSpecificationMethods.java:21)
at base.ProjectSpecificationMethods.browserClose(ProjectSpecificationMethods.java:21)
at base.ProjectSpecificationMethods.browserClose(ProjectSpecificationMethods.java:21)
at base.ProjectSpecificationMethods.browserClose(ProjectSpecificationMethods.java:21)
at base.ProjectSpecificationMethods.browserClose(ProjectSpecificationMethods.java:21)
at base.ProjectSpecificationMethods.browserClose(ProjectSpecificationMethods.java:21)
at base.ProjectSpecificationMethods.browserClose(ProjectSpecificationMethods.java:21)
at base.ProjectSpecificationMethods.browserClose(ProjectSpecificationMethods.java:21)
at base.ProjectSpecificationMethods.browserClose(ProjectSpecificationMethods.java:21)
at base.ProjectSpecificationMethods.browserClose(ProjectSpecificationMethods.java:21)
at base.ProjectSpecificationMethods.browserClose(ProjectSpecificationMethods.java:21)
at base.ProjectSpecificationMethods.browserClose(ProjectSpecificationMethods.java:21)
at base.ProjectSpecificationMethods.browserClose(ProjectSpecificationMethods.java:21)
at base.ProjectSpecificationMethods.browserClose(ProjectSpecificationMethods.java:21)
at base.ProjectSpecificationMethods.browserClose(ProjectSpecificationMethods.java:21)
at base.ProjectSpecificationMethods.browserClose(ProjectSpecificationMethods.java:21)
at base.ProjectSpecificationMethods.browserClose(ProjectSpecificationMethods.java:21)
at base.ProjectSpecificationMethods.browserClose(ProjectSpecificationMethods.java:21)
at base.ProjectSpecificationMethods.browserClose(ProjectSpecificationMethods.java:21)
at base.ProjectSpecificationMethods.browserClose(ProjectSpecificationMethods.java:21)
at base.ProjectSpecificationMethods.browserClose(ProjectSpecificationMethods.java:21)
at base.ProjectSpecificationMethods.browserClose(ProjectSpecificationMethods.java:21)
at base.ProjectSpecificationMethods.browserClose(ProjectSpecificationMethods.java:21)
at base.ProjectSpecificationMethods.browserClose(ProjectSpecificationMethods.java:21)
at base.ProjectSpecificationMethods.browserClose(ProjectSpecificationMethods.java:21)
at base.ProjectSpecificationMethods.browserClose(ProjectSpecificationMethods.java:21)
at base.ProjectSpecificationMethods.browserClose(ProjectSpecificationMethods.java:21)
at base.ProjectSpecificationMethods.browserClose(ProjectSpecificationMethods.java:21)
at base.ProjectSpecificationMethods.browserClose(ProjectSpecificationMethods.java:21)
at base.ProjectSpecificationMethods.browserClose(ProjectSpecificationMethods.java:21)
at base.ProjectSpecificationMethods.browserClose(ProjectSpecificationMethods.java:21)
at base.ProjectSpecificationMethods.browserClose(ProjectSpecificationMethods.java:21)
at base.ProjectSpecificationMethods.browserClose(ProjectSpecificationMethods.java:21)
at base.ProjectSpecificationMethods.browserClose(ProjectSpecificationMethods.java:21)
at base.ProjectSpecificationMethods.browserClose(ProjectSpecificationMethods.java:21)
at base.ProjectSpecificationMethods.browserClose(ProjectSpecificationMethods.java:21)
at base.ProjectSpecificationMethods.browserClose(ProjectSpecificationMethods.java:21)
at base.ProjectSpecificationMethods.browserClose(ProjectSpecificationMethods.java:21)
at base.ProjectSpecificationMethods.browserClose(ProjectSpecificationMethods.java:21)
at base.ProjectSpecificationMethods.browserClose(ProjectSpecificationMethods.java:21)
at base.ProjectSpecificationMethods.browserClose(ProjectSpecificationMethods.java:21)
at base.ProjectSpecificationMethods.browserClose(ProjectSpecificationMethods.java:21)
at base.ProjectSpecificationMethods.browserClose(ProjectSpecificationMethods.java:21)
at base.ProjectSpecificationMethods.browserClose(ProjectSpecificationMethods.java:21)
at base.ProjectSpecificationMethods.browserClose(ProjectSpecificationMethods.java:21)
at base.ProjectSpecificationMethods.browserClose(ProjectSpecificationMethods.java:21)
at base.ProjectSpecificationMethods.browserClose(ProjectSpecificationMethods.java:21)
at base.ProjectSpecificationMethods.browserClose(ProjectSpecificationMethods.java:21)
at base.ProjectSpecificationMethods.browserClose(ProjectSpecificationMethods.java:21)
at base.ProjectSpecificationMethods.browserClose(ProjectSpecificationMethods.java:21)
at base.ProjectSpecificationMethods.browserClose(ProjectSpecificationMethods.java:21)
at base.ProjectSpecificationMethods.browserClose(ProjectSpecificationMethods.java:21)
at base.ProjectSpecificationMethods.browserClose(ProjectSpecificationMethods.java:21)
at base.ProjectSpecificationMethods.browserClose(ProjectSpecificationMethods.java:21)
at base.ProjectSpecificationMethods.browserClose(ProjectSpecificationMethods.java:21)
at base.ProjectSpecificationMethods.browserClose(ProjectSpecificationMethods.java:21)
at base.ProjectSpecificationMethods.browserClose(ProjectSpecificationMethods.java:21)
at base.ProjectSpecificationMethods.browserClose(ProjectSpecificationMethods.java:21)
at base.ProjectSpecificationMethods.browserClose(ProjectSpecificationMethods.java:21)
at base.ProjectSpecificationMethods.browserClose(ProjectSpecificationMethods.java:21)
at base.ProjectSpecificationMethods.browserClose(ProjectSpecificationMethods.java:21)
at base.ProjectSpecificationMethods.browserClose(ProjectSpecificationMethods.java:21)
at base.ProjectSpecificationMethods.browserClose(ProjectSpecificationMethods.java:21)
at base.ProjectSpecificationMethods.browserClose(ProjectSpecificationMethods.java:21)
at base.ProjectSpecificationMethods.browserClose(ProjectSpecificationMethods.java:21)
at base.ProjectSpecificationMethods.browserClose(ProjectSpecificationMethods.java:21)
at base.ProjectSpecificationMethods.browserClose(ProjectSpecificationMethods.java:21)
at base.ProjectSpecificationMethods.browserClose(ProjectSpecificationMethods.java:21)
at base.ProjectSpecificationMethods.browserClose(ProjectSpecificationMethods.java:21)
at base.ProjectSpecificationMethods.browserClose(ProjectSpecificationMethods.java:21)
at base.ProjectSpecificationMethods.browserClose(ProjectSpecificationMethods.java:21)
at base.ProjectSpecificationMethods.browserClose(ProjectSpecificationMethods.java:21)
at base.ProjectSpecificationMethods.browserClose(ProjectSpecificationMethods.java:21)
at base.ProjectSpecificationMethods.browserClose(ProjectSpecificationMethods.java:21)
at base.ProjectSpecificationMethods.browserClose(ProjectSpecificationMethods.java:21)
at base.ProjectSpecificationMethods.browserClose(ProjectSpecificationMethods.java:21)
at base.ProjectSpecificationMethods.browserClose(ProjectSpecificationMethods.java:21)
at base.ProjectSpecificationMethods.browserClose(ProjectSpecificationMethods.java:21)
at base.ProjectSpecificationMethods.browserClose(ProjectSpecificationMethods.java:21)
at base.ProjectSpecificationMethods.browserClose(ProjectSpecificationMethods.java:21)
at base.ProjectSpecificationMethods.browserClose(ProjectSpecificationMethods.java:21)
at base.ProjectSpecificationMethods.browserClose(ProjectSpecificationMethods.java:21)
at base.ProjectSpecificationMethods.browserClose(ProjectSpecificationMethods.java:21)
at base.ProjectSpecificationMethods.browserClose(ProjectSpecificationMethods.java:21)
at base.ProjectSpecificationMethods.browserClose(ProjectSpecificationMethods.java:21)
at base.ProjectSpecificationMethods.browserClose(ProjectSpecificationMethods.java:21)
at base.ProjectSpecificationMethods.browserClose(ProjectSpecificationMethods.java:21)
at base.ProjectSpecificationMethods.browserClose(ProjectSpecificationMethods.java:21)
at base.ProjectSpecificationMethods.browserClose(ProjectSpecificationMethods.java:21)
at base.ProjectSpecificationMethods.browserClose(ProjectSpecificationMethods.java:21)
at base.ProjectSpecificationMethods.browserClose(ProjectSpecificationMethods.java:21)
at base.ProjectSpecificationMethods.browserClose(ProjectSpecificationMethods.java:21)
at base.ProjectSpecificationMethods.browserClose(ProjectSpecificationMethods.java:21)
at base.ProjectSpecificationMethods.browserClose(ProjectSpecificationMethods.java:21)
at base.ProjectSpecificationMethods.browserClose(ProjectSpecificationMethods.java:21)
at base.ProjectSpecificationMethods.browserClose(ProjectSpecificationMethods.java:21)
at base.ProjectSpecificationMethods.browserClose(ProjectSpecificationMethods.java:21)
at base.ProjectSpecificationMethods.browserClose(ProjectSpecificationMethods.java:21)
at base.ProjectSpecificationMethods.browserClose(ProjectSpecificationMethods.java:21)
at base.ProjectSpecificationMethods.browserClose(ProjectSpecificationMethods.java:21)
at base.ProjectSpecificationMethods.browserClose(ProjectSpecificationMethods.java:21)
at base.ProjectSpecificationMethods.browserClose(ProjectSpecificationMethods.java:21)
at base.ProjectSpecificationMethods.browserClose(ProjectSpecificationMethods.java:21)
at base.ProjectSpecificationMethods.browserClose(ProjectSpecificationMethods.java:21)
at base.ProjectSpecificationMethods.browserClose(ProjectSpecificationMethods.java:21)
at base.ProjectSpecificationMethods.browserClose(ProjectSpecificationMethods.java:21)
at base.ProjectSpecificationMethods.browserClose(ProjectSpecificationMethods.java:21)
at base.ProjectSpecificationMethods.browserClose(ProjectSpecificationMethods.java:21)
at base.ProjectSpecificationMethods.browserClose(ProjectSpecificationMethods.java:21)
at base.ProjectSpecificationMethods.browserClose(ProjectSpecificationMethods.java:21)
at base.ProjectSpecificationMethods.browserClose(ProjectSpecificationMethods.java:21)
at base.ProjectSpecificationMethods.browserClose(ProjectSpecificationMethods.java:21)
at base.ProjectSpecificationMethods.browserClose(ProjectSpecificationMethods.java:21)
at base.ProjectSpecificationMethods.browserClose(ProjectSpecificationMethods.java:21)
at base.ProjectSpecificationMethods.browserClose(ProjectSpecificationMethods.java:21)
at base.ProjectSpecificationMethods.browserClose(ProjectSpecificationMethods.java:21)
at base.ProjectSpecificationMethods.browserClose(ProjectSpecificationMethods.java:21)
at base.ProjectSpecificationMethods.browserClose(ProjectSpecificationMethods.java:21)
at base.ProjectSpecificationMethods.browserClose(ProjectSpecificationMethods.java:21)
at base.ProjectSpecificationMethods.browserClose(ProjectSpecificationMethods.java:21)
at base.ProjectSpecificationMethods.browserClose(ProjectSpecificationMethods.java:21)
at base.ProjectSpecificationMethods.browserClose(ProjectSpecificationMethods.java:21)
at base.ProjectSpecificationMethods.browserClose(ProjectSpecificationMethods.java:21)
at base.ProjectSpecificationMethods.browserClose(ProjectSpecificationMethods.java:21)
at base.ProjectSpecificationMethods.browserClose(ProjectSpecificationMethods.java:21)
at base.ProjectSpecificationMethods.browserClose(ProjectSpecificationMethods.java:21)
at base.ProjectSpecificationMethods.browserClose(ProjectSpecificationMethods.java:21)
at base.ProjectSpecificationMethods.browserClose(ProjectSpecificationMethods.java:21)
at base.ProjectSpecificationMethods.browserClose(ProjectSpecificationMethods.java:21)
at base.ProjectSpecificationMethods.browserClose(ProjectSpecificationMethods.java:21)
at base.ProjectSpecificationMethods.browserClose(ProjectSpecificationMethods.java:21)
at base.ProjectSpecificationMethods.browserClose(ProjectSpecificationMethods.java:21)
at base.ProjectSpecificationMethods.browserClose(ProjectSpecificationMethods.java:21)
at base.ProjectSpecificationMethods.browserClose(ProjectSpecificationMethods.java:21)
at base.ProjectSpecificationMethods.browserClose(ProjectSpecificationMethods.java:21)
at base.ProjectSpecificationMethods.browserClose(ProjectSpecificationMethods.java:21)
at base.ProjectSpecificationMethods.browserClose(ProjectSpecificationMethods.java:21)
at base.ProjectSpecificationMethods.browserClose(ProjectSpecificationMethods.java:21)
at base.ProjectSpecificationMethods.browserClose(ProjectSpecificationMethods.java:21)
at base.ProjectSpecificationMethods.browserClose(ProjectSpecificationMethods.java:21)
at base.ProjectSpecificationMethods.browserClose(ProjectSpecificationMethods.java:21)
at base.ProjectSpecificationMethods.browserClose(ProjectSpecificationMethods.java:21)
at base.ProjectSpecificationMethods.browserClose(ProjectSpecificationMethods.java:21)
at base.ProjectSpecificationMethods.browserClose(ProjectSpecificationMethods.java:21)
at base.ProjectSpecificationMethods.browserClose(ProjectSpecificationMethods.java:21)
at base.ProjectSpecificationMethods.browserClose(ProjectSpecificationMethods.java:21)
at base.ProjectSpecificationMethods.browserClose(ProjectSpecificationMethods.java:21)
at base.ProjectSpecificationMethods.browserClose(ProjectSpecificationMethods.java:21)
at base.ProjectSpecificationMethods.browserClose(ProjectSpecificationMethods.java:21)
at base.ProjectSpecificationMethods.browserClose(ProjectSpecificationMethods.java:21)
at base.ProjectSpecificationMethods.browserClose(ProjectSpecificationMethods.java:21)
at base.ProjectSpecificationMethods.browserClose(ProjectSpecificationMethods.java:21)
at base.ProjectSpecificationMethods.browserClose(ProjectSpecificationMethods.java:21)
at base.ProjectSpecificationMethods.browserClose(ProjectSpecificationMethods.java:21)
at base.ProjectSpecificationMethods.browserClose(ProjectSpecificationMethods.java:21)
at base.ProjectSpecificationMethods.browserClose(ProjectSpecificationMethods.java:21)
at base.ProjectSpecificationMethods.browserClose(ProjectSpecificationMethods.java:21)
at base.ProjectSpecificationMethods.browserClose(ProjectSpecificationMethods.java:21)
at base.ProjectSpecificationMethods.browserClose(ProjectSpecificationMethods.java:21)
at base.ProjectSpecificationMethods.browserClose(ProjectSpecificationMethods.java:21)
at base.ProjectSpecificationMethods.browserClose(ProjectSpecificationMethods.java:21)
at base.ProjectSpecificationMethods.browserClose(ProjectSpecificationMethods.java:21)
at base.ProjectSpecificationMethods.browserClose(ProjectSpecificationMethods.java:21)
at base.ProjectSpecificationMethods.browserClose(ProjectSpecificationMethods.java:21)
at base.ProjectSpecificationMethods.browserClose(ProjectSpecificationMethods.java:21)
at base.ProjectSpecificationMethods.browserClose(ProjectSpecificationMethods.java:21)
at base.ProjectSpecificationMethods.browserClose(ProjectSpecificationMethods.java:21)
at base.ProjectSpecificationMethods.browserClose(ProjectSpecificationMethods.java:21)
at base.ProjectSpecificationMethods.browserClose(ProjectSpecificationMethods.java:21)
at base.ProjectSpecificationMethods.browserClose(ProjectSpecificationMethods.java:21)
at base.ProjectSpecificationMethods.browserClose(ProjectSpecificationMethods.java:21)
at base.ProjectSpecificationMethods.browserClose(ProjectSpecificationMethods.java:21)
at base.ProjectSpecificationMethods.browserClose(ProjectSpecificationMethods.java:21)
at base.ProjectSpecificationMethods.browserClose(ProjectSpecificationMethods.java:21)
at base.ProjectSpecificationMethods.browserClose(ProjectSpecificationMethods.java:21)
at base.ProjectSpecificationMethods.browserClose(ProjectSpecificationMethods.java:21)
at base.ProjectSpecificationMethods.browserClose(ProjectSpecificationMethods.java:21)
at base.ProjectSpecificationMethods.browserClose(ProjectSpecificationMethods.java:21)
at base.ProjectSpecificationMethods.browserClose(ProjectSpecificationMethods.java:21)
at base.ProjectSpecificationMethods.browserClose(ProjectSpecificationMethods.java:21)
at base.ProjectSpecificationMethods.browserClose(ProjectSpecificationMethods.java:21)
at base.ProjectSpecificationMethods.browserClose(ProjectSpecificationMethods.java:21)
at base.ProjectSpecificationMethods.browserClose(ProjectSpecificationMethods.java:21)
at base.ProjectSpecificationMethods.browserClose(ProjectSpecificationMethods.java:21)
at base.ProjectSpecificationMethods.browserClose(ProjectSpecificationMethods.java:21)
at base.ProjectSpecificationMethods.browserClose(ProjectSpecificationMethods.java:21)
at base.ProjectSpecificationMethods.browserClose(ProjectSpecificationMethods.java:21)
at base.ProjectSpecificationMethods.browserClose(ProjectSpecificationMethods.java:21)
at base.ProjectSpecificationMethods.browserClose(ProjectSpecificationMethods.java:21)
at base.ProjectSpecificationMethods.browserClose(ProjectSpecificationMethods.java:21)
at base.ProjectSpecificationMethods.browserClose(ProjectSpecificationMethods.java:21)
at base.ProjectSpecificationMethods.browserClose(ProjectSpecificationMethods.java:21)
at base.ProjectSpecificationMethods.browserClose(ProjectSpecificationMethods.java:21)
at base.ProjectSpecificationMethods.browserClose(ProjectSpecificationMethods.java:21)
at base.ProjectSpecificationMethods.browserClose(ProjectSpecificationMethods.java:21)
at base.ProjectSpecificationMethods.browserClose(ProjectSpecificationMethods.java:21)
at base.ProjectSpecificationMethods.browserClose(ProjectSpecificationMethods.java:21)
at base.ProjectSpecificationMethods.browserClose(ProjectSpecificationMethods.java:21)
at base.ProjectSpecificationMethods.browserClose(ProjectSpecificationMethods.java:21)
at base.ProjectSpecificationMethods.browserClose(ProjectSpecificationMethods.java:21)
at base.ProjectSpecificationMethods.browserClose(ProjectSpecificationMethods.java:21)
at base.ProjectSpecificationMethods.browserClose(ProjectSpecificationMethods.java:21)
at base.ProjectSpecificationMethods.browserClose(ProjectSpecificationMethods.java:21)
at base.ProjectSpecificationMethods.browserClose(ProjectSpecificationMethods.java:21)
at base.ProjectSpecificationMethods.browserClose(ProjectSpecificationMethods.java:21)
at base.ProjectSpecificationMethods.browserClose(ProjectSpecificationMethods.java:21)
at base.ProjectSpecificationMethods.browserClose(ProjectSpecificationMethods.java:21)
at base.ProjectSpecificationMethods.browserClose(ProjectSpecificationMethods.java:21)
at base.ProjectSpecificationMethods.browserClose(ProjectSpecificationMethods.java:21)
at base.ProjectSpecificationMethods.browserClose(ProjectSpecificationMethods.java:21)
at base.ProjectSpecificationMethods.browserClose(ProjectSpecificationMethods.java:21)
at base.ProjectSpecificationMethods.browserClose(ProjectSpecificationMethods.java:21)
at base.ProjectSpecificationMethods.browserClose(ProjectSpecificationMethods.java:21)
at base.ProjectSpecificationMethods.browserClose(ProjectSpecificationMethods.java:21)
at base.ProjectSpecificationMethods.browserClose(ProjectSpecificationMethods.java:21)
at base.ProjectSpecificationMethods.browserClose(ProjectSpecificationMethods.java:21)
at base.ProjectSpecificationMethods.browserClose(ProjectSpecificationMethods.java:21)
at base.ProjectSpecificationMethods.browserClose(ProjectSpecificationMethods.java:21)
at base.ProjectSpecificationMethods.browserClose(ProjectSpecificationMethods.java:21)
at base.ProjectSpecificationMethods.browserClose(ProjectSpecificationMethods.java:21)
at base.ProjectSpecificationMethods.browserClose(ProjectSpecificationMethods.java:21)
at base.ProjectSpecificationMethods.browserClose(ProjectSpecificationMethods.java:21)
at base.ProjectSpecificationMethods.browserClose(ProjectSpecificationMethods.java:21)
at base.ProjectSpecificationMethods.browserClose(ProjectSpecificationMethods.java:21)
at base.ProjectSpecificationMethods.browserClose(ProjectSpecificationMethods.java:21)
at base.ProjectSpecificationMethods.browserClose(ProjectSpecificationMethods.java:21)
at base.ProjectSpecificationMethods.browserClose(ProjectSpecificationMethods.java:21)
at base.ProjectSpecificationMethods.browserClose(ProjectSpecificationMethods.java:21)
at base.ProjectSpecificationMethods.browserClose(ProjectSpecificationMethods.java:21)
at base.ProjectSpecificationMethods.browserClose(ProjectSpecificationMethods.java:21)
at base.ProjectSpecificationMethods.browserClose(ProjectSpecificationMethods.java:21)
at base.ProjectSpecificationMethods.browserClose(ProjectSpecificationMethods.java:21)
at base.ProjectSpecificationMethods.browserClose(ProjectSpecificationMethods.java:21)
at base.ProjectSpecificationMethods.browserClose(ProjectSpecificationMethods.java:21)
at base.ProjectSpecificationMethods.browserClose(ProjectSpecificationMethods.java:21)
at base.ProjectSpecificationMethods.browserClose(ProjectSpecificationMethods.java:21)
at base.ProjectSpecificationMethods.browserClose(ProjectSpecificationMethods.java:21)
at base.ProjectSpecificationMethods.browserClose(ProjectSpecificationMethods.java:21)
at base.ProjectSpecificationMethods.browserClose(ProjectSpecificationMethods.java:21)
at base.ProjectSpecificationMethods.browserClose(ProjectSpecificationMethods.java:21)
at base.ProjectSpecificationMethods.browserClose(ProjectSpecificationMethods.java:21)
at base.ProjectSpecificationMethods.browserClose(ProjectSpecificationMethods.java:21)
at base.ProjectSpecificationMethods.browserClose(ProjectSpecificationMethods.java:21)
at base.ProjectSpecificationMethods.browserClose(ProjectSpecificationMethods.java:21)
at base.ProjectSpecificationMethods.browserClose(ProjectSpecificationMethods.java:21)
at base.ProjectSpecificationMethods.browserClose(ProjectSpecificationMethods.java:21)
at base.ProjectSpecificationMethods.browserClose(ProjectSpecificationMethods.java:21)
at base.ProjectSpecificationMethods.browserClose(ProjectSpecificationMethods.java:21)
at base.ProjectSpecificationMethods.browserClose(ProjectSpecificationMethods.java:21)
at base.ProjectSpecificationMethods.browserClose(ProjectSpecificationMethods.java:21)
at base.ProjectSpecificationMethods.browserClose(ProjectSpecificationMethods.java:21)
at base.ProjectSpecificationMethods.browserClose(ProjectSpecificationMethods.java:21)
at base.ProjectSpecificationMethods.browserClose(ProjectSpecificationMethods.java:21)
at base.ProjectSpecificationMethods.browserClose(ProjectSpecificationMethods.java:21)
at base.ProjectSpecificationMethods.browserClose(ProjectSpecificationMethods.java:21)
at base.ProjectSpecificationMethods.browserClose(ProjectSpecificationMethods.java:21)
at base.ProjectSpecificationMethods.browserClose(ProjectSpecificationMethods.java:21)
at base.ProjectSpecificationMethods.browserClose(ProjectSpecificationMethods.java:21)
at base.ProjectSpecificationMethods.browserClose(ProjectSpecificationMethods.java:21)
at base.ProjectSpecificationMethods.browserClose(ProjectSpecificationMethods.java:21)
at base.ProjectSpecificationMethods.browserClose(ProjectSpecificationMethods.java:21)
at base.ProjectSpecificationMethods.browserClose(ProjectSpecificationMethods.java:21)
at base.ProjectSpecificationMethods.browserClose(ProjectSpecificationMethods.java:21)
at base.ProjectSpecificationMethods.browserClose(ProjectSpecificationMethods.java:21)
at base.ProjectSpecificationMethods.browserClose(ProjectSpecificationMethods.java:21)
at base.ProjectSpecificationMethods.browserClose(ProjectSpecificationMethods.java:21)
at base.ProjectSpecificationMethods.browserClose(ProjectSpecificationMethods.java:21)
at base.ProjectSpecificationMethods.browserClose(ProjectSpecificationMethods.java:21)
at base.ProjectSpecificationMethods.browserClose(ProjectSpecificationMethods.java:21)
at base.ProjectSpecificationMethods.browserClose(ProjectSpecificationMethods.java:21)
at base.ProjectSpecificationMethods.browserClose(ProjectSpecificationMethods.java:21)
at base.ProjectSpecificationMethods.browserClose(ProjectSpecificationMethods.java:21)
at base.ProjectSpecificationMethods.browserClose(ProjectSpecificationMethods.java:21)
at base.ProjectSpecificationMethods.browserClose(ProjectSpecificationMethods.java:21)
at base.ProjectSpecificationMethods.browserClose(ProjectSpecificationMethods.java:21)
at base.ProjectSpecificationMethods.browserClose(ProjectSpecificationMethods.java:21)
at base.ProjectSpecificationMethods.browserClose(ProjectSpecificationMethods.java:21)
at base.ProjectSpecificationMethods.browserClose(ProjectSpecificationMethods.java:21)
at base.ProjectSpecificationMethods.browserClose(ProjectSpecificationMethods.java:21)
at base.ProjectSpecificationMethods.browserClose(ProjectSpecificationMethods.java:21)
at base.ProjectSpecificationMethods.browserClose(ProjectSpecificationMethods.java:21)
at base.ProjectSpecificationMethods.browserClose(ProjectSpecificationMethods.java:21)
at base.ProjectSpecificationMethods.browserClose(ProjectSpecificationMethods.java:21)
at base.ProjectSpecificationMethods.browserClose(ProjectSpecificationMethods.java:21)
at base.ProjectSpecificationMethods.browserClose(ProjectSpecificationMethods.java:21)
at base.ProjectSpecificationMethods.browserClose(ProjectSpecificationMethods.java:21)
at base.ProjectSpecificationMethods.browserClose(ProjectSpecificationMethods.java:21)
at base.ProjectSpecificationMethods.browserClose(ProjectSpecificationMethods.java:21)
at base.ProjectSpecificationMethods.browserClose(ProjectSpecificationMethods.java:21)
at base.ProjectSpecificationMethods.browserClose(ProjectSpecificationMethods.java:21)
at base.ProjectSpecificationMethods.browserClose(ProjectSpecificationMethods.java:21)
at base.ProjectSpecificationMethods.browserClose(ProjectSpecificationMethods.java:21)
at base.ProjectSpecificationMethods.browserClose(ProjectSpecificationMethods.java:21)
at base.ProjectSpecificationMethods.browserClose(ProjectSpecificationMethods.java:21)
at base.ProjectSpecificationMethods.browserClose(ProjectSpecificationMethods.java:21)
at base.ProjectSpecificationMethods.browserClose(ProjectSpecificationMethods.java:21)
at base.ProjectSpecificationMethods.browserClose(ProjectSpecificationMethods.java:21)
at base.ProjectSpecificationMethods.browserClose(ProjectSpecificationMethods.java:21)
at base.ProjectSpecificationMethods.browserClose(ProjectSpecificationMethods.java:21)
at base.ProjectSpecificationMethods.browserClose(ProjectSpecificationMethods.java:21)
at base.ProjectSpecificationMethods.browserClose(ProjectSpecificationMethods.java:21)
at base.ProjectSpecificationMethods.browserClose(ProjectSpecificationMethods.java:21)
at base.ProjectSpecificationMethods.browserClose(ProjectSpecificationMethods.java:21)
at base.ProjectSpecificationMethods.browserClose(ProjectSpecificationMethods.java:21)
at base.ProjectSpecificationMethods.browserClose(ProjectSpecificationMethods.java:21)
at base.ProjectSpecificationMethods.browserClose(ProjectSpecificationMethods.java:21)
at base.ProjectSpecificationMethods.browserClose(ProjectSpecificationMethods.java:21)
at base.ProjectSpecificationMethods.browserClose(ProjectSpecificationMethods.java:21)
at base.ProjectSpecificationMethods.browserClose(ProjectSpecificationMethods.java:21)
at base.ProjectSpecificationMethods.browserClose(ProjectSpecificationMethods.java:21)
at base.ProjectSpecificationMethods.browserClose(ProjectSpecificationMethods.java:21)
at base.ProjectSpecificationMethods.browserClose(ProjectSpecificationMethods.java:21)
at base.ProjectSpecificationMethods.browserClose(ProjectSpecificationMethods.java:21)
at base.ProjectSpecificationMethods.browserClose(ProjectSpecificationMethods.java:21)
at base.ProjectSpecificationMethods.browserClose(ProjectSpecificationMethods.java:21)
at base.ProjectSpecificationMethods.browserClose(ProjectSpecificationMethods.java:21)
at base.ProjectSpecificationMethods.browserClose(ProjectSpecificationMethods.java:21)
at base.ProjectSpecificationMethods.browserClose(ProjectSpecificationMethods.java:21)
at base.ProjectSpecificationMethods.browserClose(ProjectSpecificationMethods.java:21)
at base.ProjectSpecificationMethods.browserClose(ProjectSpecificationMethods.java:21)
at base.ProjectSpecificationMethods.browserClose(ProjectSpecificationMethods.java:21)
at base.ProjectSpecificationMethods.browserClose(ProjectSpecificationMethods.java:21)
at base.ProjectSpecificationMethods.browserClose(ProjectSpecificationMethods.java:21)
at base.ProjectSpecificationMethods.browserClose(ProjectSpecificationMethods.java:21)
at base.ProjectSpecificationMethods.browserClose(ProjectSpecificationMethods.java:21)
at base.ProjectSpecificationMethods.browserClose(ProjectSpecificationMethods.java:21)
at base.ProjectSpecificationMethods.browserClose(ProjectSpecificationMethods.java:21)
at base.ProjectSpecificationMethods.browserClose(ProjectSpecificationMethods.java:21)
at base.ProjectSpecificationMethods.browserClose(ProjectSpecificationMethods.java:21)
at base.ProjectSpecificationMethods.browserClose(ProjectSpecificationMethods.java:21)
at base.ProjectSpecificationMethods.browserClose(ProjectSpecificationMethods.java:21)
at base.ProjectSpecificationMethods.browserClose(ProjectSpecificationMethods.java:21)
at base.ProjectSpecificationMethods.browserClose(ProjectSpecificationMethods.java:21)
at base.ProjectSpecificationMethods.browserClose(ProjectSpecificationMethods.java:21)
at base.ProjectSpecificationMethods.browserClose(ProjectSpecificationMethods.java:21)
at base.ProjectSpecificationMethods.browserClose(ProjectSpecificationMethods.java:21)
at base.ProjectSpecificationMethods.browserClose(ProjectSpecificationMethods.java:21)
at base.ProjectSpecificationMethods.browserClose(ProjectSpecificationMethods.java:21)
at base.ProjectSpecificationMethods.browserClose(ProjectSpecificationMethods.java:21)
at base.ProjectSpecificationMethods.browserClose(ProjectSpecificationMethods.java:21)
at base.ProjectSpecificationMethods.browserClose(ProjectSpecificationMethods.java:21)
at base.ProjectSpecificationMethods.browserClose(ProjectSpecificationMethods.java:21)
at base.ProjectSpecificationMethods.browserClose(ProjectSpecificationMethods.java:21)
at base.ProjectSpecificationMethods.browserClose(ProjectSpecificationMethods.java:21)
at base.ProjectSpecificationMethods.browserClose(ProjectSpecificationMethods.java:21)
at base.ProjectSpecificationMethods.browserClose(ProjectSpecificationMethods.java:21)
at base.ProjectSpecificationMethods.browserClose(ProjectSpecificationMethods.java:21)
at base.ProjectSpecificationMethods.browserClose(ProjectSpecificationMethods.java:21)
at base.ProjectSpecificationMethods.browserClose(ProjectSpecificationMethods.java:21)
at base.ProjectSpecificationMethods.browserClose(ProjectSpecificationMethods.java:21)
at base.ProjectSpecificationMethods.browserClose(ProjectSpecificationMethods.java:21)
at base.ProjectSpecificationMethods.browserClose(ProjectSpecificationMethods.java:21)
at base.ProjectSpecificationMethods.browserClose(ProjectSpecificationMethods.java:21)
at base.ProjectSpecificationMethods.browserClose(ProjectSpecificationMethods.java:21)
at base.ProjectSpecificationMethods.browserClose(ProjectSpecificationMethods.java:21)
at base.ProjectSpecificationMethods.browserClose(ProjectSpecificationMethods.java:21)
at base.ProjectSpecificationMethods.browserClose(ProjectSpecificationMethods.java:21)
at base.ProjectSpecificationMethods.browserClose(ProjectSpecificationMethods.java:21)
at base.ProjectSpecificationMethods.browserClose(ProjectSpecificationMethods.java:21)
at base.ProjectSpecificationMethods.browserClose(ProjectSpecificationMethods.java:21)
at base.ProjectSpecificationMethods.browserClose(ProjectSpecificationMethods.java:21)
at base.ProjectSpecificationMethods.browserClose(ProjectSpecificationMethods.java:21)
at base.ProjectSpecificationMethods.browserClose(ProjectSpecificationMethods.java:21)
at base.ProjectSpecificationMethods.browserClose(ProjectSpecificationMethods.java:21)
at base.ProjectSpecificationMethods.browserClose(ProjectSpecificationMethods.java:21)
at base.ProjectSpecificationMethods.browserClose(ProjectSpecificationMethods.java:21)
at base.ProjectSpecificationMethods.browserClose(ProjectSpecificationMethods.java:21)
at base.ProjectSpecificationMethods.browserClose(ProjectSpecificationMethods.java:21)
at base.ProjectSpecificationMethods.browserClose(ProjectSpecificationMethods.java:21)
at base.ProjectSpecificationMethods.browserClose(ProjectSpecificationMethods.java:21)
at base.ProjectSpecificationMethods.browserClose(ProjectSpecificationMethods.java:21)
at base.ProjectSpecificationMethods.browserClose(ProjectSpecificationMethods.java:21)
at base.ProjectSpecificationMethods.browserClose(ProjectSpecificationMethods.java:21)
at base.ProjectSpecificationMethods.browserClose(ProjectSpecificationMethods.java:21)
at base.ProjectSpecificationMethods.browserClose(ProjectSpecificationMethods.java:21)
at base.ProjectSpecificationMethods.browserClose(ProjectSpecificationMethods.java:21)
at base.ProjectSpecificationMethods.browserClose(ProjectSpecificationMethods.java:21)
at base.ProjectSpecificationMethods.browserClose(ProjectSpecificationMethods.java:21)
at base.ProjectSpecificationMethods.browserClose(ProjectSpecificationMethods.java:21)
at base.ProjectSpecificationMethods.browserClose(ProjectSpecificationMethods.java:21)
at base.ProjectSpecificationMethods.browserClose(ProjectSpecificationMethods.java:21)
at base.ProjectSpecificationMethods.browserClose(ProjectSpecificationMethods.java:21)
at base.ProjectSpecificationMethods.browserClose(ProjectSpecificationMethods.java:21)
at base.ProjectSpecificationMethods.browserClose(ProjectSpecificationMethods.java:21)
at base.ProjectSpecificationMethods.browserClose(ProjectSpecificationMethods.java:21)
at base.ProjectSpecificationMethods.browserClose(ProjectSpecificationMethods.java:21)
at base.ProjectSpecificationMethods.browserClose(ProjectSpecificationMethods.java:21)
at base.ProjectSpecificationMethods.browserClose(ProjectSpecificationMethods.java:21)
at base.ProjectSpecificationMethods.browserClose(ProjectSpecificationMethods.java:21)
at base.ProjectSpecificationMethods.browserClose(ProjectSpecificationMethods.java:21)
at base.ProjectSpecificationMethods.browserClose(ProjectSpecificationMethods.java:21)
at base.ProjectSpecificationMethods.browserClose(ProjectSpecificationMethods.java:21)
at base.ProjectSpecificationMethods.browserClose(ProjectSpecificationMethods.java:21)
at base.ProjectSpecificationMethods.browserClose(ProjectSpecificationMethods.java:21)
at base.ProjectSpecificationMethods.browserClose(ProjectSpecificationMethods.java:21)
at base.ProjectSpecificationMethods.browserClose(ProjectSpecificationMethods.java:21)
at base.ProjectSpecificationMethods.browserClose(ProjectSpecificationMethods.java:21)
at base.ProjectSpecificationMethods.browserClose(ProjectSpecificationMethods.java:21)
at base.ProjectSpecificationMethods.browserClose(ProjectSpecificationMethods.java:21)
at base.ProjectSpecificationMethods.browserClose(ProjectSpecificationMethods.java:21)
at base.ProjectSpecificationMethods.browserClose(ProjectSpecificationMethods.java:21)
at base.ProjectSpecificationMethods.browserClose(ProjectSpecificationMethods.java:21)
at base.ProjectSpecificationMethods.browserClose(ProjectSpecificationMethods.java:21)
at base.ProjectSpecificationMethods.browserClose(ProjectSpecificationMethods.java:21)
at base.ProjectSpecificationMethods.browserClose(ProjectSpecificationMethods.java:21)
at base.ProjectSpecificationMethods.browserClose(ProjectSpecificationMethods.java:21)
at base.ProjectSpecificationMethods.browserClose(ProjectSpecificationMethods.java:21)
at base.ProjectSpecificationMethods.browserClose(ProjectSpecificationMethods.java:21)
at base.ProjectSpecificationMethods.browserClose(ProjectSpecificationMethods.java:21)
at base.ProjectSpecificationMethods.browserClose(ProjectSpecificationMethods.java:21)
at base.ProjectSpecificationMethods.browserClose(ProjectSpecificationMethods.java:21)
at base.ProjectSpecificationMethods.browserClose(ProjectSpecificationMethods.java:21)
at base.ProjectSpecificationMethods.browserClose(ProjectSpecificationMethods.java:21)
at base.ProjectSpecificationMethods.browserClose(ProjectSpecificationMethods.java:21)
at base.ProjectSpecificationMethods.browserClose(ProjectSpecificationMethods.java:21)
at base.ProjectSpecificationMethods.browserClose(ProjectSpecificationMethods.java:21)
at base.ProjectSpecificationMethods.browserClose(ProjectSpecificationMethods.java:21)
at base.ProjectSpecificationMethods.browserClose(ProjectSpecificationMethods.java:21)
at base.ProjectSpecificationMethods.browserClose(ProjectSpecificationMethods.java:21)
at base.ProjectSpecificationMethods.browserClose(ProjectSpecificationMethods.java:21)
at base.ProjectSpecificationMethods.browserClose(ProjectSpecificationMethods.java:21)
at base.ProjectSpecificationMethods.browserClose(ProjectSpecificationMethods.java:21)
at base.ProjectSpecificationMethods.browserClose(ProjectSpecificationMethods.java:21)
at base.ProjectSpecificationMethods.browserClose(ProjectSpecificationMethods.java:21)
at base.ProjectSpecificationMethods.browserClose(ProjectSpecificationMethods.java:21)
at base.ProjectSpecificationMethods.browserClose(ProjectSpecificationMethods.java:21)
at base.ProjectSpecificationMethods.browserClose(ProjectSpecificationMethods.java:21)
at base.ProjectSpecificationMethods.browserClose(ProjectSpecificationMethods.java:21)
at base.ProjectSpecificationMethods.browserClose(ProjectSpecificationMethods.java:21)
at base.ProjectSpecificationMethods.browserClose(ProjectSpecificationMethods.java:21)
at base.ProjectSpecificationMethods.browserClose(ProjectSpecificationMethods.java:21)
at base.ProjectSpecificationMethods.browserClose(ProjectSpecificationMethods.java:21)
at base.ProjectSpecificationMethods.browserClose(ProjectSpecificationMethods.java:21)
at base.ProjectSpecificationMethods.browserClose(ProjectSpecificationMethods.java:21)
at base.ProjectSpecificationMethods.browserClose(ProjectSpecificationMethods.java:21)
at base.ProjectSpecificationMethods.browserClose(ProjectSpecificationMethods.java:21)
at base.ProjectSpecificationMethods.browserClose(ProjectSpecificationMethods.java:21)
at base.ProjectSpecificationMethods.browserClose(ProjectSpecificationMethods.java:21)
at base.ProjectSpecificationMethods.browserClose(ProjectSpecificationMethods.java:21)
at base.ProjectSpecificationMethods.browserClose(ProjectSpecificationMethods.java:21)
at base.ProjectSpecificationMethods.browserClose(ProjectSpecificationMethods.java:21)
at base.ProjectSpecificationMethods.browserClose(ProjectSpecificationMethods.java:21)
at base.ProjectSpecificationMethods.browserClose(ProjectSpecificationMethods.java:21)
at base.ProjectSpecificationMethods.browserClose(ProjectSpecificationMethods.java:21)
at base.ProjectSpecificationMethods.browserClose(ProjectSpecificationMethods.java:21)
at base.ProjectSpecificationMethods.browserClose(ProjectSpecificationMethods.java:21)
at base.ProjectSpecificationMethods.browserClose(ProjectSpecificationMethods.java:21)
at base.ProjectSpecificationMethods.browserClose(ProjectSpecificationMethods.java:21)
at base.ProjectSpecificationMethods.browserClose(ProjectSpecificationMethods.java:21)
at base.ProjectSpecificationMethods.browserClose(ProjectSpecificationMethods.java:21)
at base.ProjectSpecificationMethods.browserClose(ProjectSpecificationMethods.java:21)
at base.ProjectSpecificationMethods.browserClose(ProjectSpecificationMethods.java:21)
at base.ProjectSpecificationMethods.browserClose(ProjectSpecificationMethods.java:21)
at base.ProjectSpecificationMethods.browserClose(ProjectSpecificationMethods.java:21)
at base.ProjectSpecificationMethods.browserClose(ProjectSpecificationMethods.java:21)
at base.ProjectSpecificationMethods.browserClose(ProjectSpecificationMethods.java:21)
at base.ProjectSpecificationMethods.browserClose(ProjectSpecificationMethods.java:21)
at base.ProjectSpecificationMethods.browserClose(ProjectSpecificationMethods.java:21)
at base.ProjectSpecificationMethods.browserClose(ProjectSpecificationMethods.java:21)
at base.ProjectSpecificationMethods.browserClose(ProjectSpecificationMethods.java:21)
at base.ProjectSpecificationMethods.browserClose(ProjectSpecificationMethods.java:21)
at base.ProjectSpecificationMethods.browserClose(ProjectSpecificationMethods.java:21)
at base.ProjectSpecificationMethods.browserClose(ProjectSpecificationMethods.java:21)
at base.ProjectSpecificationMethods.browserClose(ProjectSpecificationMethods.java:21)
at base.ProjectSpecificationMethods.browserClose(ProjectSpecificationMethods.java:21)
at base.ProjectSpecificationMethods.browserClose(ProjectSpecificationMethods.java:21)
at base.ProjectSpecificationMethods.browserClose(ProjectSpecificationMethods.java:21)
at base.ProjectSpecificationMethods.browserClose(ProjectSpecificationMethods.java:21)
at base.ProjectSpecificationMethods.browserClose(ProjectSpecificationMethods.java:21)
at base.ProjectSpecificationMethods.browserClose(ProjectSpecificationMethods.java:21)
at base.ProjectSpecificationMethods.browserClose(ProjectSpecificationMethods.java:21)
at base.ProjectSpecificationMethods.browserClose(ProjectSpecificationMethods.java:21)
at base.ProjectSpecificationMethods.browserClose(ProjectSpecificationMethods.java:21)
at base.ProjectSpecificationMethods.browserClose(ProjectSpecificationMethods.java:21)
at base.ProjectSpecificationMethods.browserClose(ProjectSpecificationMethods.java:21)
at base.ProjectSpecificationMethods.browserClose(ProjectSpecificationMethods.java:21)
at base.ProjectSpecificationMethods.browserClose(ProjectSpecificationMethods.java:21)
at base.ProjectSpecificationMethods.browserClose(ProjectSpecificationMethods.java:21)
at base.ProjectSpecificationMethods.browserClose(ProjectSpecificationMethods.java:21)
at base.ProjectSpecificationMethods.browserClose(ProjectSpecificationMethods.java:21)
at base.ProjectSpecificationMethods.browserClose(ProjectSpecificationMethods.java:21)
at base.ProjectSpecificationMethods.browserClose(ProjectSpecificationMethods.java:21)
at base.ProjectSpecificationMethods.browserClose(ProjectSpecificationMethods.java:21)
at base.ProjectSpecificationMethods.browserClose(ProjectSpecificationMethods.java:21)
at base.ProjectSpecificationMethods.browserClose(ProjectSpecificationMethods.java:21)
at base.ProjectSpecificationMethods.browserClose(ProjectSpecificationMethods.java:21)
at base.ProjectSpecificationMethods.browserClose(ProjectSpecificationMethods.java:21)
at base.ProjectSpecificationMethods.browserClose(ProjectSpecificationMethods.java:21)
at base.ProjectSpecificationMethods.browserClose(ProjectSpecificationMethods.java:21)
at base.ProjectSpecificationMethods.browserClose(ProjectSpecificationMethods.java:21)
at base.ProjectSpecificationMethods.browserClose(ProjectSpecificationMethods.java:21)
at base.ProjectSpecificationMethods.browserClose(ProjectSpecificationMethods.java:21)
at base.ProjectSpecificationMethods.browserClose(ProjectSpecificationMethods.java:21)
at base.ProjectSpecificationMethods.browserClose(ProjectSpecificationMethods.java:21)
at base.ProjectSpecificationMethods.browserClose(ProjectSpecificationMethods.java:21)
at base.ProjectSpecificationMethods.browserClose(ProjectSpecificationMethods.java:21)
at base.ProjectSpecificationMethods.browserClose(ProjectSpecificationMethods.java:21)
at base.ProjectSpecificationMethods.browserClose(ProjectSpecificationMethods.java:21)
at base.ProjectSpecificationMethods.browserClose(ProjectSpecificationMethods.java:21)
at base.ProjectSpecificationMethods.browserClose(ProjectSpecificationMethods.java:21)
at base.ProjectSpecificationMethods.browserClose(ProjectSpecificationMethods.java:21)
at base.ProjectSpecificationMethods.browserClose(ProjectSpecificationMethods.java:21)
at base.ProjectSpecificationMethods.browserClose(ProjectSpecificationMethods.java:21)
at base.ProjectSpecificationMethods.browserClose(ProjectSpecificationMethods.java:21)
at base.ProjectSpecificationMethods.browserClose(ProjectSpecificationMethods.java:21)
at base.ProjectSpecificationMethods.browserClose(ProjectSpecificationMethods.java:21)
at base.ProjectSpecificationMethods.browserClose(ProjectSpecificationMethods.java:21)
at base.ProjectSpecificationMethods.browserClose(ProjectSpecificationMethods.java:21)
at base.ProjectSpecificationMethods.browserClose(ProjectSpecificationMethods.java:21)
at base.ProjectSpecificationMethods.browserClose(ProjectSpecificationMethods.java:21)
at base.ProjectSpecificationMethods.browserClose(ProjectSpecificationMethods.java:21)
at base.ProjectSpecificationMethods.browserClose(ProjectSpecificationMethods.java:21)
at base.ProjectSpecificationMethods.browserClose(ProjectSpecificationMethods.java:21)
at base.ProjectSpecificationMethods.browserClose(ProjectSpecificationMethods.java:21)
at base.ProjectSpecificationMethods.browserClose(ProjectSpecificationMethods.java:21)
at base.ProjectSpecificationMethods.browserClose(ProjectSpecificationMethods.java:21)
at base.ProjectSpecificationMethods.browserClose(ProjectSpecificationMethods.java:21)
at base.ProjectSpecificationMethods.browserClose(ProjectSpecificationMethods.java:21)
at base.ProjectSpecificationMethods.browserClose(ProjectSpecificationMethods.java:21)
at base.ProjectSpecificationMethods.browserClose(ProjectSpecificationMethods.java:21)
at base.ProjectSpecificationMethods.browserClose(ProjectSpecificationMethods.java:21)
at base.ProjectSpecificationMethods.browserClose(ProjectSpecificationMethods.java:21)
at base.ProjectSpecificationMethods.browserClose(ProjectSpecificationMethods.java:21)
at base.ProjectSpecificationMethods.browserClose(ProjectSpecificationMethods.java:21)
at base.ProjectSpecificationMethods.browserClose(ProjectSpecificationMethods.java:21)
at base.ProjectSpecificationMethods.browserClose(ProjectSpecificationMethods.java:21)
at base.ProjectSpecificationMethods.browserClose(ProjectSpecificationMethods.java:21)
at base.ProjectSpecificationMethods.browserClose(ProjectSpecificationMethods.java:21)
at base.ProjectSpecificationMethods.browserClose(ProjectSpecificationMethods.java:21)
at base.ProjectSpecificationMethods.browserClose(ProjectSpecificationMethods.java:21)
at base.ProjectSpecificationMethods.browserClose(ProjectSpecificationMethods.java:21)
at base.ProjectSpecificationMethods.browserClose(ProjectSpecificationMethods.java:21)
at base.ProjectSpecificationMethods.browserClose(ProjectSpecificationMethods.java:21)
at base.ProjectSpecificationMethods.browserClose(ProjectSpecificationMethods.java:21)
at base.ProjectSpecificationMethods.browserClose(ProjectSpecificationMethods.java:21)
at base.ProjectSpecificationMethods.browserClose(ProjectSpecificationMethods.java:21)
at base.ProjectSpecificationMethods.browserClose(ProjectSpecificationMethods.java:21)
at base.ProjectSpecificationMethods.browserClose(ProjectSpecificationMethods.java:21)
at base.ProjectSpecificationMethods.browserClose(ProjectSpecificationMethods.java:21)
at base.ProjectSpecificationMethods.browserClose(ProjectSpecificationMethods.java:21)
at base.ProjectSpecificationMethods.browserClose(ProjectSpecificationMethods.java:21)
at base.ProjectSpecificationMethods.browserClose(ProjectSpecificationMethods.java:21)
at base.ProjectSpecificationMethods.browserClose(ProjectSpecificationMethods.java:21)
at base.ProjectSpecificationMethods.browserClose(ProjectSpecificationMethods.java:21)
at base.ProjectSpecificationMethods.browserClose(ProjectSpecificationMethods.java:21)
at base.ProjectSpecificationMethods.browserClose(ProjectSpecificationMethods.java:21)
at base.ProjectSpecificationMethods.browserClose(ProjectSpecificationMethods.java:21)
at base.ProjectSpecificationMethods.browserClose(ProjectSpecificationMethods.java:21)
at base.ProjectSpecificationMethods.browserClose(ProjectSpecificationMethods.java:21)
at base.ProjectSpecificationMethods.browserClose(ProjectSpecificationMethods.java:21)
at base.ProjectSpecificationMethods.browserClose(ProjectSpecificationMethods.java:21)
at base.ProjectSpecificationMethods.browserClose(ProjectSpecificationMethods.java:21)
at base.ProjectSpecificationMethods.browserClose(ProjectSpecificationMethods.java:21)
at base.ProjectSpecificationMethods.browserClose(ProjectSpecificationMethods.java:21)
at base.ProjectSpecificationMethods.browserClose(ProjectSpecificationMethods.java:21)
at base.ProjectSpecificationMethods.browserClose(ProjectSpecificationMethods.java:21)
at base.ProjectSpecificationMethods.browserClose(ProjectSpecificationMethods.java:21)
at base.ProjectSpecificationMethods.browserClose(ProjectSpecificationMethods.java:21)
at base.ProjectSpecificationMethods.browserClose(ProjectSpecificationMethods.java:21)
at base.ProjectSpecificationMethods.browserClose(ProjectSpecificationMethods.java:21)
at base.ProjectSpecificationMethods.browserClose(ProjectSpecificationMethods.java:21)
at base.ProjectSpecificationMethods.browserClose(ProjectSpecificationMethods.java:21)
at base.ProjectSpecificationMethods.browserClose(ProjectSpecificationMethods.java:21)
at base.ProjectSpecificationMethods.browserClose(ProjectSpecificationMethods.java:21)
at base.ProjectSpecificationMethods.browserClose(ProjectSpecificationMethods.java:21)
at base.ProjectSpecificationMethods.browserClose(ProjectSpecificationMethods.java:21)
at base.ProjectSpecificationMethods.browserClose(ProjectSpecificationMethods.java:21)
at base.ProjectSpecificationMethods.browserClose(ProjectSpecificationMethods.java:21)
at base.ProjectSpecificationMethods.browserClose(ProjectSpecificationMethods.java:21)
at base.ProjectSpecificationMethods.browserClose(ProjectSpecificationMethods.java:21)
at base.ProjectSpecificationMethods.browserClose(ProjectSpecificationMethods.java:21)
at base.ProjectSpecificationMethods.browserClose(ProjectSpecificationMethods.java:21)
at base.ProjectSpecificationMethods.browserClose(ProjectSpecificationMethods.java:21)
at base.ProjectSpecificationMethods.browserClose(ProjectSpecificationMethods.java:21)
at base.ProjectSpecificationMethods.browserClose(ProjectSpecificationMethods.java:21)
at base.ProjectSpecificationMethods.browserClose(ProjectSpecificationMethods.java:21)
at base.ProjectSpecificationMethods.browserClose(ProjectSpecificationMethods.java:21)
at base.ProjectSpecificationMethods.browserClose(ProjectSpecificationMethods.java:21)
at base.ProjectSpecificationMethods.browserClose(ProjectSpecificationMethods.java:21)
at base.ProjectSpecificationMethods.browserClose(ProjectSpecificationMethods.java:21)
at base.ProjectSpecificationMethods.browserClose(ProjectSpecificationMethods.java:21)
at base.ProjectSpecificationMethods.browserClose(ProjectSpecificationMethods.java:21)
at base.ProjectSpecificationMethods.browserClose(ProjectSpecificationMethods.java:21)
at base.ProjectSpecificationMethods.browserClose(ProjectSpecificationMethods.java:21)
at base.ProjectSpecificationMethods.browserClose(ProjectSpecificationMethods.java:21)
at base.ProjectSpecificationMethods.browserClose(ProjectSpecificationMethods.java:21)
at base.ProjectSpecificationMethods.browserClose(ProjectSpecificationMethods.java:21)
at base.ProjectSpecificationMethods.browserClose(ProjectSpecificationMethods.java:21)
at base.ProjectSpecificationMethods.browserClose(ProjectSpecificationMethods.java:21)
at base.ProjectSpecificationMethods.browserClose(ProjectSpecificationMethods.java:21)
at base.ProjectSpecificationMethods.browserClose(ProjectSpecificationMethods.java:21)
at base.ProjectSpecificationMethods.browserClose(ProjectSpecificationMethods.java:21)
at base.ProjectSpecificationMethods.browserClose(ProjectSpecificationMethods.java:21)
at base.ProjectSpecificationMethods.browserClose(ProjectSpecificationMethods.java:21)
at base.ProjectSpecificationMethods.browserClose(ProjectSpecificationMethods.java:21)
at base.ProjectSpecificationMethods.browserClose(ProjectSpecificationMethods.java:21)
at base.ProjectSpecificationMethods.browserClose(ProjectSpecificationMethods.java:21)
at base.ProjectSpecificationMethods.browserClose(ProjectSpecificationMethods.java:21)
at base.ProjectSpecificationMethods.browserClose(ProjectSpecificationMethods.java:21)
at base.ProjectSpecificationMethods.browserClose(ProjectSpecificationMethods.java:21)
at base.ProjectSpecificationMethods.browserClose(ProjectSpecificationMethods.java:21)
at base.ProjectSpecificationMethods.browserClose(ProjectSpecificationMethods.java:21)
at base.ProjectSpecificationMethods.browserClose(ProjectSpecificationMethods.java:21)
at base.ProjectSpecificationMethods.browserClose(ProjectSpecificationMethods.java:21)
at base.ProjectSpecificationMethods.browserClose(ProjectSpecificationMethods.java:21)
at base.ProjectSpecificationMethods.browserClose(ProjectSpecificationMethods.java:21)
at base.ProjectSpecificationMethods.browserClose(ProjectSpecificationMethods.java:21)
at base.ProjectSpecificationMethods.browserClose(ProjectSpecificationMethods.java:21)
at base.ProjectSpecificationMethods.browserClose(ProjectSpecificationMethods.java:21)
at base.ProjectSpecificationMethods.browserClose(ProjectSpecificationMethods.java:21)
at base.ProjectSpecificationMethods.browserClose(ProjectSpecificationMethods.java:21)
at base.ProjectSpecificationMethods.browserClose(ProjectSpecificationMethods.java:21)
at base.ProjectSpecificationMethods.browserClose(ProjectSpecificationMethods.java:21)
at base.ProjectSpecificationMethods.browserClose(ProjectSpecificationMethods.java:21)
at base.ProjectSpecificationMethods.browserClose(ProjectSpecificationMethods.java:21)
at base.ProjectSpecificationMethods.browserClose(ProjectSpecificationMethods.java:21)
at base.ProjectSpecificationMethods.browserClose(ProjectSpecificationMethods.java:21)
at base.ProjectSpecificationMethods.browserClose(ProjectSpecificationMethods.java:21)
at base.ProjectSpecificationMethods.browserClose(ProjectSpecificationMethods.java:21)
at base.ProjectSpecificationMethods.browserClose(ProjectSpecificationMethods.java:21)
at base.ProjectSpecificationMethods.browserClose(ProjectSpecificationMethods.java:21)
at base.ProjectSpecificationMethods.browserClose(ProjectSpecificationMethods.java:21)
at base.ProjectSpecificationMethods.browserClose(ProjectSpecificationMethods.java:21)
at base.ProjectSpecificationMethods.browserClose(ProjectSpecificationMethods.java:21)
at base.ProjectSpecificationMethods.browserClose(ProjectSpecificationMethods.java:21)
at base.ProjectSpecificationMethods.browserClose(ProjectSpecificationMethods.java:21)
at base.ProjectSpecificationMethods.browserClose(ProjectSpecificationMethods.java:21)
at base.ProjectSpecificationMethods.browserClose(ProjectSpecificationMethods.java:21)
at base.ProjectSpecificationMethods.browserClose(ProjectSpecificationMethods.java:21)
at base.ProjectSpecificationMethods.browserClose(ProjectSpecificationMethods.java:21)
at base.ProjectSpecificationMethods.browserClose(ProjectSpecificationMethods.java:21)
at base.ProjectSpecificationMethods.browserClose(ProjectSpecificationMethods.java:21)
at base.ProjectSpecificationMethods.browserClose(ProjectSpecificationMethods.java:21)
at base.ProjectSpecificationMethods.browserClose(ProjectSpecificationMethods.java:21)
at base.ProjectSpecificationMethods.browserClose(ProjectSpecificationMethods.java:21)
at base.ProjectSpecificationMethods.browserClose(ProjectSpecificationMethods.java:21)
at base.ProjectSpecificationMethods.browserClose(ProjectSpecificationMethods.java:21)
at base.ProjectSpecificationMethods.browserClose(ProjectSpecificationMethods.java:21)
at base.ProjectSpecificationMethods.browserClose(ProjectSpecificationMethods.java:21)
at base.ProjectSpecificationMethods.browserClose(ProjectSpecificationMethods.java:21)
at base.ProjectSpecificationMethods.browserClose(ProjectSpecificationMethods.java:21)
at base.ProjectSpecificationMethods.browserClose(ProjectSpecificationMethods.java:21)
at base.ProjectSpecificationMethods.browserClose(ProjectSpecificationMethods.java:21)
at base.ProjectSpecificationMethods.browserClose(ProjectSpecificationMethods.java:21)
at base.ProjectSpecificationMethods.browserClose(ProjectSpecificationMethods.java:21)
at base.ProjectSpecificationMethods.browserClose(ProjectSpecificationMethods.java:21)
at base.ProjectSpecificationMethods.browserClose(ProjectSpecificationMethods.java:21)
at base.ProjectSpecificationMethods.browserClose(ProjectSpecificationMethods.java:21)
at base.ProjectSpecificationMethods.browserClose(ProjectSpecificationMethods.java:21)
at base.ProjectSpecificationMethods.browserClose(ProjectSpecificationMethods.java:21)
at base.ProjectSpecificationMethods.browserClose(ProjectSpecificationMethods.java:21)
at base.ProjectSpecificationMethods.browserClose(ProjectSpecificationMethods.java:21)
at base.ProjectSpecificationMethods.browserClose(ProjectSpecificationMethods.java:21)
at base.ProjectSpecificationMethods.browserClose(ProjectSpecificationMethods.java:21)
at base.ProjectSpecificationMethods.browserClose(ProjectSpecificationMethods.java:21)
at base.ProjectSpecificationMethods.browserClose(ProjectSpecificationMethods.java:21)
at base.ProjectSpecificationMethods.browserClose(ProjectSpecificationMethods.java:21)
at base.ProjectSpecificationMethods.browserClose(ProjectSpecificationMethods.java:21)
at base.ProjectSpecificationMethods.browserClose(ProjectSpecificationMethods.java:21)
at base.ProjectSpecificationMethods.browserClose(ProjectSpecificationMethods.java:21)
at base.ProjectSpecificationMethods.browserClose(ProjectSpecificationMethods.java:21)
at base.ProjectSpecificationMethods.browserClose(ProjectSpecificationMethods.java:21)
at base.ProjectSpecificationMethods.browserClose(ProjectSpecificationMethods.java:21)
at base.ProjectSpecificationMethods.browserClose(ProjectSpecificationMethods.java:21)
at base.ProjectSpecificationMethods.browserClose(ProjectSpecificationMethods.java:21)
at base.ProjectSpecificationMethods.browserClose(ProjectSpecificationMethods.java:21)
at base.ProjectSpecificationMethods.browserClose(ProjectSpecificationMethods.java:21)
at base.ProjectSpecificationMethods.browserClose(ProjectSpecificationMethods.java:21)
at base.ProjectSpecificationMethods.browserClose(ProjectSpecificationMethods.java:21)
at base.ProjectSpecificationMethods.browserClose(ProjectSpecificationMethods.java:21)
at base.ProjectSpecificationMethods.browserClose(ProjectSpecificationMethods.java:21)
at base.ProjectSpecificationMethods.browserClose(ProjectSpecificationMethods.java:21)
at base.ProjectSpecificationMethods.browserClose(ProjectSpecificationMethods.java:21)
at base.ProjectSpecificationMethods.browserClose(ProjectSpecificationMethods.java:21)
at base.ProjectSpecificationMethods.browserClose(ProjectSpecificationMethods.java:21)
at base.ProjectSpecificationMethods.browserClose(ProjectSpecificationMethods.java:21)
at base.ProjectSpecificationMethods.browserClose(ProjectSpecificationMethods.java:21)
at base.ProjectSpecificationMethods.browserClose(ProjectSpecificationMethods.java:21)
at base.ProjectSpecificationMethods.browserClose(ProjectSpecificationMethods.java:21)
at base.ProjectSpecificationMethods.browserClose(ProjectSpecificationMethods.java:21)
at base.ProjectSpecificationMethods.browserClose(ProjectSpecificationMethods.java:21)
at base.ProjectSpecificationMethods.browserClose(ProjectSpecificationMethods.java:21)
at base.ProjectSpecificationMethods.browserClose(ProjectSpecificationMethods.java:21)
at base.ProjectSpecificationMethods.browserClose(ProjectSpecificationMethods.java:21)
at base.ProjectSpecificationMethods.browserClose(ProjectSpecificationMethods.java:21)
at base.ProjectSpecificationMethods.browserClose(ProjectSpecificationMethods.java:21)
at base.ProjectSpecificationMethods.browserClose(ProjectSpecificationMethods.java:21)
at base.ProjectSpecificationMethods.browserClose(ProjectSpecificationMethods.java:21)
at base.ProjectSpecificationMethods.browserClose(ProjectSpecificationMethods.java:21)
at base.ProjectSpecificationMethods.browserClose(ProjectSpecificationMethods.java:21)
at base.ProjectSpecificationMethods.browserClose(ProjectSpecificationMethods.java:21)
at base.ProjectSpecificationMethods.browserClose(ProjectSpecificationMethods.java:21)
at base.ProjectSpecificationMethods.browserClose(ProjectSpecificationMethods.java:21)
at base.ProjectSpecificationMethods.browserClose(ProjectSpecificationMethods.java:21)
at base.ProjectSpecificationMethods.browserClose(ProjectSpecificationMethods.java:21)
at base.ProjectSpecificationMethods.browserClose(ProjectSpecificationMethods.java:21)
at base.ProjectSpecificationMethods.browserClose(ProjectSpecificationMethods.java:21)
at base.ProjectSpecificationMethods.browserClose(ProjectSpecificationMethods.java:21)
at base.ProjectSpecificationMethods.browserClose(ProjectSpecificationMethods.java:21)
at base.ProjectSpecificationMethods.browserClose(ProjectSpecificationMethods.java:21)
at base.ProjectSpecificationMethods.browserClose(ProjectSpecificationMethods.java:21)
at base.ProjectSpecificationMethods.browserClose(ProjectSpecificationMethods.java:21)
at base.ProjectSpecificationMethods.browserClose(ProjectSpecificationMethods.java:21)
at base.ProjectSpecificationMethods.browserClose(ProjectSpecificationMethods.java:21)
at base.ProjectSpecificationMethods.browserClose(ProjectSpecificationMethods.java:21)
at base.ProjectSpecificationMethods.browserClose(ProjectSpecificationMethods.java:21)
at base.ProjectSpecificationMethods.browserClose(ProjectSpecificationMethods.java:21)
at base.ProjectSpecificationMethods.browserClose(ProjectSpecificationMethods.java:21)
at base.ProjectSpecificationMethods.browserClose(ProjectSpecificationMethods.java:21)
at base.ProjectSpecificationMethods.browserClose(ProjectSpecificationMethods.java:21)
at base.ProjectSpecificationMethods.browserClose(ProjectSpecificationMethods.java:21)
at base.ProjectSpecificationMethods.browserClose(ProjectSpecificationMethods.java:21)
at base.ProjectSpecificationMethods.browserClose(ProjectSpecificationMethods.java:21)
at base.ProjectSpecificationMethods.browserClose(ProjectSpecificationMethods.java:21)
at base.ProjectSpecificationMethods.browserClose(ProjectSpecificationMethods.java:21)
at base.ProjectSpecificationMethods.browserClose(ProjectSpecificationMethods.java:21)
at base.ProjectSpecificationMethods.browserClose(ProjectSpecificationMethods.java:21)
at base.ProjectSpecificationMethods.browserClose(ProjectSpecificationMethods.java:21)
at base.ProjectSpecificationMethods.browserClose(ProjectSpecificationMethods.java:21)
at base.ProjectSpecificationMethods.browserClose(ProjectSpecificationMethods.java:21)
at base.ProjectSpecificationMethods.browserClose(ProjectSpecificationMethods.java:21)
at base.ProjectSpecificationMethods.browserClose(ProjectSpecificationMethods.java:21)
at base.ProjectSpecificationMethods.browserClose(ProjectSpecificationMethods.java:21)
at base.ProjectSpecificationMethods.browserClose(ProjectSpecificationMethods.java:21)
at base.ProjectSpecificationMethods.browserClose(ProjectSpecificationMethods.java:21)
at base.ProjectSpecificationMethods.browserClose(ProjectSpecificationMethods.java:21)
at base.ProjectSpecificationMethods.browserClose(ProjectSpecificationMethods.java:21)
at base.ProjectSpecificationMethods.browserClose(ProjectSpecificationMethods.java:21)
at base.ProjectSpecificationMethods.browserClose(ProjectSpecificationMethods.java:21)
at base.ProjectSpecificationMethods.browserClose(ProjectSpecificationMethods.java:21)
at base.ProjectSpecificationMethods.browserClose(ProjectSpecificationMethods.java:21)
at base.ProjectSpecificationMethods.browserClose(ProjectSpecificationMethods.java:21)
at base.ProjectSpecificationMethods.browserClose(ProjectSpecificationMethods.java:21)
at base.ProjectSpecificationMethods.browserClose(ProjectSpecificationMethods.java:21)
at base.ProjectSpecificationMethods.browserClose(ProjectSpecificationMethods.java:21)
at base.ProjectSpecificationMethods.browserClose(ProjectSpecificationMethods.java:21)
at base.ProjectSpecificationMethods.browserClose(ProjectSpecificationMethods.java:21)
at base.ProjectSpecificationMethods.browserClose(ProjectSpecificationMethods.java:21)
at base.ProjectSpecificationMethods.browserClose(ProjectSpecificationMethods.java:21)
at base.ProjectSpecificationMethods.browserClose(ProjectSpecificationMethods.java:21)
at base.ProjectSpecificationMethods.browserClose(ProjectSpecificationMethods.java:21)
at base.ProjectSpecificationMethods.browserClose(ProjectSpecificationMethods.java:21)
at base.ProjectSpecificationMethods.browserClose(ProjectSpecificationMethods.java:21)
at base.ProjectSpecificationMethods.browserClose(ProjectSpecificationMethods.java:21)
at base.ProjectSpecificationMethods.browserClose(ProjectSpecificationMethods.java:21)
at base.ProjectSpecificationMethods.browserClose(ProjectSpecificationMethods.java:21)
at base.ProjectSpecificationMethods.browserClose(ProjectSpecificationMethods.java:21)
at base.ProjectSpecificationMethods.browserClose(ProjectSpecificationMethods.java:21)
at base.ProjectSpecificationMethods.browserClose(ProjectSpecificationMethods.java:21)
at base.ProjectSpecificationMethods.browserClose(ProjectSpecificationMethods.java:21)
at base.ProjectSpecificationMethods.browserClose(ProjectSpecificationMethods.java:21)
at base.ProjectSpecificationMethods.browserClose(ProjectSpecificationMethods.java:21)
at base.ProjectSpecificationMethods.browserClose(ProjectSpecificationMethods.java:21)
at base.ProjectSpecificationMethods.browserClose(ProjectSpecificationMethods.java:21)
at base.ProjectSpecificationMethods.browserClose(ProjectSpecificationMethods.java:21)
at base.ProjectSpecificationMethods.browserClose(ProjectSpecificationMethods.java:21)
at base.ProjectSpecificationMethods.browserClose(ProjectSpecificationMethods.java:21)
at base.ProjectSpecificationMethods.browserClose(ProjectSpecificationMethods.java:21)
at base.ProjectSpecificationMethods.browserClose(ProjectSpecificationMethods.java:21)
at base.ProjectSpecificationMethods.browserClose(ProjectSpecificationMethods.java:21)
at base.ProjectSpecificationMethods.browserClose(ProjectSpecificationMethods.java:21)
at base.ProjectSpecificationMethods.browserClose(ProjectSpecificationMethods.java:21)
at base.ProjectSpecificationMethods.browserClose(ProjectSpecificationMethods.java:21)
at base.ProjectSpecificationMethods.browserClose(ProjectSpecificationMethods.java:21)
at base.ProjectSpecificationMethods.browserClose(ProjectSpecificationMethods.java:21)
at base.ProjectSpecificationMethods.browserClose(ProjectSpecificationMethods.java:21)
at base.ProjectSpecificationMethods.browserClose(ProjectSpecificationMethods.java:21)
at base.ProjectSpecificationMethods.browserClose(ProjectSpecificationMethods.java:21)
at base.ProjectSpecificationMethods.browserClose(ProjectSpecificationMethods.java:21)
at base.ProjectSpecificationMethods.browserClose(ProjectSpecificationMethods.java:21)
at base.ProjectSpecificationMethods.browserClose(ProjectSpecificationMethods.java:21)
at base.ProjectSpecificationMethods.browserClose(ProjectSpecificationMethods.java:21)
at base.ProjectSpecificationMethods.browserClose(ProjectSpecificationMethods.java:21)
at base.ProjectSpecificationMethods.browserClose(ProjectSpecificationMethods.java:21)
at base.ProjectSpecificationMethods.browserClose(ProjectSpecificationMethods.java:21)
at base.ProjectSpecificationMethods.browserClose(ProjectSpecificationMethods.java:21)
at base.ProjectSpecificationMethods.browserClose(ProjectSpecificationMethods.java:21)
at base.ProjectSpecificationMethods.browserClose(ProjectSpecificationMethods.java:21)
at base.ProjectSpecificationMethods.browserClose(ProjectSpecificationMethods.java:21)
at base.ProjectSpecificationMethods.browserClose(ProjectSpecificationMethods.java:21)
at base.ProjectSpecificationMethods.browserClose(ProjectSpecificationMethods.java:21)
at base.ProjectSpecificationMethods.browserClose(ProjectSpecificationMethods.java:21)
at base.ProjectSpecificationMethods.browserClose(ProjectSpecificationMethods.java:21)
at base.ProjectSpecificationMethods.browserClose(ProjectSpecificationMethods.java:21)
at base.ProjectSpecificationMethods.browserClose(ProjectSpecificationMethods.java:21)
at base.ProjectSpecificationMethods.browserClose(ProjectSpecificationMethods.java:21)
at base.ProjectSpecificationMethods.browserClose(ProjectSpecificationMethods.java:21)
at base.ProjectSpecificationMethods.browserClose(ProjectSpecificationMethods.java:21)
at base.ProjectSpecificationMethods.browserClose(ProjectSpecificationMethods.java:21)
at base.ProjectSpecificationMethods.browserClose(ProjectSpecificationMethods.java:21)
at base.ProjectSpecificationMethods.browserClose(ProjectSpecificationMethods.java:21)
at base.ProjectSpecificationMethods.browserClose(ProjectSpecificationMethods.java:21)
at base.ProjectSpecificationMethods.browserClose(ProjectSpecificationMethods.java:21)
at base.ProjectSpecificationMethods.browserClose(ProjectSpecificationMethods.java:21)
at base.ProjectSpecificationMethods.browserClose(ProjectSpecificationMethods.java:21)
at base.ProjectSpecificationMethods.browserClose(ProjectSpecificationMethods.java:21)
at base.ProjectSpecificationMethods.browserClose(ProjectSpecificationMethods.java:21)
at base.ProjectSpecificationMethods.browserClose(ProjectSpecificationMethods.java:21)
at base.ProjectSpecificationMethods.browserClose(ProjectSpecificationMethods.java:21)
at base.ProjectSpecificationMethods.browserClose(ProjectSpecificationMethods.java:21)
at base.ProjectSpecificationMethods.browserClose(ProjectSpecificationMethods.java:21)
at base.ProjectSpecificationMethods.browserClose(ProjectSpecificationMethods.java:21)
at base.ProjectSpecificationMethods.browserClose(ProjectSpecificationMethods.java:21)
at base.ProjectSpecificationMethods.browserClose(ProjectSpecificationMethods.java:21)
at base.ProjectSpecificationMethods.browserClose(ProjectSpecificationMethods.java:21)
at base.ProjectSpecificationMethods.browserClose(ProjectSpecificationMethods.java:21)
at base.ProjectSpecificationMethods.browserClose(ProjectSpecificationMethods.java:21)
at base.ProjectSpecificationMethods.browserClose(ProjectSpecificationMethods.java:21)
at base.ProjectSpecificationMethods.browserClose(ProjectSpecificationMethods.java:21)
at base.ProjectSpecificationMethods.browserClose(ProjectSpecificationMethods.java:21)
at base.ProjectSpecificationMethods.browserClose(ProjectSpecificationMethods.java:21)
at base.ProjectSpecificationMethods.browserClose(ProjectSpecificationMethods.java:21)
at base.ProjectSpecificationMethods.browserClose(ProjectSpecificationMethods.java:21)
at base.ProjectSpecificationMethods.browserClose(ProjectSpecificationMethods.java:21)
at base.ProjectSpecificationMethods.browserClose(ProjectSpecificationMethods.java:21)
at base.ProjectSpecificationMethods.browserClose(ProjectSpecificationMethods.java:21)
at base.ProjectSpecificationMethods.browserClose(ProjectSpecificationMethods.java:21)
at base.ProjectSpecificationMethods.browserClose(ProjectSpecificationMethods.java:21)
at base.ProjectSpecificationMethods.browserClose(ProjectSpecificationMethods.java:21)
at base.ProjectSpecificationMethods.browserClose(ProjectSpecificationMethods.java:21)
at base.ProjectSpecificationMethods.browserClose(ProjectSpecificationMethods.java:21)
at base.ProjectSpecificationMethods.browserClose(ProjectSpecificationMethods.java:21)
at base.ProjectSpecificationMethods.browserClose(ProjectSpecificationMethods.java:21)
at base.ProjectSpecificationMethods.browserClose(ProjectSpecificationMethods.java:21)
at base.ProjectSpecificationMethods.browserClose(ProjectSpecificationMethods.java:21)
at base.ProjectSpecificationMethods.browserClose(ProjectSpecificationMethods.java:21)
at base.ProjectSpecificationMethods.browserClose(ProjectSpecificationMethods.java:21)
at base.ProjectSpecificationMethods.browserClose(ProjectSpecificationMethods.java:21)
at base.ProjectSpecificationMethods.browserClose(ProjectSpecificationMethods.java:21)
at base.ProjectSpecificationMethods.browserClose(ProjectSpecificationMethods.java:21)
at base.ProjectSpecificationMethods.browserClose(ProjectSpecificationMethods.java:21)
at base.ProjectSpecificationMethods.browserClose(ProjectSpecificationMethods.java:21)
at base.ProjectSpecificationMethods.browserClose(ProjectSpecificationMethods.java:21)
at base.ProjectSpecificationMethods.browserClose(ProjectSpecificationMethods.java:21)
at base.ProjectSpecificationMethods.browserClose(ProjectSpecificationMethods.java:21)
at base.ProjectSpecificationMethods.browserClose(ProjectSpecificationMethods.java:21)
at base.ProjectSpecificationMethods.browserClose(ProjectSpecificationMethods.java:21)
at base.ProjectSpecificationMethods.browserClose(ProjectSpecificationMethods.java:21)
at base.ProjectSpecificationMethods.browserClose(ProjectSpecificationMethods.java:21)
at base.ProjectSpecificationMethods.browserClose(ProjectSpecificationMethods.java:21)
at base.ProjectSpecificationMethods.browserClose(ProjectSpecificationMethods.java:21)
at base.ProjectSpecificationMethods.browserClose(ProjectSpecificationMethods.java:21)
at base.ProjectSpecificationMethods.browserClose(ProjectSpecificationMethods.java:21)
at base.ProjectSpecificationMethods.browserClose(ProjectSpecificationMethods.java:21)
at base.ProjectSpecificationMethods.browserClose(ProjectSpecificationMethods.java:21)
at base.ProjectSpecificationMethods.browserClose(ProjectSpecificationMethods.java:21)
at base.ProjectSpecificationMethods.browserClose(ProjectSpecificationMethods.java:21)
at base.ProjectSpecificationMethods.browserClose(ProjectSpecificationMethods.java:21)
at base.ProjectSpecificationMethods.browserClose(ProjectSpecificationMethods.java:21)
at base.ProjectSpecificationMethods.browserClose(ProjectSpecificationMethods.java:21)
at base.ProjectSpecificationMethods.browserClose(ProjectSpecificationMethods.java:21)
at base.ProjectSpecificationMethods.browserClose(ProjectSpecificationMethods.java:21)
at base.ProjectSpecificationMethods.browserClose(ProjectSpecificationMethods.java:21)
at base.ProjectSpecificationMethods.browserClose(ProjectSpecificationMethods.java:21)
at base.ProjectSpecificationMethods.browserClose(ProjectSpecificationMethods.java:21)
at base.ProjectSpecificationMethods.browserClose(ProjectSpecificationMethods.java:21)
at base.ProjectSpecificationMethods.browserClose(ProjectSpecificationMethods.java:21)
at base.ProjectSpecificationMethods.browserClose(ProjectSpecificationMethods.java:21)
at base.ProjectSpecificationMethods.browserClose(ProjectSpecificationMethods.java:21)
at base.ProjectSpecificationMethods.browserClose(ProjectSpecificationMethods.java:21)
at base.ProjectSpecificationMethods.browserClose(ProjectSpecificationMethods.java:21)
at base.ProjectSpecificationMethods.browserClose(ProjectSpecificationMethods.java:21)
at base.ProjectSpecificationMethods.browserClose(ProjectSpecificationMethods.java:21)
at base.ProjectSpecificationMethods.browserClose(ProjectSpecificationMethods.java:21)
at base.ProjectSpecificationMethods.browserClose(ProjectSpecificationMethods.java:21)
at base.ProjectSpecificationMethods.browserClose(ProjectSpecificationMethods.java:21)
at base.ProjectSpecificationMethods.browserClose(ProjectSpecificationMethods.java:21)
at base.ProjectSpecificationMethods.browserClose(ProjectSpecificationMethods.java:21)
at base.ProjectSpecificationMethods.browserClose(ProjectSpecificationMethods.java:21)
at base.ProjectSpecificationMethods.browserClose(ProjectSpecificationMethods.java:21)
at base.ProjectSpecificationMethods.browserClose(ProjectSpecificationMethods.java:21)
at base.ProjectSpecificationMethods.browserClose(ProjectSpecificationMethods.java:21)
at base.ProjectSpecificationMethods.browserClose(ProjectSpecificationMethods.java:21)
at base.ProjectSpecificationMethods.browserClose(ProjectSpecificationMethods.java:21)
at base.ProjectSpecificationMethods.browserClose(ProjectSpecificationMethods.java:21)
at base.ProjectSpecificationMethods.browserClose(ProjectSpecificationMethods.java:21)
at base.ProjectSpecificationMethods.browserClose(ProjectSpecificationMethods.java:21)
at base.ProjectSpecificationMethods.browserClose(ProjectSpecificationMethods.java:21)
at base.ProjectSpecificationMethods.browserClose(ProjectSpecificationMethods.java:21)
at base.ProjectSpecificationMethods.browserClose(ProjectSpecificationMethods.java:21)
at base.ProjectSpecificationMethods.browserClose(ProjectSpecificationMethods.java:21)
at base.ProjectSpecificationMethods.browserClose(ProjectSpecificationMethods.java:21)
at base.ProjectSpecificationMethods.browserClose(ProjectSpecificationMethods.java:21)
at base.ProjectSpecificationMethods.browserClose(ProjectSpecificationMethods.java:21)
at base.ProjectSpecificationMethods.browserClose(ProjectSpecificationMethods.java:21)
at base.ProjectSpecificationMethods.browserClose(ProjectSpecificationMethods.java:21)
at base.ProjectSpecificationMethods.browserClose(ProjectSpecificationMethods.java:21)
at base.ProjectSpecificationMethods.browserClose(ProjectSpecificationMethods.java:21)
at base.ProjectSpecificationMethods.browserClose(ProjectSpecificationMethods.java:21)
at base.ProjectSpecificationMethods.browserClose(ProjectSpecificationMethods.java:21)
at base.ProjectSpecificationMethods.browserClose(ProjectSpecificationMethods.java:21)
at base.ProjectSpecificationMethods.browserClose(ProjectSpecificationMethods.java:21)
]]>
    </error>
  </testcase> <!-- browserClose -->
  <system-out/>
  <testcase classname="test.TC_005_BookAHotelTest" name="bookAHotelTest" time="15.015"/>
  <system-out/>
  <testcase classname="test.TC_005_BookAHotelTest" name="browserClose" time="0.008">
    <error type="java.lang.StackOverflowError">
      <![CDATA[java.lang.StackOverflowError
at base.ProjectSpecificationMethods.browserClose(ProjectSpecificationMethods.java:21)
at base.ProjectSpecificationMethods.browserClose(ProjectSpecificationMethods.java:21)
at base.ProjectSpecificationMethods.browserClose(ProjectSpecificationMethods.java:21)
at base.ProjectSpecificationMethods.browserClose(ProjectSpecificationMethods.java:21)
at base.ProjectSpecificationMethods.browserClose(ProjectSpecificationMethods.java:21)
at base.ProjectSpecificationMethods.browserClose(ProjectSpecificationMethods.java:21)
at base.ProjectSpecificationMethods.browserClose(ProjectSpecificationMethods.java:21)
at base.ProjectSpecificationMethods.browserClose(ProjectSpecificationMethods.java:21)
at base.ProjectSpecificationMethods.browserClose(ProjectSpecificationMethods.java:21)
at base.ProjectSpecificationMethods.browserClose(ProjectSpecificationMethods.java:21)
at base.ProjectSpecificationMethods.browserClose(ProjectSpecificationMethods.java:21)
at base.ProjectSpecificationMethods.browserClose(ProjectSpecificationMethods.java:21)
at base.ProjectSpecificationMethods.browserClose(ProjectSpecificationMethods.java:21)
at base.ProjectSpecificationMethods.browserClose(ProjectSpecificationMethods.java:21)
at base.ProjectSpecificationMethods.browserClose(ProjectSpecificationMethods.java:21)
at base.ProjectSpecificationMethods.browserClose(ProjectSpecificationMethods.java:21)
at base.ProjectSpecificationMethods.browserClose(ProjectSpecificationMethods.java:21)
at base.ProjectSpecificationMethods.browserClose(ProjectSpecificationMethods.java:21)
at base.ProjectSpecificationMethods.browserClose(ProjectSpecificationMethods.java:21)
at base.ProjectSpecificationMethods.browserClose(ProjectSpecificationMethods.java:21)
at base.ProjectSpecificationMethods.browserClose(ProjectSpecificationMethods.java:21)
at base.ProjectSpecificationMethods.browserClose(ProjectSpecificationMethods.java:21)
at base.ProjectSpecificationMethods.browserClose(ProjectSpecificationMethods.java:21)
at base.ProjectSpecificationMethods.browserClose(ProjectSpecificationMethods.java:21)
at base.ProjectSpecificationMethods.browserClose(ProjectSpecificationMethods.java:21)
at base.ProjectSpecificationMethods.browserClose(ProjectSpecificationMethods.java:21)
at base.ProjectSpecificationMethods.browserClose(ProjectSpecificationMethods.java:21)
at base.ProjectSpecificationMethods.browserClose(ProjectSpecificationMethods.java:21)
at base.ProjectSpecificationMethods.browserClose(ProjectSpecificationMethods.java:21)
at base.ProjectSpecificationMethods.browserClose(ProjectSpecificationMethods.java:21)
at base.ProjectSpecificationMethods.browserClose(ProjectSpecificationMethods.java:21)
at base.ProjectSpecificationMethods.browserClose(ProjectSpecificationMethods.java:21)
at base.ProjectSpecificationMethods.browserClose(ProjectSpecificationMethods.java:21)
at base.ProjectSpecificationMethods.browserClose(ProjectSpecificationMethods.java:21)
at base.ProjectSpecificationMethods.browserClose(ProjectSpecificationMethods.java:21)
at base.ProjectSpecificationMethods.browserClose(ProjectSpecificationMethods.java:21)
at base.ProjectSpecificationMethods.browserClose(ProjectSpecificationMethods.java:21)
at base.ProjectSpecificationMethods.browserClose(ProjectSpecificationMethods.java:21)
at base.ProjectSpecificationMethods.browserClose(ProjectSpecificationMethods.java:21)
at base.ProjectSpecificationMethods.browserClose(ProjectSpecificationMethods.java:21)
at base.ProjectSpecificationMethods.browserClose(ProjectSpecificationMethods.java:21)
at base.ProjectSpecificationMethods.browserClose(ProjectSpecificationMethods.java:21)
at base.ProjectSpecificationMethods.browserClose(ProjectSpecificationMethods.java:21)
at base.ProjectSpecificationMethods.browserClose(ProjectSpecificationMethods.java:21)
at base.ProjectSpecificationMethods.browserClose(ProjectSpecificationMethods.java:21)
at base.ProjectSpecificationMethods.browserClose(ProjectSpecificationMethods.java:21)
at base.ProjectSpecificationMethods.browserClose(ProjectSpecificationMethods.java:21)
at base.ProjectSpecificationMethods.browserClose(ProjectSpecificationMethods.java:21)
at base.ProjectSpecificationMethods.browserClose(ProjectSpecificationMethods.java:21)
at base.ProjectSpecificationMethods.browserClose(ProjectSpecificationMethods.java:21)
at base.ProjectSpecificationMethods.browserClose(ProjectSpecificationMethods.java:21)
at base.ProjectSpecificationMethods.browserClose(ProjectSpecificationMethods.java:21)
at base.ProjectSpecificationMethods.browserClose(ProjectSpecificationMethods.java:21)
at base.ProjectSpecificationMethods.browserClose(ProjectSpecificationMethods.java:21)
at base.ProjectSpecificationMethods.browserClose(ProjectSpecificationMethods.java:21)
at base.ProjectSpecificationMethods.browserClose(ProjectSpecificationMethods.java:21)
at base.ProjectSpecificationMethods.browserClose(ProjectSpecificationMethods.java:21)
at base.ProjectSpecificationMethods.browserClose(ProjectSpecificationMethods.java:21)
at base.ProjectSpecificationMethods.browserClose(ProjectSpecificationMethods.java:21)
at base.ProjectSpecificationMethods.browserClose(ProjectSpecificationMethods.java:21)
at base.ProjectSpecificationMethods.browserClose(ProjectSpecificationMethods.java:21)
at base.ProjectSpecificationMethods.browserClose(ProjectSpecificationMethods.java:21)
at base.ProjectSpecificationMethods.browserClose(ProjectSpecificationMethods.java:21)
at base.ProjectSpecificationMethods.browserClose(ProjectSpecificationMethods.java:21)
at base.ProjectSpecificationMethods.browserClose(ProjectSpecificationMethods.java:21)
at base.ProjectSpecificationMethods.browserClose(ProjectSpecificationMethods.java:21)
at base.ProjectSpecificationMethods.browserClose(ProjectSpecificationMethods.java:21)
at base.ProjectSpecificationMethods.browserClose(ProjectSpecificationMethods.java:21)
at base.ProjectSpecificationMethods.browserClose(ProjectSpecificationMethods.java:21)
at base.ProjectSpecificationMethods.browserClose(ProjectSpecificationMethods.java:21)
at base.ProjectSpecificationMethods.browserClose(ProjectSpecificationMethods.java:21)
at base.ProjectSpecificationMethods.browserClose(ProjectSpecificationMethods.java:21)
at base.ProjectSpecificationMethods.browserClose(ProjectSpecificationMethods.java:21)
at base.ProjectSpecificationMethods.browserClose(ProjectSpecificationMethods.java:21)
at base.ProjectSpecificationMethods.browserClose(ProjectSpecificationMethods.java:21)
at base.ProjectSpecificationMethods.browserClose(ProjectSpecificationMethods.java:21)
at base.ProjectSpecificationMethods.browserClose(ProjectSpecificationMethods.java:21)
at base.ProjectSpecificationMethods.browserClose(ProjectSpecificationMethods.java:21)
at base.ProjectSpecificationMethods.browserClose(ProjectSpecificationMethods.java:21)
at base.ProjectSpecificationMethods.browserClose(ProjectSpecificationMethods.java:21)
at base.ProjectSpecificationMethods.browserClose(ProjectSpecificationMethods.java:21)
at base.ProjectSpecificationMethods.browserClose(ProjectSpecificationMethods.java:21)
at base.ProjectSpecificationMethods.browserClose(ProjectSpecificationMethods.java:21)
at base.ProjectSpecificationMethods.browserClose(ProjectSpecificationMethods.java:21)
at base.ProjectSpecificationMethods.browserClose(ProjectSpecificationMethods.java:21)
at base.ProjectSpecificationMethods.browserClose(ProjectSpecificationMethods.java:21)
at base.ProjectSpecificationMethods.browserClose(ProjectSpecificationMethods.java:21)
at base.ProjectSpecificationMethods.browserClose(ProjectSpecificationMethods.java:21)
at base.ProjectSpecificationMethods.browserClose(ProjectSpecificationMethods.java:21)
at base.ProjectSpecificationMethods.browserClose(ProjectSpecificationMethods.java:21)
at base.ProjectSpecificationMethods.browserClose(ProjectSpecificationMethods.java:21)
at base.ProjectSpecificationMethods.browserClose(ProjectSpecificationMethods.java:21)
at base.ProjectSpecificationMethods.browserClose(ProjectSpecificationMethods.java:21)
at base.ProjectSpecificationMethods.browserClose(ProjectSpecificationMethods.java:21)
at base.ProjectSpecificationMethods.browserClose(ProjectSpecificationMethods.java:21)
at base.ProjectSpecificationMethods.browserClose(ProjectSpecificationMethods.java:21)
at base.ProjectSpecificationMethods.browserClose(ProjectSpecificationMethods.java:21)
at base.ProjectSpecificationMethods.browserClose(ProjectSpecificationMethods.java:21)
at base.ProjectSpecificationMethods.browserClose(ProjectSpecificationMethods.java:21)
at base.ProjectSpecificationMethods.browserClose(ProjectSpecificationMethods.java:21)
at base.ProjectSpecificationMethods.browserClose(ProjectSpecificationMethods.java:21)
at base.ProjectSpecificationMethods.browserClose(ProjectSpecificationMethods.java:21)
at base.ProjectSpecificationMethods.browserClose(ProjectSpecificationMethods.java:21)
at base.ProjectSpecificationMethods.browserClose(ProjectSpecificationMethods.java:21)
at base.ProjectSpecificationMethods.browserClose(ProjectSpecificationMethods.java:21)
at base.ProjectSpecificationMethods.browserClose(ProjectSpecificationMethods.java:21)
at base.ProjectSpecificationMethods.browserClose(ProjectSpecificationMethods.java:21)
at base.ProjectSpecificationMethods.browserClose(ProjectSpecificationMethods.java:21)
at base.ProjectSpecificationMethods.browserClose(ProjectSpecificationMethods.java:21)
at base.ProjectSpecificationMethods.browserClose(ProjectSpecificationMethods.java:21)
at base.ProjectSpecificationMethods.browserClose(ProjectSpecificationMethods.java:21)
at base.ProjectSpecificationMethods.browserClose(ProjectSpecificationMethods.java:21)
at base.ProjectSpecificationMethods.browserClose(ProjectSpecificationMethods.java:21)
at base.ProjectSpecificationMethods.browserClose(ProjectSpecificationMethods.java:21)
at base.ProjectSpecificationMethods.browserClose(ProjectSpecificationMethods.java:21)
at base.ProjectSpecificationMethods.browserClose(ProjectSpecificationMethods.java:21)
at base.ProjectSpecificationMethods.browserClose(ProjectSpecificationMethods.java:21)
at base.ProjectSpecificationMethods.browserClose(ProjectSpecificationMethods.java:21)
at base.ProjectSpecificationMethods.browserClose(ProjectSpecificationMethods.java:21)
at base.ProjectSpecificationMethods.browserClose(ProjectSpecificationMethods.java:21)
at base.ProjectSpecificationMethods.browserClose(ProjectSpecificationMethods.java:21)
at base.ProjectSpecificationMethods.browserClose(ProjectSpecificationMethods.java:21)
at base.ProjectSpecificationMethods.browserClose(ProjectSpecificationMethods.java:21)
at base.ProjectSpecificationMethods.browserClose(ProjectSpecificationMethods.java:21)
at base.ProjectSpecificationMethods.browserClose(ProjectSpecificationMethods.java:21)
at base.ProjectSpecificationMethods.browserClose(ProjectSpecificationMethods.java:21)
at base.ProjectSpecificationMethods.browserClose(ProjectSpecificationMethods.java:21)
at base.ProjectSpecificationMethods.browserClose(ProjectSpecificationMethods.java:21)
at base.ProjectSpecificationMethods.browserClose(ProjectSpecificationMethods.java:21)
at base.ProjectSpecificationMethods.browserClose(ProjectSpecificationMethods.java:21)
at base.ProjectSpecificationMethods.browserClose(ProjectSpecificationMethods.java:21)
at base.ProjectSpecificationMethods.browserClose(ProjectSpecificationMethods.java:21)
at base.ProjectSpecificationMethods.browserClose(ProjectSpecificationMethods.java:21)
at base.ProjectSpecificationMethods.browserClose(ProjectSpecificationMethods.java:21)
at base.ProjectSpecificationMethods.browserClose(ProjectSpecificationMethods.java:21)
at base.ProjectSpecificationMethods.browserClose(ProjectSpecificationMethods.java:21)
at base.ProjectSpecificationMethods.browserClose(ProjectSpecificationMethods.java:21)
at base.ProjectSpecificationMethods.browserClose(ProjectSpecificationMethods.java:21)
at base.ProjectSpecificationMethods.browserClose(ProjectSpecificationMethods.java:21)
at base.ProjectSpecificationMethods.browserClose(ProjectSpecificationMethods.java:21)
at base.ProjectSpecificationMethods.browserClose(ProjectSpecificationMethods.java:21)
at base.ProjectSpecificationMethods.browserClose(ProjectSpecificationMethods.java:21)
at base.ProjectSpecificationMethods.browserClose(ProjectSpecificationMethods.java:21)
at base.ProjectSpecificationMethods.browserClose(ProjectSpecificationMethods.java:21)
at base.ProjectSpecificationMethods.browserClose(ProjectSpecificationMethods.java:21)
at base.ProjectSpecificationMethods.browserClose(ProjectSpecificationMethods.java:21)
at base.ProjectSpecificationMethods.browserClose(ProjectSpecificationMethods.java:21)
at base.ProjectSpecificationMethods.browserClose(ProjectSpecificationMethods.java:21)
at base.ProjectSpecificationMethods.browserClose(ProjectSpecificationMethods.java:21)
at base.ProjectSpecificationMethods.browserClose(ProjectSpecificationMethods.java:21)
at base.ProjectSpecificationMethods.browserClose(ProjectSpecificationMethods.java:21)
at base.ProjectSpecificationMethods.browserClose(ProjectSpecificationMethods.java:21)
at base.ProjectSpecificationMethods.browserClose(ProjectSpecificationMethods.java:21)
at base.ProjectSpecificationMethods.browserClose(ProjectSpecificationMethods.java:21)
at base.ProjectSpecificationMethods.browserClose(ProjectSpecificationMethods.java:21)
at base.ProjectSpecificationMethods.browserClose(ProjectSpecificationMethods.java:21)
at base.ProjectSpecificationMethods.browserClose(ProjectSpecificationMethods.java:21)
at base.ProjectSpecificationMethods.browserClose(ProjectSpecificationMethods.java:21)
at base.ProjectSpecificationMethods.browserClose(ProjectSpecificationMethods.java:21)
at base.ProjectSpecificationMethods.browserClose(ProjectSpecificationMethods.java:21)
at base.ProjectSpecificationMethods.browserClose(ProjectSpecificationMethods.java:21)
at base.ProjectSpecificationMethods.browserClose(ProjectSpecificationMethods.java:21)
at base.ProjectSpecificationMethods.browserClose(ProjectSpecificationMethods.java:21)
at base.ProjectSpecificationMethods.browserClose(ProjectSpecificationMethods.java:21)
at base.ProjectSpecificationMethods.browserClose(ProjectSpecificationMethods.java:21)
at base.ProjectSpecificationMethods.browserClose(ProjectSpecificationMethods.java:21)
at base.ProjectSpecificationMethods.browserClose(ProjectSpecificationMethods.java:21)
at base.ProjectSpecificationMethods.browserClose(ProjectSpecificationMethods.java:21)
at base.ProjectSpecificationMethods.browserClose(ProjectSpecificationMethods.java:21)
at base.ProjectSpecificationMethods.browserClose(ProjectSpecificationMethods.java:21)
at base.ProjectSpecificationMethods.browserClose(ProjectSpecificationMethods.java:21)
at base.ProjectSpecificationMethods.browserClose(ProjectSpecificationMethods.java:21)
at base.ProjectSpecificationMethods.browserClose(ProjectSpecificationMethods.java:21)
at base.ProjectSpecificationMethods.browserClose(ProjectSpecificationMethods.java:21)
at base.ProjectSpecificationMethods.browserClose(ProjectSpecificationMethods.java:21)
at base.ProjectSpecificationMethods.browserClose(ProjectSpecificationMethods.java:21)
at base.ProjectSpecificationMethods.browserClose(ProjectSpecificationMethods.java:21)
at base.ProjectSpecificationMethods.browserClose(ProjectSpecificationMethods.java:21)
at base.ProjectSpecificationMethods.browserClose(ProjectSpecificationMethods.java:21)
at base.ProjectSpecificationMethods.browserClose(ProjectSpecificationMethods.java:21)
at base.ProjectSpecificationMethods.browserClose(ProjectSpecificationMethods.java:21)
at base.ProjectSpecificationMethods.browserClose(ProjectSpecificationMethods.java:21)
at base.ProjectSpecificationMethods.browserClose(ProjectSpecificationMethods.java:21)
at base.ProjectSpecificationMethods.browserClose(ProjectSpecificationMethods.java:21)
at base.ProjectSpecificationMethods.browserClose(ProjectSpecificationMethods.java:21)
at base.ProjectSpecificationMethods.browserClose(ProjectSpecificationMethods.java:21)
at base.ProjectSpecificationMethods.browserClose(ProjectSpecificationMethods.java:21)
at base.ProjectSpecificationMethods.browserClose(ProjectSpecificationMethods.java:21)
at base.ProjectSpecificationMethods.browserClose(ProjectSpecificationMethods.java:21)
at base.ProjectSpecificationMethods.browserClose(ProjectSpecificationMethods.java:21)
at base.ProjectSpecificationMethods.browserClose(ProjectSpecificationMethods.java:21)
at base.ProjectSpecificationMethods.browserClose(ProjectSpecificationMethods.java:21)
at base.ProjectSpecificationMethods.browserClose(ProjectSpecificationMethods.java:21)
at base.ProjectSpecificationMethods.browserClose(ProjectSpecificationMethods.java:21)
at base.ProjectSpecificationMethods.browserClose(ProjectSpecificationMethods.java:21)
at base.ProjectSpecificationMethods.browserClose(ProjectSpecificationMethods.java:21)
at base.ProjectSpecificationMethods.browserClose(ProjectSpecificationMethods.java:21)
at base.ProjectSpecificationMethods.browserClose(ProjectSpecificationMethods.java:21)
at base.ProjectSpecificationMethods.browserClose(ProjectSpecificationMethods.java:21)
at base.ProjectSpecificationMethods.browserClose(ProjectSpecificationMethods.java:21)
at base.ProjectSpecificationMethods.browserClose(ProjectSpecificationMethods.java:21)
at base.ProjectSpecificationMethods.browserClose(ProjectSpecificationMethods.java:21)
at base.ProjectSpecificationMethods.browserClose(ProjectSpecificationMethods.java:21)
at base.ProjectSpecificationMethods.browserClose(ProjectSpecificationMethods.java:21)
at base.ProjectSpecificationMethods.browserClose(ProjectSpecificationMethods.java:21)
at base.ProjectSpecificationMethods.browserClose(ProjectSpecificationMethods.java:21)
at base.ProjectSpecificationMethods.browserClose(ProjectSpecificationMethods.java:21)
at base.ProjectSpecificationMethods.browserClose(ProjectSpecificationMethods.java:21)
at base.ProjectSpecificationMethods.browserClose(ProjectSpecificationMethods.java:21)
at base.ProjectSpecificationMethods.browserClose(ProjectSpecificationMethods.java:21)
at base.ProjectSpecificationMethods.browserClose(ProjectSpecificationMethods.java:21)
at base.ProjectSpecificationMethods.browserClose(ProjectSpecificationMethods.java:21)
at base.ProjectSpecificationMethods.browserClose(ProjectSpecificationMethods.java:21)
at base.ProjectSpecificationMethods.browserClose(ProjectSpecificationMethods.java:21)
at base.ProjectSpecificationMethods.browserClose(ProjectSpecificationMethods.java:21)
at base.ProjectSpecificationMethods.browserClose(ProjectSpecificationMethods.java:21)
at base.ProjectSpecificationMethods.browserClose(ProjectSpecificationMethods.java:21)
at base.ProjectSpecificationMethods.browserClose(ProjectSpecificationMethods.java:21)
at base.ProjectSpecificationMethods.browserClose(ProjectSpecificationMethods.java:21)
at base.ProjectSpecificationMethods.browserClose(ProjectSpecificationMethods.java:21)
at base.ProjectSpecificationMethods.browserClose(ProjectSpecificationMethods.java:21)
at base.ProjectSpecificationMethods.browserClose(ProjectSpecificationMethods.java:21)
at base.ProjectSpecificationMethods.browserClose(ProjectSpecificationMethods.java:21)
at base.ProjectSpecificationMethods.browserClose(ProjectSpecificationMethods.java:21)
at base.ProjectSpecificationMethods.browserClose(ProjectSpecificationMethods.java:21)
at base.ProjectSpecificationMethods.browserClose(ProjectSpecificationMethods.java:21)
at base.ProjectSpecificationMethods.browserClose(ProjectSpecificationMethods.java:21)
at base.ProjectSpecificationMethods.browserClose(ProjectSpecificationMethods.java:21)
at base.ProjectSpecificationMethods.browserClose(ProjectSpecificationMethods.java:21)
at base.ProjectSpecificationMethods.browserClose(ProjectSpecificationMethods.java:21)
at base.ProjectSpecificationMethods.browserClose(ProjectSpecificationMethods.java:21)
at base.ProjectSpecificationMethods.browserClose(ProjectSpecificationMethods.java:21)
at base.ProjectSpecificationMethods.browserClose(ProjectSpecificationMethods.java:21)
at base.ProjectSpecificationMethods.browserClose(ProjectSpecificationMethods.java:21)
at base.ProjectSpecificationMethods.browserClose(ProjectSpecificationMethods.java:21)
at base.ProjectSpecificationMethods.browserClose(ProjectSpecificationMethods.java:21)
at base.ProjectSpecificationMethods.browserClose(ProjectSpecificationMethods.java:21)
at base.ProjectSpecificationMethods.browserClose(ProjectSpecificationMethods.java:21)
at base.ProjectSpecificationMethods.browserClose(ProjectSpecificationMethods.java:21)
at base.ProjectSpecificationMethods.browserClose(ProjectSpecificationMethods.java:21)
at base.ProjectSpecificationMethods.browserClose(ProjectSpecificationMethods.java:21)
at base.ProjectSpecificationMethods.browserClose(ProjectSpecificationMethods.java:21)
at base.ProjectSpecificationMethods.browserClose(ProjectSpecificationMethods.java:21)
at base.ProjectSpecificationMethods.browserClose(ProjectSpecificationMethods.java:21)
at base.ProjectSpecificationMethods.browserClose(ProjectSpecificationMethods.java:21)
at base.ProjectSpecificationMethods.browserClose(ProjectSpecificationMethods.java:21)
at base.ProjectSpecificationMethods.browserClose(ProjectSpecificationMethods.java:21)
at base.ProjectSpecificationMethods.browserClose(ProjectSpecificationMethods.java:21)
at base.ProjectSpecificationMethods.browserClose(ProjectSpecificationMethods.java:21)
at base.ProjectSpecificationMethods.browserClose(ProjectSpecificationMethods.java:21)
at base.ProjectSpecificationMethods.browserClose(ProjectSpecificationMethods.java:21)
at base.ProjectSpecificationMethods.browserClose(ProjectSpecificationMethods.java:21)
at base.ProjectSpecificationMethods.browserClose(ProjectSpecificationMethods.java:21)
at base.ProjectSpecificationMethods.browserClose(ProjectSpecificationMethods.java:21)
at base.ProjectSpecificationMethods.browserClose(ProjectSpecificationMethods.java:21)
at base.ProjectSpecificationMethods.browserClose(ProjectSpecificationMethods.java:21)
at base.ProjectSpecificationMethods.browserClose(ProjectSpecificationMethods.java:21)
at base.ProjectSpecificationMethods.browserClose(ProjectSpecificationMethods.java:21)
at base.ProjectSpecificationMethods.browserClose(ProjectSpecificationMethods.java:21)
at base.ProjectSpecificationMethods.browserClose(ProjectSpecificationMethods.java:21)
at base.ProjectSpecificationMethods.browserClose(ProjectSpecificationMethods.java:21)
at base.ProjectSpecificationMethods.browserClose(ProjectSpecificationMethods.java:21)
at base.ProjectSpecificationMethods.browserClose(ProjectSpecificationMethods.java:21)
at base.ProjectSpecificationMethods.browserClose(ProjectSpecificationMethods.java:21)
at base.ProjectSpecificationMethods.browserClose(ProjectSpecificationMethods.java:21)
at base.ProjectSpecificationMethods.browserClose(ProjectSpecificationMethods.java:21)
at base.ProjectSpecificationMethods.browserClose(ProjectSpecificationMethods.java:21)
at base.ProjectSpecificationMethods.browserClose(ProjectSpecificationMethods.java:21)
at base.ProjectSpecificationMethods.browserClose(ProjectSpecificationMethods.java:21)
at base.ProjectSpecificationMethods.browserClose(ProjectSpecificationMethods.java:21)
at base.ProjectSpecificationMethods.browserClose(ProjectSpecificationMethods.java:21)
at base.ProjectSpecificationMethods.browserClose(ProjectSpecificationMethods.java:21)
at base.ProjectSpecificationMethods.browserClose(ProjectSpecificationMethods.java:21)
at base.ProjectSpecificationMethods.browserClose(ProjectSpecificationMethods.java:21)
at base.ProjectSpecificationMethods.browserClose(ProjectSpecificationMethods.java:21)
at base.ProjectSpecificationMethods.browserClose(ProjectSpecificationMethods.java:21)
at base.ProjectSpecificationMethods.browserClose(ProjectSpecificationMethods.java:21)
at base.ProjectSpecificationMethods.browserClose(ProjectSpecificationMethods.java:21)
at base.ProjectSpecificationMethods.browserClose(ProjectSpecificationMethods.java:21)
at base.ProjectSpecificationMethods.browserClose(ProjectSpecificationMethods.java:21)
at base.ProjectSpecificationMethods.browserClose(ProjectSpecificationMethods.java:21)
at base.ProjectSpecificationMethods.browserClose(ProjectSpecificationMethods.java:21)
at base.ProjectSpecificationMethods.browserClose(ProjectSpecificationMethods.java:21)
at base.ProjectSpecificationMethods.browserClose(ProjectSpecificationMethods.java:21)
at base.ProjectSpecificationMethods.browserClose(ProjectSpecificationMethods.java:21)
at base.ProjectSpecificationMethods.browserClose(ProjectSpecificationMethods.java:21)
at base.ProjectSpecificationMethods.browserClose(ProjectSpecificationMethods.java:21)
at base.ProjectSpecificationMethods.browserClose(ProjectSpecificationMethods.java:21)
at base.ProjectSpecificationMethods.browserClose(ProjectSpecificationMethods.java:21)
at base.ProjectSpecificationMethods.browserClose(ProjectSpecificationMethods.java:21)
at base.ProjectSpecificationMethods.browserClose(ProjectSpecificationMethods.java:21)
at base.ProjectSpecificationMethods.browserClose(ProjectSpecificationMethods.java:21)
at base.ProjectSpecificationMethods.browserClose(ProjectSpecificationMethods.java:21)
at base.ProjectSpecificationMethods.browserClose(ProjectSpecificationMethods.java:21)
at base.ProjectSpecificationMethods.browserClose(ProjectSpecificationMethods.java:21)
at base.ProjectSpecificationMethods.browserClose(ProjectSpecificationMethods.java:21)
at base.ProjectSpecificationMethods.browserClose(ProjectSpecificationMethods.java:21)
at base.ProjectSpecificationMethods.browserClose(ProjectSpecificationMethods.java:21)
at base.ProjectSpecificationMethods.browserClose(ProjectSpecificationMethods.java:21)
at base.ProjectSpecificationMethods.browserClose(ProjectSpecificationMethods.java:21)
at base.ProjectSpecificationMethods.browserClose(ProjectSpecificationMethods.java:21)
at base.ProjectSpecificationMethods.browserClose(ProjectSpecificationMethods.java:21)
at base.ProjectSpecificationMethods.browserClose(ProjectSpecificationMethods.java:21)
at base.ProjectSpecificationMethods.browserClose(ProjectSpecificationMethods.java:21)
at base.ProjectSpecificationMethods.browserClose(ProjectSpecificationMethods.java:21)
at base.ProjectSpecificationMethods.browserClose(ProjectSpecificationMethods.java:21)
at base.ProjectSpecificationMethods.browserClose(ProjectSpecificationMethods.java:21)
at base.ProjectSpecificationMethods.browserClose(ProjectSpecificationMethods.java:21)
at base.ProjectSpecificationMethods.browserClose(ProjectSpecificationMethods.java:21)
at base.ProjectSpecificationMethods.browserClose(ProjectSpecificationMethods.java:21)
at base.ProjectSpecificationMethods.browserClose(ProjectSpecificationMethods.java:21)
at base.ProjectSpecificationMethods.browserClose(ProjectSpecificationMethods.java:21)
at base.ProjectSpecificationMethods.browserClose(ProjectSpecificationMethods.java:21)
at base.ProjectSpecificationMethods.browserClose(ProjectSpecificationMethods.java:21)
at base.ProjectSpecificationMethods.browserClose(ProjectSpecificationMethods.java:21)
at base.ProjectSpecificationMethods.browserClose(ProjectSpecificationMethods.java:21)
at base.ProjectSpecificationMethods.browserClose(ProjectSpecificationMethods.java:21)
at base.ProjectSpecificationMethods.browserClose(ProjectSpecificationMethods.java:21)
at base.ProjectSpecificationMethods.browserClose(ProjectSpecificationMethods.java:21)
at base.ProjectSpecificationMethods.browserClose(ProjectSpecificationMethods.java:21)
at base.ProjectSpecificationMethods.browserClose(ProjectSpecificationMethods.java:21)
at base.ProjectSpecificationMethods.browserClose(ProjectSpecificationMethods.java:21)
at base.ProjectSpecificationMethods.browserClose(ProjectSpecificationMethods.java:21)
at base.ProjectSpecificationMethods.browserClose(ProjectSpecificationMethods.java:21)
at base.ProjectSpecificationMethods.browserClose(ProjectSpecificationMethods.java:21)
at base.ProjectSpecificationMethods.browserClose(ProjectSpecificationMethods.java:21)
at base.ProjectSpecificationMethods.browserClose(ProjectSpecificationMethods.java:21)
at base.ProjectSpecificationMethods.browserClose(ProjectSpecificationMethods.java:21)
at base.ProjectSpecificationMethods.browserClose(ProjectSpecificationMethods.java:21)
at base.ProjectSpecificationMethods.browserClose(ProjectSpecificationMethods.java:21)
at base.ProjectSpecificationMethods.browserClose(ProjectSpecificationMethods.java:21)
at base.ProjectSpecificationMethods.browserClose(ProjectSpecificationMethods.java:21)
at base.ProjectSpecificationMethods.browserClose(ProjectSpecificationMethods.java:21)
at base.ProjectSpecificationMethods.browserClose(ProjectSpecificationMethods.java:21)
at base.ProjectSpecificationMethods.browserClose(ProjectSpecificationMethods.java:21)
at base.ProjectSpecificationMethods.browserClose(ProjectSpecificationMethods.java:21)
at base.ProjectSpecificationMethods.browserClose(ProjectSpecificationMethods.java:21)
at base.ProjectSpecificationMethods.browserClose(ProjectSpecificationMethods.java:21)
at base.ProjectSpecificationMethods.browserClose(ProjectSpecificationMethods.java:21)
at base.ProjectSpecificationMethods.browserClose(ProjectSpecificationMethods.java:21)
at base.ProjectSpecificationMethods.browserClose(ProjectSpecificationMethods.java:21)
at base.ProjectSpecificationMethods.browserClose(ProjectSpecificationMethods.java:21)
at base.ProjectSpecificationMethods.browserClose(ProjectSpecificationMethods.java:21)
at base.ProjectSpecificationMethods.browserClose(ProjectSpecificationMethods.java:21)
at base.ProjectSpecificationMethods.browserClose(ProjectSpecificationMethods.java:21)
at base.ProjectSpecificationMethods.browserClose(ProjectSpecificationMethods.java:21)
at base.ProjectSpecificationMethods.browserClose(ProjectSpecificationMethods.java:21)
at base.ProjectSpecificationMethods.browserClose(ProjectSpecificationMethods.java:21)
at base.ProjectSpecificationMethods.browserClose(ProjectSpecificationMethods.java:21)
at base.ProjectSpecificationMethods.browserClose(ProjectSpecificationMethods.java:21)
at base.ProjectSpecificationMethods.browserClose(ProjectSpecificationMethods.java:21)
at base.ProjectSpecificationMethods.browserClose(ProjectSpecificationMethods.java:21)
at base.ProjectSpecificationMethods.browserClose(ProjectSpecificationMethods.java:21)
at base.ProjectSpecificationMethods.browserClose(ProjectSpecificationMethods.java:21)
at base.ProjectSpecificationMethods.browserClose(ProjectSpecificationMethods.java:21)
at base.ProjectSpecificationMethods.browserClose(ProjectSpecificationMethods.java:21)
at base.ProjectSpecificationMethods.browserClose(ProjectSpecificationMethods.java:21)
at base.ProjectSpecificationMethods.browserClose(ProjectSpecificationMethods.java:21)
at base.ProjectSpecificationMethods.browserClose(ProjectSpecificationMethods.java:21)
at base.ProjectSpecificationMethods.browserClose(ProjectSpecificationMethods.java:21)
at base.ProjectSpecificationMethods.browserClose(ProjectSpecificationMethods.java:21)
at base.ProjectSpecificationMethods.browserClose(ProjectSpecificationMethods.java:21)
at base.ProjectSpecificationMethods.browserClose(ProjectSpecificationMethods.java:21)
at base.ProjectSpecificationMethods.browserClose(ProjectSpecificationMethods.java:21)
at base.ProjectSpecificationMethods.browserClose(ProjectSpecificationMethods.java:21)
at base.ProjectSpecificationMethods.browserClose(ProjectSpecificationMethods.java:21)
at base.ProjectSpecificationMethods.browserClose(ProjectSpecificationMethods.java:21)
at base.ProjectSpecificationMethods.browserClose(ProjectSpecificationMethods.java:21)
at base.ProjectSpecificationMethods.browserClose(ProjectSpecificationMethods.java:21)
at base.ProjectSpecificationMethods.browserClose(ProjectSpecificationMethods.java:21)
at base.ProjectSpecificationMethods.browserClose(ProjectSpecificationMethods.java:21)
at base.ProjectSpecificationMethods.browserClose(ProjectSpecificationMethods.java:21)
at base.ProjectSpecificationMethods.browserClose(ProjectSpecificationMethods.java:21)
at base.ProjectSpecificationMethods.browserClose(ProjectSpecificationMethods.java:21)
at base.ProjectSpecificationMethods.browserClose(ProjectSpecificationMethods.java:21)
at base.ProjectSpecificationMethods.browserClose(ProjectSpecificationMethods.java:21)
at base.ProjectSpecificationMethods.browserClose(ProjectSpecificationMethods.java:21)
at base.ProjectSpecificationMethods.browserClose(ProjectSpecificationMethods.java:21)
at base.ProjectSpecificationMethods.browserClose(ProjectSpecificationMethods.java:21)
at base.ProjectSpecificationMethods.browserClose(ProjectSpecificationMethods.java:21)
at base.ProjectSpecificationMethods.browserClose(ProjectSpecificationMethods.java:21)
at base.ProjectSpecificationMethods.browserClose(ProjectSpecificationMethods.java:21)
at base.ProjectSpecificationMethods.browserClose(ProjectSpecificationMethods.java:21)
at base.ProjectSpecificationMethods.browserClose(ProjectSpecificationMethods.java:21)
at base.ProjectSpecificationMethods.browserClose(ProjectSpecificationMethods.java:21)
at base.ProjectSpecificationMethods.browserClose(ProjectSpecificationMethods.java:21)
at base.ProjectSpecificationMethods.browserClose(ProjectSpecificationMethods.java:21)
at base.ProjectSpecificationMethods.browserClose(ProjectSpecificationMethods.java:21)
at base.ProjectSpecificationMethods.browserClose(ProjectSpecificationMethods.java:21)
at base.ProjectSpecificationMethods.browserClose(ProjectSpecificationMethods.java:21)
at base.ProjectSpecificationMethods.browserClose(ProjectSpecificationMethods.java:21)
at base.ProjectSpecificationMethods.browserClose(ProjectSpecificationMethods.java:21)
at base.ProjectSpecificationMethods.browserClose(ProjectSpecificationMethods.java:21)
at base.ProjectSpecificationMethods.browserClose(ProjectSpecificationMethods.java:21)
at base.ProjectSpecificationMethods.browserClose(ProjectSpecificationMethods.java:21)
at base.ProjectSpecificationMethods.browserClose(ProjectSpecificationMethods.java:21)
at base.ProjectSpecificationMethods.browserClose(ProjectSpecificationMethods.java:21)
at base.ProjectSpecificationMethods.browserClose(ProjectSpecificationMethods.java:21)
at base.ProjectSpecificationMethods.browserClose(ProjectSpecificationMethods.java:21)
at base.ProjectSpecificationMethods.browserClose(ProjectSpecificationMethods.java:21)
at base.ProjectSpecificationMethods.browserClose(ProjectSpecificationMethods.java:21)
at base.ProjectSpecificationMethods.browserClose(ProjectSpecificationMethods.java:21)
at base.ProjectSpecificationMethods.browserClose(ProjectSpecificationMethods.java:21)
at base.ProjectSpecificationMethods.browserClose(ProjectSpecificationMethods.java:21)
at base.ProjectSpecificationMethods.browserClose(ProjectSpecificationMethods.java:21)
at base.ProjectSpecificationMethods.browserClose(ProjectSpecificationMethods.java:21)
at base.ProjectSpecificationMethods.browserClose(ProjectSpecificationMethods.java:21)
at base.ProjectSpecificationMethods.browserClose(ProjectSpecificationMethods.java:21)
at base.ProjectSpecificationMethods.browserClose(ProjectSpecificationMethods.java:21)
at base.ProjectSpecificationMethods.browserClose(ProjectSpecificationMethods.java:21)
at base.ProjectSpecificationMethods.browserClose(ProjectSpecificationMethods.java:21)
at base.ProjectSpecificationMethods.browserClose(ProjectSpecificationMethods.java:21)
at base.ProjectSpecificationMethods.browserClose(ProjectSpecificationMethods.java:21)
at base.ProjectSpecificationMethods.browserClose(ProjectSpecificationMethods.java:21)
at base.ProjectSpecificationMethods.browserClose(ProjectSpecificationMethods.java:21)
at base.ProjectSpecificationMethods.browserClose(ProjectSpecificationMethods.java:21)
at base.ProjectSpecificationMethods.browserClose(ProjectSpecificationMethods.java:21)
at base.ProjectSpecificationMethods.browserClose(ProjectSpecificationMethods.java:21)
at base.ProjectSpecificationMethods.browserClose(ProjectSpecificationMethods.java:21)
at base.ProjectSpecificationMethods.browserClose(ProjectSpecificationMethods.java:21)
at base.ProjectSpecificationMethods.browserClose(ProjectSpecificationMethods.java:21)
at base.ProjectSpecificationMethods.browserClose(ProjectSpecificationMethods.java:21)
at base.ProjectSpecificationMethods.browserClose(ProjectSpecificationMethods.java:21)
at base.ProjectSpecificationMethods.browserClose(ProjectSpecificationMethods.java:21)
at base.ProjectSpecificationMethods.browserClose(ProjectSpecificationMethods.java:21)
at base.ProjectSpecificationMethods.browserClose(ProjectSpecificationMethods.java:21)
at base.ProjectSpecificationMethods.browserClose(ProjectSpecificationMethods.java:21)
at base.ProjectSpecificationMethods.browserClose(ProjectSpecificationMethods.java:21)
at base.ProjectSpecificationMethods.browserClose(ProjectSpecificationMethods.java:21)
at base.ProjectSpecificationMethods.browserClose(ProjectSpecificationMethods.java:21)
at base.ProjectSpecificationMethods.browserClose(ProjectSpecificationMethods.java:21)
at base.ProjectSpecificationMethods.browserClose(ProjectSpecificationMethods.java:21)
at base.ProjectSpecificationMethods.browserClose(ProjectSpecificationMethods.java:21)
at base.ProjectSpecificationMethods.browserClose(ProjectSpecificationMethods.java:21)
at base.ProjectSpecificationMethods.browserClose(ProjectSpecificationMethods.java:21)
at base.ProjectSpecificationMethods.browserClose(ProjectSpecificationMethods.java:21)
at base.ProjectSpecificationMethods.browserClose(ProjectSpecificationMethods.java:21)
at base.ProjectSpecificationMethods.browserClose(ProjectSpecificationMethods.java:21)
at base.ProjectSpecificationMethods.browserClose(ProjectSpecificationMethods.java:21)
at base.ProjectSpecificationMethods.browserClose(ProjectSpecificationMethods.java:21)
at base.ProjectSpecificationMethods.browserClose(ProjectSpecificationMethods.java:21)
at base.ProjectSpecificationMethods.browserClose(ProjectSpecificationMethods.java:21)
at base.ProjectSpecificationMethods.browserClose(ProjectSpecificationMethods.java:21)
at base.ProjectSpecificationMethods.browserClose(ProjectSpecificationMethods.java:21)
at base.ProjectSpecificationMethods.browserClose(ProjectSpecificationMethods.java:21)
at base.ProjectSpecificationMethods.browserClose(ProjectSpecificationMethods.java:21)
at base.ProjectSpecificationMethods.browserClose(ProjectSpecificationMethods.java:21)
at base.ProjectSpecificationMethods.browserClose(ProjectSpecificationMethods.java:21)
at base.ProjectSpecificationMethods.browserClose(ProjectSpecificationMethods.java:21)
at base.ProjectSpecificationMethods.browserClose(ProjectSpecificationMethods.java:21)
at base.ProjectSpecificationMethods.browserClose(ProjectSpecificationMethods.java:21)
at base.ProjectSpecificationMethods.browserClose(ProjectSpecificationMethods.java:21)
at base.ProjectSpecificationMethods.browserClose(ProjectSpecificationMethods.java:21)
at base.ProjectSpecificationMethods.browserClose(ProjectSpecificationMethods.java:21)
at base.ProjectSpecificationMethods.browserClose(ProjectSpecificationMethods.java:21)
at base.ProjectSpecificationMethods.browserClose(ProjectSpecificationMethods.java:21)
at base.ProjectSpecificationMethods.browserClose(ProjectSpecificationMethods.java:21)
at base.ProjectSpecificationMethods.browserClose(ProjectSpecificationMethods.java:21)
at base.ProjectSpecificationMethods.browserClose(ProjectSpecificationMethods.java:21)
at base.ProjectSpecificationMethods.browserClose(ProjectSpecificationMethods.java:21)
at base.ProjectSpecificationMethods.browserClose(ProjectSpecificationMethods.java:21)
at base.ProjectSpecificationMethods.browserClose(ProjectSpecificationMethods.java:21)
at base.ProjectSpecificationMethods.browserClose(ProjectSpecificationMethods.java:21)
at base.ProjectSpecificationMethods.browserClose(ProjectSpecificationMethods.java:21)
at base.ProjectSpecificationMethods.browserClose(ProjectSpecificationMethods.java:21)
at base.ProjectSpecificationMethods.browserClose(ProjectSpecificationMethods.java:21)
at base.ProjectSpecificationMethods.browserClose(ProjectSpecificationMethods.java:21)
at base.ProjectSpecificationMethods.browserClose(ProjectSpecificationMethods.java:21)
at base.ProjectSpecificationMethods.browserClose(ProjectSpecificationMethods.java:21)
at base.ProjectSpecificationMethods.browserClose(ProjectSpecificationMethods.java:21)
at base.ProjectSpecificationMethods.browserClose(ProjectSpecificationMethods.java:21)
at base.ProjectSpecificationMethods.browserClose(ProjectSpecificationMethods.java:21)
at base.ProjectSpecificationMethods.browserClose(ProjectSpecificationMethods.java:21)
at base.ProjectSpecificationMethods.browserClose(ProjectSpecificationMethods.java:21)
at base.ProjectSpecificationMethods.browserClose(ProjectSpecificationMethods.java:21)
at base.ProjectSpecificationMethods.browserClose(ProjectSpecificationMethods.java:21)
at base.ProjectSpecificationMethods.browserClose(ProjectSpecificationMethods.java:21)
at base.ProjectSpecificationMethods.browserClose(ProjectSpecificationMethods.java:21)
at base.ProjectSpecificationMethods.browserClose(ProjectSpecificationMethods.java:21)
at base.ProjectSpecificationMethods.browserClose(ProjectSpecificationMethods.java:21)
at base.ProjectSpecificationMethods.browserClose(ProjectSpecificationMethods.java:21)
at base.ProjectSpecificationMethods.browserClose(ProjectSpecificationMethods.java:21)
at base.ProjectSpecificationMethods.browserClose(ProjectSpecificationMethods.java:21)
at base.ProjectSpecificationMethods.browserClose(ProjectSpecificationMethods.java:21)
at base.ProjectSpecificationMethods.browserClose(ProjectSpecificationMethods.java:21)
at base.ProjectSpecificationMethods.browserClose(ProjectSpecificationMethods.java:21)
at base.ProjectSpecificationMethods.browserClose(ProjectSpecificationMethods.java:21)
at base.ProjectSpecificationMethods.browserClose(ProjectSpecificationMethods.java:21)
at base.ProjectSpecificationMethods.browserClose(ProjectSpecificationMethods.java:21)
at base.ProjectSpecificationMethods.browserClose(ProjectSpecificationMethods.java:21)
at base.ProjectSpecificationMethods.browserClose(ProjectSpecificationMethods.java:21)
at base.ProjectSpecificationMethods.browserClose(ProjectSpecificationMethods.java:21)
at base.ProjectSpecificationMethods.browserClose(ProjectSpecificationMethods.java:21)
at base.ProjectSpecificationMethods.browserClose(ProjectSpecificationMethods.java:21)
at base.ProjectSpecificationMethods.browserClose(ProjectSpecificationMethods.java:21)
at base.ProjectSpecificationMethods.browserClose(ProjectSpecificationMethods.java:21)
at base.ProjectSpecificationMethods.browserClose(ProjectSpecificationMethods.java:21)
at base.ProjectSpecificationMethods.browserClose(ProjectSpecificationMethods.java:21)
at base.ProjectSpecificationMethods.browserClose(ProjectSpecificationMethods.java:21)
at base.ProjectSpecificationMethods.browserClose(ProjectSpecificationMethods.java:21)
at base.ProjectSpecificationMethods.browserClose(ProjectSpecificationMethods.java:21)
at base.ProjectSpecificationMethods.browserClose(ProjectSpecificationMethods.java:21)
at base.ProjectSpecificationMethods.browserClose(ProjectSpecificationMethods.java:21)
at base.ProjectSpecificationMethods.browserClose(ProjectSpecificationMethods.java:21)
at base.ProjectSpecificationMethods.browserClose(ProjectSpecificationMethods.java:21)
at base.ProjectSpecificationMethods.browserClose(ProjectSpecificationMethods.java:21)
at base.ProjectSpecificationMethods.browserClose(ProjectSpecificationMethods.java:21)
at base.ProjectSpecificationMethods.browserClose(ProjectSpecificationMethods.java:21)
at base.ProjectSpecificationMethods.browserClose(ProjectSpecificationMethods.java:21)
at base.ProjectSpecificationMethods.browserClose(ProjectSpecificationMethods.java:21)
at base.ProjectSpecificationMethods.browserClose(ProjectSpecificationMethods.java:21)
at base.ProjectSpecificationMethods.browserClose(ProjectSpecificationMethods.java:21)
at base.ProjectSpecificationMethods.browserClose(ProjectSpecificationMethods.java:21)
at base.ProjectSpecificationMethods.browserClose(ProjectSpecificationMethods.java:21)
at base.ProjectSpecificationMethods.browserClose(ProjectSpecificationMethods.java:21)
at base.ProjectSpecificationMethods.browserClose(ProjectSpecificationMethods.java:21)
at base.ProjectSpecificationMethods.browserClose(ProjectSpecificationMethods.java:21)
at base.ProjectSpecificationMethods.browserClose(ProjectSpecificationMethods.java:21)
at base.ProjectSpecificationMethods.browserClose(ProjectSpecificationMethods.java:21)
at base.ProjectSpecificationMethods.browserClose(ProjectSpecificationMethods.java:21)
at base.ProjectSpecificationMethods.browserClose(ProjectSpecificationMethods.java:21)
at base.ProjectSpecificationMethods.browserClose(ProjectSpecificationMethods.java:21)
at base.ProjectSpecificationMethods.browserClose(ProjectSpecificationMethods.java:21)
at base.ProjectSpecificationMethods.browserClose(ProjectSpecificationMethods.java:21)
at base.ProjectSpecificationMethods.browserClose(ProjectSpecificationMethods.java:21)
at base.ProjectSpecificationMethods.browserClose(ProjectSpecificationMethods.java:21)
at base.ProjectSpecificationMethods.browserClose(ProjectSpecificationMethods.java:21)
at base.ProjectSpecificationMethods.browserClose(ProjectSpecificationMethods.java:21)
at base.ProjectSpecificationMethods.browserClose(ProjectSpecificationMethods.java:21)
at base.ProjectSpecificationMethods.browserClose(ProjectSpecificationMethods.java:21)
at base.ProjectSpecificationMethods.browserClose(ProjectSpecificationMethods.java:21)
at base.ProjectSpecificationMethods.browserClose(ProjectSpecificationMethods.java:21)
at base.ProjectSpecificationMethods.browserClose(ProjectSpecificationMethods.java:21)
at base.ProjectSpecificationMethods.browserClose(ProjectSpecificationMethods.java:21)
at base.ProjectSpecificationMethods.browserClose(ProjectSpecificationMethods.java:21)
at base.ProjectSpecificationMethods.browserClose(ProjectSpecificationMethods.java:21)
at base.ProjectSpecificationMethods.browserClose(ProjectSpecificationMethods.java:21)
at base.ProjectSpecificationMethods.browserClose(ProjectSpecificationMethods.java:21)
at base.ProjectSpecificationMethods.browserClose(ProjectSpecificationMethods.java:21)
at base.ProjectSpecificationMethods.browserClose(ProjectSpecificationMethods.java:21)
at base.ProjectSpecificationMethods.browserClose(ProjectSpecificationMethods.java:21)
at base.ProjectSpecificationMethods.browserClose(ProjectSpecificationMethods.java:21)
at base.ProjectSpecificationMethods.browserClose(ProjectSpecificationMethods.java:21)
at base.ProjectSpecificationMethods.browserClose(ProjectSpecificationMethods.java:21)
at base.ProjectSpecificationMethods.browserClose(ProjectSpecificationMethods.java:21)
at base.ProjectSpecificationMethods.browserClose(ProjectSpecificationMethods.java:21)
at base.ProjectSpecificationMethods.browserClose(ProjectSpecificationMethods.java:21)
at base.ProjectSpecificationMethods.browserClose(ProjectSpecificationMethods.java:21)
at base.ProjectSpecificationMethods.browserClose(ProjectSpecificationMethods.java:21)
at base.ProjectSpecificationMethods.browserClose(ProjectSpecificationMethods.java:21)
at base.ProjectSpecificationMethods.browserClose(ProjectSpecificationMethods.java:21)
at base.ProjectSpecificationMethods.browserClose(ProjectSpecificationMethods.java:21)
at base.ProjectSpecificationMethods.browserClose(ProjectSpecificationMethods.java:21)
at base.ProjectSpecificationMethods.browserClose(ProjectSpecificationMethods.java:21)
at base.ProjectSpecificationMethods.browserClose(ProjectSpecificationMethods.java:21)
at base.ProjectSpecificationMethods.browserClose(ProjectSpecificationMethods.java:21)
at base.ProjectSpecificationMethods.browserClose(ProjectSpecificationMethods.java:21)
at base.ProjectSpecificationMethods.browserClose(ProjectSpecificationMethods.java:21)
at base.ProjectSpecificationMethods.browserClose(ProjectSpecificationMethods.java:21)
at base.ProjectSpecificationMethods.browserClose(ProjectSpecificationMethods.java:21)
at base.ProjectSpecificationMethods.browserClose(ProjectSpecificationMethods.java:21)
at base.ProjectSpecificationMethods.browserClose(ProjectSpecificationMethods.java:21)
at base.ProjectSpecificationMethods.browserClose(ProjectSpecificationMethods.java:21)
at base.ProjectSpecificationMethods.browserClose(ProjectSpecificationMethods.java:21)
at base.ProjectSpecificationMethods.browserClose(ProjectSpecificationMethods.java:21)
at base.ProjectSpecificationMethods.browserClose(ProjectSpecificationMethods.java:21)
at base.ProjectSpecificationMethods.browserClose(ProjectSpecificationMethods.java:21)
at base.ProjectSpecificationMethods.browserClose(ProjectSpecificationMethods.java:21)
at base.ProjectSpecificationMethods.browserClose(ProjectSpecificationMethods.java:21)
at base.ProjectSpecificationMethods.browserClose(ProjectSpecificationMethods.java:21)
at base.ProjectSpecificationMethods.browserClose(ProjectSpecificationMethods.java:21)
at base.ProjectSpecificationMethods.browserClose(ProjectSpecificationMethods.java:21)
at base.ProjectSpecificationMethods.browserClose(ProjectSpecificationMethods.java:21)
at base.ProjectSpecificationMethods.browserClose(ProjectSpecificationMethods.java:21)
at base.ProjectSpecificationMethods.browserClose(ProjectSpecificationMethods.java:21)
at base.ProjectSpecificationMethods.browserClose(ProjectSpecificationMethods.java:21)
at base.ProjectSpecificationMethods.browserClose(ProjectSpecificationMethods.java:21)
at base.ProjectSpecificationMethods.browserClose(ProjectSpecificationMethods.java:21)
at base.ProjectSpecificationMethods.browserClose(ProjectSpecificationMethods.java:21)
at base.ProjectSpecificationMethods.browserClose(ProjectSpecificationMethods.java:21)
at base.ProjectSpecificationMethods.browserClose(ProjectSpecificationMethods.java:21)
at base.ProjectSpecificationMethods.browserClose(ProjectSpecificationMethods.java:21)
at base.ProjectSpecificationMethods.browserClose(ProjectSpecificationMethods.java:21)
at base.ProjectSpecificationMethods.browserClose(ProjectSpecificationMethods.java:21)
at base.ProjectSpecificationMethods.browserClose(ProjectSpecificationMethods.java:21)
at base.ProjectSpecificationMethods.browserClose(ProjectSpecificationMethods.java:21)
at base.ProjectSpecificationMethods.browserClose(ProjectSpecificationMethods.java:21)
at base.ProjectSpecificationMethods.browserClose(ProjectSpecificationMethods.java:21)
at base.ProjectSpecificationMethods.browserClose(ProjectSpecificationMethods.java:21)
at base.ProjectSpecificationMethods.browserClose(ProjectSpecificationMethods.java:21)
at base.ProjectSpecificationMethods.browserClose(ProjectSpecificationMethods.java:21)
at base.ProjectSpecificationMethods.browserClose(ProjectSpecificationMethods.java:21)
at base.ProjectSpecificationMethods.browserClose(ProjectSpecificationMethods.java:21)
at base.ProjectSpecificationMethods.browserClose(ProjectSpecificationMethods.java:21)
at base.ProjectSpecificationMethods.browserClose(ProjectSpecificationMethods.java:21)
at base.ProjectSpecificationMethods.browserClose(ProjectSpecificationMethods.java:21)
at base.ProjectSpecificationMethods.browserClose(ProjectSpecificationMethods.java:21)
at base.ProjectSpecificationMethods.browserClose(ProjectSpecificationMethods.java:21)
at base.ProjectSpecificationMethods.browserClose(ProjectSpecificationMethods.java:21)
at base.ProjectSpecificationMethods.browserClose(ProjectSpecificationMethods.java:21)
at base.ProjectSpecificationMethods.browserClose(ProjectSpecificationMethods.java:21)
at base.ProjectSpecificationMethods.browserClose(ProjectSpecificationMethods.java:21)
at base.ProjectSpecificationMethods.browserClose(ProjectSpecificationMethods.java:21)
at base.ProjectSpecificationMethods.browserClose(ProjectSpecificationMethods.java:21)
at base.ProjectSpecificationMethods.browserClose(ProjectSpecificationMethods.java:21)
at base.ProjectSpecificationMethods.browserClose(ProjectSpecificationMethods.java:21)
at base.ProjectSpecificationMethods.browserClose(ProjectSpecificationMethods.java:21)
at base.ProjectSpecificationMethods.browserClose(ProjectSpecificationMethods.java:21)
at base.ProjectSpecificationMethods.browserClose(ProjectSpecificationMethods.java:21)
at base.ProjectSpecificationMethods.browserClose(ProjectSpecificationMethods.java:21)
at base.ProjectSpecificationMethods.browserClose(ProjectSpecificationMethods.java:21)
at base.ProjectSpecificationMethods.browserClose(ProjectSpecificationMethods.java:21)
at base.ProjectSpecificationMethods.browserClose(ProjectSpecificationMethods.java:21)
at base.ProjectSpecificationMethods.browserClose(ProjectSpecificationMethods.java:21)
at base.ProjectSpecificationMethods.browserClose(ProjectSpecificationMethods.java:21)
at base.ProjectSpecificationMethods.browserClose(ProjectSpecificationMethods.java:21)
at base.ProjectSpecificationMethods.browserClose(ProjectSpecificationMethods.java:21)
at base.ProjectSpecificationMethods.browserClose(ProjectSpecificationMethods.java:21)
at base.ProjectSpecificationMethods.browserClose(ProjectSpecificationMethods.java:21)
at base.ProjectSpecificationMethods.browserClose(ProjectSpecificationMethods.java:21)
at base.ProjectSpecificationMethods.browserClose(ProjectSpecificationMethods.java:21)
at base.ProjectSpecificationMethods.browserClose(ProjectSpecificationMethods.java:21)
at base.ProjectSpecificationMethods.browserClose(ProjectSpecificationMethods.java:21)
at base.ProjectSpecificationMethods.browserClose(ProjectSpecificationMethods.java:21)
at base.ProjectSpecificationMethods.browserClose(ProjectSpecificationMethods.java:21)
at base.ProjectSpecificationMethods.browserClose(ProjectSpecificationMethods.java:21)
at base.ProjectSpecificationMethods.browserClose(ProjectSpecificationMethods.java:21)
at base.ProjectSpecificationMethods.browserClose(ProjectSpecificationMethods.java:21)
at base.ProjectSpecificationMethods.browserClose(ProjectSpecificationMethods.java:21)
at base.ProjectSpecificationMethods.browserClose(ProjectSpecificationMethods.java:21)
at base.ProjectSpecificationMethods.browserClose(ProjectSpecificationMethods.java:21)
at base.ProjectSpecificationMethods.browserClose(ProjectSpecificationMethods.java:21)
at base.ProjectSpecificationMethods.browserClose(ProjectSpecificationMethods.java:21)
at base.ProjectSpecificationMethods.browserClose(ProjectSpecificationMethods.java:21)
at base.ProjectSpecificationMethods.browserClose(ProjectSpecificationMethods.java:21)
at base.ProjectSpecificationMethods.browserClose(ProjectSpecificationMethods.java:21)
at base.ProjectSpecificationMethods.browserClose(ProjectSpecificationMethods.java:21)
at base.ProjectSpecificationMethods.browserClose(ProjectSpecificationMethods.java:21)
at base.ProjectSpecificationMethods.browserClose(ProjectSpecificationMethods.java:21)
at base.ProjectSpecificationMethods.browserClose(ProjectSpecificationMethods.java:21)
at base.ProjectSpecificationMethods.browserClose(ProjectSpecificationMethods.java:21)
at base.ProjectSpecificationMethods.browserClose(ProjectSpecificationMethods.java:21)
at base.ProjectSpecificationMethods.browserClose(ProjectSpecificationMethods.java:21)
at base.ProjectSpecificationMethods.browserClose(ProjectSpecificationMethods.java:21)
at base.ProjectSpecificationMethods.browserClose(ProjectSpecificationMethods.java:21)
at base.ProjectSpecificationMethods.browserClose(ProjectSpecificationMethods.java:21)
at base.ProjectSpecificationMethods.browserClose(ProjectSpecificationMethods.java:21)
at base.ProjectSpecificationMethods.browserClose(ProjectSpecificationMethods.java:21)
at base.ProjectSpecificationMethods.browserClose(ProjectSpecificationMethods.java:21)
at base.ProjectSpecificationMethods.browserClose(ProjectSpecificationMethods.java:21)
at base.ProjectSpecificationMethods.browserClose(ProjectSpecificationMethods.java:21)
at base.ProjectSpecificationMethods.browserClose(ProjectSpecificationMethods.java:21)
at base.ProjectSpecificationMethods.browserClose(ProjectSpecificationMethods.java:21)
at base.ProjectSpecificationMethods.browserClose(ProjectSpecificationMethods.java:21)
at base.ProjectSpecificationMethods.browserClose(ProjectSpecificationMethods.java:21)
at base.ProjectSpecificationMethods.browserClose(ProjectSpecificationMethods.java:21)
at base.ProjectSpecificationMethods.browserClose(ProjectSpecificationMethods.java:21)
at base.ProjectSpecificationMethods.browserClose(ProjectSpecificationMethods.java:21)
at base.ProjectSpecificationMethods.browserClose(ProjectSpecificationMethods.java:21)
at base.ProjectSpecificationMethods.browserClose(ProjectSpecificationMethods.java:21)
at base.ProjectSpecificationMethods.browserClose(ProjectSpecificationMethods.java:21)
at base.ProjectSpecificationMethods.browserClose(ProjectSpecificationMethods.java:21)
at base.ProjectSpecificationMethods.browserClose(ProjectSpecificationMethods.java:21)
at base.ProjectSpecificationMethods.browserClose(ProjectSpecificationMethods.java:21)
at base.ProjectSpecificationMethods.browserClose(ProjectSpecificationMethods.java:21)
at base.ProjectSpecificationMethods.browserClose(ProjectSpecificationMethods.java:21)
at base.ProjectSpecificationMethods.browserClose(ProjectSpecificationMethods.java:21)
at base.ProjectSpecificationMethods.browserClose(ProjectSpecificationMethods.java:21)
at base.ProjectSpecificationMethods.browserClose(ProjectSpecificationMethods.java:21)
at base.ProjectSpecificationMethods.browserClose(ProjectSpecificationMethods.java:21)
at base.ProjectSpecificationMethods.browserClose(ProjectSpecificationMethods.java:21)
at base.ProjectSpecificationMethods.browserClose(ProjectSpecificationMethods.java:21)
at base.ProjectSpecificationMethods.browserClose(ProjectSpecificationMethods.java:21)
at base.ProjectSpecificationMethods.browserClose(ProjectSpecificationMethods.java:21)
at base.ProjectSpecificationMethods.browserClose(ProjectSpecificationMethods.java:21)
at base.ProjectSpecificationMethods.browserClose(ProjectSpecificationMethods.java:21)
at base.ProjectSpecificationMethods.browserClose(ProjectSpecificationMethods.java:21)
at base.ProjectSpecificationMethods.browserClose(ProjectSpecificationMethods.java:21)
at base.ProjectSpecificationMethods.browserClose(ProjectSpecificationMethods.java:21)
at base.ProjectSpecificationMethods.browserClose(ProjectSpecificationMethods.java:21)
at base.ProjectSpecificationMethods.browserClose(ProjectSpecificationMethods.java:21)
at base.ProjectSpecificationMethods.browserClose(ProjectSpecificationMethods.java:21)
at base.ProjectSpecificationMethods.browserClose(ProjectSpecificationMethods.java:21)
at base.ProjectSpecificationMethods.browserClose(ProjectSpecificationMethods.java:21)
at base.ProjectSpecificationMethods.browserClose(ProjectSpecificationMethods.java:21)
at base.ProjectSpecificationMethods.browserClose(ProjectSpecificationMethods.java:21)
at base.ProjectSpecificationMethods.browserClose(ProjectSpecificationMethods.java:21)
at base.ProjectSpecificationMethods.browserClose(ProjectSpecificationMethods.java:21)
at base.ProjectSpecificationMethods.browserClose(ProjectSpecificationMethods.java:21)
at base.ProjectSpecificationMethods.browserClose(ProjectSpecificationMethods.java:21)
at base.ProjectSpecificationMethods.browserClose(ProjectSpecificationMethods.java:21)
at base.ProjectSpecificationMethods.browserClose(ProjectSpecificationMethods.java:21)
at base.ProjectSpecificationMethods.browserClose(ProjectSpecificationMethods.java:21)
at base.ProjectSpecificationMethods.browserClose(ProjectSpecificationMethods.java:21)
at base.ProjectSpecificationMethods.browserClose(ProjectSpecificationMethods.java:21)
at base.ProjectSpecificationMethods.browserClose(ProjectSpecificationMethods.java:21)
at base.ProjectSpecificationMethods.browserClose(ProjectSpecificationMethods.java:21)
at base.ProjectSpecificationMethods.browserClose(ProjectSpecificationMethods.java:21)
at base.ProjectSpecificationMethods.browserClose(ProjectSpecificationMethods.java:21)
at base.ProjectSpecificationMethods.browserClose(ProjectSpecificationMethods.java:21)
at base.ProjectSpecificationMethods.browserClose(ProjectSpecificationMethods.java:21)
at base.ProjectSpecificationMethods.browserClose(ProjectSpecificationMethods.java:21)
at base.ProjectSpecificationMethods.browserClose(ProjectSpecificationMethods.java:21)
at base.ProjectSpecificationMethods.browserClose(ProjectSpecificationMethods.java:21)
at base.ProjectSpecificationMethods.browserClose(ProjectSpecificationMethods.java:21)
at base.ProjectSpecificationMethods.browserClose(ProjectSpecificationMethods.java:21)
at base.ProjectSpecificationMethods.browserClose(ProjectSpecificationMethods.java:21)
at base.ProjectSpecificationMethods.browserClose(ProjectSpecificationMethods.java:21)
at base.ProjectSpecificationMethods.browserClose(ProjectSpecificationMethods.java:21)
at base.ProjectSpecificationMethods.browserClose(ProjectSpecificationMethods.java:21)
at base.ProjectSpecificationMethods.browserClose(ProjectSpecificationMethods.java:21)
at base.ProjectSpecificationMethods.browserClose(ProjectSpecificationMethods.java:21)
at base.ProjectSpecificationMethods.browserClose(ProjectSpecificationMethods.java:21)
at base.ProjectSpecificationMethods.browserClose(ProjectSpecificationMethods.java:21)
at base.ProjectSpecificationMethods.browserClose(ProjectSpecificationMethods.java:21)
at base.ProjectSpecificationMethods.browserClose(ProjectSpecificationMethods.java:21)
at base.ProjectSpecificationMethods.browserClose(ProjectSpecificationMethods.java:21)
at base.ProjectSpecificationMethods.browserClose(ProjectSpecificationMethods.java:21)
at base.ProjectSpecificationMethods.browserClose(ProjectSpecificationMethods.java:21)
at base.ProjectSpecificationMethods.browserClose(ProjectSpecificationMethods.java:21)
at base.ProjectSpecificationMethods.browserClose(ProjectSpecificationMethods.java:21)
at base.ProjectSpecificationMethods.browserClose(ProjectSpecificationMethods.java:21)
at base.ProjectSpecificationMethods.browserClose(ProjectSpecificationMethods.java:21)
at base.ProjectSpecificationMethods.browserClose(ProjectSpecificationMethods.java:21)
at base.ProjectSpecificationMethods.browserClose(ProjectSpecificationMethods.java:21)
at base.ProjectSpecificationMethods.browserClose(ProjectSpecificationMethods.java:21)
at base.ProjectSpecificationMethods.browserClose(ProjectSpecificationMethods.java:21)
at base.ProjectSpecificationMethods.browserClose(ProjectSpecificationMethods.java:21)
at base.ProjectSpecificationMethods.browserClose(ProjectSpecificationMethods.java:21)
at base.ProjectSpecificationMethods.browserClose(ProjectSpecificationMethods.java:21)
at base.ProjectSpecificationMethods.browserClose(ProjectSpecificationMethods.java:21)
at base.ProjectSpecificationMethods.browserClose(ProjectSpecificationMethods.java:21)
at base.ProjectSpecificationMethods.browserClose(ProjectSpecificationMethods.java:21)
at base.ProjectSpecificationMethods.browserClose(ProjectSpecificationMethods.java:21)
at base.ProjectSpecificationMethods.browserClose(ProjectSpecificationMethods.java:21)
at base.ProjectSpecificationMethods.browserClose(ProjectSpecificationMethods.java:21)
at base.ProjectSpecificationMethods.browserClose(ProjectSpecificationMethods.java:21)
at base.ProjectSpecificationMethods.browserClose(ProjectSpecificationMethods.java:21)
at base.ProjectSpecificationMethods.browserClose(ProjectSpecificationMethods.java:21)
at base.ProjectSpecificationMethods.browserClose(ProjectSpecificationMethods.java:21)
at base.ProjectSpecificationMethods.browserClose(ProjectSpecificationMethods.java:21)
at base.ProjectSpecificationMethods.browserClose(ProjectSpecificationMethods.java:21)
at base.ProjectSpecificationMethods.browserClose(ProjectSpecificationMethods.java:21)
at base.ProjectSpecificationMethods.browserClose(ProjectSpecificationMethods.java:21)
at base.ProjectSpecificationMethods.browserClose(ProjectSpecificationMethods.java:21)
at base.ProjectSpecificationMethods.browserClose(ProjectSpecificationMethods.java:21)
at base.ProjectSpecificationMethods.browserClose(ProjectSpecificationMethods.java:21)
at base.ProjectSpecificationMethods.browserClose(ProjectSpecificationMethods.java:21)
at base.ProjectSpecificationMethods.browserClose(ProjectSpecificationMethods.java:21)
at base.ProjectSpecificationMethods.browserClose(ProjectSpecificationMethods.java:21)
at base.ProjectSpecificationMethods.browserClose(ProjectSpecificationMethods.java:21)
at base.ProjectSpecificationMethods.browserClose(ProjectSpecificationMethods.java:21)
at base.ProjectSpecificationMethods.browserClose(ProjectSpecificationMethods.java:21)
at base.ProjectSpecificationMethods.browserClose(ProjectSpecificationMethods.java:21)
at base.ProjectSpecificationMethods.browserClose(ProjectSpecificationMethods.java:21)
at base.ProjectSpecificationMethods.browserClose(ProjectSpecificationMethods.java:21)
at base.ProjectSpecificationMethods.browserClose(ProjectSpecificationMethods.java:21)
at base.ProjectSpecificationMethods.browserClose(ProjectSpecificationMethods.java:21)
at base.ProjectSpecificationMethods.browserClose(ProjectSpecificationMethods.java:21)
at base.ProjectSpecificationMethods.browserClose(ProjectSpecificationMethods.java:21)
at base.ProjectSpecificationMethods.browserClose(ProjectSpecificationMethods.java:21)
at base.ProjectSpecificationMethods.browserClose(ProjectSpecificationMethods.java:21)
at base.ProjectSpecificationMethods.browserClose(ProjectSpecificationMethods.java:21)
at base.ProjectSpecificationMethods.browserClose(ProjectSpecificationMethods.java:21)
at base.ProjectSpecificationMethods.browserClose(ProjectSpecificationMethods.java:21)
at base.ProjectSpecificationMethods.browserClose(ProjectSpecificationMethods.java:21)
at base.ProjectSpecificationMethods.browserClose(ProjectSpecificationMethods.java:21)
at base.ProjectSpecificationMethods.browserClose(ProjectSpecificationMethods.java:21)
at base.ProjectSpecificationMethods.browserClose(ProjectSpecificationMethods.java:21)
at base.ProjectSpecificationMethods.browserClose(ProjectSpecificationMethods.java:21)
at base.ProjectSpecificationMethods.browserClose(ProjectSpecificationMethods.java:21)
at base.ProjectSpecificationMethods.browserClose(ProjectSpecificationMethods.java:21)
at base.ProjectSpecificationMethods.browserClose(ProjectSpecificationMethods.java:21)
at base.ProjectSpecificationMethods.browserClose(ProjectSpecificationMethods.java:21)
at base.ProjectSpecificationMethods.browserClose(ProjectSpecificationMethods.java:21)
at base.ProjectSpecificationMethods.browserClose(ProjectSpecificationMethods.java:21)
at base.ProjectSpecificationMethods.browserClose(ProjectSpecificationMethods.java:21)
at base.ProjectSpecificationMethods.browserClose(ProjectSpecificationMethods.java:21)
at base.ProjectSpecificationMethods.browserClose(ProjectSpecificationMethods.java:21)
at base.ProjectSpecificationMethods.browserClose(ProjectSpecificationMethods.java:21)
at base.ProjectSpecificationMethods.browserClose(ProjectSpecificationMethods.java:21)
at base.ProjectSpecificationMethods.browserClose(ProjectSpecificationMethods.java:21)
at base.ProjectSpecificationMethods.browserClose(ProjectSpecificationMethods.java:21)
at base.ProjectSpecificationMethods.browserClose(ProjectSpecificationMethods.java:21)
at base.ProjectSpecificationMethods.browserClose(ProjectSpecificationMethods.java:21)
at base.ProjectSpecificationMethods.browserClose(ProjectSpecificationMethods.java:21)
at base.ProjectSpecificationMethods.browserClose(ProjectSpecificationMethods.java:21)
at base.ProjectSpecificationMethods.browserClose(ProjectSpecificationMethods.java:21)
at base.ProjectSpecificationMethods.browserClose(ProjectSpecificationMethods.java:21)
at base.ProjectSpecificationMethods.browserClose(ProjectSpecificationMethods.java:21)
at base.ProjectSpecificationMethods.browserClose(ProjectSpecificationMethods.java:21)
at base.ProjectSpecificationMethods.browserClose(ProjectSpecificationMethods.java:21)
at base.ProjectSpecificationMethods.browserClose(ProjectSpecificationMethods.java:21)
at base.ProjectSpecificationMethods.browserClose(ProjectSpecificationMethods.java:21)
at base.ProjectSpecificationMethods.browserClose(ProjectSpecificationMethods.java:21)
at base.ProjectSpecificationMethods.browserClose(ProjectSpecificationMethods.java:21)
at base.ProjectSpecificationMethods.browserClose(ProjectSpecificationMethods.java:21)
at base.ProjectSpecificationMethods.browserClose(ProjectSpecificationMethods.java:21)
at base.ProjectSpecificationMethods.browserClose(ProjectSpecificationMethods.java:21)
at base.ProjectSpecificationMethods.browserClose(ProjectSpecificationMethods.java:21)
at base.ProjectSpecificationMethods.browserClose(ProjectSpecificationMethods.java:21)
at base.ProjectSpecificationMethods.browserClose(ProjectSpecificationMethods.java:21)
at base.ProjectSpecificationMethods.browserClose(ProjectSpecificationMethods.java:21)
at base.ProjectSpecificationMethods.browserClose(ProjectSpecificationMethods.java:21)
at base.ProjectSpecificationMethods.browserClose(ProjectSpecificationMethods.java:21)
at base.ProjectSpecificationMethods.browserClose(ProjectSpecificationMethods.java:21)
at base.ProjectSpecificationMethods.browserClose(ProjectSpecificationMethods.java:21)
at base.ProjectSpecificationMethods.browserClose(ProjectSpecificationMethods.java:21)
at base.ProjectSpecificationMethods.browserClose(ProjectSpecificationMethods.java:21)
at base.ProjectSpecificationMethods.browserClose(ProjectSpecificationMethods.java:21)
at base.ProjectSpecificationMethods.browserClose(ProjectSpecificationMethods.java:21)
at base.ProjectSpecificationMethods.browserClose(ProjectSpecificationMethods.java:21)
at base.ProjectSpecificationMethods.browserClose(ProjectSpecificationMethods.java:21)
at base.ProjectSpecificationMethods.browserClose(ProjectSpecificationMethods.java:21)
at base.ProjectSpecificationMethods.browserClose(ProjectSpecificationMethods.java:21)
at base.ProjectSpecificationMethods.browserClose(ProjectSpecificationMethods.java:21)
at base.ProjectSpecificationMethods.browserClose(ProjectSpecificationMethods.java:21)
at base.ProjectSpecificationMethods.browserClose(ProjectSpecificationMethods.java:21)
at base.ProjectSpecificationMethods.browserClose(ProjectSpecificationMethods.java:21)
at base.ProjectSpecificationMethods.browserClose(ProjectSpecificationMethods.java:21)
at base.ProjectSpecificationMethods.browserClose(ProjectSpecificationMethods.java:21)
at base.ProjectSpecificationMethods.browserClose(ProjectSpecificationMethods.java:21)
at base.ProjectSpecificationMethods.browserClose(ProjectSpecificationMethods.java:21)
at base.ProjectSpecificationMethods.browserClose(ProjectSpecificationMethods.java:21)
at base.ProjectSpecificationMethods.browserClose(ProjectSpecificationMethods.java:21)
at base.ProjectSpecificationMethods.browserClose(ProjectSpecificationMethods.java:21)
at base.ProjectSpecificationMethods.browserClose(ProjectSpecificationMethods.java:21)
at base.ProjectSpecificationMethods.browserClose(ProjectSpecificationMethods.java:21)
at base.ProjectSpecificationMethods.browserClose(ProjectSpecificationMethods.java:21)
at base.ProjectSpecificationMethods.browserClose(ProjectSpecificationMethods.java:21)
at base.ProjectSpecificationMethods.browserClose(ProjectSpecificationMethods.java:21)
at base.ProjectSpecificationMethods.browserClose(ProjectSpecificationMethods.java:21)
at base.ProjectSpecificationMethods.browserClose(ProjectSpecificationMethods.java:21)
at base.ProjectSpecificationMethods.browserClose(ProjectSpecificationMethods.java:21)
at base.ProjectSpecificationMethods.browserClose(ProjectSpecificationMethods.java:21)
at base.ProjectSpecificationMethods.browserClose(ProjectSpecificationMethods.java:21)
at base.ProjectSpecificationMethods.browserClose(ProjectSpecificationMethods.java:21)
at base.ProjectSpecificationMethods.browserClose(ProjectSpecificationMethods.java:21)
at base.ProjectSpecificationMethods.browserClose(ProjectSpecificationMethods.java:21)
at base.ProjectSpecificationMethods.browserClose(ProjectSpecificationMethods.java:21)
at base.ProjectSpecificationMethods.browserClose(ProjectSpecificationMethods.java:21)
at base.ProjectSpecificationMethods.browserClose(ProjectSpecificationMethods.java:21)
at base.ProjectSpecificationMethods.browserClose(ProjectSpecificationMethods.java:21)
at base.ProjectSpecificationMethods.browserClose(ProjectSpecificationMethods.java:21)
at base.ProjectSpecificationMethods.browserClose(ProjectSpecificationMethods.java:21)
at base.ProjectSpecificationMethods.browserClose(ProjectSpecificationMethods.java:21)
at base.ProjectSpecificationMethods.browserClose(ProjectSpecificationMethods.java:21)
at base.ProjectSpecificationMethods.browserClose(ProjectSpecificationMethods.java:21)
at base.ProjectSpecificationMethods.browserClose(ProjectSpecificationMethods.java:21)
at base.ProjectSpecificationMethods.browserClose(ProjectSpecificationMethods.java:21)
at base.ProjectSpecificationMethods.browserClose(ProjectSpecificationMethods.java:21)
at base.ProjectSpecificationMethods.browserClose(ProjectSpecificationMethods.java:21)
at base.ProjectSpecificationMethods.browserClose(ProjectSpecificationMethods.java:21)
at base.ProjectSpecificationMethods.browserClose(ProjectSpecificationMethods.java:21)
at base.ProjectSpecificationMethods.browserClose(ProjectSpecificationMethods.java:21)
at base.ProjectSpecificationMethods.browserClose(ProjectSpecificationMethods.java:21)
at base.ProjectSpecificationMethods.browserClose(ProjectSpecificationMethods.java:21)
at base.ProjectSpecificationMethods.browserClose(ProjectSpecificationMethods.java:21)
at base.ProjectSpecificationMethods.browserClose(ProjectSpecificationMethods.java:21)
at base.ProjectSpecificationMethods.browserClose(ProjectSpecificationMethods.java:21)
at base.ProjectSpecificationMethods.browserClose(ProjectSpecificationMethods.java:21)
at base.ProjectSpecificationMethods.browserClose(ProjectSpecificationMethods.java:21)
at base.ProjectSpecificationMethods.browserClose(ProjectSpecificationMethods.java:21)
at base.ProjectSpecificationMethods.browserClose(ProjectSpecificationMethods.java:21)
at base.ProjectSpecificationMethods.browserClose(ProjectSpecificationMethods.java:21)
at base.ProjectSpecificationMethods.browserClose(ProjectSpecificationMethods.java:21)
at base.ProjectSpecificationMethods.browserClose(ProjectSpecificationMethods.java:21)
at base.ProjectSpecificationMethods.browserClose(ProjectSpecificationMethods.java:21)
at base.ProjectSpecificationMethods.browserClose(ProjectSpecificationMethods.java:21)
at base.ProjectSpecificationMethods.browserClose(ProjectSpecificationMethods.java:21)
at base.ProjectSpecificationMethods.browserClose(ProjectSpecificationMethods.java:21)
at base.ProjectSpecificationMethods.browserClose(ProjectSpecificationMethods.java:21)
at base.ProjectSpecificationMethods.browserClose(ProjectSpecificationMethods.java:21)
at base.ProjectSpecificationMethods.browserClose(ProjectSpecificationMethods.java:21)
at base.ProjectSpecificationMethods.browserClose(ProjectSpecificationMethods.java:21)
at base.ProjectSpecificationMethods.browserClose(ProjectSpecificationMethods.java:21)
at base.ProjectSpecificationMethods.browserClose(ProjectSpecificationMethods.java:21)
at base.ProjectSpecificationMethods.browserClose(ProjectSpecificationMethods.java:21)
at base.ProjectSpecificationMethods.browserClose(ProjectSpecificationMethods.java:21)
at base.ProjectSpecificationMethods.browserClose(ProjectSpecificationMethods.java:21)
at base.ProjectSpecificationMethods.browserClose(ProjectSpecificationMethods.java:21)
at base.ProjectSpecificationMethods.browserClose(ProjectSpecificationMethods.java:21)
at base.ProjectSpecificationMethods.browserClose(ProjectSpecificationMethods.java:21)
at base.ProjectSpecificationMethods.browserClose(ProjectSpecificationMethods.java:21)
at base.ProjectSpecificationMethods.browserClose(ProjectSpecificationMethods.java:21)
at base.ProjectSpecificationMethods.browserClose(ProjectSpecificationMethods.java:21)
at base.ProjectSpecificationMethods.browserClose(ProjectSpecificationMethods.java:21)
at base.ProjectSpecificationMethods.browserClose(ProjectSpecificationMethods.java:21)
at base.ProjectSpecificationMethods.browserClose(ProjectSpecificationMethods.java:21)
at base.ProjectSpecificationMethods.browserClose(ProjectSpecificationMethods.java:21)
at base.ProjectSpecificationMethods.browserClose(ProjectSpecificationMethods.java:21)
at base.ProjectSpecificationMethods.browserClose(ProjectSpecificationMethods.java:21)
at base.ProjectSpecificationMethods.browserClose(ProjectSpecificationMethods.java:21)
at base.ProjectSpecificationMethods.browserClose(ProjectSpecificationMethods.java:21)
at base.ProjectSpecificationMethods.browserClose(ProjectSpecificationMethods.java:21)
at base.ProjectSpecificationMethods.browserClose(ProjectSpecificationMethods.java:21)
at base.ProjectSpecificationMethods.browserClose(ProjectSpecificationMethods.java:21)
at base.ProjectSpecificationMethods.browserClose(ProjectSpecificationMethods.java:21)
at base.ProjectSpecificationMethods.browserClose(ProjectSpecificationMethods.java:21)
at base.ProjectSpecificationMethods.browserClose(ProjectSpecificationMethods.java:21)
at base.ProjectSpecificationMethods.browserClose(ProjectSpecificationMethods.java:21)
at base.ProjectSpecificationMethods.browserClose(ProjectSpecificationMethods.java:21)
at base.ProjectSpecificationMethods.browserClose(ProjectSpecificationMethods.java:21)
at base.ProjectSpecificationMethods.browserClose(ProjectSpecificationMethods.java:21)
at base.ProjectSpecificationMethods.browserClose(ProjectSpecificationMethods.java:21)
at base.ProjectSpecificationMethods.browserClose(ProjectSpecificationMethods.java:21)
at base.ProjectSpecificationMethods.browserClose(ProjectSpecificationMethods.java:21)
at base.ProjectSpecificationMethods.browserClose(ProjectSpecificationMethods.java:21)
at base.ProjectSpecificationMethods.browserClose(ProjectSpecificationMethods.java:21)
at base.ProjectSpecificationMethods.browserClose(ProjectSpecificationMethods.java:21)
at base.ProjectSpecificationMethods.browserClose(ProjectSpecificationMethods.java:21)
at base.ProjectSpecificationMethods.browserClose(ProjectSpecificationMethods.java:21)
at base.ProjectSpecificationMethods.browserClose(ProjectSpecificationMethods.java:21)
at base.ProjectSpecificationMethods.browserClose(ProjectSpecificationMethods.java:21)
at base.ProjectSpecificationMethods.browserClose(ProjectSpecificationMethods.java:21)
at base.ProjectSpecificationMethods.browserClose(ProjectSpecificationMethods.java:21)
at base.ProjectSpecificationMethods.browserClose(ProjectSpecificationMethods.java:21)
at base.ProjectSpecificationMethods.browserClose(ProjectSpecificationMethods.java:21)
at base.ProjectSpecificationMethods.browserClose(ProjectSpecificationMethods.java:21)
at base.ProjectSpecificationMethods.browserClose(ProjectSpecificationMethods.java:21)
at base.ProjectSpecificationMethods.browserClose(ProjectSpecificationMethods.java:21)
at base.ProjectSpecificationMethods.browserClose(ProjectSpecificationMethods.java:21)
at base.ProjectSpecificationMethods.browserClose(ProjectSpecificationMethods.java:21)
at base.ProjectSpecificationMethods.browserClose(ProjectSpecificationMethods.java:21)
at base.ProjectSpecificationMethods.browserClose(ProjectSpecificationMethods.java:21)
at base.ProjectSpecificationMethods.browserClose(ProjectSpecificationMethods.java:21)
at base.ProjectSpecificationMethods.browserClose(ProjectSpecificationMethods.java:21)
at base.ProjectSpecificationMethods.browserClose(ProjectSpecificationMethods.java:21)
at base.ProjectSpecificationMethods.browserClose(ProjectSpecificationMethods.java:21)
at base.ProjectSpecificationMethods.browserClose(ProjectSpecificationMethods.java:21)
at base.ProjectSpecificationMethods.browserClose(ProjectSpecificationMethods.java:21)
at base.ProjectSpecificationMethods.browserClose(ProjectSpecificationMethods.java:21)
at base.ProjectSpecificationMethods.browserClose(ProjectSpecificationMethods.java:21)
at base.ProjectSpecificationMethods.browserClose(ProjectSpecificationMethods.java:21)
at base.ProjectSpecificationMethods.browserClose(ProjectSpecificationMethods.java:21)
at base.ProjectSpecificationMethods.browserClose(ProjectSpecificationMethods.java:21)
at base.ProjectSpecificationMethods.browserClose(ProjectSpecificationMethods.java:21)
at base.ProjectSpecificationMethods.browserClose(ProjectSpecificationMethods.java:21)
at base.ProjectSpecificationMethods.browserClose(ProjectSpecificationMethods.java:21)
at base.ProjectSpecificationMethods.browserClose(ProjectSpecificationMethods.java:21)
at base.ProjectSpecificationMethods.browserClose(ProjectSpecificationMethods.java:21)
at base.ProjectSpecificationMethods.browserClose(ProjectSpecificationMethods.java:21)
at base.ProjectSpecificationMethods.browserClose(ProjectSpecificationMethods.java:21)
at base.ProjectSpecificationMethods.browserClose(ProjectSpecificationMethods.java:21)
at base.ProjectSpecificationMethods.browserClose(ProjectSpecificationMethods.java:21)
at base.ProjectSpecificationMethods.browserClose(ProjectSpecificationMethods.java:21)
at base.ProjectSpecificationMethods.browserClose(ProjectSpecificationMethods.java:21)
at base.ProjectSpecificationMethods.browserClose(ProjectSpecificationMethods.java:21)
at base.ProjectSpecificationMethods.browserClose(ProjectSpecificationMethods.java:21)
at base.ProjectSpecificationMethods.browserClose(ProjectSpecificationMethods.java:21)
at base.ProjectSpecificationMethods.browserClose(ProjectSpecificationMethods.java:21)
at base.ProjectSpecificationMethods.browserClose(ProjectSpecificationMethods.java:21)
at base.ProjectSpecificationMethods.browserClose(ProjectSpecificationMethods.java:21)
at base.ProjectSpecificationMethods.browserClose(ProjectSpecificationMethods.java:21)
at base.ProjectSpecificationMethods.browserClose(ProjectSpecificationMethods.java:21)
at base.ProjectSpecificationMethods.browserClose(ProjectSpecificationMethods.java:21)
at base.ProjectSpecificationMethods.browserClose(ProjectSpecificationMethods.java:21)
at base.ProjectSpecificationMethods.browserClose(ProjectSpecificationMethods.java:21)
at base.ProjectSpecificationMethods.browserClose(ProjectSpecificationMethods.java:21)
at base.ProjectSpecificationMethods.browserClose(ProjectSpecificationMethods.java:21)
at base.ProjectSpecificationMethods.browserClose(ProjectSpecificationMethods.java:21)
at base.ProjectSpecificationMethods.browserClose(ProjectSpecificationMethods.java:21)
at base.ProjectSpecificationMethods.browserClose(ProjectSpecificationMethods.java:21)
at base.ProjectSpecificationMethods.browserClose(ProjectSpecificationMethods.java:21)
at base.ProjectSpecificationMethods.browserClose(ProjectSpecificationMethods.java:21)
at base.ProjectSpecificationMethods.browserClose(ProjectSpecificationMethods.java:21)
at base.ProjectSpecificationMethods.browserClose(ProjectSpecificationMethods.java:21)
at base.ProjectSpecificationMethods.browserClose(ProjectSpecificationMethods.java:21)
at base.ProjectSpecificationMethods.browserClose(ProjectSpecificationMethods.java:21)
at base.ProjectSpecificationMethods.browserClose(ProjectSpecificationMethods.java:21)
at base.ProjectSpecificationMethods.browserClose(ProjectSpecificationMethods.java:21)
at base.ProjectSpecificationMethods.browserClose(ProjectSpecificationMethods.java:21)
at base.ProjectSpecificationMethods.browserClose(ProjectSpecificationMethods.java:21)
at base.ProjectSpecificationMethods.browserClose(ProjectSpecificationMethods.java:21)
at base.ProjectSpecificationMethods.browserClose(ProjectSpecificationMethods.java:21)
at base.ProjectSpecificationMethods.browserClose(ProjectSpecificationMethods.java:21)
at base.ProjectSpecificationMethods.browserClose(ProjectSpecificationMethods.java:21)
at base.ProjectSpecificationMethods.browserClose(ProjectSpecificationMethods.java:21)
at base.ProjectSpecificationMethods.browserClose(ProjectSpecificationMethods.java:21)
at base.ProjectSpecificationMethods.browserClose(ProjectSpecificationMethods.java:21)
at base.ProjectSpecificationMethods.browserClose(ProjectSpecificationMethods.java:21)
at base.ProjectSpecificationMethods.browserClose(ProjectSpecificationMethods.java:21)
at base.ProjectSpecificationMethods.browserClose(ProjectSpecificationMethods.java:21)
at base.ProjectSpecificationMethods.browserClose(ProjectSpecificationMethods.java:21)
at base.ProjectSpecificationMethods.browserClose(ProjectSpecificationMethods.java:21)
at base.ProjectSpecificationMethods.browserClose(ProjectSpecificationMethods.java:21)
at base.ProjectSpecificationMethods.browserClose(ProjectSpecificationMethods.java:21)
at base.ProjectSpecificationMethods.browserClose(ProjectSpecificationMethods.java:21)
at base.ProjectSpecificationMethods.browserClose(ProjectSpecificationMethods.java:21)
at base.ProjectSpecificationMethods.browserClose(ProjectSpecificationMethods.java:21)
at base.ProjectSpecificationMethods.browserClose(ProjectSpecificationMethods.java:21)
at base.ProjectSpecificationMethods.browserClose(ProjectSpecificationMethods.java:21)
at base.ProjectSpecificationMethods.browserClose(ProjectSpecificationMethods.java:21)
at base.ProjectSpecificationMethods.browserClose(ProjectSpecificationMethods.java:21)
at base.ProjectSpecificationMethods.browserClose(ProjectSpecificationMethods.java:21)
at base.ProjectSpecificationMethods.browserClose(ProjectSpecificationMethods.java:21)
at base.ProjectSpecificationMethods.browserClose(ProjectSpecificationMethods.java:21)
at base.ProjectSpecificationMethods.browserClose(ProjectSpecificationMethods.java:21)
at base.ProjectSpecificationMethods.browserClose(ProjectSpecificationMethods.java:21)
at base.ProjectSpecificationMethods.browserClose(ProjectSpecificationMethods.java:21)
at base.ProjectSpecificationMethods.browserClose(ProjectSpecificationMethods.java:21)
at base.ProjectSpecificationMethods.browserClose(ProjectSpecificationMethods.java:21)
at base.ProjectSpecificationMethods.browserClose(ProjectSpecificationMethods.java:21)
at base.ProjectSpecificationMethods.browserClose(ProjectSpecificationMethods.java:21)
at base.ProjectSpecificationMethods.browserClose(ProjectSpecificationMethods.java:21)
at base.ProjectSpecificationMethods.browserClose(ProjectSpecificationMethods.java:21)
at base.ProjectSpecificationMethods.browserClose(ProjectSpecificationMethods.java:21)
at base.ProjectSpecificationMethods.browserClose(ProjectSpecificationMethods.java:21)
at base.ProjectSpecificationMethods.browserClose(ProjectSpecificationMethods.java:21)
at base.ProjectSpecificationMethods.browserClose(ProjectSpecificationMethods.java:21)
at base.ProjectSpecificationMethods.browserClose(ProjectSpecificationMethods.java:21)
at base.ProjectSpecificationMethods.browserClose(ProjectSpecificationMethods.java:21)
at base.ProjectSpecificationMethods.browserClose(ProjectSpecificationMethods.java:21)
at base.ProjectSpecificationMethods.browserClose(ProjectSpecificationMethods.java:21)
at base.ProjectSpecificationMethods.browserClose(ProjectSpecificationMethods.java:21)
at base.ProjectSpecificationMethods.browserClose(ProjectSpecificationMethods.java:21)
at base.ProjectSpecificationMethods.browserClose(ProjectSpecificationMethods.java:21)
at base.ProjectSpecificationMethods.browserClose(ProjectSpecificationMethods.java:21)
at base.ProjectSpecificationMethods.browserClose(ProjectSpecificationMethods.java:21)
at base.ProjectSpecificationMethods.browserClose(ProjectSpecificationMethods.java:21)
at base.ProjectSpecificationMethods.browserClose(ProjectSpecificationMethods.java:21)
at base.ProjectSpecificationMethods.browserClose(ProjectSpecificationMethods.java:21)
at base.ProjectSpecificationMethods.browserClose(ProjectSpecificationMethods.java:21)
at base.ProjectSpecificationMethods.browserClose(ProjectSpecificationMethods.java:21)
]]>
    </error>
  </testcase> <!-- browserClose -->
  <system-out/>
  <testcase classname="test.TC_005_BookAHotelTest" name="bookAHotelTest" time="7.531"/>
  <system-out/>
</testsuite> <!-- test.TC_005_BookAHotelTest -->
