<?xml version="1.0" encoding="UTF-8"?>
<!-- Generated by org.testng.reporters.JUnitReportReporter -->
<testsuite hostname="DESKTOP-GDN8ABU" failures="0" tests="10" name="test.TC_003_SearchHotelTest" time="107.181" errors="0" timestamp="2024-12-17T11:10:29 IST" skipped="0">
  <testcase classname="test.TC_003_SearchHotelTest" name="searchHotelTest" time="9.633"/>
  <system-out/>
  <testcase classname="test.TC_003_SearchHotelTest" name="searchHotelTest" time="9.907"/>
  <system-out/>
  <testcase classname="test.TC_003_SearchHotelTest" name="searchHotelTest" time="11.785"/>
  <system-out/>
  <testcase classname="test.TC_003_SearchHotelTest" name="searchHotelTest" time="11.564"/>
  <system-out/>
  <testcase classname="test.TC_003_SearchHotelTest" name="searchHotelTest" time="9.790"/>
  <system-out/>
  <testcase classname="test.TC_003_SearchHotelTest" name="searchHotelTest" time="11.546"/>
  <system-out/>
  <testcase classname="test.TC_003_SearchHotelTest" name="searchHotelTest" time="9.669"/>
  <system-out/>
  <testcase classname="test.TC_003_SearchHotelTest" name="searchHotelTest" time="11.896"/>
  <system-out/>
  <testcase classname="test.TC_003_SearchHotelTest" name="searchHotelTest" time="9.683"/>
  <system-out/>
  <testcase classname="test.TC_003_SearchHotelTest" name="searchHotelTest" time="11.708"/>
  <system-out/>
</testsuite> <!-- test.TC_003_SearchHotelTest -->
