<?xml version="1.0" encoding="UTF-8"?>
<!-- Generated by org.testng.reporters.JUnitReportReporter -->
<testsuite hostname="DESKTOP-GDN8ABU" failures="0" tests="4" name="test.TC_001_RegisterTest" time="25.322" errors="0" timestamp="2024-12-17T11:10:29 IST" skipped="0">
  <testcase classname="test.TC_001_RegisterTest" name="registerTest" time="5.488"/>
  <system-out/>
  <testcase classname="test.TC_001_RegisterTest" name="registerTest" time="7.038"/>
  <system-out/>
  <testcase classname="test.TC_001_RegisterTest" name="regTestInvalidTestData" time="6.087"/>
  <system-out/>
  <testcase classname="test.TC_001_RegisterTest" name="regTestInvalidTestData" time="6.709"/>
  <system-out/>
</testsuite> <!-- test.TC_001_RegisterTest -->
