<?xml version="1.0" encoding="UTF-8"?>
<!-- Generated by org.testng.reporters.JUnitReportReporter -->
<testsuite hostname="DESKTOP-GDN8ABU" failures="0" tests="2" name="test.TC_004_SelectHotelTest" time="22.749" errors="0" timestamp="2024-12-16T21:43:00 IST" skipped="0">
  <testcase classname="test.TC_004_SelectHotelTest" name="searchHotelTest" time="12.289"/>
  <system-out/>
  <testcase classname="test.TC_004_SelectHotelTest" name="searchHotelTest" time="10.460"/>
  <system-out/>
</testsuite> <!-- test.TC_004_SelectHotelTest -->
