<?xml version="1.0" encoding="UTF-8"?>
<!-- Generated by org.testng.reporters.JUnitReportReporter -->
<testsuite hostname="DESKTOP-GDN8ABU" failures="0" tests="2" name="test.TC_007_BookedItineraryTest" time="63.350" errors="0" timestamp="2024-12-17T12:55:52 IST" skipped="0">
  <testcase classname="test.TC_007_BookedItineraryTest" name="bookedItineraryTest" time="32.014"/>
  <testcase classname="test.TC_007_BookedItineraryTest" name="bookedItineraryTest" time="31.336"/>
</testsuite> <!-- test.TC_007_BookedItineraryTest -->
