<?xml version="1.0" encoding="UTF-8"?>
<!-- Generated by org.testng.reporters.JUnitReportReporter -->
<testsuite hostname="DESKTOP-GDN8ABU" failures="0" tests="4" name="test.TC_001_RegisterTest" time="33.918" errors="0" timestamp="2024-12-17T12:55:52 IST" skipped="0">
  <testcase classname="test.TC_001_RegisterTest" name="registerTest" time="6.462"/>
  <testcase classname="test.TC_001_RegisterTest" name="registerTest" time="9.929"/>
  <testcase classname="test.TC_001_RegisterTest" name="regTestInvalidTestData" time="10.172"/>
  <testcase classname="test.TC_001_RegisterTest" name="regTestInvalidTestData" time="7.355"/>
</testsuite> <!-- test.TC_001_RegisterTest -->
