<?xml version="1.0" encoding="UTF-8"?>
<!-- Generated by org.testng.reporters.JUnitReportReporter -->
<testsuite hostname="DESKTOP-GDN8ABU" failures="0" tests="2" name="test.TC_009_FinalLogout" time="32.347" errors="0" timestamp="2024-12-17T12:55:52 IST" skipped="0">
  <testcase classname="test.TC_009_FinalLogout" name="endLogoutTest" time="15.915"/>
  <testcase classname="test.TC_009_FinalLogout" name="endLogoutTest" time="16.432"/>
</testsuite> <!-- test.TC_009_FinalLogout -->
