<?xml version="1.0" encoding="UTF-8"?>
<!-- Generated by org.testng.reporters.JUnitReportReporter -->
<testsuite hostname="DESKTOP-GDN8ABU" failures="0" tests="2" name="test.TC_004_SelectHotelTest" time="24.800" errors="0" timestamp="2024-12-17T12:55:52 IST" skipped="0">
  <testcase classname="test.TC_004_SelectHotelTest" name="searchHotelTest" time="12.523"/>
  <testcase classname="test.TC_004_SelectHotelTest" name="searchHotelTest" time="12.277"/>
</testsuite> <!-- test.TC_004_SelectHotelTest -->
