<?xml version="1.0" encoding="UTF-8"?>
<!-- Generated by org.testng.reporters.JUnitReportReporter -->
<testsuite hostname="DESKTOP-GDN8ABU" failures="0" tests="2" name="test.TC_006_BookConfirmationTest" time="50.754" errors="0" timestamp="2024-12-17T12:55:52 IST" skipped="0">
  <testcase classname="test.TC_006_BookConfirmationTest" name="bookingConfirmationTest" time="26.067"/>
  <testcase classname="test.TC_006_BookConfirmationTest" name="bookingConfirmationTest" time="24.687"/>
</testsuite> <!-- test.TC_006_BookConfirmationTest -->
