<?xml version="1.0" encoding="UTF-8"?>
<!-- Generated by org.testng.reporters.JUnitReportReporter -->
<testsuite hostname="DESKTOP-GDN8ABU" failures="0" tests="10" name="test.TC_003_SearchHotelTest" time="124.200" errors="0" timestamp="2024-12-17T12:55:52 IST" skipped="0">
  <testcase classname="test.TC_003_SearchHotelTest" name="searchHotelTest" time="13.978"/>
  <testcase classname="test.TC_003_SearchHotelTest" name="searchHotelTest" time="11.305"/>
  <testcase classname="test.TC_003_SearchHotelTest" name="searchHotelTest" time="11.811"/>
  <testcase classname="test.TC_003_SearchHotelTest" name="searchHotelTest" time="11.432"/>
  <testcase classname="test.TC_003_SearchHotelTest" name="searchHotelTest" time="12.503"/>
  <testcase classname="test.TC_003_SearchHotelTest" name="searchHotelTest" time="13.756"/>
  <testcase classname="test.TC_003_SearchHotelTest" name="searchHotelTest" time="12.677"/>
  <testcase classname="test.TC_003_SearchHotelTest" name="searchHotelTest" time="11.069"/>
  <testcase classname="test.TC_003_SearchHotelTest" name="searchHotelTest" time="12.572"/>
  <testcase classname="test.TC_003_SearchHotelTest" name="searchHotelTest" time="13.097"/>
</testsuite> <!-- test.TC_003_SearchHotelTest -->
